prefix_annot: pancreas_H3K4me3_ENCFF340YEE
1
Make ldsc-friendly annotation files for pancreas_H3K4me3_ENCFF340YEE.bed
LDSC annotation file saved at:  /home/chenweit/Desktop/pancreas_S_LDSC/annot/ldscores/pancreas_H3K4me3_ENCFF340YEE/pancreas_H3K4me3_ENCFF340YEE.1.annot.gz 
Computing LD scores with the annot file pancreas_H3K4me3_ENCFF340YEE.1.annot.gz
*********************************************************************
* LD Score Regression (LDSC)
* Version 1.0.1
* (C) 2014-2019 Brendan Bulik-Sullivan and Hilary Finucane
* Broad Institute of MIT and Harvard / MIT Department of Mathematics
* GNU General Public License v3
*********************************************************************
Call: 
./ldsc.py \
--print-snps /home/chenweit/Desktop/pancreas_S_LDSC/listHM3.txt \
--ld-wind-cm 1.0 \
--out /home/chenweit/Desktop/pancreas_S_LDSC/annot/ldscores/pancreas_H3K4me3_ENCFF340YEE/pancreas_H3K4me3_ENCFF340YEE.1 \
--bfile /home/chenweit/Desktop/pancreas_S_LDSC/1000G_EUR_Phase3_plink/1000G.EUR.QC.1 \
--annot /home/chenweit/Desktop/pancreas_S_LDSC/annot/ldscores/pancreas_H3K4me3_ENCFF340YEE/pancreas_H3K4me3_ENCFF340YEE.1.annot.gz \
--l2  

Beginning analysis at Thu Sep 23 22:00:57 2021
Read list of 779354 SNPs from /home/chenweit/Desktop/pancreas_S_LDSC/1000G_EUR_Phase3_plink/1000G.EUR.QC.1.bim
Read 1 annotations for 779354 SNPs from /home/chenweit/Desktop/pancreas_S_LDSC/annot/ldscores/pancreas_H3K4me3_ENCFF340YEE/pancreas_H3K4me3_ENCFF340YEE.1.annot.gz
Read list of 489 individuals from /home/chenweit/Desktop/pancreas_S_LDSC/1000G_EUR_Phase3_plink/1000G.EUR.QC.1.fam
Reading genotypes from /home/chenweit/Desktop/pancreas_S_LDSC/1000G_EUR_Phase3_plink/1000G.EUR.QC.1.bed
After filtering, 779354 SNPs remain
Estimating LD Score.
Reading list of 1217311 SNPs for which to print LD Scores from /home/chenweit/Desktop/pancreas_S_LDSC/listHM3.txt
After merging with --print-snps, LD Scores for 98642 SNPs will be printed.
Writing LD Scores for 98642 SNPs to /home/chenweit/Desktop/pancreas_S_LDSC/annot/ldscores/pancreas_H3K4me3_ENCFF340YEE/pancreas_H3K4me3_ENCFF340YEE.1.l2.ldscore.gz

Summary of LD Scores in /home/chenweit/Desktop/pancreas_S_LDSC/annot/ldscores/pancreas_H3K4me3_ENCFF340YEE/pancreas_H3K4me3_ENCFF340YEE.1.l2.ldscore.gz
         MAF       L2
mean  0.2346   1.1261
std   0.1432   1.9110
min   0.0051  -0.1334
25%   0.1084   0.0370
50%   0.2239   0.2770
75%   0.3558   1.3681
max   0.5000  18.1622

MAF/LD Score Correlation Matrix
        MAF      L2
MAF  1.0000  0.0559
L2   0.0559  1.0000

Annotation Correlation Matrix
       ANNOT
ANNOT    1.0

Annotation Matrix Column Sums
ANNOT    8332

Summary of Annotation Matrix Row Sums
count    779354.0000
mean          0.0107
std           0.1028
min           0.0000
25%           0.0000
50%           0.0000
75%           0.0000
max           1.0000
Analysis finished at Thu Sep 23 22:05:22 2021
Total time elapsed: 4.0m:25.2s
2
Make ldsc-friendly annotation files for pancreas_H3K4me3_ENCFF340YEE.bed
LDSC annotation file saved at:  /home/chenweit/Desktop/pancreas_S_LDSC/annot/ldscores/pancreas_H3K4me3_ENCFF340YEE/pancreas_H3K4me3_ENCFF340YEE.2.annot.gz 
Computing LD scores with the annot file pancreas_H3K4me3_ENCFF340YEE.2.annot.gz
*********************************************************************
* LD Score Regression (LDSC)
* Version 1.0.1
* (C) 2014-2019 Brendan Bulik-Sullivan and Hilary Finucane
* Broad Institute of MIT and Harvard / MIT Department of Mathematics
* GNU General Public License v3
*********************************************************************
Call: 
./ldsc.py \
--print-snps /home/chenweit/Desktop/pancreas_S_LDSC/listHM3.txt \
--ld-wind-cm 1.0 \
--out /home/chenweit/Desktop/pancreas_S_LDSC/annot/ldscores/pancreas_H3K4me3_ENCFF340YEE/pancreas_H3K4me3_ENCFF340YEE.2 \
--bfile /home/chenweit/Desktop/pancreas_S_LDSC/1000G_EUR_Phase3_plink/1000G.EUR.QC.2 \
--annot /home/chenweit/Desktop/pancreas_S_LDSC/annot/ldscores/pancreas_H3K4me3_ENCFF340YEE/pancreas_H3K4me3_ENCFF340YEE.2.annot.gz \
--l2  

Beginning analysis at Thu Sep 23 22:05:38 2021
Read list of 839590 SNPs from /home/chenweit/Desktop/pancreas_S_LDSC/1000G_EUR_Phase3_plink/1000G.EUR.QC.2.bim
Read 1 annotations for 839590 SNPs from /home/chenweit/Desktop/pancreas_S_LDSC/annot/ldscores/pancreas_H3K4me3_ENCFF340YEE/pancreas_H3K4me3_ENCFF340YEE.2.annot.gz
Read list of 489 individuals from /home/chenweit/Desktop/pancreas_S_LDSC/1000G_EUR_Phase3_plink/1000G.EUR.QC.2.fam
Reading genotypes from /home/chenweit/Desktop/pancreas_S_LDSC/1000G_EUR_Phase3_plink/1000G.EUR.QC.2.bed
After filtering, 839590 SNPs remain
Estimating LD Score.
Reading list of 1217311 SNPs for which to print LD Scores from /home/chenweit/Desktop/pancreas_S_LDSC/listHM3.txt
After merging with --print-snps, LD Scores for 99735 SNPs will be printed.
Writing LD Scores for 99735 SNPs to /home/chenweit/Desktop/pancreas_S_LDSC/annot/ldscores/pancreas_H3K4me3_ENCFF340YEE/pancreas_H3K4me3_ENCFF340YEE.2.l2.ldscore.gz

Summary of LD Scores in /home/chenweit/Desktop/pancreas_S_LDSC/annot/ldscores/pancreas_H3K4me3_ENCFF340YEE/pancreas_H3K4me3_ENCFF340YEE.2.l2.ldscore.gz
         MAF       L2
mean  0.2384   0.8727
std   0.1431   1.6464
min   0.0051  -0.1277
25%   0.1125   0.0155
50%   0.2290   0.1501
75%   0.3620   0.9521
max   0.5000  17.8288

MAF/LD Score Correlation Matrix
        MAF      L2
MAF  1.0000  0.0887
L2   0.0887  1.0000

Annotation Correlation Matrix
       ANNOT
ANNOT    1.0

Annotation Matrix Column Sums
ANNOT    5981

Summary of Annotation Matrix Row Sums
count    839590.0000
mean          0.0071
std           0.0841
min           0.0000
25%           0.0000
50%           0.0000
75%           0.0000
max           1.0000
Analysis finished at Thu Sep 23 22:10:46 2021
Total time elapsed: 5.0m:8.47s
3
Make ldsc-friendly annotation files for pancreas_H3K4me3_ENCFF340YEE.bed
LDSC annotation file saved at:  /home/chenweit/Desktop/pancreas_S_LDSC/annot/ldscores/pancreas_H3K4me3_ENCFF340YEE/pancreas_H3K4me3_ENCFF340YEE.3.annot.gz 
Computing LD scores with the annot file pancreas_H3K4me3_ENCFF340YEE.3.annot.gz
*********************************************************************
* LD Score Regression (LDSC)
* Version 1.0.1
* (C) 2014-2019 Brendan Bulik-Sullivan and Hilary Finucane
* Broad Institute of MIT and Harvard / MIT Department of Mathematics
* GNU General Public License v3
*********************************************************************
Call: 
./ldsc.py \
--print-snps /home/chenweit/Desktop/pancreas_S_LDSC/listHM3.txt \
--ld-wind-cm 1.0 \
--out /home/chenweit/Desktop/pancreas_S_LDSC/annot/ldscores/pancreas_H3K4me3_ENCFF340YEE/pancreas_H3K4me3_ENCFF340YEE.3 \
--bfile /home/chenweit/Desktop/pancreas_S_LDSC/1000G_EUR_Phase3_plink/1000G.EUR.QC.3 \
--annot /home/chenweit/Desktop/pancreas_S_LDSC/annot/ldscores/pancreas_H3K4me3_ENCFF340YEE/pancreas_H3K4me3_ENCFF340YEE.3.annot.gz \
--l2  

Beginning analysis at Thu Sep 23 22:11:00 2021
Read list of 706350 SNPs from /home/chenweit/Desktop/pancreas_S_LDSC/1000G_EUR_Phase3_plink/1000G.EUR.QC.3.bim
Read 1 annotations for 706350 SNPs from /home/chenweit/Desktop/pancreas_S_LDSC/annot/ldscores/pancreas_H3K4me3_ENCFF340YEE/pancreas_H3K4me3_ENCFF340YEE.3.annot.gz
Read list of 489 individuals from /home/chenweit/Desktop/pancreas_S_LDSC/1000G_EUR_Phase3_plink/1000G.EUR.QC.3.fam
Reading genotypes from /home/chenweit/Desktop/pancreas_S_LDSC/1000G_EUR_Phase3_plink/1000G.EUR.QC.3.bed
After filtering, 706350 SNPs remain
Estimating LD Score.
Reading list of 1217311 SNPs for which to print LD Scores from /home/chenweit/Desktop/pancreas_S_LDSC/listHM3.txt
After merging with --print-snps, LD Scores for 83036 SNPs will be printed.
Writing LD Scores for 83036 SNPs to /home/chenweit/Desktop/pancreas_S_LDSC/annot/ldscores/pancreas_H3K4me3_ENCFF340YEE/pancreas_H3K4me3_ENCFF340YEE.3.l2.ldscore.gz

Summary of LD Scores in /home/chenweit/Desktop/pancreas_S_LDSC/annot/ldscores/pancreas_H3K4me3_ENCFF340YEE/pancreas_H3K4me3_ENCFF340YEE.3.l2.ldscore.gz
         MAF       L2
mean  0.2408   0.8816
std   0.1426   1.8924
min   0.0051  -0.1487
25%   0.1166   0.0163
50%   0.2321   0.1447
75%   0.3630   0.8658
max   0.5000  20.0570

MAF/LD Score Correlation Matrix
        MAF      L2
MAF  1.0000  0.0662
L2   0.0662  1.0000

Annotation Correlation Matrix
       ANNOT
ANNOT    1.0

Annotation Matrix Column Sums
ANNOT    4459

Summary of Annotation Matrix Row Sums
count    706350.0000
mean          0.0063
std           0.0792
min           0.0000
25%           0.0000
50%           0.0000
75%           0.0000
max           1.0000
Analysis finished at Thu Sep 23 22:16:05 2021
Total time elapsed: 5.0m:4.8s
4
Make ldsc-friendly annotation files for pancreas_H3K4me3_ENCFF340YEE.bed
LDSC annotation file saved at:  /home/chenweit/Desktop/pancreas_S_LDSC/annot/ldscores/pancreas_H3K4me3_ENCFF340YEE/pancreas_H3K4me3_ENCFF340YEE.4.annot.gz 
Computing LD scores with the annot file pancreas_H3K4me3_ENCFF340YEE.4.annot.gz
*********************************************************************
* LD Score Regression (LDSC)
* Version 1.0.1
* (C) 2014-2019 Brendan Bulik-Sullivan and Hilary Finucane
* Broad Institute of MIT and Harvard / MIT Department of Mathematics
* GNU General Public License v3
*********************************************************************
Call: 
./ldsc.py \
--print-snps /home/chenweit/Desktop/pancreas_S_LDSC/listHM3.txt \
--ld-wind-cm 1.0 \
--out /home/chenweit/Desktop/pancreas_S_LDSC/annot/ldscores/pancreas_H3K4me3_ENCFF340YEE/pancreas_H3K4me3_ENCFF340YEE.4 \
--bfile /home/chenweit/Desktop/pancreas_S_LDSC/1000G_EUR_Phase3_plink/1000G.EUR.QC.4 \
--annot /home/chenweit/Desktop/pancreas_S_LDSC/annot/ldscores/pancreas_H3K4me3_ENCFF340YEE/pancreas_H3K4me3_ENCFF340YEE.4.annot.gz \
--l2  

Beginning analysis at Thu Sep 23 22:16:19 2021
Read list of 729645 SNPs from /home/chenweit/Desktop/pancreas_S_LDSC/1000G_EUR_Phase3_plink/1000G.EUR.QC.4.bim
Read 1 annotations for 729645 SNPs from /home/chenweit/Desktop/pancreas_S_LDSC/annot/ldscores/pancreas_H3K4me3_ENCFF340YEE/pancreas_H3K4me3_ENCFF340YEE.4.annot.gz
Read list of 489 individuals from /home/chenweit/Desktop/pancreas_S_LDSC/1000G_EUR_Phase3_plink/1000G.EUR.QC.4.fam
Reading genotypes from /home/chenweit/Desktop/pancreas_S_LDSC/1000G_EUR_Phase3_plink/1000G.EUR.QC.4.bed
After filtering, 729645 SNPs remain
Estimating LD Score.
Reading list of 1217311 SNPs for which to print LD Scores from /home/chenweit/Desktop/pancreas_S_LDSC/listHM3.txt
After merging with --print-snps, LD Scores for 74924 SNPs will be printed.
Writing LD Scores for 74924 SNPs to /home/chenweit/Desktop/pancreas_S_LDSC/annot/ldscores/pancreas_H3K4me3_ENCFF340YEE/pancreas_H3K4me3_ENCFF340YEE.4.l2.ldscore.gz

Summary of LD Scores in /home/chenweit/Desktop/pancreas_S_LDSC/annot/ldscores/pancreas_H3K4me3_ENCFF340YEE/pancreas_H3K4me3_ENCFF340YEE.4.l2.ldscore.gz
         MAF       L2
mean  0.2375   0.6501
std   0.1422   1.4299
min   0.0051  -0.0895
25%   0.1125   0.0124
50%   0.2301   0.1000
75%   0.3579   0.5684
max   0.5000  23.2542

MAF/LD Score Correlation Matrix
        MAF      L2
MAF  1.0000  0.0668
L2   0.0668  1.0000

Annotation Correlation Matrix
       ANNOT
ANNOT    1.0

Annotation Matrix Column Sums
ANNOT    3721

Summary of Annotation Matrix Row Sums
count    729645.0000
mean          0.0051
std           0.0712
min           0.0000
25%           0.0000
50%           0.0000
75%           0.0000
max           1.0000
Analysis finished at Thu Sep 23 22:21:13 2021
Total time elapsed: 4.0m:54.03s
5
Make ldsc-friendly annotation files for pancreas_H3K4me3_ENCFF340YEE.bed
LDSC annotation file saved at:  /home/chenweit/Desktop/pancreas_S_LDSC/annot/ldscores/pancreas_H3K4me3_ENCFF340YEE/pancreas_H3K4me3_ENCFF340YEE.5.annot.gz 
Computing LD scores with the annot file pancreas_H3K4me3_ENCFF340YEE.5.annot.gz
*********************************************************************
* LD Score Regression (LDSC)
* Version 1.0.1
* (C) 2014-2019 Brendan Bulik-Sullivan and Hilary Finucane
* Broad Institute of MIT and Harvard / MIT Department of Mathematics
* GNU General Public License v3
*********************************************************************
Call: 
./ldsc.py \
--print-snps /home/chenweit/Desktop/pancreas_S_LDSC/listHM3.txt \
--ld-wind-cm 1.0 \
--out /home/chenweit/Desktop/pancreas_S_LDSC/annot/ldscores/pancreas_H3K4me3_ENCFF340YEE/pancreas_H3K4me3_ENCFF340YEE.5 \
--bfile /home/chenweit/Desktop/pancreas_S_LDSC/1000G_EUR_Phase3_plink/1000G.EUR.QC.5 \
--annot /home/chenweit/Desktop/pancreas_S_LDSC/annot/ldscores/pancreas_H3K4me3_ENCFF340YEE/pancreas_H3K4me3_ENCFF340YEE.5.annot.gz \
--l2  

Beginning analysis at Thu Sep 23 22:21:27 2021
Read list of 633015 SNPs from /home/chenweit/Desktop/pancreas_S_LDSC/1000G_EUR_Phase3_plink/1000G.EUR.QC.5.bim
Read 1 annotations for 633015 SNPs from /home/chenweit/Desktop/pancreas_S_LDSC/annot/ldscores/pancreas_H3K4me3_ENCFF340YEE/pancreas_H3K4me3_ENCFF340YEE.5.annot.gz
Read list of 489 individuals from /home/chenweit/Desktop/pancreas_S_LDSC/1000G_EUR_Phase3_plink/1000G.EUR.QC.5.fam
Reading genotypes from /home/chenweit/Desktop/pancreas_S_LDSC/1000G_EUR_Phase3_plink/1000G.EUR.QC.5.bed
After filtering, 633015 SNPs remain
Estimating LD Score.
Reading list of 1217311 SNPs for which to print LD Scores from /home/chenweit/Desktop/pancreas_S_LDSC/listHM3.txt
After merging with --print-snps, LD Scores for 75164 SNPs will be printed.
Writing LD Scores for 75164 SNPs to /home/chenweit/Desktop/pancreas_S_LDSC/annot/ldscores/pancreas_H3K4me3_ENCFF340YEE/pancreas_H3K4me3_ENCFF340YEE.5.l2.ldscore.gz

Summary of LD Scores in /home/chenweit/Desktop/pancreas_S_LDSC/annot/ldscores/pancreas_H3K4me3_ENCFF340YEE/pancreas_H3K4me3_ENCFF340YEE.5.l2.ldscore.gz
         MAF       L2
mean  0.2369   0.7721
std   0.1421   1.5357
min   0.0051  -0.0927
25%   0.1125   0.0172
50%   0.2280   0.1375
75%   0.3569   0.7705
max   0.5000  21.7143

MAF/LD Score Correlation Matrix
       MAF     L2
MAF  1.000  0.061
L2   0.061  1.000

Annotation Correlation Matrix
       ANNOT
ANNOT    1.0

Annotation Matrix Column Sums
ANNOT    4096

Summary of Annotation Matrix Row Sums
count    633015.0000
mean          0.0065
std           0.0802
min           0.0000
25%           0.0000
50%           0.0000
75%           0.0000
max           1.0000
Analysis finished at Thu Sep 23 22:25:49 2021
Total time elapsed: 4.0m:21.99s
6
Make ldsc-friendly annotation files for pancreas_H3K4me3_ENCFF340YEE.bed
LDSC annotation file saved at:  /home/chenweit/Desktop/pancreas_S_LDSC/annot/ldscores/pancreas_H3K4me3_ENCFF340YEE/pancreas_H3K4me3_ENCFF340YEE.6.annot.gz 
Computing LD scores with the annot file pancreas_H3K4me3_ENCFF340YEE.6.annot.gz
*********************************************************************
* LD Score Regression (LDSC)
* Version 1.0.1
* (C) 2014-2019 Brendan Bulik-Sullivan and Hilary Finucane
* Broad Institute of MIT and Harvard / MIT Department of Mathematics
* GNU General Public License v3
*********************************************************************
Call: 
./ldsc.py \
--print-snps /home/chenweit/Desktop/pancreas_S_LDSC/listHM3.txt \
--ld-wind-cm 1.0 \
--out /home/chenweit/Desktop/pancreas_S_LDSC/annot/ldscores/pancreas_H3K4me3_ENCFF340YEE/pancreas_H3K4me3_ENCFF340YEE.6 \
--bfile /home/chenweit/Desktop/pancreas_S_LDSC/1000G_EUR_Phase3_plink/1000G.EUR.QC.6 \
--annot /home/chenweit/Desktop/pancreas_S_LDSC/annot/ldscores/pancreas_H3K4me3_ENCFF340YEE/pancreas_H3K4me3_ENCFF340YEE.6.annot.gz \
--l2  

Beginning analysis at Thu Sep 23 22:26:02 2021
Read list of 664016 SNPs from /home/chenweit/Desktop/pancreas_S_LDSC/1000G_EUR_Phase3_plink/1000G.EUR.QC.6.bim
Read 1 annotations for 664016 SNPs from /home/chenweit/Desktop/pancreas_S_LDSC/annot/ldscores/pancreas_H3K4me3_ENCFF340YEE/pancreas_H3K4me3_ENCFF340YEE.6.annot.gz
Read list of 489 individuals from /home/chenweit/Desktop/pancreas_S_LDSC/1000G_EUR_Phase3_plink/1000G.EUR.QC.6.fam
Reading genotypes from /home/chenweit/Desktop/pancreas_S_LDSC/1000G_EUR_Phase3_plink/1000G.EUR.QC.6.bed
After filtering, 664016 SNPs remain
Estimating LD Score.
Reading list of 1217311 SNPs for which to print LD Scores from /home/chenweit/Desktop/pancreas_S_LDSC/listHM3.txt
After merging with --print-snps, LD Scores for 75358 SNPs will be printed.
Writing LD Scores for 75358 SNPs to /home/chenweit/Desktop/pancreas_S_LDSC/annot/ldscores/pancreas_H3K4me3_ENCFF340YEE/pancreas_H3K4me3_ENCFF340YEE.6.l2.ldscore.gz

Summary of LD Scores in /home/chenweit/Desktop/pancreas_S_LDSC/annot/ldscores/pancreas_H3K4me3_ENCFF340YEE/pancreas_H3K4me3_ENCFF340YEE.6.l2.ldscore.gz
         MAF       L2
mean  0.2357   1.3299
std   0.1431   3.9481
min   0.0051  -0.1616
25%   0.1104   0.0399
50%   0.2249   0.2125
75%   0.3579   0.9759
max   0.5000  59.4150

MAF/LD Score Correlation Matrix
       MAF     L2
MAF  1.000  0.019
L2   0.019  1.000

Annotation Correlation Matrix
       ANNOT
ANNOT    1.0

Annotation Matrix Column Sums
ANNOT    6334

Summary of Annotation Matrix Row Sums
count    664016.0000
mean          0.0095
std           0.0972
min           0.0000
25%           0.0000
50%           0.0000
75%           0.0000
max           1.0000
Analysis finished at Thu Sep 23 22:32:16 2021
Total time elapsed: 6.0m:14.33s
7
Make ldsc-friendly annotation files for pancreas_H3K4me3_ENCFF340YEE.bed
LDSC annotation file saved at:  /home/chenweit/Desktop/pancreas_S_LDSC/annot/ldscores/pancreas_H3K4me3_ENCFF340YEE/pancreas_H3K4me3_ENCFF340YEE.7.annot.gz 
Computing LD scores with the annot file pancreas_H3K4me3_ENCFF340YEE.7.annot.gz
*********************************************************************
* LD Score Regression (LDSC)
* Version 1.0.1
* (C) 2014-2019 Brendan Bulik-Sullivan and Hilary Finucane
* Broad Institute of MIT and Harvard / MIT Department of Mathematics
* GNU General Public License v3
*********************************************************************
Call: 
./ldsc.py \
--print-snps /home/chenweit/Desktop/pancreas_S_LDSC/listHM3.txt \
--ld-wind-cm 1.0 \
--out /home/chenweit/Desktop/pancreas_S_LDSC/annot/ldscores/pancreas_H3K4me3_ENCFF340YEE/pancreas_H3K4me3_ENCFF340YEE.7 \
--bfile /home/chenweit/Desktop/pancreas_S_LDSC/1000G_EUR_Phase3_plink/1000G.EUR.QC.7 \
--annot /home/chenweit/Desktop/pancreas_S_LDSC/annot/ldscores/pancreas_H3K4me3_ENCFF340YEE/pancreas_H3K4me3_ENCFF340YEE.7.annot.gz \
--l2  

Beginning analysis at Thu Sep 23 22:32:29 2021
Read list of 589569 SNPs from /home/chenweit/Desktop/pancreas_S_LDSC/1000G_EUR_Phase3_plink/1000G.EUR.QC.7.bim
Read 1 annotations for 589569 SNPs from /home/chenweit/Desktop/pancreas_S_LDSC/annot/ldscores/pancreas_H3K4me3_ENCFF340YEE/pancreas_H3K4me3_ENCFF340YEE.7.annot.gz
Read list of 489 individuals from /home/chenweit/Desktop/pancreas_S_LDSC/1000G_EUR_Phase3_plink/1000G.EUR.QC.7.fam
Reading genotypes from /home/chenweit/Desktop/pancreas_S_LDSC/1000G_EUR_Phase3_plink/1000G.EUR.QC.7.bed
After filtering, 589569 SNPs remain
Estimating LD Score.
Reading list of 1217311 SNPs for which to print LD Scores from /home/chenweit/Desktop/pancreas_S_LDSC/listHM3.txt
After merging with --print-snps, LD Scores for 66171 SNPs will be printed.
Writing LD Scores for 66171 SNPs to /home/chenweit/Desktop/pancreas_S_LDSC/annot/ldscores/pancreas_H3K4me3_ENCFF340YEE/pancreas_H3K4me3_ENCFF340YEE.7.l2.ldscore.gz

Summary of LD Scores in /home/chenweit/Desktop/pancreas_S_LDSC/annot/ldscores/pancreas_H3K4me3_ENCFF340YEE/pancreas_H3K4me3_ENCFF340YEE.7.l2.ldscore.gz
         MAF       L2
mean  0.2390   1.0572
std   0.1428   2.4698
min   0.0051  -0.1492
25%   0.1125   0.0270
50%   0.2301   0.1878
75%   0.3609   0.9968
max   0.5000  30.8797

MAF/LD Score Correlation Matrix
        MAF      L2
MAF  1.0000  0.0663
L2   0.0663  1.0000

Annotation Correlation Matrix
       ANNOT
ANNOT    1.0

Annotation Matrix Column Sums
ANNOT    4737

Summary of Annotation Matrix Row Sums
count    589569.0000
mean          0.0080
std           0.0893
min           0.0000
25%           0.0000
50%           0.0000
75%           0.0000
max           1.0000
Analysis finished at Thu Sep 23 22:36:33 2021
Total time elapsed: 4.0m:4.02s
8
Make ldsc-friendly annotation files for pancreas_H3K4me3_ENCFF340YEE.bed
LDSC annotation file saved at:  /home/chenweit/Desktop/pancreas_S_LDSC/annot/ldscores/pancreas_H3K4me3_ENCFF340YEE/pancreas_H3K4me3_ENCFF340YEE.8.annot.gz 
Computing LD scores with the annot file pancreas_H3K4me3_ENCFF340YEE.8.annot.gz
*********************************************************************
* LD Score Regression (LDSC)
* Version 1.0.1
* (C) 2014-2019 Brendan Bulik-Sullivan and Hilary Finucane
* Broad Institute of MIT and Harvard / MIT Department of Mathematics
* GNU General Public License v3
*********************************************************************
Call: 
./ldsc.py \
--print-snps /home/chenweit/Desktop/pancreas_S_LDSC/listHM3.txt \
--ld-wind-cm 1.0 \
--out /home/chenweit/Desktop/pancreas_S_LDSC/annot/ldscores/pancreas_H3K4me3_ENCFF340YEE/pancreas_H3K4me3_ENCFF340YEE.8 \
--bfile /home/chenweit/Desktop/pancreas_S_LDSC/1000G_EUR_Phase3_plink/1000G.EUR.QC.8 \
--annot /home/chenweit/Desktop/pancreas_S_LDSC/annot/ldscores/pancreas_H3K4me3_ENCFF340YEE/pancreas_H3K4me3_ENCFF340YEE.8.annot.gz \
--l2  

Beginning analysis at Thu Sep 23 22:36:44 2021
Read list of 549971 SNPs from /home/chenweit/Desktop/pancreas_S_LDSC/1000G_EUR_Phase3_plink/1000G.EUR.QC.8.bim
Read 1 annotations for 549971 SNPs from /home/chenweit/Desktop/pancreas_S_LDSC/annot/ldscores/pancreas_H3K4me3_ENCFF340YEE/pancreas_H3K4me3_ENCFF340YEE.8.annot.gz
Read list of 489 individuals from /home/chenweit/Desktop/pancreas_S_LDSC/1000G_EUR_Phase3_plink/1000G.EUR.QC.8.fam
Reading genotypes from /home/chenweit/Desktop/pancreas_S_LDSC/1000G_EUR_Phase3_plink/1000G.EUR.QC.8.bed
After filtering, 549971 SNPs remain
Estimating LD Score.
Reading list of 1217311 SNPs for which to print LD Scores from /home/chenweit/Desktop/pancreas_S_LDSC/listHM3.txt
After merging with --print-snps, LD Scores for 64975 SNPs will be printed.
Writing LD Scores for 64975 SNPs to /home/chenweit/Desktop/pancreas_S_LDSC/annot/ldscores/pancreas_H3K4me3_ENCFF340YEE/pancreas_H3K4me3_ENCFF340YEE.8.l2.ldscore.gz

Summary of LD Scores in /home/chenweit/Desktop/pancreas_S_LDSC/annot/ldscores/pancreas_H3K4me3_ENCFF340YEE/pancreas_H3K4me3_ENCFF340YEE.8.l2.ldscore.gz
         MAF       L2
mean  0.2380   0.8082
std   0.1431   1.8065
min   0.0051  -0.1293
25%   0.1115   0.0149
50%   0.2280   0.1339
75%   0.3609   0.7664
max   0.5000  22.5816

MAF/LD Score Correlation Matrix
        MAF      L2
MAF  1.0000  0.1087
L2   0.1087  1.0000

Annotation Correlation Matrix
       ANNOT
ANNOT    1.0

Annotation Matrix Column Sums
ANNOT    3554

Summary of Annotation Matrix Row Sums
count    549971.0000
mean          0.0065
std           0.0801
min           0.0000
25%           0.0000
50%           0.0000
75%           0.0000
max           1.0000
Analysis finished at Thu Sep 23 22:40:45 2021
Total time elapsed: 4.0m:0.48s
9
Make ldsc-friendly annotation files for pancreas_H3K4me3_ENCFF340YEE.bed
LDSC annotation file saved at:  /home/chenweit/Desktop/pancreas_S_LDSC/annot/ldscores/pancreas_H3K4me3_ENCFF340YEE/pancreas_H3K4me3_ENCFF340YEE.9.annot.gz 
Computing LD scores with the annot file pancreas_H3K4me3_ENCFF340YEE.9.annot.gz
*********************************************************************
* LD Score Regression (LDSC)
* Version 1.0.1
* (C) 2014-2019 Brendan Bulik-Sullivan and Hilary Finucane
* Broad Institute of MIT and Harvard / MIT Department of Mathematics
* GNU General Public License v3
*********************************************************************
Call: 
./ldsc.py \
--print-snps /home/chenweit/Desktop/pancreas_S_LDSC/listHM3.txt \
--ld-wind-cm 1.0 \
--out /home/chenweit/Desktop/pancreas_S_LDSC/annot/ldscores/pancreas_H3K4me3_ENCFF340YEE/pancreas_H3K4me3_ENCFF340YEE.9 \
--bfile /home/chenweit/Desktop/pancreas_S_LDSC/1000G_EUR_Phase3_plink/1000G.EUR.QC.9 \
--annot /home/chenweit/Desktop/pancreas_S_LDSC/annot/ldscores/pancreas_H3K4me3_ENCFF340YEE/pancreas_H3K4me3_ENCFF340YEE.9.annot.gz \
--l2  

Beginning analysis at Thu Sep 23 22:40:54 2021
Read list of 438106 SNPs from /home/chenweit/Desktop/pancreas_S_LDSC/1000G_EUR_Phase3_plink/1000G.EUR.QC.9.bim
Read 1 annotations for 438106 SNPs from /home/chenweit/Desktop/pancreas_S_LDSC/annot/ldscores/pancreas_H3K4me3_ENCFF340YEE/pancreas_H3K4me3_ENCFF340YEE.9.annot.gz
Read list of 489 individuals from /home/chenweit/Desktop/pancreas_S_LDSC/1000G_EUR_Phase3_plink/1000G.EUR.QC.9.fam
Reading genotypes from /home/chenweit/Desktop/pancreas_S_LDSC/1000G_EUR_Phase3_plink/1000G.EUR.QC.9.bed
After filtering, 438106 SNPs remain
Estimating LD Score.
Reading list of 1217311 SNPs for which to print LD Scores from /home/chenweit/Desktop/pancreas_S_LDSC/listHM3.txt
After merging with --print-snps, LD Scores for 55464 SNPs will be printed.
Writing LD Scores for 55464 SNPs to /home/chenweit/Desktop/pancreas_S_LDSC/annot/ldscores/pancreas_H3K4me3_ENCFF340YEE/pancreas_H3K4me3_ENCFF340YEE.9.l2.ldscore.gz

Summary of LD Scores in /home/chenweit/Desktop/pancreas_S_LDSC/annot/ldscores/pancreas_H3K4me3_ENCFF340YEE/pancreas_H3K4me3_ENCFF340YEE.9.l2.ldscore.gz
         MAF       L2
mean  0.2359   0.8676
std   0.1423   1.6659
min   0.0051  -0.1075
25%   0.1115   0.0177
50%   0.2249   0.1435
75%   0.3569   0.9270
max   0.5000  14.6940

MAF/LD Score Correlation Matrix
        MAF      L2
MAF  1.0000  0.0578
L2   0.0578  1.0000

Annotation Correlation Matrix
       ANNOT
ANNOT    1.0

Annotation Matrix Column Sums
ANNOT    3929

Summary of Annotation Matrix Row Sums
count    438106.0000
mean          0.0090
std           0.0943
min           0.0000
25%           0.0000
50%           0.0000
75%           0.0000
max           1.0000
Analysis finished at Thu Sep 23 22:43:12 2021
Total time elapsed: 2.0m:17.8s
10
Make ldsc-friendly annotation files for pancreas_H3K4me3_ENCFF340YEE.bed
LDSC annotation file saved at:  /home/chenweit/Desktop/pancreas_S_LDSC/annot/ldscores/pancreas_H3K4me3_ENCFF340YEE/pancreas_H3K4me3_ENCFF340YEE.10.annot.gz 
Computing LD scores with the annot file pancreas_H3K4me3_ENCFF340YEE.10.annot.gz
*********************************************************************
* LD Score Regression (LDSC)
* Version 1.0.1
* (C) 2014-2019 Brendan Bulik-Sullivan and Hilary Finucane
* Broad Institute of MIT and Harvard / MIT Department of Mathematics
* GNU General Public License v3
*********************************************************************
Call: 
./ldsc.py \
--print-snps /home/chenweit/Desktop/pancreas_S_LDSC/listHM3.txt \
--ld-wind-cm 1.0 \
--out /home/chenweit/Desktop/pancreas_S_LDSC/annot/ldscores/pancreas_H3K4me3_ENCFF340YEE/pancreas_H3K4me3_ENCFF340YEE.10 \
--bfile /home/chenweit/Desktop/pancreas_S_LDSC/1000G_EUR_Phase3_plink/1000G.EUR.QC.10 \
--annot /home/chenweit/Desktop/pancreas_S_LDSC/annot/ldscores/pancreas_H3K4me3_ENCFF340YEE/pancreas_H3K4me3_ENCFF340YEE.10.annot.gz \
--l2  

Beginning analysis at Thu Sep 23 22:43:22 2021
Read list of 510501 SNPs from /home/chenweit/Desktop/pancreas_S_LDSC/1000G_EUR_Phase3_plink/1000G.EUR.QC.10.bim
Read 1 annotations for 510501 SNPs from /home/chenweit/Desktop/pancreas_S_LDSC/annot/ldscores/pancreas_H3K4me3_ENCFF340YEE/pancreas_H3K4me3_ENCFF340YEE.10.annot.gz
Read list of 489 individuals from /home/chenweit/Desktop/pancreas_S_LDSC/1000G_EUR_Phase3_plink/1000G.EUR.QC.10.fam
Reading genotypes from /home/chenweit/Desktop/pancreas_S_LDSC/1000G_EUR_Phase3_plink/1000G.EUR.QC.10.bed
After filtering, 510501 SNPs remain
Estimating LD Score.
Reading list of 1217311 SNPs for which to print LD Scores from /home/chenweit/Desktop/pancreas_S_LDSC/listHM3.txt
After merging with --print-snps, LD Scores for 64067 SNPs will be printed.
Writing LD Scores for 64067 SNPs to /home/chenweit/Desktop/pancreas_S_LDSC/annot/ldscores/pancreas_H3K4me3_ENCFF340YEE/pancreas_H3K4me3_ENCFF340YEE.10.l2.ldscore.gz

Summary of LD Scores in /home/chenweit/Desktop/pancreas_S_LDSC/annot/ldscores/pancreas_H3K4me3_ENCFF340YEE/pancreas_H3K4me3_ENCFF340YEE.10.l2.ldscore.gz
         MAF       L2
mean  0.2328   0.9156
std   0.1426   1.9142
min   0.0051  -0.1743
25%   0.1074   0.0168
50%   0.2198   0.1510
75%   0.3538   0.9382
max   0.5000  26.0518

MAF/LD Score Correlation Matrix
        MAF      L2
MAF  1.0000  0.0248
L2   0.0248  1.0000

Annotation Correlation Matrix
       ANNOT
ANNOT    1.0

Annotation Matrix Column Sums
ANNOT    4061

Summary of Annotation Matrix Row Sums
count    510501.0000
mean          0.0080
std           0.0888
min           0.0000
25%           0.0000
50%           0.0000
75%           0.0000
max           1.0000
Analysis finished at Thu Sep 23 22:46:33 2021
Total time elapsed: 3.0m:11.77s
11
Make ldsc-friendly annotation files for pancreas_H3K4me3_ENCFF340YEE.bed
LDSC annotation file saved at:  /home/chenweit/Desktop/pancreas_S_LDSC/annot/ldscores/pancreas_H3K4me3_ENCFF340YEE/pancreas_H3K4me3_ENCFF340YEE.11.annot.gz 
Computing LD scores with the annot file pancreas_H3K4me3_ENCFF340YEE.11.annot.gz
*********************************************************************
* LD Score Regression (LDSC)
* Version 1.0.1
* (C) 2014-2019 Brendan Bulik-Sullivan and Hilary Finucane
* Broad Institute of MIT and Harvard / MIT Department of Mathematics
* GNU General Public License v3
*********************************************************************
Call: 
./ldsc.py \
--print-snps /home/chenweit/Desktop/pancreas_S_LDSC/listHM3.txt \
--ld-wind-cm 1.0 \
--out /home/chenweit/Desktop/pancreas_S_LDSC/annot/ldscores/pancreas_H3K4me3_ENCFF340YEE/pancreas_H3K4me3_ENCFF340YEE.11 \
--bfile /home/chenweit/Desktop/pancreas_S_LDSC/1000G_EUR_Phase3_plink/1000G.EUR.QC.11 \
--annot /home/chenweit/Desktop/pancreas_S_LDSC/annot/ldscores/pancreas_H3K4me3_ENCFF340YEE/pancreas_H3K4me3_ENCFF340YEE.11.annot.gz \
--l2  

Beginning analysis at Thu Sep 23 22:46:44 2021
Read list of 493922 SNPs from /home/chenweit/Desktop/pancreas_S_LDSC/1000G_EUR_Phase3_plink/1000G.EUR.QC.11.bim
Read 1 annotations for 493922 SNPs from /home/chenweit/Desktop/pancreas_S_LDSC/annot/ldscores/pancreas_H3K4me3_ENCFF340YEE/pancreas_H3K4me3_ENCFF340YEE.11.annot.gz
Read list of 489 individuals from /home/chenweit/Desktop/pancreas_S_LDSC/1000G_EUR_Phase3_plink/1000G.EUR.QC.11.fam
Reading genotypes from /home/chenweit/Desktop/pancreas_S_LDSC/1000G_EUR_Phase3_plink/1000G.EUR.QC.11.bed
After filtering, 493922 SNPs remain
Estimating LD Score.
Reading list of 1217311 SNPs for which to print LD Scores from /home/chenweit/Desktop/pancreas_S_LDSC/listHM3.txt
After merging with --print-snps, LD Scores for 60977 SNPs will be printed.
Writing LD Scores for 60977 SNPs to /home/chenweit/Desktop/pancreas_S_LDSC/annot/ldscores/pancreas_H3K4me3_ENCFF340YEE/pancreas_H3K4me3_ENCFF340YEE.11.l2.ldscore.gz

Summary of LD Scores in /home/chenweit/Desktop/pancreas_S_LDSC/annot/ldscores/pancreas_H3K4me3_ENCFF340YEE/pancreas_H3K4me3_ENCFF340YEE.11.l2.ldscore.gz
         MAF       L2
mean  0.2398   1.1434
std   0.1420   2.2117
min   0.0051  -0.2146
25%   0.1155   0.0228
50%   0.2301   0.2063
75%   0.3609   1.2069
max   0.5000  24.5037

MAF/LD Score Correlation Matrix
        MAF      L2
MAF  1.0000  0.0394
L2   0.0394  1.0000

Annotation Correlation Matrix
       ANNOT
ANNOT    1.0

Annotation Matrix Column Sums
ANNOT    4675

Summary of Annotation Matrix Row Sums
count    493922.0000
mean          0.0095
std           0.0968
min           0.0000
25%           0.0000
50%           0.0000
75%           0.0000
max           1.0000
Analysis finished at Thu Sep 23 22:50:49 2021
Total time elapsed: 4.0m:5.41s
12
Make ldsc-friendly annotation files for pancreas_H3K4me3_ENCFF340YEE.bed
LDSC annotation file saved at:  /home/chenweit/Desktop/pancreas_S_LDSC/annot/ldscores/pancreas_H3K4me3_ENCFF340YEE/pancreas_H3K4me3_ENCFF340YEE.12.annot.gz 
Computing LD scores with the annot file pancreas_H3K4me3_ENCFF340YEE.12.annot.gz
*********************************************************************
* LD Score Regression (LDSC)
* Version 1.0.1
* (C) 2014-2019 Brendan Bulik-Sullivan and Hilary Finucane
* Broad Institute of MIT and Harvard / MIT Department of Mathematics
* GNU General Public License v3
*********************************************************************
Call: 
./ldsc.py \
--print-snps /home/chenweit/Desktop/pancreas_S_LDSC/listHM3.txt \
--ld-wind-cm 1.0 \
--out /home/chenweit/Desktop/pancreas_S_LDSC/annot/ldscores/pancreas_H3K4me3_ENCFF340YEE/pancreas_H3K4me3_ENCFF340YEE.12 \
--bfile /home/chenweit/Desktop/pancreas_S_LDSC/1000G_EUR_Phase3_plink/1000G.EUR.QC.12 \
--annot /home/chenweit/Desktop/pancreas_S_LDSC/annot/ldscores/pancreas_H3K4me3_ENCFF340YEE/pancreas_H3K4me3_ENCFF340YEE.12.annot.gz \
--l2  

Beginning analysis at Thu Sep 23 22:50:59 2021
Read list of 480110 SNPs from /home/chenweit/Desktop/pancreas_S_LDSC/1000G_EUR_Phase3_plink/1000G.EUR.QC.12.bim
Read 1 annotations for 480110 SNPs from /home/chenweit/Desktop/pancreas_S_LDSC/annot/ldscores/pancreas_H3K4me3_ENCFF340YEE/pancreas_H3K4me3_ENCFF340YEE.12.annot.gz
Read list of 489 individuals from /home/chenweit/Desktop/pancreas_S_LDSC/1000G_EUR_Phase3_plink/1000G.EUR.QC.12.fam
Reading genotypes from /home/chenweit/Desktop/pancreas_S_LDSC/1000G_EUR_Phase3_plink/1000G.EUR.QC.12.bed
After filtering, 480110 SNPs remain
Estimating LD Score.
Reading list of 1217311 SNPs for which to print LD Scores from /home/chenweit/Desktop/pancreas_S_LDSC/listHM3.txt
After merging with --print-snps, LD Scores for 58543 SNPs will be printed.
Writing LD Scores for 58543 SNPs to /home/chenweit/Desktop/pancreas_S_LDSC/annot/ldscores/pancreas_H3K4me3_ENCFF340YEE/pancreas_H3K4me3_ENCFF340YEE.12.l2.ldscore.gz

Summary of LD Scores in /home/chenweit/Desktop/pancreas_S_LDSC/annot/ldscores/pancreas_H3K4me3_ENCFF340YEE/pancreas_H3K4me3_ENCFF340YEE.12.l2.ldscore.gz
         MAF       L2
mean  0.2334   0.9330
std   0.1429   1.7765
min   0.0051  -0.1210
25%   0.1084   0.0310
50%   0.2209   0.2013
75%   0.3558   0.9996
max   0.5000  17.4066

MAF/LD Score Correlation Matrix
        MAF      L2
MAF  1.0000  0.0425
L2   0.0425  1.0000

Annotation Correlation Matrix
       ANNOT
ANNOT    1.0

Annotation Matrix Column Sums
ANNOT    4149

Summary of Annotation Matrix Row Sums
count    480110.0000
mean          0.0086
std           0.0926
min           0.0000
25%           0.0000
50%           0.0000
75%           0.0000
max           1.0000
Analysis finished at Thu Sep 23 22:54:15 2021
Total time elapsed: 3.0m:16.11s
13
Make ldsc-friendly annotation files for pancreas_H3K4me3_ENCFF340YEE.bed
LDSC annotation file saved at:  /home/chenweit/Desktop/pancreas_S_LDSC/annot/ldscores/pancreas_H3K4me3_ENCFF340YEE/pancreas_H3K4me3_ENCFF340YEE.13.annot.gz 
Computing LD scores with the annot file pancreas_H3K4me3_ENCFF340YEE.13.annot.gz
*********************************************************************
* LD Score Regression (LDSC)
* Version 1.0.1
* (C) 2014-2019 Brendan Bulik-Sullivan and Hilary Finucane
* Broad Institute of MIT and Harvard / MIT Department of Mathematics
* GNU General Public License v3
*********************************************************************
Call: 
./ldsc.py \
--print-snps /home/chenweit/Desktop/pancreas_S_LDSC/listHM3.txt \
--ld-wind-cm 1.0 \
--out /home/chenweit/Desktop/pancreas_S_LDSC/annot/ldscores/pancreas_H3K4me3_ENCFF340YEE/pancreas_H3K4me3_ENCFF340YEE.13 \
--bfile /home/chenweit/Desktop/pancreas_S_LDSC/1000G_EUR_Phase3_plink/1000G.EUR.QC.13 \
--annot /home/chenweit/Desktop/pancreas_S_LDSC/annot/ldscores/pancreas_H3K4me3_ENCFF340YEE/pancreas_H3K4me3_ENCFF340YEE.13.annot.gz \
--l2  

Beginning analysis at Thu Sep 23 22:54:23 2021
Read list of 366200 SNPs from /home/chenweit/Desktop/pancreas_S_LDSC/1000G_EUR_Phase3_plink/1000G.EUR.QC.13.bim
Read 1 annotations for 366200 SNPs from /home/chenweit/Desktop/pancreas_S_LDSC/annot/ldscores/pancreas_H3K4me3_ENCFF340YEE/pancreas_H3K4me3_ENCFF340YEE.13.annot.gz
Read list of 489 individuals from /home/chenweit/Desktop/pancreas_S_LDSC/1000G_EUR_Phase3_plink/1000G.EUR.QC.13.fam
Reading genotypes from /home/chenweit/Desktop/pancreas_S_LDSC/1000G_EUR_Phase3_plink/1000G.EUR.QC.13.bed
After filtering, 366200 SNPs remain
Estimating LD Score.
Reading list of 1217311 SNPs for which to print LD Scores from /home/chenweit/Desktop/pancreas_S_LDSC/listHM3.txt
After merging with --print-snps, LD Scores for 45546 SNPs will be printed.
Writing LD Scores for 45546 SNPs to /home/chenweit/Desktop/pancreas_S_LDSC/annot/ldscores/pancreas_H3K4me3_ENCFF340YEE/pancreas_H3K4me3_ENCFF340YEE.13.l2.ldscore.gz

Summary of LD Scores in /home/chenweit/Desktop/pancreas_S_LDSC/annot/ldscores/pancreas_H3K4me3_ENCFF340YEE/pancreas_H3K4me3_ENCFF340YEE.13.l2.ldscore.gz
         MAF       L2
mean  0.2338   0.4881
std   0.1428   1.2158
min   0.0051  -0.0806
25%   0.1074   0.0044
50%   0.2209   0.0583
75%   0.3548   0.3635
max   0.5000  18.2087

MAF/LD Score Correlation Matrix
        MAF      L2
MAF  1.0000  0.0253
L2   0.0253  1.0000

Annotation Correlation Matrix
       ANNOT
ANNOT    1.0

Annotation Matrix Column Sums
ANNOT    1810

Summary of Annotation Matrix Row Sums
count    366200.0000
mean          0.0049
std           0.0701
min           0.0000
25%           0.0000
50%           0.0000
75%           0.0000
max           1.0000
Analysis finished at Thu Sep 23 22:56:35 2021
Total time elapsed: 2.0m:12.21s
14
Make ldsc-friendly annotation files for pancreas_H3K4me3_ENCFF340YEE.bed
LDSC annotation file saved at:  /home/chenweit/Desktop/pancreas_S_LDSC/annot/ldscores/pancreas_H3K4me3_ENCFF340YEE/pancreas_H3K4me3_ENCFF340YEE.14.annot.gz 
Computing LD scores with the annot file pancreas_H3K4me3_ENCFF340YEE.14.annot.gz
*********************************************************************
* LD Score Regression (LDSC)
* Version 1.0.1
* (C) 2014-2019 Brendan Bulik-Sullivan and Hilary Finucane
* Broad Institute of MIT and Harvard / MIT Department of Mathematics
* GNU General Public License v3
*********************************************************************
Call: 
./ldsc.py \
--print-snps /home/chenweit/Desktop/pancreas_S_LDSC/listHM3.txt \
--ld-wind-cm 1.0 \
--out /home/chenweit/Desktop/pancreas_S_LDSC/annot/ldscores/pancreas_H3K4me3_ENCFF340YEE/pancreas_H3K4me3_ENCFF340YEE.14 \
--bfile /home/chenweit/Desktop/pancreas_S_LDSC/1000G_EUR_Phase3_plink/1000G.EUR.QC.14 \
--annot /home/chenweit/Desktop/pancreas_S_LDSC/annot/ldscores/pancreas_H3K4me3_ENCFF340YEE/pancreas_H3K4me3_ENCFF340YEE.14.annot.gz \
--l2  

Beginning analysis at Thu Sep 23 22:56:43 2021
Read list of 324698 SNPs from /home/chenweit/Desktop/pancreas_S_LDSC/1000G_EUR_Phase3_plink/1000G.EUR.QC.14.bim
Read 1 annotations for 324698 SNPs from /home/chenweit/Desktop/pancreas_S_LDSC/annot/ldscores/pancreas_H3K4me3_ENCFF340YEE/pancreas_H3K4me3_ENCFF340YEE.14.annot.gz
Read list of 489 individuals from /home/chenweit/Desktop/pancreas_S_LDSC/1000G_EUR_Phase3_plink/1000G.EUR.QC.14.fam
Reading genotypes from /home/chenweit/Desktop/pancreas_S_LDSC/1000G_EUR_Phase3_plink/1000G.EUR.QC.14.bed
After filtering, 324698 SNPs remain
Estimating LD Score.
Reading list of 1217311 SNPs for which to print LD Scores from /home/chenweit/Desktop/pancreas_S_LDSC/listHM3.txt
After merging with --print-snps, LD Scores for 39484 SNPs will be printed.
Writing LD Scores for 39484 SNPs to /home/chenweit/Desktop/pancreas_S_LDSC/annot/ldscores/pancreas_H3K4me3_ENCFF340YEE/pancreas_H3K4me3_ENCFF340YEE.14.l2.ldscore.gz

Summary of LD Scores in /home/chenweit/Desktop/pancreas_S_LDSC/annot/ldscores/pancreas_H3K4me3_ENCFF340YEE/pancreas_H3K4me3_ENCFF340YEE.14.l2.ldscore.gz
         MAF       L2
mean  0.2321   1.0135
std   0.1424   1.8277
min   0.0051  -0.1073
25%   0.1074   0.0201
50%   0.2198   0.1783
75%   0.3507   1.1469
max   0.5000  16.2167

MAF/LD Score Correlation Matrix
        MAF      L2
MAF  1.0000  0.0531
L2   0.0531  1.0000

Annotation Correlation Matrix
       ANNOT
ANNOT    1.0

Annotation Matrix Column Sums
ANNOT    3040

Summary of Annotation Matrix Row Sums
count    324698.0000
mean          0.0094
std           0.0963
min           0.0000
25%           0.0000
50%           0.0000
75%           0.0000
max           1.0000
Analysis finished at Thu Sep 23 22:58:39 2021
Total time elapsed: 1.0m:55.88s
15
Make ldsc-friendly annotation files for pancreas_H3K4me3_ENCFF340YEE.bed
LDSC annotation file saved at:  /home/chenweit/Desktop/pancreas_S_LDSC/annot/ldscores/pancreas_H3K4me3_ENCFF340YEE/pancreas_H3K4me3_ENCFF340YEE.15.annot.gz 
Computing LD scores with the annot file pancreas_H3K4me3_ENCFF340YEE.15.annot.gz
*********************************************************************
* LD Score Regression (LDSC)
* Version 1.0.1
* (C) 2014-2019 Brendan Bulik-Sullivan and Hilary Finucane
* Broad Institute of MIT and Harvard / MIT Department of Mathematics
* GNU General Public License v3
*********************************************************************
Call: 
./ldsc.py \
--print-snps /home/chenweit/Desktop/pancreas_S_LDSC/listHM3.txt \
--ld-wind-cm 1.0 \
--out /home/chenweit/Desktop/pancreas_S_LDSC/annot/ldscores/pancreas_H3K4me3_ENCFF340YEE/pancreas_H3K4me3_ENCFF340YEE.15 \
--bfile /home/chenweit/Desktop/pancreas_S_LDSC/1000G_EUR_Phase3_plink/1000G.EUR.QC.15 \
--annot /home/chenweit/Desktop/pancreas_S_LDSC/annot/ldscores/pancreas_H3K4me3_ENCFF340YEE/pancreas_H3K4me3_ENCFF340YEE.15.annot.gz \
--l2  

Beginning analysis at Thu Sep 23 22:58:46 2021
Read list of 287001 SNPs from /home/chenweit/Desktop/pancreas_S_LDSC/1000G_EUR_Phase3_plink/1000G.EUR.QC.15.bim
Read 1 annotations for 287001 SNPs from /home/chenweit/Desktop/pancreas_S_LDSC/annot/ldscores/pancreas_H3K4me3_ENCFF340YEE/pancreas_H3K4me3_ENCFF340YEE.15.annot.gz
Read list of 489 individuals from /home/chenweit/Desktop/pancreas_S_LDSC/1000G_EUR_Phase3_plink/1000G.EUR.QC.15.fam
Reading genotypes from /home/chenweit/Desktop/pancreas_S_LDSC/1000G_EUR_Phase3_plink/1000G.EUR.QC.15.bed
After filtering, 287001 SNPs remain
Estimating LD Score.
Reading list of 1217311 SNPs for which to print LD Scores from /home/chenweit/Desktop/pancreas_S_LDSC/listHM3.txt
After merging with --print-snps, LD Scores for 35839 SNPs will be printed.
Writing LD Scores for 35839 SNPs to /home/chenweit/Desktop/pancreas_S_LDSC/annot/ldscores/pancreas_H3K4me3_ENCFF340YEE/pancreas_H3K4me3_ENCFF340YEE.15.l2.ldscore.gz

Summary of LD Scores in /home/chenweit/Desktop/pancreas_S_LDSC/annot/ldscores/pancreas_H3K4me3_ENCFF340YEE/pancreas_H3K4me3_ENCFF340YEE.15.l2.ldscore.gz
         MAF       L2
mean  0.2379   1.1746
std   0.1441   2.0544
min   0.0051  -0.0923
25%   0.1104   0.0210
50%   0.2270   0.2213
75%   0.3640   1.4255
max   0.5000  16.7051

MAF/LD Score Correlation Matrix
        MAF      L2
MAF  1.0000  0.0732
L2   0.0732  1.0000

Annotation Correlation Matrix
       ANNOT
ANNOT    1.0

Annotation Matrix Column Sums
ANNOT    2859

Summary of Annotation Matrix Row Sums
count    287001.0000
mean          0.0100
std           0.0993
min           0.0000
25%           0.0000
50%           0.0000
75%           0.0000
max           1.0000
Analysis finished at Thu Sep 23 23:00:18 2021
Total time elapsed: 1.0m:31.65s
16
Make ldsc-friendly annotation files for pancreas_H3K4me3_ENCFF340YEE.bed
LDSC annotation file saved at:  /home/chenweit/Desktop/pancreas_S_LDSC/annot/ldscores/pancreas_H3K4me3_ENCFF340YEE/pancreas_H3K4me3_ENCFF340YEE.16.annot.gz 
Computing LD scores with the annot file pancreas_H3K4me3_ENCFF340YEE.16.annot.gz
*********************************************************************
* LD Score Regression (LDSC)
* Version 1.0.1
* (C) 2014-2019 Brendan Bulik-Sullivan and Hilary Finucane
* Broad Institute of MIT and Harvard / MIT Department of Mathematics
* GNU General Public License v3
*********************************************************************
Call: 
./ldsc.py \
--print-snps /home/chenweit/Desktop/pancreas_S_LDSC/listHM3.txt \
--ld-wind-cm 1.0 \
--out /home/chenweit/Desktop/pancreas_S_LDSC/annot/ldscores/pancreas_H3K4me3_ENCFF340YEE/pancreas_H3K4me3_ENCFF340YEE.16 \
--bfile /home/chenweit/Desktop/pancreas_S_LDSC/1000G_EUR_Phase3_plink/1000G.EUR.QC.16 \
--annot /home/chenweit/Desktop/pancreas_S_LDSC/annot/ldscores/pancreas_H3K4me3_ENCFF340YEE/pancreas_H3K4me3_ENCFF340YEE.16.annot.gz \
--l2  

Beginning analysis at Thu Sep 23 23:00:26 2021
Read list of 316981 SNPs from /home/chenweit/Desktop/pancreas_S_LDSC/1000G_EUR_Phase3_plink/1000G.EUR.QC.16.bim
Read 1 annotations for 316981 SNPs from /home/chenweit/Desktop/pancreas_S_LDSC/annot/ldscores/pancreas_H3K4me3_ENCFF340YEE/pancreas_H3K4me3_ENCFF340YEE.16.annot.gz
Read list of 489 individuals from /home/chenweit/Desktop/pancreas_S_LDSC/1000G_EUR_Phase3_plink/1000G.EUR.QC.16.fam
Reading genotypes from /home/chenweit/Desktop/pancreas_S_LDSC/1000G_EUR_Phase3_plink/1000G.EUR.QC.16.bed
After filtering, 316981 SNPs remain
Estimating LD Score.
Reading list of 1217311 SNPs for which to print LD Scores from /home/chenweit/Desktop/pancreas_S_LDSC/listHM3.txt
After merging with --print-snps, LD Scores for 36526 SNPs will be printed.
Writing LD Scores for 36526 SNPs to /home/chenweit/Desktop/pancreas_S_LDSC/annot/ldscores/pancreas_H3K4me3_ENCFF340YEE/pancreas_H3K4me3_ENCFF340YEE.16.l2.ldscore.gz

Summary of LD Scores in /home/chenweit/Desktop/pancreas_S_LDSC/annot/ldscores/pancreas_H3K4me3_ENCFF340YEE/pancreas_H3K4me3_ENCFF340YEE.16.l2.ldscore.gz
         MAF       L2
mean  0.2389   1.2431
std   0.1426   2.6297
min   0.0051  -0.2246
25%   0.1145   0.0000
50%   0.2311   0.0956
75%   0.3599   1.1137
max   0.5000  22.3948

MAF/LD Score Correlation Matrix
       MAF     L2
MAF  1.000  0.001
L2   0.001  1.000

Annotation Correlation Matrix
       ANNOT
ANNOT    1.0

Annotation Matrix Column Sums
ANNOT    3796

Summary of Annotation Matrix Row Sums
count    316981.0000
mean          0.0120
std           0.1088
min           0.0000
25%           0.0000
50%           0.0000
75%           0.0000
max           1.0000
Analysis finished at Thu Sep 23 23:02:05 2021
Total time elapsed: 1.0m:39.48s
17
Make ldsc-friendly annotation files for pancreas_H3K4me3_ENCFF340YEE.bed
LDSC annotation file saved at:  /home/chenweit/Desktop/pancreas_S_LDSC/annot/ldscores/pancreas_H3K4me3_ENCFF340YEE/pancreas_H3K4me3_ENCFF340YEE.17.annot.gz 
Computing LD scores with the annot file pancreas_H3K4me3_ENCFF340YEE.17.annot.gz
*********************************************************************
* LD Score Regression (LDSC)
* Version 1.0.1
* (C) 2014-2019 Brendan Bulik-Sullivan and Hilary Finucane
* Broad Institute of MIT and Harvard / MIT Department of Mathematics
* GNU General Public License v3
*********************************************************************
Call: 
./ldsc.py \
--print-snps /home/chenweit/Desktop/pancreas_S_LDSC/listHM3.txt \
--ld-wind-cm 1.0 \
--out /home/chenweit/Desktop/pancreas_S_LDSC/annot/ldscores/pancreas_H3K4me3_ENCFF340YEE/pancreas_H3K4me3_ENCFF340YEE.17 \
--bfile /home/chenweit/Desktop/pancreas_S_LDSC/1000G_EUR_Phase3_plink/1000G.EUR.QC.17 \
--annot /home/chenweit/Desktop/pancreas_S_LDSC/annot/ldscores/pancreas_H3K4me3_ENCFF340YEE/pancreas_H3K4me3_ENCFF340YEE.17.annot.gz \
--l2  

Beginning analysis at Thu Sep 23 23:02:12 2021
Read list of 269222 SNPs from /home/chenweit/Desktop/pancreas_S_LDSC/1000G_EUR_Phase3_plink/1000G.EUR.QC.17.bim
Read 1 annotations for 269222 SNPs from /home/chenweit/Desktop/pancreas_S_LDSC/annot/ldscores/pancreas_H3K4me3_ENCFF340YEE/pancreas_H3K4me3_ENCFF340YEE.17.annot.gz
Read list of 489 individuals from /home/chenweit/Desktop/pancreas_S_LDSC/1000G_EUR_Phase3_plink/1000G.EUR.QC.17.fam
Reading genotypes from /home/chenweit/Desktop/pancreas_S_LDSC/1000G_EUR_Phase3_plink/1000G.EUR.QC.17.bed
After filtering, 269222 SNPs remain
Estimating LD Score.
Reading list of 1217311 SNPs for which to print LD Scores from /home/chenweit/Desktop/pancreas_S_LDSC/listHM3.txt
After merging with --print-snps, LD Scores for 32218 SNPs will be printed.
Writing LD Scores for 32218 SNPs to /home/chenweit/Desktop/pancreas_S_LDSC/annot/ldscores/pancreas_H3K4me3_ENCFF340YEE/pancreas_H3K4me3_ENCFF340YEE.17.l2.ldscore.gz

Summary of LD Scores in /home/chenweit/Desktop/pancreas_S_LDSC/annot/ldscores/pancreas_H3K4me3_ENCFF340YEE/pancreas_H3K4me3_ENCFF340YEE.17.l2.ldscore.gz
         MAF       L2
mean  0.2428   1.7985
std   0.1444   3.1161
min   0.0051  -0.1167
25%   0.1145   0.0279
50%   0.2352   0.4118
75%   0.3681   2.3159
max   0.5000  40.1938

MAF/LD Score Correlation Matrix
        MAF      L2
MAF  1.0000  0.0983
L2   0.0983  1.0000

Annotation Correlation Matrix
       ANNOT
ANNOT    1.0

Annotation Matrix Column Sums
ANNOT    4881

Summary of Annotation Matrix Row Sums
count    269222.0000
mean          0.0181
std           0.1334
min           0.0000
25%           0.0000
50%           0.0000
75%           0.0000
max           1.0000
Analysis finished at Thu Sep 23 23:03:30 2021
Total time elapsed: 1.0m:18.08s
18
Make ldsc-friendly annotation files for pancreas_H3K4me3_ENCFF340YEE.bed
LDSC annotation file saved at:  /home/chenweit/Desktop/pancreas_S_LDSC/annot/ldscores/pancreas_H3K4me3_ENCFF340YEE/pancreas_H3K4me3_ENCFF340YEE.18.annot.gz 
Computing LD scores with the annot file pancreas_H3K4me3_ENCFF340YEE.18.annot.gz
*********************************************************************
* LD Score Regression (LDSC)
* Version 1.0.1
* (C) 2014-2019 Brendan Bulik-Sullivan and Hilary Finucane
* Broad Institute of MIT and Harvard / MIT Department of Mathematics
* GNU General Public License v3
*********************************************************************
Call: 
./ldsc.py \
--print-snps /home/chenweit/Desktop/pancreas_S_LDSC/listHM3.txt \
--ld-wind-cm 1.0 \
--out /home/chenweit/Desktop/pancreas_S_LDSC/annot/ldscores/pancreas_H3K4me3_ENCFF340YEE/pancreas_H3K4me3_ENCFF340YEE.18 \
--bfile /home/chenweit/Desktop/pancreas_S_LDSC/1000G_EUR_Phase3_plink/1000G.EUR.QC.18 \
--annot /home/chenweit/Desktop/pancreas_S_LDSC/annot/ldscores/pancreas_H3K4me3_ENCFF340YEE/pancreas_H3K4me3_ENCFF340YEE.18.annot.gz \
--l2  

Beginning analysis at Thu Sep 23 23:03:38 2021
Read list of 285156 SNPs from /home/chenweit/Desktop/pancreas_S_LDSC/1000G_EUR_Phase3_plink/1000G.EUR.QC.18.bim
Read 1 annotations for 285156 SNPs from /home/chenweit/Desktop/pancreas_S_LDSC/annot/ldscores/pancreas_H3K4me3_ENCFF340YEE/pancreas_H3K4me3_ENCFF340YEE.18.annot.gz
Read list of 489 individuals from /home/chenweit/Desktop/pancreas_S_LDSC/1000G_EUR_Phase3_plink/1000G.EUR.QC.18.fam
Reading genotypes from /home/chenweit/Desktop/pancreas_S_LDSC/1000G_EUR_Phase3_plink/1000G.EUR.QC.18.bed
After filtering, 285156 SNPs remain
Estimating LD Score.
Reading list of 1217311 SNPs for which to print LD Scores from /home/chenweit/Desktop/pancreas_S_LDSC/listHM3.txt
After merging with --print-snps, LD Scores for 35513 SNPs will be printed.
Writing LD Scores for 35513 SNPs to /home/chenweit/Desktop/pancreas_S_LDSC/annot/ldscores/pancreas_H3K4me3_ENCFF340YEE/pancreas_H3K4me3_ENCFF340YEE.18.l2.ldscore.gz

Summary of LD Scores in /home/chenweit/Desktop/pancreas_S_LDSC/annot/ldscores/pancreas_H3K4me3_ENCFF340YEE/pancreas_H3K4me3_ENCFF340YEE.18.l2.ldscore.gz
         MAF       L2
mean  0.2364   0.5440
std   0.1423   1.2602
min   0.0051  -0.0984
25%   0.1115   0.0014
50%   0.2260   0.0570
75%   0.3569   0.3905
max   0.5000  13.6758

MAF/LD Score Correlation Matrix
      MAF    L2
MAF  1.00  0.03
L2   0.03  1.00

Annotation Correlation Matrix
       ANNOT
ANNOT    1.0

Annotation Matrix Column Sums
ANNOT    1680

Summary of Annotation Matrix Row Sums
count    285156.0000
mean          0.0059
std           0.0765
min           0.0000
25%           0.0000
50%           0.0000
75%           0.0000
max           1.0000
Analysis finished at Thu Sep 23 23:05:01 2021
Total time elapsed: 1.0m:23.18s
19
Make ldsc-friendly annotation files for pancreas_H3K4me3_ENCFF340YEE.bed
LDSC annotation file saved at:  /home/chenweit/Desktop/pancreas_S_LDSC/annot/ldscores/pancreas_H3K4me3_ENCFF340YEE/pancreas_H3K4me3_ENCFF340YEE.19.annot.gz 
Computing LD scores with the annot file pancreas_H3K4me3_ENCFF340YEE.19.annot.gz
*********************************************************************
* LD Score Regression (LDSC)
* Version 1.0.1
* (C) 2014-2019 Brendan Bulik-Sullivan and Hilary Finucane
* Broad Institute of MIT and Harvard / MIT Department of Mathematics
* GNU General Public License v3
*********************************************************************
Call: 
./ldsc.py \
--print-snps /home/chenweit/Desktop/pancreas_S_LDSC/listHM3.txt \
--ld-wind-cm 1.0 \
--out /home/chenweit/Desktop/pancreas_S_LDSC/annot/ldscores/pancreas_H3K4me3_ENCFF340YEE/pancreas_H3K4me3_ENCFF340YEE.19 \
--bfile /home/chenweit/Desktop/pancreas_S_LDSC/1000G_EUR_Phase3_plink/1000G.EUR.QC.19 \
--annot /home/chenweit/Desktop/pancreas_S_LDSC/annot/ldscores/pancreas_H3K4me3_ENCFF340YEE/pancreas_H3K4me3_ENCFF340YEE.19.annot.gz \
--l2  

Beginning analysis at Thu Sep 23 23:05:07 2021
Read list of 232363 SNPs from /home/chenweit/Desktop/pancreas_S_LDSC/1000G_EUR_Phase3_plink/1000G.EUR.QC.19.bim
Read 1 annotations for 232363 SNPs from /home/chenweit/Desktop/pancreas_S_LDSC/annot/ldscores/pancreas_H3K4me3_ENCFF340YEE/pancreas_H3K4me3_ENCFF340YEE.19.annot.gz
Read list of 489 individuals from /home/chenweit/Desktop/pancreas_S_LDSC/1000G_EUR_Phase3_plink/1000G.EUR.QC.19.fam
Reading genotypes from /home/chenweit/Desktop/pancreas_S_LDSC/1000G_EUR_Phase3_plink/1000G.EUR.QC.19.bed
After filtering, 232363 SNPs remain
Estimating LD Score.
Reading list of 1217311 SNPs for which to print LD Scores from /home/chenweit/Desktop/pancreas_S_LDSC/listHM3.txt
After merging with --print-snps, LD Scores for 22509 SNPs will be printed.
Writing LD Scores for 22509 SNPs to /home/chenweit/Desktop/pancreas_S_LDSC/annot/ldscores/pancreas_H3K4me3_ENCFF340YEE/pancreas_H3K4me3_ENCFF340YEE.19.l2.ldscore.gz

Summary of LD Scores in /home/chenweit/Desktop/pancreas_S_LDSC/annot/ldscores/pancreas_H3K4me3_ENCFF340YEE/pancreas_H3K4me3_ENCFF340YEE.19.l2.ldscore.gz
         MAF       L2
mean  0.2384   2.5937
std   0.1420   3.3333
min   0.0051  -0.1595
25%   0.1145   0.3177
50%   0.2342   1.3703
75%   0.3569   3.5409
max   0.5000  21.8788

MAF/LD Score Correlation Matrix
        MAF      L2
MAF  1.0000  0.0886
L2   0.0886  1.0000

Annotation Correlation Matrix
       ANNOT
ANNOT    1.0

Annotation Matrix Column Sums
ANNOT    6458

Summary of Annotation Matrix Row Sums
count    232363.0000
mean          0.0278
std           0.1644
min           0.0000
25%           0.0000
50%           0.0000
75%           0.0000
max           1.0000
Analysis finished at Thu Sep 23 23:06:30 2021
Total time elapsed: 1.0m:23.63s
20
Make ldsc-friendly annotation files for pancreas_H3K4me3_ENCFF340YEE.bed
LDSC annotation file saved at:  /home/chenweit/Desktop/pancreas_S_LDSC/annot/ldscores/pancreas_H3K4me3_ENCFF340YEE/pancreas_H3K4me3_ENCFF340YEE.20.annot.gz 
Computing LD scores with the annot file pancreas_H3K4me3_ENCFF340YEE.20.annot.gz
*********************************************************************
* LD Score Regression (LDSC)
* Version 1.0.1
* (C) 2014-2019 Brendan Bulik-Sullivan and Hilary Finucane
* Broad Institute of MIT and Harvard / MIT Department of Mathematics
* GNU General Public License v3
*********************************************************************
Call: 
./ldsc.py \
--print-snps /home/chenweit/Desktop/pancreas_S_LDSC/listHM3.txt \
--ld-wind-cm 1.0 \
--out /home/chenweit/Desktop/pancreas_S_LDSC/annot/ldscores/pancreas_H3K4me3_ENCFF340YEE/pancreas_H3K4me3_ENCFF340YEE.20 \
--bfile /home/chenweit/Desktop/pancreas_S_LDSC/1000G_EUR_Phase3_plink/1000G.EUR.QC.20 \
--annot /home/chenweit/Desktop/pancreas_S_LDSC/annot/ldscores/pancreas_H3K4me3_ENCFF340YEE/pancreas_H3K4me3_ENCFF340YEE.20.annot.gz \
--l2  

Beginning analysis at Thu Sep 23 23:06:36 2021
Read list of 221626 SNPs from /home/chenweit/Desktop/pancreas_S_LDSC/1000G_EUR_Phase3_plink/1000G.EUR.QC.20.bim
Read 1 annotations for 221626 SNPs from /home/chenweit/Desktop/pancreas_S_LDSC/annot/ldscores/pancreas_H3K4me3_ENCFF340YEE/pancreas_H3K4me3_ENCFF340YEE.20.annot.gz
Read list of 489 individuals from /home/chenweit/Desktop/pancreas_S_LDSC/1000G_EUR_Phase3_plink/1000G.EUR.QC.20.fam
Reading genotypes from /home/chenweit/Desktop/pancreas_S_LDSC/1000G_EUR_Phase3_plink/1000G.EUR.QC.20.bed
After filtering, 221626 SNPs remain
Estimating LD Score.
Reading list of 1217311 SNPs for which to print LD Scores from /home/chenweit/Desktop/pancreas_S_LDSC/listHM3.txt
After merging with --print-snps, LD Scores for 31101 SNPs will be printed.
Writing LD Scores for 31101 SNPs to /home/chenweit/Desktop/pancreas_S_LDSC/annot/ldscores/pancreas_H3K4me3_ENCFF340YEE/pancreas_H3K4me3_ENCFF340YEE.20.l2.ldscore.gz

Summary of LD Scores in /home/chenweit/Desktop/pancreas_S_LDSC/annot/ldscores/pancreas_H3K4me3_ENCFF340YEE/pancreas_H3K4me3_ENCFF340YEE.20.l2.ldscore.gz
         MAF       L2
mean  0.2344   0.9710
std   0.1427   2.0209
min   0.0051  -0.0941
25%   0.1074   0.0138
50%   0.2229   0.1291
75%   0.3558   0.8989
max   0.5000  16.8240

MAF/LD Score Correlation Matrix
       MAF     L2
MAF  1.000  0.055
L2   0.055  1.000

Annotation Correlation Matrix
       ANNOT
ANNOT    1.0

Annotation Matrix Column Sums
ANNOT    2255

Summary of Annotation Matrix Row Sums
count    221626.0000
mean          0.0102
std           0.1004
min           0.0000
25%           0.0000
50%           0.0000
75%           0.0000
max           1.0000
Analysis finished at Thu Sep 23 23:07:37 2021
Total time elapsed: 1.0m:1.19s
21
Make ldsc-friendly annotation files for pancreas_H3K4me3_ENCFF340YEE.bed
LDSC annotation file saved at:  /home/chenweit/Desktop/pancreas_S_LDSC/annot/ldscores/pancreas_H3K4me3_ENCFF340YEE/pancreas_H3K4me3_ENCFF340YEE.21.annot.gz 
Computing LD scores with the annot file pancreas_H3K4me3_ENCFF340YEE.21.annot.gz
*********************************************************************
* LD Score Regression (LDSC)
* Version 1.0.1
* (C) 2014-2019 Brendan Bulik-Sullivan and Hilary Finucane
* Broad Institute of MIT and Harvard / MIT Department of Mathematics
* GNU General Public License v3
*********************************************************************
Call: 
./ldsc.py \
--print-snps /home/chenweit/Desktop/pancreas_S_LDSC/listHM3.txt \
--ld-wind-cm 1.0 \
--out /home/chenweit/Desktop/pancreas_S_LDSC/annot/ldscores/pancreas_H3K4me3_ENCFF340YEE/pancreas_H3K4me3_ENCFF340YEE.21 \
--bfile /home/chenweit/Desktop/pancreas_S_LDSC/1000G_EUR_Phase3_plink/1000G.EUR.QC.21 \
--annot /home/chenweit/Desktop/pancreas_S_LDSC/annot/ldscores/pancreas_H3K4me3_ENCFF340YEE/pancreas_H3K4me3_ENCFF340YEE.21.annot.gz \
--l2  

Beginning analysis at Thu Sep 23 23:07:41 2021
Read list of 138712 SNPs from /home/chenweit/Desktop/pancreas_S_LDSC/1000G_EUR_Phase3_plink/1000G.EUR.QC.21.bim
Read 1 annotations for 138712 SNPs from /home/chenweit/Desktop/pancreas_S_LDSC/annot/ldscores/pancreas_H3K4me3_ENCFF340YEE/pancreas_H3K4me3_ENCFF340YEE.21.annot.gz
Read list of 489 individuals from /home/chenweit/Desktop/pancreas_S_LDSC/1000G_EUR_Phase3_plink/1000G.EUR.QC.21.fam
Reading genotypes from /home/chenweit/Desktop/pancreas_S_LDSC/1000G_EUR_Phase3_plink/1000G.EUR.QC.21.bed
After filtering, 138712 SNPs remain
Estimating LD Score.
Reading list of 1217311 SNPs for which to print LD Scores from /home/chenweit/Desktop/pancreas_S_LDSC/listHM3.txt
After merging with --print-snps, LD Scores for 17040 SNPs will be printed.
Writing LD Scores for 17040 SNPs to /home/chenweit/Desktop/pancreas_S_LDSC/annot/ldscores/pancreas_H3K4me3_ENCFF340YEE/pancreas_H3K4me3_ENCFF340YEE.21.l2.ldscore.gz

Summary of LD Scores in /home/chenweit/Desktop/pancreas_S_LDSC/annot/ldscores/pancreas_H3K4me3_ENCFF340YEE/pancreas_H3K4me3_ENCFF340YEE.21.l2.ldscore.gz
         MAF       L2
mean  0.2420   0.7120
std   0.1414   1.5725
min   0.0051  -0.0818
25%   0.1186   0.0000
50%   0.2321   0.0473
75%   0.3650   0.6347
max   0.5000  14.7597

MAF/LD Score Correlation Matrix
        MAF      L2
MAF  1.0000  0.0758
L2   0.0758  1.0000

Annotation Correlation Matrix
       ANNOT
ANNOT    1.0

Annotation Matrix Column Sums
ANNOT    1005

Summary of Annotation Matrix Row Sums
count    138712.0000
mean          0.0072
std           0.0848
min           0.0000
25%           0.0000
50%           0.0000
75%           0.0000
max           1.0000
Analysis finished at Thu Sep 23 23:08:14 2021
Total time elapsed: 32.99s
22
Make ldsc-friendly annotation files for pancreas_H3K4me3_ENCFF340YEE.bed
LDSC annotation file saved at:  /home/chenweit/Desktop/pancreas_S_LDSC/annot/ldscores/pancreas_H3K4me3_ENCFF340YEE/pancreas_H3K4me3_ENCFF340YEE.22.annot.gz 
Computing LD scores with the annot file pancreas_H3K4me3_ENCFF340YEE.22.annot.gz
*********************************************************************
* LD Score Regression (LDSC)
* Version 1.0.1
* (C) 2014-2019 Brendan Bulik-Sullivan and Hilary Finucane
* Broad Institute of MIT and Harvard / MIT Department of Mathematics
* GNU General Public License v3
*********************************************************************
Call: 
./ldsc.py \
--print-snps /home/chenweit/Desktop/pancreas_S_LDSC/listHM3.txt \
--ld-wind-cm 1.0 \
--out /home/chenweit/Desktop/pancreas_S_LDSC/annot/ldscores/pancreas_H3K4me3_ENCFF340YEE/pancreas_H3K4me3_ENCFF340YEE.22 \
--bfile /home/chenweit/Desktop/pancreas_S_LDSC/1000G_EUR_Phase3_plink/1000G.EUR.QC.22 \
--annot /home/chenweit/Desktop/pancreas_S_LDSC/annot/ldscores/pancreas_H3K4me3_ENCFF340YEE/pancreas_H3K4me3_ENCFF340YEE.22.annot.gz \
--l2  

Beginning analysis at Thu Sep 23 23:08:19 2021
Read list of 141123 SNPs from /home/chenweit/Desktop/pancreas_S_LDSC/1000G_EUR_Phase3_plink/1000G.EUR.QC.22.bim
Read 1 annotations for 141123 SNPs from /home/chenweit/Desktop/pancreas_S_LDSC/annot/ldscores/pancreas_H3K4me3_ENCFF340YEE/pancreas_H3K4me3_ENCFF340YEE.22.annot.gz
Read list of 489 individuals from /home/chenweit/Desktop/pancreas_S_LDSC/1000G_EUR_Phase3_plink/1000G.EUR.QC.22.fam
Reading genotypes from /home/chenweit/Desktop/pancreas_S_LDSC/1000G_EUR_Phase3_plink/1000G.EUR.QC.22.bed
After filtering, 141123 SNPs remain
Estimating LD Score.
Reading list of 1217311 SNPs for which to print LD Scores from /home/chenweit/Desktop/pancreas_S_LDSC/listHM3.txt
After merging with --print-snps, LD Scores for 17489 SNPs will be printed.
Writing LD Scores for 17489 SNPs to /home/chenweit/Desktop/pancreas_S_LDSC/annot/ldscores/pancreas_H3K4me3_ENCFF340YEE/pancreas_H3K4me3_ENCFF340YEE.22.l2.ldscore.gz

Summary of LD Scores in /home/chenweit/Desktop/pancreas_S_LDSC/annot/ldscores/pancreas_H3K4me3_ENCFF340YEE/pancreas_H3K4me3_ENCFF340YEE.22.l2.ldscore.gz
         MAF       L2
mean  0.2366   1.6956
std   0.1435   3.2027
min   0.0051  -0.1107
25%   0.1094   0.0181
50%   0.2280   0.3262
75%   0.3579   2.1277
max   0.5000  28.0964

MAF/LD Score Correlation Matrix
        MAF      L2
MAF  1.0000  0.0624
L2   0.0624  1.0000

Annotation Correlation Matrix
       ANNOT
ANNOT    1.0

Annotation Matrix Column Sums
ANNOT    2158

Summary of Annotation Matrix Row Sums
count    141123.0000
mean          0.0153
std           0.1227
min           0.0000
25%           0.0000
50%           0.0000
75%           0.0000
max           1.0000
Analysis finished at Thu Sep 23 23:08:58 2021
Total time elapsed: 39.37s
