prefix_annot: pancreas_H3K4me1_ENCFF668HLF
1
Make ldsc-friendly annotation files for pancreas_H3K4me1_ENCFF668HLF.bed
LDSC annotation file saved at:  /home/chenweit/Desktop/pancreas_S_LDSC/annot/ldscores/pancreas_H3K4me1_ENCFF668HLF/pancreas_H3K4me1_ENCFF668HLF.1.annot.gz 
Computing LD scores with the annot file pancreas_H3K4me1_ENCFF668HLF.1.annot.gz
*********************************************************************
* LD Score Regression (LDSC)
* Version 1.0.1
* (C) 2014-2019 Brendan Bulik-Sullivan and Hilary Finucane
* Broad Institute of MIT and Harvard / MIT Department of Mathematics
* GNU General Public License v3
*********************************************************************
Call: 
./ldsc.py \
--print-snps /home/chenweit/Desktop/pancreas_S_LDSC/listHM3.txt \
--ld-wind-cm 1.0 \
--out /home/chenweit/Desktop/pancreas_S_LDSC/annot/ldscores/pancreas_H3K4me1_ENCFF668HLF/pancreas_H3K4me1_ENCFF668HLF.1 \
--bfile /home/chenweit/Desktop/pancreas_S_LDSC/1000G_EUR_Phase3_plink/1000G.EUR.QC.1 \
--annot /home/chenweit/Desktop/pancreas_S_LDSC/annot/ldscores/pancreas_H3K4me1_ENCFF668HLF/pancreas_H3K4me1_ENCFF668HLF.1.annot.gz \
--l2  

Beginning analysis at Thu Sep 23 22:00:58 2021
Read list of 779354 SNPs from /home/chenweit/Desktop/pancreas_S_LDSC/1000G_EUR_Phase3_plink/1000G.EUR.QC.1.bim
Read 1 annotations for 779354 SNPs from /home/chenweit/Desktop/pancreas_S_LDSC/annot/ldscores/pancreas_H3K4me1_ENCFF668HLF/pancreas_H3K4me1_ENCFF668HLF.1.annot.gz
Read list of 489 individuals from /home/chenweit/Desktop/pancreas_S_LDSC/1000G_EUR_Phase3_plink/1000G.EUR.QC.1.fam
Reading genotypes from /home/chenweit/Desktop/pancreas_S_LDSC/1000G_EUR_Phase3_plink/1000G.EUR.QC.1.bed
After filtering, 779354 SNPs remain
Estimating LD Score.
Reading list of 1217311 SNPs for which to print LD Scores from /home/chenweit/Desktop/pancreas_S_LDSC/listHM3.txt
After merging with --print-snps, LD Scores for 98642 SNPs will be printed.
Writing LD Scores for 98642 SNPs to /home/chenweit/Desktop/pancreas_S_LDSC/annot/ldscores/pancreas_H3K4me1_ENCFF668HLF/pancreas_H3K4me1_ENCFF668HLF.1.l2.ldscore.gz

Summary of LD Scores in /home/chenweit/Desktop/pancreas_S_LDSC/annot/ldscores/pancreas_H3K4me1_ENCFF668HLF/pancreas_H3K4me1_ENCFF668HLF.1.l2.ldscore.gz
         MAF       L2
mean  0.2346   2.0693
std   0.1432   3.3117
min   0.0051  -0.2209
25%   0.1084   0.1229
50%   0.2239   0.7458
75%   0.3558   2.5971
max   0.5000  50.7205

MAF/LD Score Correlation Matrix
        MAF      L2
MAF  1.0000  0.0795
L2   0.0795  1.0000

Annotation Correlation Matrix
       ANNOT
ANNOT    1.0

Annotation Matrix Column Sums
ANNOT    18275

Summary of Annotation Matrix Row Sums
count    779354.0000
mean          0.0234
std           0.1513
min           0.0000
25%           0.0000
50%           0.0000
75%           0.0000
max           1.0000
Analysis finished at Thu Sep 23 22:05:33 2021
Total time elapsed: 4.0m:34.67s
2
Make ldsc-friendly annotation files for pancreas_H3K4me1_ENCFF668HLF.bed
LDSC annotation file saved at:  /home/chenweit/Desktop/pancreas_S_LDSC/annot/ldscores/pancreas_H3K4me1_ENCFF668HLF/pancreas_H3K4me1_ENCFF668HLF.2.annot.gz 
Computing LD scores with the annot file pancreas_H3K4me1_ENCFF668HLF.2.annot.gz
*********************************************************************
* LD Score Regression (LDSC)
* Version 1.0.1
* (C) 2014-2019 Brendan Bulik-Sullivan and Hilary Finucane
* Broad Institute of MIT and Harvard / MIT Department of Mathematics
* GNU General Public License v3
*********************************************************************
Call: 
./ldsc.py \
--print-snps /home/chenweit/Desktop/pancreas_S_LDSC/listHM3.txt \
--ld-wind-cm 1.0 \
--out /home/chenweit/Desktop/pancreas_S_LDSC/annot/ldscores/pancreas_H3K4me1_ENCFF668HLF/pancreas_H3K4me1_ENCFF668HLF.2 \
--bfile /home/chenweit/Desktop/pancreas_S_LDSC/1000G_EUR_Phase3_plink/1000G.EUR.QC.2 \
--annot /home/chenweit/Desktop/pancreas_S_LDSC/annot/ldscores/pancreas_H3K4me1_ENCFF668HLF/pancreas_H3K4me1_ENCFF668HLF.2.annot.gz \
--l2  

Beginning analysis at Thu Sep 23 22:05:49 2021
Read list of 839590 SNPs from /home/chenweit/Desktop/pancreas_S_LDSC/1000G_EUR_Phase3_plink/1000G.EUR.QC.2.bim
Read 1 annotations for 839590 SNPs from /home/chenweit/Desktop/pancreas_S_LDSC/annot/ldscores/pancreas_H3K4me1_ENCFF668HLF/pancreas_H3K4me1_ENCFF668HLF.2.annot.gz
Read list of 489 individuals from /home/chenweit/Desktop/pancreas_S_LDSC/1000G_EUR_Phase3_plink/1000G.EUR.QC.2.fam
Reading genotypes from /home/chenweit/Desktop/pancreas_S_LDSC/1000G_EUR_Phase3_plink/1000G.EUR.QC.2.bed
After filtering, 839590 SNPs remain
Estimating LD Score.
Reading list of 1217311 SNPs for which to print LD Scores from /home/chenweit/Desktop/pancreas_S_LDSC/listHM3.txt
After merging with --print-snps, LD Scores for 99735 SNPs will be printed.
Writing LD Scores for 99735 SNPs to /home/chenweit/Desktop/pancreas_S_LDSC/annot/ldscores/pancreas_H3K4me1_ENCFF668HLF/pancreas_H3K4me1_ENCFF668HLF.2.l2.ldscore.gz

Summary of LD Scores in /home/chenweit/Desktop/pancreas_S_LDSC/annot/ldscores/pancreas_H3K4me1_ENCFF668HLF/pancreas_H3K4me1_ENCFF668HLF.2.l2.ldscore.gz
         MAF       L2
mean  0.2384   1.6288
std   0.1431   2.8869
min   0.0051  -0.2300
25%   0.1125   0.0861
50%   0.2290   0.4923
75%   0.3620   1.8443
max   0.5000  33.7025

MAF/LD Score Correlation Matrix
        MAF      L2
MAF  1.0000  0.0903
L2   0.0903  1.0000

Annotation Correlation Matrix
       ANNOT
ANNOT    1.0

Annotation Matrix Column Sums
ANNOT    13935

Summary of Annotation Matrix Row Sums
count    839590.0000
mean          0.0166
std           0.1278
min           0.0000
25%           0.0000
50%           0.0000
75%           0.0000
max           1.0000
Analysis finished at Thu Sep 23 22:11:24 2021
Total time elapsed: 5.0m:35.41s
3
Make ldsc-friendly annotation files for pancreas_H3K4me1_ENCFF668HLF.bed
LDSC annotation file saved at:  /home/chenweit/Desktop/pancreas_S_LDSC/annot/ldscores/pancreas_H3K4me1_ENCFF668HLF/pancreas_H3K4me1_ENCFF668HLF.3.annot.gz 
Computing LD scores with the annot file pancreas_H3K4me1_ENCFF668HLF.3.annot.gz
*********************************************************************
* LD Score Regression (LDSC)
* Version 1.0.1
* (C) 2014-2019 Brendan Bulik-Sullivan and Hilary Finucane
* Broad Institute of MIT and Harvard / MIT Department of Mathematics
* GNU General Public License v3
*********************************************************************
Call: 
./ldsc.py \
--print-snps /home/chenweit/Desktop/pancreas_S_LDSC/listHM3.txt \
--ld-wind-cm 1.0 \
--out /home/chenweit/Desktop/pancreas_S_LDSC/annot/ldscores/pancreas_H3K4me1_ENCFF668HLF/pancreas_H3K4me1_ENCFF668HLF.3 \
--bfile /home/chenweit/Desktop/pancreas_S_LDSC/1000G_EUR_Phase3_plink/1000G.EUR.QC.3 \
--annot /home/chenweit/Desktop/pancreas_S_LDSC/annot/ldscores/pancreas_H3K4me1_ENCFF668HLF/pancreas_H3K4me1_ENCFF668HLF.3.annot.gz \
--l2  

Beginning analysis at Thu Sep 23 22:11:39 2021
Read list of 706350 SNPs from /home/chenweit/Desktop/pancreas_S_LDSC/1000G_EUR_Phase3_plink/1000G.EUR.QC.3.bim
Read 1 annotations for 706350 SNPs from /home/chenweit/Desktop/pancreas_S_LDSC/annot/ldscores/pancreas_H3K4me1_ENCFF668HLF/pancreas_H3K4me1_ENCFF668HLF.3.annot.gz
Read list of 489 individuals from /home/chenweit/Desktop/pancreas_S_LDSC/1000G_EUR_Phase3_plink/1000G.EUR.QC.3.fam
Reading genotypes from /home/chenweit/Desktop/pancreas_S_LDSC/1000G_EUR_Phase3_plink/1000G.EUR.QC.3.bed
After filtering, 706350 SNPs remain
Estimating LD Score.
Reading list of 1217311 SNPs for which to print LD Scores from /home/chenweit/Desktop/pancreas_S_LDSC/listHM3.txt
After merging with --print-snps, LD Scores for 83036 SNPs will be printed.
Writing LD Scores for 83036 SNPs to /home/chenweit/Desktop/pancreas_S_LDSC/annot/ldscores/pancreas_H3K4me1_ENCFF668HLF/pancreas_H3K4me1_ENCFF668HLF.3.l2.ldscore.gz

Summary of LD Scores in /home/chenweit/Desktop/pancreas_S_LDSC/annot/ldscores/pancreas_H3K4me1_ENCFF668HLF/pancreas_H3K4me1_ENCFF668HLF.3.l2.ldscore.gz
         MAF       L2
mean  0.2408   1.5590
std   0.1426   3.4279
min   0.0051  -0.2954
25%   0.1166   0.0622
50%   0.2321   0.3665
75%   0.3630   1.4795
max   0.5000  41.4551

MAF/LD Score Correlation Matrix
        MAF      L2
MAF  1.0000  0.0573
L2   0.0573  1.0000

Annotation Correlation Matrix
       ANNOT
ANNOT    1.0

Annotation Matrix Column Sums
ANNOT    8884

Summary of Annotation Matrix Row Sums
count    706350.0000
mean          0.0126
std           0.1114
min           0.0000
25%           0.0000
50%           0.0000
75%           0.0000
max           1.0000
Analysis finished at Thu Sep 23 22:17:04 2021
Total time elapsed: 5.0m:24.83s
4
Make ldsc-friendly annotation files for pancreas_H3K4me1_ENCFF668HLF.bed
LDSC annotation file saved at:  /home/chenweit/Desktop/pancreas_S_LDSC/annot/ldscores/pancreas_H3K4me1_ENCFF668HLF/pancreas_H3K4me1_ENCFF668HLF.4.annot.gz 
Computing LD scores with the annot file pancreas_H3K4me1_ENCFF668HLF.4.annot.gz
*********************************************************************
* LD Score Regression (LDSC)
* Version 1.0.1
* (C) 2014-2019 Brendan Bulik-Sullivan and Hilary Finucane
* Broad Institute of MIT and Harvard / MIT Department of Mathematics
* GNU General Public License v3
*********************************************************************
Call: 
./ldsc.py \
--print-snps /home/chenweit/Desktop/pancreas_S_LDSC/listHM3.txt \
--ld-wind-cm 1.0 \
--out /home/chenweit/Desktop/pancreas_S_LDSC/annot/ldscores/pancreas_H3K4me1_ENCFF668HLF/pancreas_H3K4me1_ENCFF668HLF.4 \
--bfile /home/chenweit/Desktop/pancreas_S_LDSC/1000G_EUR_Phase3_plink/1000G.EUR.QC.4 \
--annot /home/chenweit/Desktop/pancreas_S_LDSC/annot/ldscores/pancreas_H3K4me1_ENCFF668HLF/pancreas_H3K4me1_ENCFF668HLF.4.annot.gz \
--l2  

Beginning analysis at Thu Sep 23 22:17:19 2021
Read list of 729645 SNPs from /home/chenweit/Desktop/pancreas_S_LDSC/1000G_EUR_Phase3_plink/1000G.EUR.QC.4.bim
Read 1 annotations for 729645 SNPs from /home/chenweit/Desktop/pancreas_S_LDSC/annot/ldscores/pancreas_H3K4me1_ENCFF668HLF/pancreas_H3K4me1_ENCFF668HLF.4.annot.gz
Read list of 489 individuals from /home/chenweit/Desktop/pancreas_S_LDSC/1000G_EUR_Phase3_plink/1000G.EUR.QC.4.fam
Reading genotypes from /home/chenweit/Desktop/pancreas_S_LDSC/1000G_EUR_Phase3_plink/1000G.EUR.QC.4.bed
After filtering, 729645 SNPs remain
Estimating LD Score.
Reading list of 1217311 SNPs for which to print LD Scores from /home/chenweit/Desktop/pancreas_S_LDSC/listHM3.txt
After merging with --print-snps, LD Scores for 74924 SNPs will be printed.
Writing LD Scores for 74924 SNPs to /home/chenweit/Desktop/pancreas_S_LDSC/annot/ldscores/pancreas_H3K4me1_ENCFF668HLF/pancreas_H3K4me1_ENCFF668HLF.4.l2.ldscore.gz

Summary of LD Scores in /home/chenweit/Desktop/pancreas_S_LDSC/annot/ldscores/pancreas_H3K4me1_ENCFF668HLF/pancreas_H3K4me1_ENCFF668HLF.4.l2.ldscore.gz
         MAF       L2
mean  0.2375   0.9369
std   0.1422   2.4568
min   0.0051  -0.2191
25%   0.1125   0.0277
50%   0.2301   0.1595
75%   0.3579   0.8739
max   0.5000  61.4594

MAF/LD Score Correlation Matrix
        MAF      L2
MAF  1.0000  0.0427
L2   0.0427  1.0000

Annotation Correlation Matrix
       ANNOT
ANNOT    1.0

Annotation Matrix Column Sums
ANNOT    6126

Summary of Annotation Matrix Row Sums
count    729645.0000
mean          0.0084
std           0.0912
min           0.0000
25%           0.0000
50%           0.0000
75%           0.0000
max           1.0000
Analysis finished at Thu Sep 23 22:22:27 2021
Total time elapsed: 5.0m:8.08s
5
Make ldsc-friendly annotation files for pancreas_H3K4me1_ENCFF668HLF.bed
LDSC annotation file saved at:  /home/chenweit/Desktop/pancreas_S_LDSC/annot/ldscores/pancreas_H3K4me1_ENCFF668HLF/pancreas_H3K4me1_ENCFF668HLF.5.annot.gz 
Computing LD scores with the annot file pancreas_H3K4me1_ENCFF668HLF.5.annot.gz
*********************************************************************
* LD Score Regression (LDSC)
* Version 1.0.1
* (C) 2014-2019 Brendan Bulik-Sullivan and Hilary Finucane
* Broad Institute of MIT and Harvard / MIT Department of Mathematics
* GNU General Public License v3
*********************************************************************
Call: 
./ldsc.py \
--print-snps /home/chenweit/Desktop/pancreas_S_LDSC/listHM3.txt \
--ld-wind-cm 1.0 \
--out /home/chenweit/Desktop/pancreas_S_LDSC/annot/ldscores/pancreas_H3K4me1_ENCFF668HLF/pancreas_H3K4me1_ENCFF668HLF.5 \
--bfile /home/chenweit/Desktop/pancreas_S_LDSC/1000G_EUR_Phase3_plink/1000G.EUR.QC.5 \
--annot /home/chenweit/Desktop/pancreas_S_LDSC/annot/ldscores/pancreas_H3K4me1_ENCFF668HLF/pancreas_H3K4me1_ENCFF668HLF.5.annot.gz \
--l2  

Beginning analysis at Thu Sep 23 22:22:41 2021
Read list of 633015 SNPs from /home/chenweit/Desktop/pancreas_S_LDSC/1000G_EUR_Phase3_plink/1000G.EUR.QC.5.bim
Read 1 annotations for 633015 SNPs from /home/chenweit/Desktop/pancreas_S_LDSC/annot/ldscores/pancreas_H3K4me1_ENCFF668HLF/pancreas_H3K4me1_ENCFF668HLF.5.annot.gz
Read list of 489 individuals from /home/chenweit/Desktop/pancreas_S_LDSC/1000G_EUR_Phase3_plink/1000G.EUR.QC.5.fam
Reading genotypes from /home/chenweit/Desktop/pancreas_S_LDSC/1000G_EUR_Phase3_plink/1000G.EUR.QC.5.bed
After filtering, 633015 SNPs remain
Estimating LD Score.
Reading list of 1217311 SNPs for which to print LD Scores from /home/chenweit/Desktop/pancreas_S_LDSC/listHM3.txt
After merging with --print-snps, LD Scores for 75164 SNPs will be printed.
Writing LD Scores for 75164 SNPs to /home/chenweit/Desktop/pancreas_S_LDSC/annot/ldscores/pancreas_H3K4me1_ENCFF668HLF/pancreas_H3K4me1_ENCFF668HLF.5.l2.ldscore.gz

Summary of LD Scores in /home/chenweit/Desktop/pancreas_S_LDSC/annot/ldscores/pancreas_H3K4me1_ENCFF668HLF/pancreas_H3K4me1_ENCFF668HLF.5.l2.ldscore.gz
         MAF       L2
mean  0.2369   1.1973
std   0.1421   2.3966
min   0.0051  -0.1667
25%   0.1125   0.0585
50%   0.2280   0.3393
75%   0.3569   1.2832
max   0.5000  33.2149

MAF/LD Score Correlation Matrix
        MAF      L2
MAF  1.0000  0.0726
L2   0.0726  1.0000

Annotation Correlation Matrix
       ANNOT
ANNOT    1.0

Annotation Matrix Column Sums
ANNOT    7637

Summary of Annotation Matrix Row Sums
count    633015.0000
mean          0.0121
std           0.1092
min           0.0000
25%           0.0000
50%           0.0000
75%           0.0000
max           1.0000
Analysis finished at Thu Sep 23 22:27:12 2021
Total time elapsed: 4.0m:31.68s
6
Make ldsc-friendly annotation files for pancreas_H3K4me1_ENCFF668HLF.bed
LDSC annotation file saved at:  /home/chenweit/Desktop/pancreas_S_LDSC/annot/ldscores/pancreas_H3K4me1_ENCFF668HLF/pancreas_H3K4me1_ENCFF668HLF.6.annot.gz 
Computing LD scores with the annot file pancreas_H3K4me1_ENCFF668HLF.6.annot.gz
*********************************************************************
* LD Score Regression (LDSC)
* Version 1.0.1
* (C) 2014-2019 Brendan Bulik-Sullivan and Hilary Finucane
* Broad Institute of MIT and Harvard / MIT Department of Mathematics
* GNU General Public License v3
*********************************************************************
Call: 
./ldsc.py \
--print-snps /home/chenweit/Desktop/pancreas_S_LDSC/listHM3.txt \
--ld-wind-cm 1.0 \
--out /home/chenweit/Desktop/pancreas_S_LDSC/annot/ldscores/pancreas_H3K4me1_ENCFF668HLF/pancreas_H3K4me1_ENCFF668HLF.6 \
--bfile /home/chenweit/Desktop/pancreas_S_LDSC/1000G_EUR_Phase3_plink/1000G.EUR.QC.6 \
--annot /home/chenweit/Desktop/pancreas_S_LDSC/annot/ldscores/pancreas_H3K4me1_ENCFF668HLF/pancreas_H3K4me1_ENCFF668HLF.6.annot.gz \
--l2  

Beginning analysis at Thu Sep 23 22:27:26 2021
Read list of 664016 SNPs from /home/chenweit/Desktop/pancreas_S_LDSC/1000G_EUR_Phase3_plink/1000G.EUR.QC.6.bim
Read 1 annotations for 664016 SNPs from /home/chenweit/Desktop/pancreas_S_LDSC/annot/ldscores/pancreas_H3K4me1_ENCFF668HLF/pancreas_H3K4me1_ENCFF668HLF.6.annot.gz
Read list of 489 individuals from /home/chenweit/Desktop/pancreas_S_LDSC/1000G_EUR_Phase3_plink/1000G.EUR.QC.6.fam
Reading genotypes from /home/chenweit/Desktop/pancreas_S_LDSC/1000G_EUR_Phase3_plink/1000G.EUR.QC.6.bed
After filtering, 664016 SNPs remain
Estimating LD Score.
Reading list of 1217311 SNPs for which to print LD Scores from /home/chenweit/Desktop/pancreas_S_LDSC/listHM3.txt
After merging with --print-snps, LD Scores for 75358 SNPs will be printed.
Writing LD Scores for 75358 SNPs to /home/chenweit/Desktop/pancreas_S_LDSC/annot/ldscores/pancreas_H3K4me1_ENCFF668HLF/pancreas_H3K4me1_ENCFF668HLF.6.l2.ldscore.gz

Summary of LD Scores in /home/chenweit/Desktop/pancreas_S_LDSC/annot/ldscores/pancreas_H3K4me1_ENCFF668HLF/pancreas_H3K4me1_ENCFF668HLF.6.l2.ldscore.gz
         MAF       L2
mean  0.2357   1.4353
std   0.1431   2.6986
min   0.0051  -0.2163
25%   0.1104   0.1012
50%   0.2249   0.4429
75%   0.3579   1.5003
max   0.5000  41.2750

MAF/LD Score Correlation Matrix
        MAF      L2
MAF  1.0000  0.0462
L2   0.0462  1.0000

Annotation Correlation Matrix
       ANNOT
ANNOT    1.0

Annotation Matrix Column Sums
ANNOT    9275

Summary of Annotation Matrix Row Sums
count    664016.0000
mean          0.0140
std           0.1174
min           0.0000
25%           0.0000
50%           0.0000
75%           0.0000
max           1.0000
Analysis finished at Thu Sep 23 22:33:55 2021
Total time elapsed: 6.0m:28.27s
7
Make ldsc-friendly annotation files for pancreas_H3K4me1_ENCFF668HLF.bed
LDSC annotation file saved at:  /home/chenweit/Desktop/pancreas_S_LDSC/annot/ldscores/pancreas_H3K4me1_ENCFF668HLF/pancreas_H3K4me1_ENCFF668HLF.7.annot.gz 
Computing LD scores with the annot file pancreas_H3K4me1_ENCFF668HLF.7.annot.gz
*********************************************************************
* LD Score Regression (LDSC)
* Version 1.0.1
* (C) 2014-2019 Brendan Bulik-Sullivan and Hilary Finucane
* Broad Institute of MIT and Harvard / MIT Department of Mathematics
* GNU General Public License v3
*********************************************************************
Call: 
./ldsc.py \
--print-snps /home/chenweit/Desktop/pancreas_S_LDSC/listHM3.txt \
--ld-wind-cm 1.0 \
--out /home/chenweit/Desktop/pancreas_S_LDSC/annot/ldscores/pancreas_H3K4me1_ENCFF668HLF/pancreas_H3K4me1_ENCFF668HLF.7 \
--bfile /home/chenweit/Desktop/pancreas_S_LDSC/1000G_EUR_Phase3_plink/1000G.EUR.QC.7 \
--annot /home/chenweit/Desktop/pancreas_S_LDSC/annot/ldscores/pancreas_H3K4me1_ENCFF668HLF/pancreas_H3K4me1_ENCFF668HLF.7.annot.gz \
--l2  

Beginning analysis at Thu Sep 23 22:34:08 2021
Read list of 589569 SNPs from /home/chenweit/Desktop/pancreas_S_LDSC/1000G_EUR_Phase3_plink/1000G.EUR.QC.7.bim
Read 1 annotations for 589569 SNPs from /home/chenweit/Desktop/pancreas_S_LDSC/annot/ldscores/pancreas_H3K4me1_ENCFF668HLF/pancreas_H3K4me1_ENCFF668HLF.7.annot.gz
Read list of 489 individuals from /home/chenweit/Desktop/pancreas_S_LDSC/1000G_EUR_Phase3_plink/1000G.EUR.QC.7.fam
Reading genotypes from /home/chenweit/Desktop/pancreas_S_LDSC/1000G_EUR_Phase3_plink/1000G.EUR.QC.7.bed
After filtering, 589569 SNPs remain
Estimating LD Score.
Reading list of 1217311 SNPs for which to print LD Scores from /home/chenweit/Desktop/pancreas_S_LDSC/listHM3.txt
After merging with --print-snps, LD Scores for 66171 SNPs will be printed.
Writing LD Scores for 66171 SNPs to /home/chenweit/Desktop/pancreas_S_LDSC/annot/ldscores/pancreas_H3K4me1_ENCFF668HLF/pancreas_H3K4me1_ENCFF668HLF.7.l2.ldscore.gz

Summary of LD Scores in /home/chenweit/Desktop/pancreas_S_LDSC/annot/ldscores/pancreas_H3K4me1_ENCFF668HLF/pancreas_H3K4me1_ENCFF668HLF.7.l2.ldscore.gz
         MAF       L2
mean  0.2390   1.6757
std   0.1428   3.6192
min   0.0051  -0.2324
25%   0.1125   0.0664
50%   0.2301   0.4079
75%   0.3609   1.6534
max   0.5000  62.2060

MAF/LD Score Correlation Matrix
        MAF      L2
MAF  1.0000  0.0786
L2   0.0786  1.0000

Annotation Correlation Matrix
       ANNOT
ANNOT    1.0

Annotation Matrix Column Sums
ANNOT    9383

Summary of Annotation Matrix Row Sums
count    589569.0000
mean          0.0159
std           0.1251
min           0.0000
25%           0.0000
50%           0.0000
75%           0.0000
max           1.0000
Analysis finished at Thu Sep 23 22:38:19 2021
Total time elapsed: 4.0m:10.82s
8
Make ldsc-friendly annotation files for pancreas_H3K4me1_ENCFF668HLF.bed
LDSC annotation file saved at:  /home/chenweit/Desktop/pancreas_S_LDSC/annot/ldscores/pancreas_H3K4me1_ENCFF668HLF/pancreas_H3K4me1_ENCFF668HLF.8.annot.gz 
Computing LD scores with the annot file pancreas_H3K4me1_ENCFF668HLF.8.annot.gz
*********************************************************************
* LD Score Regression (LDSC)
* Version 1.0.1
* (C) 2014-2019 Brendan Bulik-Sullivan and Hilary Finucane
* Broad Institute of MIT and Harvard / MIT Department of Mathematics
* GNU General Public License v3
*********************************************************************
Call: 
./ldsc.py \
--print-snps /home/chenweit/Desktop/pancreas_S_LDSC/listHM3.txt \
--ld-wind-cm 1.0 \
--out /home/chenweit/Desktop/pancreas_S_LDSC/annot/ldscores/pancreas_H3K4me1_ENCFF668HLF/pancreas_H3K4me1_ENCFF668HLF.8 \
--bfile /home/chenweit/Desktop/pancreas_S_LDSC/1000G_EUR_Phase3_plink/1000G.EUR.QC.8 \
--annot /home/chenweit/Desktop/pancreas_S_LDSC/annot/ldscores/pancreas_H3K4me1_ENCFF668HLF/pancreas_H3K4me1_ENCFF668HLF.8.annot.gz \
--l2  

Beginning analysis at Thu Sep 23 22:38:31 2021
Read list of 549971 SNPs from /home/chenweit/Desktop/pancreas_S_LDSC/1000G_EUR_Phase3_plink/1000G.EUR.QC.8.bim
Read 1 annotations for 549971 SNPs from /home/chenweit/Desktop/pancreas_S_LDSC/annot/ldscores/pancreas_H3K4me1_ENCFF668HLF/pancreas_H3K4me1_ENCFF668HLF.8.annot.gz
Read list of 489 individuals from /home/chenweit/Desktop/pancreas_S_LDSC/1000G_EUR_Phase3_plink/1000G.EUR.QC.8.fam
Reading genotypes from /home/chenweit/Desktop/pancreas_S_LDSC/1000G_EUR_Phase3_plink/1000G.EUR.QC.8.bed
After filtering, 549971 SNPs remain
Estimating LD Score.
Reading list of 1217311 SNPs for which to print LD Scores from /home/chenweit/Desktop/pancreas_S_LDSC/listHM3.txt
After merging with --print-snps, LD Scores for 64975 SNPs will be printed.
Writing LD Scores for 64975 SNPs to /home/chenweit/Desktop/pancreas_S_LDSC/annot/ldscores/pancreas_H3K4me1_ENCFF668HLF/pancreas_H3K4me1_ENCFF668HLF.8.l2.ldscore.gz

Summary of LD Scores in /home/chenweit/Desktop/pancreas_S_LDSC/annot/ldscores/pancreas_H3K4me1_ENCFF668HLF/pancreas_H3K4me1_ENCFF668HLF.8.l2.ldscore.gz
         MAF       L2
mean  0.2380   1.5406
std   0.1431   3.1018
min   0.0051  -0.2042
25%   0.1115   0.0706
50%   0.2280   0.4074
75%   0.3609   1.6164
max   0.5000  40.6689

MAF/LD Score Correlation Matrix
       MAF     L2
MAF  1.000  0.126
L2   0.126  1.000

Annotation Correlation Matrix
       ANNOT
ANNOT    1.0

Annotation Matrix Column Sums
ANNOT    7878

Summary of Annotation Matrix Row Sums
count    549971.0000
mean          0.0143
std           0.1188
min           0.0000
25%           0.0000
50%           0.0000
75%           0.0000
max           1.0000
Analysis finished at Thu Sep 23 22:42:41 2021
Total time elapsed: 4.0m:9.33s
9
Make ldsc-friendly annotation files for pancreas_H3K4me1_ENCFF668HLF.bed
LDSC annotation file saved at:  /home/chenweit/Desktop/pancreas_S_LDSC/annot/ldscores/pancreas_H3K4me1_ENCFF668HLF/pancreas_H3K4me1_ENCFF668HLF.9.annot.gz 
Computing LD scores with the annot file pancreas_H3K4me1_ENCFF668HLF.9.annot.gz
*********************************************************************
* LD Score Regression (LDSC)
* Version 1.0.1
* (C) 2014-2019 Brendan Bulik-Sullivan and Hilary Finucane
* Broad Institute of MIT and Harvard / MIT Department of Mathematics
* GNU General Public License v3
*********************************************************************
Call: 
./ldsc.py \
--print-snps /home/chenweit/Desktop/pancreas_S_LDSC/listHM3.txt \
--ld-wind-cm 1.0 \
--out /home/chenweit/Desktop/pancreas_S_LDSC/annot/ldscores/pancreas_H3K4me1_ENCFF668HLF/pancreas_H3K4me1_ENCFF668HLF.9 \
--bfile /home/chenweit/Desktop/pancreas_S_LDSC/1000G_EUR_Phase3_plink/1000G.EUR.QC.9 \
--annot /home/chenweit/Desktop/pancreas_S_LDSC/annot/ldscores/pancreas_H3K4me1_ENCFF668HLF/pancreas_H3K4me1_ENCFF668HLF.9.annot.gz \
--l2  

Beginning analysis at Thu Sep 23 22:42:51 2021
Read list of 438106 SNPs from /home/chenweit/Desktop/pancreas_S_LDSC/1000G_EUR_Phase3_plink/1000G.EUR.QC.9.bim
Read 1 annotations for 438106 SNPs from /home/chenweit/Desktop/pancreas_S_LDSC/annot/ldscores/pancreas_H3K4me1_ENCFF668HLF/pancreas_H3K4me1_ENCFF668HLF.9.annot.gz
Read list of 489 individuals from /home/chenweit/Desktop/pancreas_S_LDSC/1000G_EUR_Phase3_plink/1000G.EUR.QC.9.fam
Reading genotypes from /home/chenweit/Desktop/pancreas_S_LDSC/1000G_EUR_Phase3_plink/1000G.EUR.QC.9.bed
After filtering, 438106 SNPs remain
Estimating LD Score.
Reading list of 1217311 SNPs for which to print LD Scores from /home/chenweit/Desktop/pancreas_S_LDSC/listHM3.txt
After merging with --print-snps, LD Scores for 55464 SNPs will be printed.
Writing LD Scores for 55464 SNPs to /home/chenweit/Desktop/pancreas_S_LDSC/annot/ldscores/pancreas_H3K4me1_ENCFF668HLF/pancreas_H3K4me1_ENCFF668HLF.9.l2.ldscore.gz

Summary of LD Scores in /home/chenweit/Desktop/pancreas_S_LDSC/annot/ldscores/pancreas_H3K4me1_ENCFF668HLF/pancreas_H3K4me1_ENCFF668HLF.9.l2.ldscore.gz
         MAF       L2
mean  0.2359   2.0221
std   0.1423   4.6803
min   0.0051  -0.3715
25%   0.1115   0.0547
50%   0.2249   0.4158
75%   0.3569   1.9227
max   0.5000  89.4557

MAF/LD Score Correlation Matrix
        MAF      L2
MAF  1.0000  0.0617
L2   0.0617  1.0000

Annotation Correlation Matrix
       ANNOT
ANNOT    1.0

Annotation Matrix Column Sums
ANNOT    9652

Summary of Annotation Matrix Row Sums
count    438106.0000
mean          0.0220
std           0.1468
min           0.0000
25%           0.0000
50%           0.0000
75%           0.0000
max           1.0000
Analysis finished at Thu Sep 23 22:45:16 2021
Total time elapsed: 2.0m:25.26s
10
Make ldsc-friendly annotation files for pancreas_H3K4me1_ENCFF668HLF.bed
LDSC annotation file saved at:  /home/chenweit/Desktop/pancreas_S_LDSC/annot/ldscores/pancreas_H3K4me1_ENCFF668HLF/pancreas_H3K4me1_ENCFF668HLF.10.annot.gz 
Computing LD scores with the annot file pancreas_H3K4me1_ENCFF668HLF.10.annot.gz
*********************************************************************
* LD Score Regression (LDSC)
* Version 1.0.1
* (C) 2014-2019 Brendan Bulik-Sullivan and Hilary Finucane
* Broad Institute of MIT and Harvard / MIT Department of Mathematics
* GNU General Public License v3
*********************************************************************
Call: 
./ldsc.py \
--print-snps /home/chenweit/Desktop/pancreas_S_LDSC/listHM3.txt \
--ld-wind-cm 1.0 \
--out /home/chenweit/Desktop/pancreas_S_LDSC/annot/ldscores/pancreas_H3K4me1_ENCFF668HLF/pancreas_H3K4me1_ENCFF668HLF.10 \
--bfile /home/chenweit/Desktop/pancreas_S_LDSC/1000G_EUR_Phase3_plink/1000G.EUR.QC.10 \
--annot /home/chenweit/Desktop/pancreas_S_LDSC/annot/ldscores/pancreas_H3K4me1_ENCFF668HLF/pancreas_H3K4me1_ENCFF668HLF.10.annot.gz \
--l2  

Beginning analysis at Thu Sep 23 22:45:27 2021
Read list of 510501 SNPs from /home/chenweit/Desktop/pancreas_S_LDSC/1000G_EUR_Phase3_plink/1000G.EUR.QC.10.bim
Read 1 annotations for 510501 SNPs from /home/chenweit/Desktop/pancreas_S_LDSC/annot/ldscores/pancreas_H3K4me1_ENCFF668HLF/pancreas_H3K4me1_ENCFF668HLF.10.annot.gz
Read list of 489 individuals from /home/chenweit/Desktop/pancreas_S_LDSC/1000G_EUR_Phase3_plink/1000G.EUR.QC.10.fam
Reading genotypes from /home/chenweit/Desktop/pancreas_S_LDSC/1000G_EUR_Phase3_plink/1000G.EUR.QC.10.bed
After filtering, 510501 SNPs remain
Estimating LD Score.
Reading list of 1217311 SNPs for which to print LD Scores from /home/chenweit/Desktop/pancreas_S_LDSC/listHM3.txt
After merging with --print-snps, LD Scores for 64067 SNPs will be printed.
Writing LD Scores for 64067 SNPs to /home/chenweit/Desktop/pancreas_S_LDSC/annot/ldscores/pancreas_H3K4me1_ENCFF668HLF/pancreas_H3K4me1_ENCFF668HLF.10.l2.ldscore.gz

Summary of LD Scores in /home/chenweit/Desktop/pancreas_S_LDSC/annot/ldscores/pancreas_H3K4me1_ENCFF668HLF/pancreas_H3K4me1_ENCFF668HLF.10.l2.ldscore.gz
         MAF       L2
mean  0.2328   1.8616
std   0.1426   3.2312
min   0.0051  -0.2108
25%   0.1074   0.1222
50%   0.2198   0.6355
75%   0.3538   2.1237
max   0.5000  60.0230

MAF/LD Score Correlation Matrix
        MAF      L2
MAF  1.0000  0.0908
L2   0.0908  1.0000

Annotation Correlation Matrix
       ANNOT
ANNOT    1.0

Annotation Matrix Column Sums
ANNOT    9997

Summary of Annotation Matrix Row Sums
count    510501.0000
mean          0.0196
std           0.1386
min           0.0000
25%           0.0000
50%           0.0000
75%           0.0000
max           1.0000
Analysis finished at Thu Sep 23 22:48:52 2021
Total time elapsed: 3.0m:24.82s
11
Make ldsc-friendly annotation files for pancreas_H3K4me1_ENCFF668HLF.bed
LDSC annotation file saved at:  /home/chenweit/Desktop/pancreas_S_LDSC/annot/ldscores/pancreas_H3K4me1_ENCFF668HLF/pancreas_H3K4me1_ENCFF668HLF.11.annot.gz 
Computing LD scores with the annot file pancreas_H3K4me1_ENCFF668HLF.11.annot.gz
*********************************************************************
* LD Score Regression (LDSC)
* Version 1.0.1
* (C) 2014-2019 Brendan Bulik-Sullivan and Hilary Finucane
* Broad Institute of MIT and Harvard / MIT Department of Mathematics
* GNU General Public License v3
*********************************************************************
Call: 
./ldsc.py \
--print-snps /home/chenweit/Desktop/pancreas_S_LDSC/listHM3.txt \
--ld-wind-cm 1.0 \
--out /home/chenweit/Desktop/pancreas_S_LDSC/annot/ldscores/pancreas_H3K4me1_ENCFF668HLF/pancreas_H3K4me1_ENCFF668HLF.11 \
--bfile /home/chenweit/Desktop/pancreas_S_LDSC/1000G_EUR_Phase3_plink/1000G.EUR.QC.11 \
--annot /home/chenweit/Desktop/pancreas_S_LDSC/annot/ldscores/pancreas_H3K4me1_ENCFF668HLF/pancreas_H3K4me1_ENCFF668HLF.11.annot.gz \
--l2  

Beginning analysis at Thu Sep 23 22:49:02 2021
Read list of 493922 SNPs from /home/chenweit/Desktop/pancreas_S_LDSC/1000G_EUR_Phase3_plink/1000G.EUR.QC.11.bim
Read 1 annotations for 493922 SNPs from /home/chenweit/Desktop/pancreas_S_LDSC/annot/ldscores/pancreas_H3K4me1_ENCFF668HLF/pancreas_H3K4me1_ENCFF668HLF.11.annot.gz
Read list of 489 individuals from /home/chenweit/Desktop/pancreas_S_LDSC/1000G_EUR_Phase3_plink/1000G.EUR.QC.11.fam
Reading genotypes from /home/chenweit/Desktop/pancreas_S_LDSC/1000G_EUR_Phase3_plink/1000G.EUR.QC.11.bed
After filtering, 493922 SNPs remain
Estimating LD Score.
Reading list of 1217311 SNPs for which to print LD Scores from /home/chenweit/Desktop/pancreas_S_LDSC/listHM3.txt
After merging with --print-snps, LD Scores for 60977 SNPs will be printed.
Writing LD Scores for 60977 SNPs to /home/chenweit/Desktop/pancreas_S_LDSC/annot/ldscores/pancreas_H3K4me1_ENCFF668HLF/pancreas_H3K4me1_ENCFF668HLF.11.l2.ldscore.gz

Summary of LD Scores in /home/chenweit/Desktop/pancreas_S_LDSC/annot/ldscores/pancreas_H3K4me1_ENCFF668HLF/pancreas_H3K4me1_ENCFF668HLF.11.l2.ldscore.gz
         MAF       L2
mean  0.2398   2.1099
std   0.1420   3.8854
min   0.0051  -0.1738
25%   0.1155   0.0892
50%   0.2301   0.5732
75%   0.3609   2.2608
max   0.5000  50.7585

MAF/LD Score Correlation Matrix
        MAF      L2
MAF  1.0000  0.0757
L2   0.0757  1.0000

Annotation Correlation Matrix
       ANNOT
ANNOT    1.0

Annotation Matrix Column Sums
ANNOT    10192

Summary of Annotation Matrix Row Sums
count    493922.0000
mean          0.0206
std           0.1422
min           0.0000
25%           0.0000
50%           0.0000
75%           0.0000
max           1.0000
Analysis finished at Thu Sep 23 22:53:18 2021
Total time elapsed: 4.0m:16.03s
12
Make ldsc-friendly annotation files for pancreas_H3K4me1_ENCFF668HLF.bed
LDSC annotation file saved at:  /home/chenweit/Desktop/pancreas_S_LDSC/annot/ldscores/pancreas_H3K4me1_ENCFF668HLF/pancreas_H3K4me1_ENCFF668HLF.12.annot.gz 
Computing LD scores with the annot file pancreas_H3K4me1_ENCFF668HLF.12.annot.gz
*********************************************************************
* LD Score Regression (LDSC)
* Version 1.0.1
* (C) 2014-2019 Brendan Bulik-Sullivan and Hilary Finucane
* Broad Institute of MIT and Harvard / MIT Department of Mathematics
* GNU General Public License v3
*********************************************************************
Call: 
./ldsc.py \
--print-snps /home/chenweit/Desktop/pancreas_S_LDSC/listHM3.txt \
--ld-wind-cm 1.0 \
--out /home/chenweit/Desktop/pancreas_S_LDSC/annot/ldscores/pancreas_H3K4me1_ENCFF668HLF/pancreas_H3K4me1_ENCFF668HLF.12 \
--bfile /home/chenweit/Desktop/pancreas_S_LDSC/1000G_EUR_Phase3_plink/1000G.EUR.QC.12 \
--annot /home/chenweit/Desktop/pancreas_S_LDSC/annot/ldscores/pancreas_H3K4me1_ENCFF668HLF/pancreas_H3K4me1_ENCFF668HLF.12.annot.gz \
--l2  

Beginning analysis at Thu Sep 23 22:53:29 2021
Read list of 480110 SNPs from /home/chenweit/Desktop/pancreas_S_LDSC/1000G_EUR_Phase3_plink/1000G.EUR.QC.12.bim
Read 1 annotations for 480110 SNPs from /home/chenweit/Desktop/pancreas_S_LDSC/annot/ldscores/pancreas_H3K4me1_ENCFF668HLF/pancreas_H3K4me1_ENCFF668HLF.12.annot.gz
Read list of 489 individuals from /home/chenweit/Desktop/pancreas_S_LDSC/1000G_EUR_Phase3_plink/1000G.EUR.QC.12.fam
Reading genotypes from /home/chenweit/Desktop/pancreas_S_LDSC/1000G_EUR_Phase3_plink/1000G.EUR.QC.12.bed
After filtering, 480110 SNPs remain
Estimating LD Score.
Reading list of 1217311 SNPs for which to print LD Scores from /home/chenweit/Desktop/pancreas_S_LDSC/listHM3.txt
After merging with --print-snps, LD Scores for 58543 SNPs will be printed.
Writing LD Scores for 58543 SNPs to /home/chenweit/Desktop/pancreas_S_LDSC/annot/ldscores/pancreas_H3K4me1_ENCFF668HLF/pancreas_H3K4me1_ENCFF668HLF.12.l2.ldscore.gz

Summary of LD Scores in /home/chenweit/Desktop/pancreas_S_LDSC/annot/ldscores/pancreas_H3K4me1_ENCFF668HLF/pancreas_H3K4me1_ENCFF668HLF.12.l2.ldscore.gz
         MAF       L2
mean  0.2334   1.3387
std   0.1429   2.6130
min   0.0051  -0.1376
25%   0.1084   0.0707
50%   0.2209   0.3430
75%   0.3558   1.4009
max   0.5000  36.1959

MAF/LD Score Correlation Matrix
        MAF      L2
MAF  1.0000  0.0441
L2   0.0441  1.0000

Annotation Correlation Matrix
       ANNOT
ANNOT    1.0

Annotation Matrix Column Sums
ANNOT    7004

Summary of Annotation Matrix Row Sums
count    480110.0000
mean          0.0146
std           0.1199
min           0.0000
25%           0.0000
50%           0.0000
75%           0.0000
max           1.0000
Analysis finished at Thu Sep 23 22:56:48 2021
Total time elapsed: 3.0m:19.88s
13
Make ldsc-friendly annotation files for pancreas_H3K4me1_ENCFF668HLF.bed
LDSC annotation file saved at:  /home/chenweit/Desktop/pancreas_S_LDSC/annot/ldscores/pancreas_H3K4me1_ENCFF668HLF/pancreas_H3K4me1_ENCFF668HLF.13.annot.gz 
Computing LD scores with the annot file pancreas_H3K4me1_ENCFF668HLF.13.annot.gz
*********************************************************************
* LD Score Regression (LDSC)
* Version 1.0.1
* (C) 2014-2019 Brendan Bulik-Sullivan and Hilary Finucane
* Broad Institute of MIT and Harvard / MIT Department of Mathematics
* GNU General Public License v3
*********************************************************************
Call: 
./ldsc.py \
--print-snps /home/chenweit/Desktop/pancreas_S_LDSC/listHM3.txt \
--ld-wind-cm 1.0 \
--out /home/chenweit/Desktop/pancreas_S_LDSC/annot/ldscores/pancreas_H3K4me1_ENCFF668HLF/pancreas_H3K4me1_ENCFF668HLF.13 \
--bfile /home/chenweit/Desktop/pancreas_S_LDSC/1000G_EUR_Phase3_plink/1000G.EUR.QC.13 \
--annot /home/chenweit/Desktop/pancreas_S_LDSC/annot/ldscores/pancreas_H3K4me1_ENCFF668HLF/pancreas_H3K4me1_ENCFF668HLF.13.annot.gz \
--l2  

Beginning analysis at Thu Sep 23 22:56:57 2021
Read list of 366200 SNPs from /home/chenweit/Desktop/pancreas_S_LDSC/1000G_EUR_Phase3_plink/1000G.EUR.QC.13.bim
Read 1 annotations for 366200 SNPs from /home/chenweit/Desktop/pancreas_S_LDSC/annot/ldscores/pancreas_H3K4me1_ENCFF668HLF/pancreas_H3K4me1_ENCFF668HLF.13.annot.gz
Read list of 489 individuals from /home/chenweit/Desktop/pancreas_S_LDSC/1000G_EUR_Phase3_plink/1000G.EUR.QC.13.fam
Reading genotypes from /home/chenweit/Desktop/pancreas_S_LDSC/1000G_EUR_Phase3_plink/1000G.EUR.QC.13.bed
After filtering, 366200 SNPs remain
Estimating LD Score.
Reading list of 1217311 SNPs for which to print LD Scores from /home/chenweit/Desktop/pancreas_S_LDSC/listHM3.txt
After merging with --print-snps, LD Scores for 45546 SNPs will be printed.
Writing LD Scores for 45546 SNPs to /home/chenweit/Desktop/pancreas_S_LDSC/annot/ldscores/pancreas_H3K4me1_ENCFF668HLF/pancreas_H3K4me1_ENCFF668HLF.13.l2.ldscore.gz

Summary of LD Scores in /home/chenweit/Desktop/pancreas_S_LDSC/annot/ldscores/pancreas_H3K4me1_ENCFF668HLF/pancreas_H3K4me1_ENCFF668HLF.13.l2.ldscore.gz
         MAF       L2
mean  0.2338   0.9771
std   0.1428   2.3008
min   0.0051  -0.1183
25%   0.1074   0.0211
50%   0.2209   0.1460
75%   0.3548   0.9256
max   0.5000  27.2065

MAF/LD Score Correlation Matrix
        MAF      L2
MAF  1.0000  0.0568
L2   0.0568  1.0000

Annotation Correlation Matrix
       ANNOT
ANNOT    1.0

Annotation Matrix Column Sums
ANNOT    4168

Summary of Annotation Matrix Row Sums
count    366200.0000
mean          0.0114
std           0.1061
min           0.0000
25%           0.0000
50%           0.0000
75%           0.0000
max           1.0000
Analysis finished at Thu Sep 23 22:59:16 2021
Total time elapsed: 2.0m:18.95s
14
Make ldsc-friendly annotation files for pancreas_H3K4me1_ENCFF668HLF.bed
LDSC annotation file saved at:  /home/chenweit/Desktop/pancreas_S_LDSC/annot/ldscores/pancreas_H3K4me1_ENCFF668HLF/pancreas_H3K4me1_ENCFF668HLF.14.annot.gz 
Computing LD scores with the annot file pancreas_H3K4me1_ENCFF668HLF.14.annot.gz
*********************************************************************
* LD Score Regression (LDSC)
* Version 1.0.1
* (C) 2014-2019 Brendan Bulik-Sullivan and Hilary Finucane
* Broad Institute of MIT and Harvard / MIT Department of Mathematics
* GNU General Public License v3
*********************************************************************
Call: 
./ldsc.py \
--print-snps /home/chenweit/Desktop/pancreas_S_LDSC/listHM3.txt \
--ld-wind-cm 1.0 \
--out /home/chenweit/Desktop/pancreas_S_LDSC/annot/ldscores/pancreas_H3K4me1_ENCFF668HLF/pancreas_H3K4me1_ENCFF668HLF.14 \
--bfile /home/chenweit/Desktop/pancreas_S_LDSC/1000G_EUR_Phase3_plink/1000G.EUR.QC.14 \
--annot /home/chenweit/Desktop/pancreas_S_LDSC/annot/ldscores/pancreas_H3K4me1_ENCFF668HLF/pancreas_H3K4me1_ENCFF668HLF.14.annot.gz \
--l2  

Beginning analysis at Thu Sep 23 22:59:25 2021
Read list of 324698 SNPs from /home/chenweit/Desktop/pancreas_S_LDSC/1000G_EUR_Phase3_plink/1000G.EUR.QC.14.bim
Read 1 annotations for 324698 SNPs from /home/chenweit/Desktop/pancreas_S_LDSC/annot/ldscores/pancreas_H3K4me1_ENCFF668HLF/pancreas_H3K4me1_ENCFF668HLF.14.annot.gz
Read list of 489 individuals from /home/chenweit/Desktop/pancreas_S_LDSC/1000G_EUR_Phase3_plink/1000G.EUR.QC.14.fam
Reading genotypes from /home/chenweit/Desktop/pancreas_S_LDSC/1000G_EUR_Phase3_plink/1000G.EUR.QC.14.bed
After filtering, 324698 SNPs remain
Estimating LD Score.
Reading list of 1217311 SNPs for which to print LD Scores from /home/chenweit/Desktop/pancreas_S_LDSC/listHM3.txt
After merging with --print-snps, LD Scores for 39484 SNPs will be printed.
Writing LD Scores for 39484 SNPs to /home/chenweit/Desktop/pancreas_S_LDSC/annot/ldscores/pancreas_H3K4me1_ENCFF668HLF/pancreas_H3K4me1_ENCFF668HLF.14.l2.ldscore.gz

Summary of LD Scores in /home/chenweit/Desktop/pancreas_S_LDSC/annot/ldscores/pancreas_H3K4me1_ENCFF668HLF/pancreas_H3K4me1_ENCFF668HLF.14.l2.ldscore.gz
         MAF        L2
mean  0.2321    1.8466
std   0.1424    4.0430
min   0.0051   -0.3711
25%   0.1074    0.0801
50%   0.2198    0.5030
75%   0.3507    1.9961
max   0.5000  103.5725

MAF/LD Score Correlation Matrix
        MAF      L2
MAF  1.0000  0.0945
L2   0.0945  1.0000

Annotation Correlation Matrix
       ANNOT
ANNOT    1.0

Annotation Matrix Column Sums
ANNOT    6707

Summary of Annotation Matrix Row Sums
count    324698.0000
mean          0.0207
std           0.1422
min           0.0000
25%           0.0000
50%           0.0000
75%           0.0000
max           1.0000
Analysis finished at Thu Sep 23 23:01:29 2021
Total time elapsed: 2.0m:4.66s
15
Make ldsc-friendly annotation files for pancreas_H3K4me1_ENCFF668HLF.bed
LDSC annotation file saved at:  /home/chenweit/Desktop/pancreas_S_LDSC/annot/ldscores/pancreas_H3K4me1_ENCFF668HLF/pancreas_H3K4me1_ENCFF668HLF.15.annot.gz 
Computing LD scores with the annot file pancreas_H3K4me1_ENCFF668HLF.15.annot.gz
*********************************************************************
* LD Score Regression (LDSC)
* Version 1.0.1
* (C) 2014-2019 Brendan Bulik-Sullivan and Hilary Finucane
* Broad Institute of MIT and Harvard / MIT Department of Mathematics
* GNU General Public License v3
*********************************************************************
Call: 
./ldsc.py \
--print-snps /home/chenweit/Desktop/pancreas_S_LDSC/listHM3.txt \
--ld-wind-cm 1.0 \
--out /home/chenweit/Desktop/pancreas_S_LDSC/annot/ldscores/pancreas_H3K4me1_ENCFF668HLF/pancreas_H3K4me1_ENCFF668HLF.15 \
--bfile /home/chenweit/Desktop/pancreas_S_LDSC/1000G_EUR_Phase3_plink/1000G.EUR.QC.15 \
--annot /home/chenweit/Desktop/pancreas_S_LDSC/annot/ldscores/pancreas_H3K4me1_ENCFF668HLF/pancreas_H3K4me1_ENCFF668HLF.15.annot.gz \
--l2  

Beginning analysis at Thu Sep 23 23:01:37 2021
Read list of 287001 SNPs from /home/chenweit/Desktop/pancreas_S_LDSC/1000G_EUR_Phase3_plink/1000G.EUR.QC.15.bim
Read 1 annotations for 287001 SNPs from /home/chenweit/Desktop/pancreas_S_LDSC/annot/ldscores/pancreas_H3K4me1_ENCFF668HLF/pancreas_H3K4me1_ENCFF668HLF.15.annot.gz
Read list of 489 individuals from /home/chenweit/Desktop/pancreas_S_LDSC/1000G_EUR_Phase3_plink/1000G.EUR.QC.15.fam
Reading genotypes from /home/chenweit/Desktop/pancreas_S_LDSC/1000G_EUR_Phase3_plink/1000G.EUR.QC.15.bed
After filtering, 287001 SNPs remain
Estimating LD Score.
Reading list of 1217311 SNPs for which to print LD Scores from /home/chenweit/Desktop/pancreas_S_LDSC/listHM3.txt
After merging with --print-snps, LD Scores for 35839 SNPs will be printed.
Writing LD Scores for 35839 SNPs to /home/chenweit/Desktop/pancreas_S_LDSC/annot/ldscores/pancreas_H3K4me1_ENCFF668HLF/pancreas_H3K4me1_ENCFF668HLF.15.l2.ldscore.gz

Summary of LD Scores in /home/chenweit/Desktop/pancreas_S_LDSC/annot/ldscores/pancreas_H3K4me1_ENCFF668HLF/pancreas_H3K4me1_ENCFF668HLF.15.l2.ldscore.gz
         MAF       L2
mean  0.2379   2.1549
std   0.1441   3.4581
min   0.0051  -0.1960
25%   0.1104   0.1082
50%   0.2270   0.7735
75%   0.3640   2.7365
max   0.5000  40.5575

MAF/LD Score Correlation Matrix
       MAF     L2
MAF  1.000  0.081
L2   0.081  1.000

Annotation Correlation Matrix
       ANNOT
ANNOT    1.0

Annotation Matrix Column Sums
ANNOT    6584

Summary of Annotation Matrix Row Sums
count    287001.0000
mean          0.0229
std           0.1497
min           0.0000
25%           0.0000
50%           0.0000
75%           0.0000
max           1.0000
Analysis finished at Thu Sep 23 23:03:13 2021
Total time elapsed: 1.0m:35.56s
16
Make ldsc-friendly annotation files for pancreas_H3K4me1_ENCFF668HLF.bed
LDSC annotation file saved at:  /home/chenweit/Desktop/pancreas_S_LDSC/annot/ldscores/pancreas_H3K4me1_ENCFF668HLF/pancreas_H3K4me1_ENCFF668HLF.16.annot.gz 
Computing LD scores with the annot file pancreas_H3K4me1_ENCFF668HLF.16.annot.gz
*********************************************************************
* LD Score Regression (LDSC)
* Version 1.0.1
* (C) 2014-2019 Brendan Bulik-Sullivan and Hilary Finucane
* Broad Institute of MIT and Harvard / MIT Department of Mathematics
* GNU General Public License v3
*********************************************************************
Call: 
./ldsc.py \
--print-snps /home/chenweit/Desktop/pancreas_S_LDSC/listHM3.txt \
--ld-wind-cm 1.0 \
--out /home/chenweit/Desktop/pancreas_S_LDSC/annot/ldscores/pancreas_H3K4me1_ENCFF668HLF/pancreas_H3K4me1_ENCFF668HLF.16 \
--bfile /home/chenweit/Desktop/pancreas_S_LDSC/1000G_EUR_Phase3_plink/1000G.EUR.QC.16 \
--annot /home/chenweit/Desktop/pancreas_S_LDSC/annot/ldscores/pancreas_H3K4me1_ENCFF668HLF/pancreas_H3K4me1_ENCFF668HLF.16.annot.gz \
--l2  

Beginning analysis at Thu Sep 23 23:03:21 2021
Read list of 316981 SNPs from /home/chenweit/Desktop/pancreas_S_LDSC/1000G_EUR_Phase3_plink/1000G.EUR.QC.16.bim
Read 1 annotations for 316981 SNPs from /home/chenweit/Desktop/pancreas_S_LDSC/annot/ldscores/pancreas_H3K4me1_ENCFF668HLF/pancreas_H3K4me1_ENCFF668HLF.16.annot.gz
Read list of 489 individuals from /home/chenweit/Desktop/pancreas_S_LDSC/1000G_EUR_Phase3_plink/1000G.EUR.QC.16.fam
Reading genotypes from /home/chenweit/Desktop/pancreas_S_LDSC/1000G_EUR_Phase3_plink/1000G.EUR.QC.16.bed
After filtering, 316981 SNPs remain
Estimating LD Score.
Reading list of 1217311 SNPs for which to print LD Scores from /home/chenweit/Desktop/pancreas_S_LDSC/listHM3.txt
After merging with --print-snps, LD Scores for 36526 SNPs will be printed.
Writing LD Scores for 36526 SNPs to /home/chenweit/Desktop/pancreas_S_LDSC/annot/ldscores/pancreas_H3K4me1_ENCFF668HLF/pancreas_H3K4me1_ENCFF668HLF.16.l2.ldscore.gz

Summary of LD Scores in /home/chenweit/Desktop/pancreas_S_LDSC/annot/ldscores/pancreas_H3K4me1_ENCFF668HLF/pancreas_H3K4me1_ENCFF668HLF.16.l2.ldscore.gz
         MAF       L2
mean  0.2389   2.5025
std   0.1426   5.0612
min   0.0051  -0.1559
25%   0.1145   0.0498
50%   0.2311   0.5195
75%   0.3599   2.5648
max   0.5000  58.1117

MAF/LD Score Correlation Matrix
        MAF      L2
MAF  1.0000  0.0291
L2   0.0291  1.0000

Annotation Correlation Matrix
       ANNOT
ANNOT    1.0

Annotation Matrix Column Sums
ANNOT    9011

Summary of Annotation Matrix Row Sums
count    316981.0000
mean          0.0284
std           0.1662
min           0.0000
25%           0.0000
50%           0.0000
75%           0.0000
max           1.0000
Analysis finished at Thu Sep 23 23:05:08 2021
Total time elapsed: 1.0m:46.73s
17
Make ldsc-friendly annotation files for pancreas_H3K4me1_ENCFF668HLF.bed
LDSC annotation file saved at:  /home/chenweit/Desktop/pancreas_S_LDSC/annot/ldscores/pancreas_H3K4me1_ENCFF668HLF/pancreas_H3K4me1_ENCFF668HLF.17.annot.gz 
Computing LD scores with the annot file pancreas_H3K4me1_ENCFF668HLF.17.annot.gz
*********************************************************************
* LD Score Regression (LDSC)
* Version 1.0.1
* (C) 2014-2019 Brendan Bulik-Sullivan and Hilary Finucane
* Broad Institute of MIT and Harvard / MIT Department of Mathematics
* GNU General Public License v3
*********************************************************************
Call: 
./ldsc.py \
--print-snps /home/chenweit/Desktop/pancreas_S_LDSC/listHM3.txt \
--ld-wind-cm 1.0 \
--out /home/chenweit/Desktop/pancreas_S_LDSC/annot/ldscores/pancreas_H3K4me1_ENCFF668HLF/pancreas_H3K4me1_ENCFF668HLF.17 \
--bfile /home/chenweit/Desktop/pancreas_S_LDSC/1000G_EUR_Phase3_plink/1000G.EUR.QC.17 \
--annot /home/chenweit/Desktop/pancreas_S_LDSC/annot/ldscores/pancreas_H3K4me1_ENCFF668HLF/pancreas_H3K4me1_ENCFF668HLF.17.annot.gz \
--l2  

Beginning analysis at Thu Sep 23 23:05:15 2021
Read list of 269222 SNPs from /home/chenweit/Desktop/pancreas_S_LDSC/1000G_EUR_Phase3_plink/1000G.EUR.QC.17.bim
Read 1 annotations for 269222 SNPs from /home/chenweit/Desktop/pancreas_S_LDSC/annot/ldscores/pancreas_H3K4me1_ENCFF668HLF/pancreas_H3K4me1_ENCFF668HLF.17.annot.gz
Read list of 489 individuals from /home/chenweit/Desktop/pancreas_S_LDSC/1000G_EUR_Phase3_plink/1000G.EUR.QC.17.fam
Reading genotypes from /home/chenweit/Desktop/pancreas_S_LDSC/1000G_EUR_Phase3_plink/1000G.EUR.QC.17.bed
After filtering, 269222 SNPs remain
Estimating LD Score.
Reading list of 1217311 SNPs for which to print LD Scores from /home/chenweit/Desktop/pancreas_S_LDSC/listHM3.txt
After merging with --print-snps, LD Scores for 32218 SNPs will be printed.
Writing LD Scores for 32218 SNPs to /home/chenweit/Desktop/pancreas_S_LDSC/annot/ldscores/pancreas_H3K4me1_ENCFF668HLF/pancreas_H3K4me1_ENCFF668HLF.17.l2.ldscore.gz

Summary of LD Scores in /home/chenweit/Desktop/pancreas_S_LDSC/annot/ldscores/pancreas_H3K4me1_ENCFF668HLF/pancreas_H3K4me1_ENCFF668HLF.17.l2.ldscore.gz
         MAF        L2
mean  0.2428    3.1766
std   0.1444    5.6347
min   0.0051   -0.2372
25%   0.1145    0.2183
50%   0.2352    1.1706
75%   0.3681    4.0806
max   0.5000  103.7900

MAF/LD Score Correlation Matrix
        MAF      L2
MAF  1.0000  0.1207
L2   0.1207  1.0000

Annotation Correlation Matrix
       ANNOT
ANNOT    1.0

Annotation Matrix Column Sums
ANNOT    10356

Summary of Annotation Matrix Row Sums
count    269222.0000
mean          0.0385
std           0.1923
min           0.0000
25%           0.0000
50%           0.0000
75%           0.0000
max           1.0000
Analysis finished at Thu Sep 23 23:06:35 2021
Total time elapsed: 1.0m:19.98s
18
Make ldsc-friendly annotation files for pancreas_H3K4me1_ENCFF668HLF.bed
LDSC annotation file saved at:  /home/chenweit/Desktop/pancreas_S_LDSC/annot/ldscores/pancreas_H3K4me1_ENCFF668HLF/pancreas_H3K4me1_ENCFF668HLF.18.annot.gz 
Computing LD scores with the annot file pancreas_H3K4me1_ENCFF668HLF.18.annot.gz
*********************************************************************
* LD Score Regression (LDSC)
* Version 1.0.1
* (C) 2014-2019 Brendan Bulik-Sullivan and Hilary Finucane
* Broad Institute of MIT and Harvard / MIT Department of Mathematics
* GNU General Public License v3
*********************************************************************
Call: 
./ldsc.py \
--print-snps /home/chenweit/Desktop/pancreas_S_LDSC/listHM3.txt \
--ld-wind-cm 1.0 \
--out /home/chenweit/Desktop/pancreas_S_LDSC/annot/ldscores/pancreas_H3K4me1_ENCFF668HLF/pancreas_H3K4me1_ENCFF668HLF.18 \
--bfile /home/chenweit/Desktop/pancreas_S_LDSC/1000G_EUR_Phase3_plink/1000G.EUR.QC.18 \
--annot /home/chenweit/Desktop/pancreas_S_LDSC/annot/ldscores/pancreas_H3K4me1_ENCFF668HLF/pancreas_H3K4me1_ENCFF668HLF.18.annot.gz \
--l2  

Beginning analysis at Thu Sep 23 23:06:42 2021
Read list of 285156 SNPs from /home/chenweit/Desktop/pancreas_S_LDSC/1000G_EUR_Phase3_plink/1000G.EUR.QC.18.bim
Read 1 annotations for 285156 SNPs from /home/chenweit/Desktop/pancreas_S_LDSC/annot/ldscores/pancreas_H3K4me1_ENCFF668HLF/pancreas_H3K4me1_ENCFF668HLF.18.annot.gz
Read list of 489 individuals from /home/chenweit/Desktop/pancreas_S_LDSC/1000G_EUR_Phase3_plink/1000G.EUR.QC.18.fam
Reading genotypes from /home/chenweit/Desktop/pancreas_S_LDSC/1000G_EUR_Phase3_plink/1000G.EUR.QC.18.bed
After filtering, 285156 SNPs remain
Estimating LD Score.
Reading list of 1217311 SNPs for which to print LD Scores from /home/chenweit/Desktop/pancreas_S_LDSC/listHM3.txt
After merging with --print-snps, LD Scores for 35513 SNPs will be printed.
Writing LD Scores for 35513 SNPs to /home/chenweit/Desktop/pancreas_S_LDSC/annot/ldscores/pancreas_H3K4me1_ENCFF668HLF/pancreas_H3K4me1_ENCFF668HLF.18.l2.ldscore.gz

Summary of LD Scores in /home/chenweit/Desktop/pancreas_S_LDSC/annot/ldscores/pancreas_H3K4me1_ENCFF668HLF/pancreas_H3K4me1_ENCFF668HLF.18.l2.ldscore.gz
         MAF       L2
mean  0.2364   1.0122
std   0.1423   2.0511
min   0.0051  -0.1617
25%   0.1115   0.0292
50%   0.2260   0.2367
75%   0.3569   1.1380
max   0.5000  35.5886

MAF/LD Score Correlation Matrix
       MAF     L2
MAF  1.000  0.025
L2   0.025  1.000

Annotation Correlation Matrix
       ANNOT
ANNOT    1.0

Annotation Matrix Column Sums
ANNOT    3653

Summary of Annotation Matrix Row Sums
count    285156.0000
mean          0.0128
std           0.1125
min           0.0000
25%           0.0000
50%           0.0000
75%           0.0000
max           1.0000
Analysis finished at Thu Sep 23 23:08:09 2021
Total time elapsed: 1.0m:26.44s
19
Make ldsc-friendly annotation files for pancreas_H3K4me1_ENCFF668HLF.bed
LDSC annotation file saved at:  /home/chenweit/Desktop/pancreas_S_LDSC/annot/ldscores/pancreas_H3K4me1_ENCFF668HLF/pancreas_H3K4me1_ENCFF668HLF.19.annot.gz 
Computing LD scores with the annot file pancreas_H3K4me1_ENCFF668HLF.19.annot.gz
*********************************************************************
* LD Score Regression (LDSC)
* Version 1.0.1
* (C) 2014-2019 Brendan Bulik-Sullivan and Hilary Finucane
* Broad Institute of MIT and Harvard / MIT Department of Mathematics
* GNU General Public License v3
*********************************************************************
Call: 
./ldsc.py \
--print-snps /home/chenweit/Desktop/pancreas_S_LDSC/listHM3.txt \
--ld-wind-cm 1.0 \
--out /home/chenweit/Desktop/pancreas_S_LDSC/annot/ldscores/pancreas_H3K4me1_ENCFF668HLF/pancreas_H3K4me1_ENCFF668HLF.19 \
--bfile /home/chenweit/Desktop/pancreas_S_LDSC/1000G_EUR_Phase3_plink/1000G.EUR.QC.19 \
--annot /home/chenweit/Desktop/pancreas_S_LDSC/annot/ldscores/pancreas_H3K4me1_ENCFF668HLF/pancreas_H3K4me1_ENCFF668HLF.19.annot.gz \
--l2  

Beginning analysis at Thu Sep 23 23:08:15 2021
Read list of 232363 SNPs from /home/chenweit/Desktop/pancreas_S_LDSC/1000G_EUR_Phase3_plink/1000G.EUR.QC.19.bim
Read 1 annotations for 232363 SNPs from /home/chenweit/Desktop/pancreas_S_LDSC/annot/ldscores/pancreas_H3K4me1_ENCFF668HLF/pancreas_H3K4me1_ENCFF668HLF.19.annot.gz
Read list of 489 individuals from /home/chenweit/Desktop/pancreas_S_LDSC/1000G_EUR_Phase3_plink/1000G.EUR.QC.19.fam
Reading genotypes from /home/chenweit/Desktop/pancreas_S_LDSC/1000G_EUR_Phase3_plink/1000G.EUR.QC.19.bed
After filtering, 232363 SNPs remain
Estimating LD Score.
Reading list of 1217311 SNPs for which to print LD Scores from /home/chenweit/Desktop/pancreas_S_LDSC/listHM3.txt
After merging with --print-snps, LD Scores for 22509 SNPs will be printed.
Writing LD Scores for 22509 SNPs to /home/chenweit/Desktop/pancreas_S_LDSC/annot/ldscores/pancreas_H3K4me1_ENCFF668HLF/pancreas_H3K4me1_ENCFF668HLF.19.l2.ldscore.gz

Summary of LD Scores in /home/chenweit/Desktop/pancreas_S_LDSC/annot/ldscores/pancreas_H3K4me1_ENCFF668HLF/pancreas_H3K4me1_ENCFF668HLF.19.l2.ldscore.gz
         MAF       L2
mean  0.2384   3.2928
std   0.1420   4.5787
min   0.0051  -0.2846
25%   0.1145   0.4406
50%   0.2342   1.6956
75%   0.3569   4.2547
max   0.5000  52.4230

MAF/LD Score Correlation Matrix
        MAF      L2
MAF  1.0000  0.0751
L2   0.0751  1.0000

Annotation Correlation Matrix
       ANNOT
ANNOT    1.0

Annotation Matrix Column Sums
ANNOT    9497

Summary of Annotation Matrix Row Sums
count    232363.0000
mean          0.0409
std           0.1980
min           0.0000
25%           0.0000
50%           0.0000
75%           0.0000
max           1.0000
Analysis finished at Thu Sep 23 23:09:36 2021
Total time elapsed: 1.0m:20.6s
20
Make ldsc-friendly annotation files for pancreas_H3K4me1_ENCFF668HLF.bed
LDSC annotation file saved at:  /home/chenweit/Desktop/pancreas_S_LDSC/annot/ldscores/pancreas_H3K4me1_ENCFF668HLF/pancreas_H3K4me1_ENCFF668HLF.20.annot.gz 
Computing LD scores with the annot file pancreas_H3K4me1_ENCFF668HLF.20.annot.gz
*********************************************************************
* LD Score Regression (LDSC)
* Version 1.0.1
* (C) 2014-2019 Brendan Bulik-Sullivan and Hilary Finucane
* Broad Institute of MIT and Harvard / MIT Department of Mathematics
* GNU General Public License v3
*********************************************************************
Call: 
./ldsc.py \
--print-snps /home/chenweit/Desktop/pancreas_S_LDSC/listHM3.txt \
--ld-wind-cm 1.0 \
--out /home/chenweit/Desktop/pancreas_S_LDSC/annot/ldscores/pancreas_H3K4me1_ENCFF668HLF/pancreas_H3K4me1_ENCFF668HLF.20 \
--bfile /home/chenweit/Desktop/pancreas_S_LDSC/1000G_EUR_Phase3_plink/1000G.EUR.QC.20 \
--annot /home/chenweit/Desktop/pancreas_S_LDSC/annot/ldscores/pancreas_H3K4me1_ENCFF668HLF/pancreas_H3K4me1_ENCFF668HLF.20.annot.gz \
--l2  

Beginning analysis at Thu Sep 23 23:09:42 2021
Read list of 221626 SNPs from /home/chenweit/Desktop/pancreas_S_LDSC/1000G_EUR_Phase3_plink/1000G.EUR.QC.20.bim
Read 1 annotations for 221626 SNPs from /home/chenweit/Desktop/pancreas_S_LDSC/annot/ldscores/pancreas_H3K4me1_ENCFF668HLF/pancreas_H3K4me1_ENCFF668HLF.20.annot.gz
Read list of 489 individuals from /home/chenweit/Desktop/pancreas_S_LDSC/1000G_EUR_Phase3_plink/1000G.EUR.QC.20.fam
Reading genotypes from /home/chenweit/Desktop/pancreas_S_LDSC/1000G_EUR_Phase3_plink/1000G.EUR.QC.20.bed
After filtering, 221626 SNPs remain
Estimating LD Score.
Reading list of 1217311 SNPs for which to print LD Scores from /home/chenweit/Desktop/pancreas_S_LDSC/listHM3.txt
After merging with --print-snps, LD Scores for 31101 SNPs will be printed.
Writing LD Scores for 31101 SNPs to /home/chenweit/Desktop/pancreas_S_LDSC/annot/ldscores/pancreas_H3K4me1_ENCFF668HLF/pancreas_H3K4me1_ENCFF668HLF.20.l2.ldscore.gz

Summary of LD Scores in /home/chenweit/Desktop/pancreas_S_LDSC/annot/ldscores/pancreas_H3K4me1_ENCFF668HLF/pancreas_H3K4me1_ENCFF668HLF.20.l2.ldscore.gz
         MAF       L2
mean  0.2344   2.1642
std   0.1427   4.4963
min   0.0051  -0.1272
25%   0.1074   0.1333
50%   0.2229   0.5813
75%   0.3558   2.2314
max   0.5000  50.6764

MAF/LD Score Correlation Matrix
        MAF      L2
MAF  1.0000  0.0925
L2   0.0925  1.0000

Annotation Correlation Matrix
       ANNOT
ANNOT    1.0

Annotation Matrix Column Sums
ANNOT    5533

Summary of Annotation Matrix Row Sums
count    221626.000
mean          0.025
std           0.156
min           0.000
25%           0.000
50%           0.000
75%           0.000
max           1.000
Analysis finished at Thu Sep 23 23:10:46 2021
Total time elapsed: 1.0m:3.63s
21
Make ldsc-friendly annotation files for pancreas_H3K4me1_ENCFF668HLF.bed
LDSC annotation file saved at:  /home/chenweit/Desktop/pancreas_S_LDSC/annot/ldscores/pancreas_H3K4me1_ENCFF668HLF/pancreas_H3K4me1_ENCFF668HLF.21.annot.gz 
Computing LD scores with the annot file pancreas_H3K4me1_ENCFF668HLF.21.annot.gz
*********************************************************************
* LD Score Regression (LDSC)
* Version 1.0.1
* (C) 2014-2019 Brendan Bulik-Sullivan and Hilary Finucane
* Broad Institute of MIT and Harvard / MIT Department of Mathematics
* GNU General Public License v3
*********************************************************************
Call: 
./ldsc.py \
--print-snps /home/chenweit/Desktop/pancreas_S_LDSC/listHM3.txt \
--ld-wind-cm 1.0 \
--out /home/chenweit/Desktop/pancreas_S_LDSC/annot/ldscores/pancreas_H3K4me1_ENCFF668HLF/pancreas_H3K4me1_ENCFF668HLF.21 \
--bfile /home/chenweit/Desktop/pancreas_S_LDSC/1000G_EUR_Phase3_plink/1000G.EUR.QC.21 \
--annot /home/chenweit/Desktop/pancreas_S_LDSC/annot/ldscores/pancreas_H3K4me1_ENCFF668HLF/pancreas_H3K4me1_ENCFF668HLF.21.annot.gz \
--l2  

Beginning analysis at Thu Sep 23 23:10:51 2021
Read list of 138712 SNPs from /home/chenweit/Desktop/pancreas_S_LDSC/1000G_EUR_Phase3_plink/1000G.EUR.QC.21.bim
Read 1 annotations for 138712 SNPs from /home/chenweit/Desktop/pancreas_S_LDSC/annot/ldscores/pancreas_H3K4me1_ENCFF668HLF/pancreas_H3K4me1_ENCFF668HLF.21.annot.gz
Read list of 489 individuals from /home/chenweit/Desktop/pancreas_S_LDSC/1000G_EUR_Phase3_plink/1000G.EUR.QC.21.fam
Reading genotypes from /home/chenweit/Desktop/pancreas_S_LDSC/1000G_EUR_Phase3_plink/1000G.EUR.QC.21.bed
After filtering, 138712 SNPs remain
Estimating LD Score.
Reading list of 1217311 SNPs for which to print LD Scores from /home/chenweit/Desktop/pancreas_S_LDSC/listHM3.txt
After merging with --print-snps, LD Scores for 17040 SNPs will be printed.
Writing LD Scores for 17040 SNPs to /home/chenweit/Desktop/pancreas_S_LDSC/annot/ldscores/pancreas_H3K4me1_ENCFF668HLF/pancreas_H3K4me1_ENCFF668HLF.21.l2.ldscore.gz

Summary of LD Scores in /home/chenweit/Desktop/pancreas_S_LDSC/annot/ldscores/pancreas_H3K4me1_ENCFF668HLF/pancreas_H3K4me1_ENCFF668HLF.21.l2.ldscore.gz
         MAF       L2
mean  0.2420   1.5714
std   0.1414   3.0792
min   0.0051  -0.1899
25%   0.1186   0.0093
50%   0.2321   0.2654
75%   0.3650   1.9123
max   0.5000  37.1377

MAF/LD Score Correlation Matrix
        MAF      L2
MAF  1.0000  0.0914
L2   0.0914  1.0000

Annotation Correlation Matrix
       ANNOT
ANNOT    1.0

Annotation Matrix Column Sums
ANNOT    2767

Summary of Annotation Matrix Row Sums
count    138712.0000
mean          0.0199
std           0.1398
min           0.0000
25%           0.0000
50%           0.0000
75%           0.0000
max           1.0000
Analysis finished at Thu Sep 23 23:11:26 2021
Total time elapsed: 34.65s
22
Make ldsc-friendly annotation files for pancreas_H3K4me1_ENCFF668HLF.bed
LDSC annotation file saved at:  /home/chenweit/Desktop/pancreas_S_LDSC/annot/ldscores/pancreas_H3K4me1_ENCFF668HLF/pancreas_H3K4me1_ENCFF668HLF.22.annot.gz 
Computing LD scores with the annot file pancreas_H3K4me1_ENCFF668HLF.22.annot.gz
*********************************************************************
* LD Score Regression (LDSC)
* Version 1.0.1
* (C) 2014-2019 Brendan Bulik-Sullivan and Hilary Finucane
* Broad Institute of MIT and Harvard / MIT Department of Mathematics
* GNU General Public License v3
*********************************************************************
Call: 
./ldsc.py \
--print-snps /home/chenweit/Desktop/pancreas_S_LDSC/listHM3.txt \
--ld-wind-cm 1.0 \
--out /home/chenweit/Desktop/pancreas_S_LDSC/annot/ldscores/pancreas_H3K4me1_ENCFF668HLF/pancreas_H3K4me1_ENCFF668HLF.22 \
--bfile /home/chenweit/Desktop/pancreas_S_LDSC/1000G_EUR_Phase3_plink/1000G.EUR.QC.22 \
--annot /home/chenweit/Desktop/pancreas_S_LDSC/annot/ldscores/pancreas_H3K4me1_ENCFF668HLF/pancreas_H3K4me1_ENCFF668HLF.22.annot.gz \
--l2  

Beginning analysis at Thu Sep 23 23:11:31 2021
Read list of 141123 SNPs from /home/chenweit/Desktop/pancreas_S_LDSC/1000G_EUR_Phase3_plink/1000G.EUR.QC.22.bim
Read 1 annotations for 141123 SNPs from /home/chenweit/Desktop/pancreas_S_LDSC/annot/ldscores/pancreas_H3K4me1_ENCFF668HLF/pancreas_H3K4me1_ENCFF668HLF.22.annot.gz
Read list of 489 individuals from /home/chenweit/Desktop/pancreas_S_LDSC/1000G_EUR_Phase3_plink/1000G.EUR.QC.22.fam
Reading genotypes from /home/chenweit/Desktop/pancreas_S_LDSC/1000G_EUR_Phase3_plink/1000G.EUR.QC.22.bed
After filtering, 141123 SNPs remain
Estimating LD Score.
Reading list of 1217311 SNPs for which to print LD Scores from /home/chenweit/Desktop/pancreas_S_LDSC/listHM3.txt
After merging with --print-snps, LD Scores for 17489 SNPs will be printed.
Writing LD Scores for 17489 SNPs to /home/chenweit/Desktop/pancreas_S_LDSC/annot/ldscores/pancreas_H3K4me1_ENCFF668HLF/pancreas_H3K4me1_ENCFF668HLF.22.l2.ldscore.gz

Summary of LD Scores in /home/chenweit/Desktop/pancreas_S_LDSC/annot/ldscores/pancreas_H3K4me1_ENCFF668HLF/pancreas_H3K4me1_ENCFF668HLF.22.l2.ldscore.gz
         MAF        L2
mean  0.2366    4.2968
std   0.1435    8.5529
min   0.0051   -0.2804
25%   0.1094    0.3099
50%   0.2280    1.6248
75%   0.3579    5.3307
max   0.5000  111.2947

MAF/LD Score Correlation Matrix
        MAF      L2
MAF  1.0000  0.1204
L2   0.1204  1.0000

Annotation Correlation Matrix
       ANNOT
ANNOT    1.0

Annotation Matrix Column Sums
ANNOT    6324

Summary of Annotation Matrix Row Sums
count    141123.0000
mean          0.0448
std           0.2069
min           0.0000
25%           0.0000
50%           0.0000
75%           0.0000
max           1.0000
Analysis finished at Thu Sep 23 23:12:10 2021
Total time elapsed: 39.3s
