prefix_annot: pancreas_H3K27ac_ENCFF583QFI
1
Make ldsc-friendly annotation files for pancreas_H3K27ac_ENCFF583QFI.bed
LDSC annotation file saved at:  /home/chenweit/Desktop/pancreas_S_LDSC/annot/ldscores/pancreas_H3K27ac_ENCFF583QFI/pancreas_H3K27ac_ENCFF583QFI.1.annot.gz 
Computing LD scores with the annot file pancreas_H3K27ac_ENCFF583QFI.1.annot.gz
*********************************************************************
* LD Score Regression (LDSC)
* Version 1.0.1
* (C) 2014-2019 Brendan Bulik-Sullivan and Hilary Finucane
* Broad Institute of MIT and Harvard / MIT Department of Mathematics
* GNU General Public License v3
*********************************************************************
Call: 
./ldsc.py \
--print-snps /home/chenweit/Desktop/pancreas_S_LDSC/listHM3.txt \
--ld-wind-cm 1.0 \
--out /home/chenweit/Desktop/pancreas_S_LDSC/annot/ldscores/pancreas_H3K27ac_ENCFF583QFI/pancreas_H3K27ac_ENCFF583QFI.1 \
--bfile /home/chenweit/Desktop/pancreas_S_LDSC/1000G_EUR_Phase3_plink/1000G.EUR.QC.1 \
--annot /home/chenweit/Desktop/pancreas_S_LDSC/annot/ldscores/pancreas_H3K27ac_ENCFF583QFI/pancreas_H3K27ac_ENCFF583QFI.1.annot.gz \
--l2  

Beginning analysis at Thu Sep 23 22:00:57 2021
Read list of 779354 SNPs from /home/chenweit/Desktop/pancreas_S_LDSC/1000G_EUR_Phase3_plink/1000G.EUR.QC.1.bim
Read 1 annotations for 779354 SNPs from /home/chenweit/Desktop/pancreas_S_LDSC/annot/ldscores/pancreas_H3K27ac_ENCFF583QFI/pancreas_H3K27ac_ENCFF583QFI.1.annot.gz
Read list of 489 individuals from /home/chenweit/Desktop/pancreas_S_LDSC/1000G_EUR_Phase3_plink/1000G.EUR.QC.1.fam
Reading genotypes from /home/chenweit/Desktop/pancreas_S_LDSC/1000G_EUR_Phase3_plink/1000G.EUR.QC.1.bed
After filtering, 779354 SNPs remain
Estimating LD Score.
Reading list of 1217311 SNPs for which to print LD Scores from /home/chenweit/Desktop/pancreas_S_LDSC/listHM3.txt
After merging with --print-snps, LD Scores for 98642 SNPs will be printed.
Writing LD Scores for 98642 SNPs to /home/chenweit/Desktop/pancreas_S_LDSC/annot/ldscores/pancreas_H3K27ac_ENCFF583QFI/pancreas_H3K27ac_ENCFF583QFI.1.l2.ldscore.gz

Summary of LD Scores in /home/chenweit/Desktop/pancreas_S_LDSC/annot/ldscores/pancreas_H3K27ac_ENCFF583QFI/pancreas_H3K27ac_ENCFF583QFI.1.l2.ldscore.gz
         MAF       L2
mean  0.2346   0.9069
std   0.1432   1.7050
min   0.0051  -0.1373
25%   0.1084   0.0157
50%   0.2239   0.1799
75%   0.3558   1.0299
max   0.5000  20.6287

MAF/LD Score Correlation Matrix
        MAF      L2
MAF  1.0000  0.0685
L2   0.0685  1.0000

Annotation Correlation Matrix
       ANNOT
ANNOT    1.0

Annotation Matrix Column Sums
ANNOT    7170

Summary of Annotation Matrix Row Sums
count    779354.0000
mean          0.0092
std           0.0955
min           0.0000
25%           0.0000
50%           0.0000
75%           0.0000
max           1.0000
Analysis finished at Thu Sep 23 22:05:11 2021
Total time elapsed: 4.0m:13.82s
2
Make ldsc-friendly annotation files for pancreas_H3K27ac_ENCFF583QFI.bed
LDSC annotation file saved at:  /home/chenweit/Desktop/pancreas_S_LDSC/annot/ldscores/pancreas_H3K27ac_ENCFF583QFI/pancreas_H3K27ac_ENCFF583QFI.2.annot.gz 
Computing LD scores with the annot file pancreas_H3K27ac_ENCFF583QFI.2.annot.gz
*********************************************************************
* LD Score Regression (LDSC)
* Version 1.0.1
* (C) 2014-2019 Brendan Bulik-Sullivan and Hilary Finucane
* Broad Institute of MIT and Harvard / MIT Department of Mathematics
* GNU General Public License v3
*********************************************************************
Call: 
./ldsc.py \
--print-snps /home/chenweit/Desktop/pancreas_S_LDSC/listHM3.txt \
--ld-wind-cm 1.0 \
--out /home/chenweit/Desktop/pancreas_S_LDSC/annot/ldscores/pancreas_H3K27ac_ENCFF583QFI/pancreas_H3K27ac_ENCFF583QFI.2 \
--bfile /home/chenweit/Desktop/pancreas_S_LDSC/1000G_EUR_Phase3_plink/1000G.EUR.QC.2 \
--annot /home/chenweit/Desktop/pancreas_S_LDSC/annot/ldscores/pancreas_H3K27ac_ENCFF583QFI/pancreas_H3K27ac_ENCFF583QFI.2.annot.gz \
--l2  

Beginning analysis at Thu Sep 23 22:05:27 2021
Read list of 839590 SNPs from /home/chenweit/Desktop/pancreas_S_LDSC/1000G_EUR_Phase3_plink/1000G.EUR.QC.2.bim
Read 1 annotations for 839590 SNPs from /home/chenweit/Desktop/pancreas_S_LDSC/annot/ldscores/pancreas_H3K27ac_ENCFF583QFI/pancreas_H3K27ac_ENCFF583QFI.2.annot.gz
Read list of 489 individuals from /home/chenweit/Desktop/pancreas_S_LDSC/1000G_EUR_Phase3_plink/1000G.EUR.QC.2.fam
Reading genotypes from /home/chenweit/Desktop/pancreas_S_LDSC/1000G_EUR_Phase3_plink/1000G.EUR.QC.2.bed
After filtering, 839590 SNPs remain
Estimating LD Score.
Reading list of 1217311 SNPs for which to print LD Scores from /home/chenweit/Desktop/pancreas_S_LDSC/listHM3.txt
After merging with --print-snps, LD Scores for 99735 SNPs will be printed.
Writing LD Scores for 99735 SNPs to /home/chenweit/Desktop/pancreas_S_LDSC/annot/ldscores/pancreas_H3K27ac_ENCFF583QFI/pancreas_H3K27ac_ENCFF583QFI.2.l2.ldscore.gz

Summary of LD Scores in /home/chenweit/Desktop/pancreas_S_LDSC/annot/ldscores/pancreas_H3K27ac_ENCFF583QFI/pancreas_H3K27ac_ENCFF583QFI.2.l2.ldscore.gz
         MAF       L2
mean  0.2384   0.7032
std   0.1431   1.5290
min   0.0051  -0.1260
25%   0.1125   0.0072
50%   0.2290   0.0935
75%   0.3620   0.6924
max   0.5000  21.2813

MAF/LD Score Correlation Matrix
        MAF      L2
MAF  1.0000  0.0833
L2   0.0833  1.0000

Annotation Correlation Matrix
       ANNOT
ANNOT    1.0

Annotation Matrix Column Sums
ANNOT    5096

Summary of Annotation Matrix Row Sums
count    839590.0000
mean          0.0061
std           0.0777
min           0.0000
25%           0.0000
50%           0.0000
75%           0.0000
max           1.0000
Analysis finished at Thu Sep 23 22:10:25 2021
Total time elapsed: 4.0m:58.82s
3
Make ldsc-friendly annotation files for pancreas_H3K27ac_ENCFF583QFI.bed
LDSC annotation file saved at:  /home/chenweit/Desktop/pancreas_S_LDSC/annot/ldscores/pancreas_H3K27ac_ENCFF583QFI/pancreas_H3K27ac_ENCFF583QFI.3.annot.gz 
Computing LD scores with the annot file pancreas_H3K27ac_ENCFF583QFI.3.annot.gz
*********************************************************************
* LD Score Regression (LDSC)
* Version 1.0.1
* (C) 2014-2019 Brendan Bulik-Sullivan and Hilary Finucane
* Broad Institute of MIT and Harvard / MIT Department of Mathematics
* GNU General Public License v3
*********************************************************************
Call: 
./ldsc.py \
--print-snps /home/chenweit/Desktop/pancreas_S_LDSC/listHM3.txt \
--ld-wind-cm 1.0 \
--out /home/chenweit/Desktop/pancreas_S_LDSC/annot/ldscores/pancreas_H3K27ac_ENCFF583QFI/pancreas_H3K27ac_ENCFF583QFI.3 \
--bfile /home/chenweit/Desktop/pancreas_S_LDSC/1000G_EUR_Phase3_plink/1000G.EUR.QC.3 \
--annot /home/chenweit/Desktop/pancreas_S_LDSC/annot/ldscores/pancreas_H3K27ac_ENCFF583QFI/pancreas_H3K27ac_ENCFF583QFI.3.annot.gz \
--l2  

Beginning analysis at Thu Sep 23 22:10:40 2021
Read list of 706350 SNPs from /home/chenweit/Desktop/pancreas_S_LDSC/1000G_EUR_Phase3_plink/1000G.EUR.QC.3.bim
Read 1 annotations for 706350 SNPs from /home/chenweit/Desktop/pancreas_S_LDSC/annot/ldscores/pancreas_H3K27ac_ENCFF583QFI/pancreas_H3K27ac_ENCFF583QFI.3.annot.gz
Read list of 489 individuals from /home/chenweit/Desktop/pancreas_S_LDSC/1000G_EUR_Phase3_plink/1000G.EUR.QC.3.fam
Reading genotypes from /home/chenweit/Desktop/pancreas_S_LDSC/1000G_EUR_Phase3_plink/1000G.EUR.QC.3.bed
After filtering, 706350 SNPs remain
Estimating LD Score.
Reading list of 1217311 SNPs for which to print LD Scores from /home/chenweit/Desktop/pancreas_S_LDSC/listHM3.txt
After merging with --print-snps, LD Scores for 83036 SNPs will be printed.
Writing LD Scores for 83036 SNPs to /home/chenweit/Desktop/pancreas_S_LDSC/annot/ldscores/pancreas_H3K27ac_ENCFF583QFI/pancreas_H3K27ac_ENCFF583QFI.3.l2.ldscore.gz

Summary of LD Scores in /home/chenweit/Desktop/pancreas_S_LDSC/annot/ldscores/pancreas_H3K27ac_ENCFF583QFI/pancreas_H3K27ac_ENCFF583QFI.3.l2.ldscore.gz
         MAF       L2
mean  0.2408   0.6630
std   0.1426   1.5439
min   0.0051  -0.0734
25%   0.1166   0.0037
50%   0.2321   0.0766
75%   0.3630   0.5651
max   0.5000  15.7029

MAF/LD Score Correlation Matrix
        MAF      L2
MAF  1.0000  0.0661
L2   0.0661  1.0000

Annotation Correlation Matrix
       ANNOT
ANNOT    1.0

Annotation Matrix Column Sums
ANNOT    3449

Summary of Annotation Matrix Row Sums
count    706350.0000
mean          0.0049
std           0.0697
min           0.0000
25%           0.0000
50%           0.0000
75%           0.0000
max           1.0000
Analysis finished at Thu Sep 23 22:15:30 2021
Total time elapsed: 4.0m:50.6s
4
Make ldsc-friendly annotation files for pancreas_H3K27ac_ENCFF583QFI.bed
LDSC annotation file saved at:  /home/chenweit/Desktop/pancreas_S_LDSC/annot/ldscores/pancreas_H3K27ac_ENCFF583QFI/pancreas_H3K27ac_ENCFF583QFI.4.annot.gz 
Computing LD scores with the annot file pancreas_H3K27ac_ENCFF583QFI.4.annot.gz
*********************************************************************
* LD Score Regression (LDSC)
* Version 1.0.1
* (C) 2014-2019 Brendan Bulik-Sullivan and Hilary Finucane
* Broad Institute of MIT and Harvard / MIT Department of Mathematics
* GNU General Public License v3
*********************************************************************
Call: 
./ldsc.py \
--print-snps /home/chenweit/Desktop/pancreas_S_LDSC/listHM3.txt \
--ld-wind-cm 1.0 \
--out /home/chenweit/Desktop/pancreas_S_LDSC/annot/ldscores/pancreas_H3K27ac_ENCFF583QFI/pancreas_H3K27ac_ENCFF583QFI.4 \
--bfile /home/chenweit/Desktop/pancreas_S_LDSC/1000G_EUR_Phase3_plink/1000G.EUR.QC.4 \
--annot /home/chenweit/Desktop/pancreas_S_LDSC/annot/ldscores/pancreas_H3K27ac_ENCFF583QFI/pancreas_H3K27ac_ENCFF583QFI.4.annot.gz \
--l2  

Beginning analysis at Thu Sep 23 22:15:45 2021
Read list of 729645 SNPs from /home/chenweit/Desktop/pancreas_S_LDSC/1000G_EUR_Phase3_plink/1000G.EUR.QC.4.bim
Read 1 annotations for 729645 SNPs from /home/chenweit/Desktop/pancreas_S_LDSC/annot/ldscores/pancreas_H3K27ac_ENCFF583QFI/pancreas_H3K27ac_ENCFF583QFI.4.annot.gz
Read list of 489 individuals from /home/chenweit/Desktop/pancreas_S_LDSC/1000G_EUR_Phase3_plink/1000G.EUR.QC.4.fam
Reading genotypes from /home/chenweit/Desktop/pancreas_S_LDSC/1000G_EUR_Phase3_plink/1000G.EUR.QC.4.bed
After filtering, 729645 SNPs remain
Estimating LD Score.
Reading list of 1217311 SNPs for which to print LD Scores from /home/chenweit/Desktop/pancreas_S_LDSC/listHM3.txt
After merging with --print-snps, LD Scores for 74924 SNPs will be printed.
Writing LD Scores for 74924 SNPs to /home/chenweit/Desktop/pancreas_S_LDSC/annot/ldscores/pancreas_H3K27ac_ENCFF583QFI/pancreas_H3K27ac_ENCFF583QFI.4.l2.ldscore.gz

Summary of LD Scores in /home/chenweit/Desktop/pancreas_S_LDSC/annot/ldscores/pancreas_H3K27ac_ENCFF583QFI/pancreas_H3K27ac_ENCFF583QFI.4.l2.ldscore.gz
         MAF       L2
mean  0.2375   0.4326
std   0.1422   1.0218
min   0.0051  -0.0800
25%   0.1125   0.0000
50%   0.2301   0.0335
75%   0.3579   0.3139
max   0.5000  14.6682

MAF/LD Score Correlation Matrix
        MAF      L2
MAF  1.0000  0.0742
L2   0.0742  1.0000

Annotation Correlation Matrix
       ANNOT
ANNOT    1.0

Annotation Matrix Column Sums
ANNOT    2485

Summary of Annotation Matrix Row Sums
count    729645.0000
mean          0.0034
std           0.0583
min           0.0000
25%           0.0000
50%           0.0000
75%           0.0000
max           1.0000
Analysis finished at Thu Sep 23 22:20:10 2021
Total time elapsed: 4.0m:25.31s
5
Make ldsc-friendly annotation files for pancreas_H3K27ac_ENCFF583QFI.bed
LDSC annotation file saved at:  /home/chenweit/Desktop/pancreas_S_LDSC/annot/ldscores/pancreas_H3K27ac_ENCFF583QFI/pancreas_H3K27ac_ENCFF583QFI.5.annot.gz 
Computing LD scores with the annot file pancreas_H3K27ac_ENCFF583QFI.5.annot.gz
*********************************************************************
* LD Score Regression (LDSC)
* Version 1.0.1
* (C) 2014-2019 Brendan Bulik-Sullivan and Hilary Finucane
* Broad Institute of MIT and Harvard / MIT Department of Mathematics
* GNU General Public License v3
*********************************************************************
Call: 
./ldsc.py \
--print-snps /home/chenweit/Desktop/pancreas_S_LDSC/listHM3.txt \
--ld-wind-cm 1.0 \
--out /home/chenweit/Desktop/pancreas_S_LDSC/annot/ldscores/pancreas_H3K27ac_ENCFF583QFI/pancreas_H3K27ac_ENCFF583QFI.5 \
--bfile /home/chenweit/Desktop/pancreas_S_LDSC/1000G_EUR_Phase3_plink/1000G.EUR.QC.5 \
--annot /home/chenweit/Desktop/pancreas_S_LDSC/annot/ldscores/pancreas_H3K27ac_ENCFF583QFI/pancreas_H3K27ac_ENCFF583QFI.5.annot.gz \
--l2  

Beginning analysis at Thu Sep 23 22:20:24 2021
Read list of 633015 SNPs from /home/chenweit/Desktop/pancreas_S_LDSC/1000G_EUR_Phase3_plink/1000G.EUR.QC.5.bim
Read 1 annotations for 633015 SNPs from /home/chenweit/Desktop/pancreas_S_LDSC/annot/ldscores/pancreas_H3K27ac_ENCFF583QFI/pancreas_H3K27ac_ENCFF583QFI.5.annot.gz
Read list of 489 individuals from /home/chenweit/Desktop/pancreas_S_LDSC/1000G_EUR_Phase3_plink/1000G.EUR.QC.5.fam
Reading genotypes from /home/chenweit/Desktop/pancreas_S_LDSC/1000G_EUR_Phase3_plink/1000G.EUR.QC.5.bed
After filtering, 633015 SNPs remain
Estimating LD Score.
Reading list of 1217311 SNPs for which to print LD Scores from /home/chenweit/Desktop/pancreas_S_LDSC/listHM3.txt
After merging with --print-snps, LD Scores for 75164 SNPs will be printed.
Writing LD Scores for 75164 SNPs to /home/chenweit/Desktop/pancreas_S_LDSC/annot/ldscores/pancreas_H3K27ac_ENCFF583QFI/pancreas_H3K27ac_ENCFF583QFI.5.l2.ldscore.gz

Summary of LD Scores in /home/chenweit/Desktop/pancreas_S_LDSC/annot/ldscores/pancreas_H3K27ac_ENCFF583QFI/pancreas_H3K27ac_ENCFF583QFI.5.l2.ldscore.gz
         MAF       L2
mean  0.2369   0.4924
std   0.1421   1.1005
min   0.0051  -0.0964
25%   0.1125   0.0032
50%   0.2280   0.0718
75%   0.3569   0.3940
max   0.5000  18.6676

MAF/LD Score Correlation Matrix
        MAF      L2
MAF  1.0000  0.0378
L2   0.0378  1.0000

Annotation Correlation Matrix
       ANNOT
ANNOT    1.0

Annotation Matrix Column Sums
ANNOT    2875

Summary of Annotation Matrix Row Sums
count    633015.0000
mean          0.0045
std           0.0672
min           0.0000
25%           0.0000
50%           0.0000
75%           0.0000
max           1.0000
Analysis finished at Thu Sep 23 22:24:37 2021
Total time elapsed: 4.0m:13.35s
6
Make ldsc-friendly annotation files for pancreas_H3K27ac_ENCFF583QFI.bed
LDSC annotation file saved at:  /home/chenweit/Desktop/pancreas_S_LDSC/annot/ldscores/pancreas_H3K27ac_ENCFF583QFI/pancreas_H3K27ac_ENCFF583QFI.6.annot.gz 
Computing LD scores with the annot file pancreas_H3K27ac_ENCFF583QFI.6.annot.gz
*********************************************************************
* LD Score Regression (LDSC)
* Version 1.0.1
* (C) 2014-2019 Brendan Bulik-Sullivan and Hilary Finucane
* Broad Institute of MIT and Harvard / MIT Department of Mathematics
* GNU General Public License v3
*********************************************************************
Call: 
./ldsc.py \
--print-snps /home/chenweit/Desktop/pancreas_S_LDSC/listHM3.txt \
--ld-wind-cm 1.0 \
--out /home/chenweit/Desktop/pancreas_S_LDSC/annot/ldscores/pancreas_H3K27ac_ENCFF583QFI/pancreas_H3K27ac_ENCFF583QFI.6 \
--bfile /home/chenweit/Desktop/pancreas_S_LDSC/1000G_EUR_Phase3_plink/1000G.EUR.QC.6 \
--annot /home/chenweit/Desktop/pancreas_S_LDSC/annot/ldscores/pancreas_H3K27ac_ENCFF583QFI/pancreas_H3K27ac_ENCFF583QFI.6.annot.gz \
--l2  

Beginning analysis at Thu Sep 23 22:24:50 2021
Read list of 664016 SNPs from /home/chenweit/Desktop/pancreas_S_LDSC/1000G_EUR_Phase3_plink/1000G.EUR.QC.6.bim
Read 1 annotations for 664016 SNPs from /home/chenweit/Desktop/pancreas_S_LDSC/annot/ldscores/pancreas_H3K27ac_ENCFF583QFI/pancreas_H3K27ac_ENCFF583QFI.6.annot.gz
Read list of 489 individuals from /home/chenweit/Desktop/pancreas_S_LDSC/1000G_EUR_Phase3_plink/1000G.EUR.QC.6.fam
Reading genotypes from /home/chenweit/Desktop/pancreas_S_LDSC/1000G_EUR_Phase3_plink/1000G.EUR.QC.6.bed
After filtering, 664016 SNPs remain
Estimating LD Score.
Reading list of 1217311 SNPs for which to print LD Scores from /home/chenweit/Desktop/pancreas_S_LDSC/listHM3.txt
After merging with --print-snps, LD Scores for 75358 SNPs will be printed.
Writing LD Scores for 75358 SNPs to /home/chenweit/Desktop/pancreas_S_LDSC/annot/ldscores/pancreas_H3K27ac_ENCFF583QFI/pancreas_H3K27ac_ENCFF583QFI.6.l2.ldscore.gz

Summary of LD Scores in /home/chenweit/Desktop/pancreas_S_LDSC/annot/ldscores/pancreas_H3K27ac_ENCFF583QFI/pancreas_H3K27ac_ENCFF583QFI.6.l2.ldscore.gz
         MAF       L2
mean  0.2357   0.8198
std   0.1431   2.1250
min   0.0051  -0.1418
25%   0.1104   0.0162
50%   0.2249   0.1100
75%   0.3579   0.6150
max   0.5000  31.4911

MAF/LD Score Correlation Matrix
        MAF      L2
MAF  1.0000  0.0408
L2   0.0408  1.0000

Annotation Correlation Matrix
       ANNOT
ANNOT    1.0

Annotation Matrix Column Sums
ANNOT    4382

Summary of Annotation Matrix Row Sums
count    664016.0000
mean          0.0066
std           0.0810
min           0.0000
25%           0.0000
50%           0.0000
75%           0.0000
max           1.0000
Analysis finished at Thu Sep 23 22:30:58 2021
Total time elapsed: 6.0m:7.66s
7
Make ldsc-friendly annotation files for pancreas_H3K27ac_ENCFF583QFI.bed
LDSC annotation file saved at:  /home/chenweit/Desktop/pancreas_S_LDSC/annot/ldscores/pancreas_H3K27ac_ENCFF583QFI/pancreas_H3K27ac_ENCFF583QFI.7.annot.gz 
Computing LD scores with the annot file pancreas_H3K27ac_ENCFF583QFI.7.annot.gz
*********************************************************************
* LD Score Regression (LDSC)
* Version 1.0.1
* (C) 2014-2019 Brendan Bulik-Sullivan and Hilary Finucane
* Broad Institute of MIT and Harvard / MIT Department of Mathematics
* GNU General Public License v3
*********************************************************************
Call: 
./ldsc.py \
--print-snps /home/chenweit/Desktop/pancreas_S_LDSC/listHM3.txt \
--ld-wind-cm 1.0 \
--out /home/chenweit/Desktop/pancreas_S_LDSC/annot/ldscores/pancreas_H3K27ac_ENCFF583QFI/pancreas_H3K27ac_ENCFF583QFI.7 \
--bfile /home/chenweit/Desktop/pancreas_S_LDSC/1000G_EUR_Phase3_plink/1000G.EUR.QC.7 \
--annot /home/chenweit/Desktop/pancreas_S_LDSC/annot/ldscores/pancreas_H3K27ac_ENCFF583QFI/pancreas_H3K27ac_ENCFF583QFI.7.annot.gz \
--l2  

Beginning analysis at Thu Sep 23 22:31:11 2021
Read list of 589569 SNPs from /home/chenweit/Desktop/pancreas_S_LDSC/1000G_EUR_Phase3_plink/1000G.EUR.QC.7.bim
Read 1 annotations for 589569 SNPs from /home/chenweit/Desktop/pancreas_S_LDSC/annot/ldscores/pancreas_H3K27ac_ENCFF583QFI/pancreas_H3K27ac_ENCFF583QFI.7.annot.gz
Read list of 489 individuals from /home/chenweit/Desktop/pancreas_S_LDSC/1000G_EUR_Phase3_plink/1000G.EUR.QC.7.fam
Reading genotypes from /home/chenweit/Desktop/pancreas_S_LDSC/1000G_EUR_Phase3_plink/1000G.EUR.QC.7.bed
After filtering, 589569 SNPs remain
Estimating LD Score.
Reading list of 1217311 SNPs for which to print LD Scores from /home/chenweit/Desktop/pancreas_S_LDSC/listHM3.txt
After merging with --print-snps, LD Scores for 66171 SNPs will be printed.
Writing LD Scores for 66171 SNPs to /home/chenweit/Desktop/pancreas_S_LDSC/annot/ldscores/pancreas_H3K27ac_ENCFF583QFI/pancreas_H3K27ac_ENCFF583QFI.7.l2.ldscore.gz

Summary of LD Scores in /home/chenweit/Desktop/pancreas_S_LDSC/annot/ldscores/pancreas_H3K27ac_ENCFF583QFI/pancreas_H3K27ac_ENCFF583QFI.7.l2.ldscore.gz
         MAF       L2
mean  0.2390   0.7257
std   0.1428   1.7905
min   0.0051  -0.1236
25%   0.1125   0.0081
50%   0.2301   0.0970
75%   0.3609   0.5943
max   0.5000  21.5414

MAF/LD Score Correlation Matrix
        MAF      L2
MAF  1.0000  0.0739
L2   0.0739  1.0000

Annotation Correlation Matrix
       ANNOT
ANNOT    1.0

Annotation Matrix Column Sums
ANNOT    3538

Summary of Annotation Matrix Row Sums
count    589569.0000
mean          0.0060
std           0.0772
min           0.0000
25%           0.0000
50%           0.0000
75%           0.0000
max           1.0000
Analysis finished at Thu Sep 23 22:35:01 2021
Total time elapsed: 3.0m:50.78s
8
Make ldsc-friendly annotation files for pancreas_H3K27ac_ENCFF583QFI.bed
LDSC annotation file saved at:  /home/chenweit/Desktop/pancreas_S_LDSC/annot/ldscores/pancreas_H3K27ac_ENCFF583QFI/pancreas_H3K27ac_ENCFF583QFI.8.annot.gz 
Computing LD scores with the annot file pancreas_H3K27ac_ENCFF583QFI.8.annot.gz
*********************************************************************
* LD Score Regression (LDSC)
* Version 1.0.1
* (C) 2014-2019 Brendan Bulik-Sullivan and Hilary Finucane
* Broad Institute of MIT and Harvard / MIT Department of Mathematics
* GNU General Public License v3
*********************************************************************
Call: 
./ldsc.py \
--print-snps /home/chenweit/Desktop/pancreas_S_LDSC/listHM3.txt \
--ld-wind-cm 1.0 \
--out /home/chenweit/Desktop/pancreas_S_LDSC/annot/ldscores/pancreas_H3K27ac_ENCFF583QFI/pancreas_H3K27ac_ENCFF583QFI.8 \
--bfile /home/chenweit/Desktop/pancreas_S_LDSC/1000G_EUR_Phase3_plink/1000G.EUR.QC.8 \
--annot /home/chenweit/Desktop/pancreas_S_LDSC/annot/ldscores/pancreas_H3K27ac_ENCFF583QFI/pancreas_H3K27ac_ENCFF583QFI.8.annot.gz \
--l2  

Beginning analysis at Thu Sep 23 22:35:12 2021
Read list of 549971 SNPs from /home/chenweit/Desktop/pancreas_S_LDSC/1000G_EUR_Phase3_plink/1000G.EUR.QC.8.bim
Read 1 annotations for 549971 SNPs from /home/chenweit/Desktop/pancreas_S_LDSC/annot/ldscores/pancreas_H3K27ac_ENCFF583QFI/pancreas_H3K27ac_ENCFF583QFI.8.annot.gz
Read list of 489 individuals from /home/chenweit/Desktop/pancreas_S_LDSC/1000G_EUR_Phase3_plink/1000G.EUR.QC.8.fam
Reading genotypes from /home/chenweit/Desktop/pancreas_S_LDSC/1000G_EUR_Phase3_plink/1000G.EUR.QC.8.bed
After filtering, 549971 SNPs remain
Estimating LD Score.
Reading list of 1217311 SNPs for which to print LD Scores from /home/chenweit/Desktop/pancreas_S_LDSC/listHM3.txt
After merging with --print-snps, LD Scores for 64975 SNPs will be printed.
Writing LD Scores for 64975 SNPs to /home/chenweit/Desktop/pancreas_S_LDSC/annot/ldscores/pancreas_H3K27ac_ENCFF583QFI/pancreas_H3K27ac_ENCFF583QFI.8.l2.ldscore.gz

Summary of LD Scores in /home/chenweit/Desktop/pancreas_S_LDSC/annot/ldscores/pancreas_H3K27ac_ENCFF583QFI/pancreas_H3K27ac_ENCFF583QFI.8.l2.ldscore.gz
         MAF       L2
mean  0.2380   0.6178
std   0.1431   1.5303
min   0.0051  -0.1159
25%   0.1115   0.0012
50%   0.2280   0.0749
75%   0.3609   0.4863
max   0.5000  24.5346

MAF/LD Score Correlation Matrix
        MAF      L2
MAF  1.0000  0.0873
L2   0.0873  1.0000

Annotation Correlation Matrix
       ANNOT
ANNOT    1.0

Annotation Matrix Column Sums
ANNOT    2990

Summary of Annotation Matrix Row Sums
count    549971.0000
mean          0.0054
std           0.0735
min           0.0000
25%           0.0000
50%           0.0000
75%           0.0000
max           1.0000
Analysis finished at Thu Sep 23 22:39:03 2021
Total time elapsed: 3.0m:51.09s
9
Make ldsc-friendly annotation files for pancreas_H3K27ac_ENCFF583QFI.bed
LDSC annotation file saved at:  /home/chenweit/Desktop/pancreas_S_LDSC/annot/ldscores/pancreas_H3K27ac_ENCFF583QFI/pancreas_H3K27ac_ENCFF583QFI.9.annot.gz 
Computing LD scores with the annot file pancreas_H3K27ac_ENCFF583QFI.9.annot.gz
*********************************************************************
* LD Score Regression (LDSC)
* Version 1.0.1
* (C) 2014-2019 Brendan Bulik-Sullivan and Hilary Finucane
* Broad Institute of MIT and Harvard / MIT Department of Mathematics
* GNU General Public License v3
*********************************************************************
Call: 
./ldsc.py \
--print-snps /home/chenweit/Desktop/pancreas_S_LDSC/listHM3.txt \
--ld-wind-cm 1.0 \
--out /home/chenweit/Desktop/pancreas_S_LDSC/annot/ldscores/pancreas_H3K27ac_ENCFF583QFI/pancreas_H3K27ac_ENCFF583QFI.9 \
--bfile /home/chenweit/Desktop/pancreas_S_LDSC/1000G_EUR_Phase3_plink/1000G.EUR.QC.9 \
--annot /home/chenweit/Desktop/pancreas_S_LDSC/annot/ldscores/pancreas_H3K27ac_ENCFF583QFI/pancreas_H3K27ac_ENCFF583QFI.9.annot.gz \
--l2  

Beginning analysis at Thu Sep 23 22:39:12 2021
Read list of 438106 SNPs from /home/chenweit/Desktop/pancreas_S_LDSC/1000G_EUR_Phase3_plink/1000G.EUR.QC.9.bim
Read 1 annotations for 438106 SNPs from /home/chenweit/Desktop/pancreas_S_LDSC/annot/ldscores/pancreas_H3K27ac_ENCFF583QFI/pancreas_H3K27ac_ENCFF583QFI.9.annot.gz
Read list of 489 individuals from /home/chenweit/Desktop/pancreas_S_LDSC/1000G_EUR_Phase3_plink/1000G.EUR.QC.9.fam
Reading genotypes from /home/chenweit/Desktop/pancreas_S_LDSC/1000G_EUR_Phase3_plink/1000G.EUR.QC.9.bed
After filtering, 438106 SNPs remain
Estimating LD Score.
Reading list of 1217311 SNPs for which to print LD Scores from /home/chenweit/Desktop/pancreas_S_LDSC/listHM3.txt
After merging with --print-snps, LD Scores for 55464 SNPs will be printed.
Writing LD Scores for 55464 SNPs to /home/chenweit/Desktop/pancreas_S_LDSC/annot/ldscores/pancreas_H3K27ac_ENCFF583QFI/pancreas_H3K27ac_ENCFF583QFI.9.l2.ldscore.gz

Summary of LD Scores in /home/chenweit/Desktop/pancreas_S_LDSC/annot/ldscores/pancreas_H3K27ac_ENCFF583QFI/pancreas_H3K27ac_ENCFF583QFI.9.l2.ldscore.gz
         MAF       L2
mean  0.2359   0.7364
std   0.1423   1.8102
min   0.0051  -0.1764
25%   0.1115   0.0008
50%   0.2249   0.0734
75%   0.3569   0.6135
max   0.5000  28.5458

MAF/LD Score Correlation Matrix
        MAF      L2
MAF  1.0000  0.0375
L2   0.0375  1.0000

Annotation Correlation Matrix
       ANNOT
ANNOT    1.0

Annotation Matrix Column Sums
ANNOT    3346

Summary of Annotation Matrix Row Sums
count    438106.0000
mean          0.0076
std           0.0871
min           0.0000
25%           0.0000
50%           0.0000
75%           0.0000
max           1.0000
Analysis finished at Thu Sep 23 22:41:19 2021
Total time elapsed: 2.0m:7.23s
10
Make ldsc-friendly annotation files for pancreas_H3K27ac_ENCFF583QFI.bed
LDSC annotation file saved at:  /home/chenweit/Desktop/pancreas_S_LDSC/annot/ldscores/pancreas_H3K27ac_ENCFF583QFI/pancreas_H3K27ac_ENCFF583QFI.10.annot.gz 
Computing LD scores with the annot file pancreas_H3K27ac_ENCFF583QFI.10.annot.gz
*********************************************************************
* LD Score Regression (LDSC)
* Version 1.0.1
* (C) 2014-2019 Brendan Bulik-Sullivan and Hilary Finucane
* Broad Institute of MIT and Harvard / MIT Department of Mathematics
* GNU General Public License v3
*********************************************************************
Call: 
./ldsc.py \
--print-snps /home/chenweit/Desktop/pancreas_S_LDSC/listHM3.txt \
--ld-wind-cm 1.0 \
--out /home/chenweit/Desktop/pancreas_S_LDSC/annot/ldscores/pancreas_H3K27ac_ENCFF583QFI/pancreas_H3K27ac_ENCFF583QFI.10 \
--bfile /home/chenweit/Desktop/pancreas_S_LDSC/1000G_EUR_Phase3_plink/1000G.EUR.QC.10 \
--annot /home/chenweit/Desktop/pancreas_S_LDSC/annot/ldscores/pancreas_H3K27ac_ENCFF583QFI/pancreas_H3K27ac_ENCFF583QFI.10.annot.gz \
--l2  

Beginning analysis at Thu Sep 23 22:41:30 2021
Read list of 510501 SNPs from /home/chenweit/Desktop/pancreas_S_LDSC/1000G_EUR_Phase3_plink/1000G.EUR.QC.10.bim
Read 1 annotations for 510501 SNPs from /home/chenweit/Desktop/pancreas_S_LDSC/annot/ldscores/pancreas_H3K27ac_ENCFF583QFI/pancreas_H3K27ac_ENCFF583QFI.10.annot.gz
Read list of 489 individuals from /home/chenweit/Desktop/pancreas_S_LDSC/1000G_EUR_Phase3_plink/1000G.EUR.QC.10.fam
Reading genotypes from /home/chenweit/Desktop/pancreas_S_LDSC/1000G_EUR_Phase3_plink/1000G.EUR.QC.10.bed
After filtering, 510501 SNPs remain
Estimating LD Score.
Reading list of 1217311 SNPs for which to print LD Scores from /home/chenweit/Desktop/pancreas_S_LDSC/listHM3.txt
After merging with --print-snps, LD Scores for 64067 SNPs will be printed.
Writing LD Scores for 64067 SNPs to /home/chenweit/Desktop/pancreas_S_LDSC/annot/ldscores/pancreas_H3K27ac_ENCFF583QFI/pancreas_H3K27ac_ENCFF583QFI.10.l2.ldscore.gz

Summary of LD Scores in /home/chenweit/Desktop/pancreas_S_LDSC/annot/ldscores/pancreas_H3K27ac_ENCFF583QFI/pancreas_H3K27ac_ENCFF583QFI.10.l2.ldscore.gz
         MAF       L2
mean  0.2328   0.7059
std   0.1426   1.4649
min   0.0051  -0.1541
25%   0.1074   0.0046
50%   0.2198   0.0950
75%   0.3538   0.7048
max   0.5000  17.1735

MAF/LD Score Correlation Matrix
        MAF      L2
MAF  1.0000  0.0414
L2   0.0414  1.0000

Annotation Correlation Matrix
       ANNOT
ANNOT    1.0

Annotation Matrix Column Sums
ANNOT    3484

Summary of Annotation Matrix Row Sums
count    510501.0000
mean          0.0068
std           0.0823
min           0.0000
25%           0.0000
50%           0.0000
75%           0.0000
max           1.0000
Analysis finished at Thu Sep 23 22:44:34 2021
Total time elapsed: 3.0m:4.21s
11
Make ldsc-friendly annotation files for pancreas_H3K27ac_ENCFF583QFI.bed
LDSC annotation file saved at:  /home/chenweit/Desktop/pancreas_S_LDSC/annot/ldscores/pancreas_H3K27ac_ENCFF583QFI/pancreas_H3K27ac_ENCFF583QFI.11.annot.gz 
Computing LD scores with the annot file pancreas_H3K27ac_ENCFF583QFI.11.annot.gz
*********************************************************************
* LD Score Regression (LDSC)
* Version 1.0.1
* (C) 2014-2019 Brendan Bulik-Sullivan and Hilary Finucane
* Broad Institute of MIT and Harvard / MIT Department of Mathematics
* GNU General Public License v3
*********************************************************************
Call: 
./ldsc.py \
--print-snps /home/chenweit/Desktop/pancreas_S_LDSC/listHM3.txt \
--ld-wind-cm 1.0 \
--out /home/chenweit/Desktop/pancreas_S_LDSC/annot/ldscores/pancreas_H3K27ac_ENCFF583QFI/pancreas_H3K27ac_ENCFF583QFI.11 \
--bfile /home/chenweit/Desktop/pancreas_S_LDSC/1000G_EUR_Phase3_plink/1000G.EUR.QC.11 \
--annot /home/chenweit/Desktop/pancreas_S_LDSC/annot/ldscores/pancreas_H3K27ac_ENCFF583QFI/pancreas_H3K27ac_ENCFF583QFI.11.annot.gz \
--l2  

Beginning analysis at Thu Sep 23 22:44:44 2021
Read list of 493922 SNPs from /home/chenweit/Desktop/pancreas_S_LDSC/1000G_EUR_Phase3_plink/1000G.EUR.QC.11.bim
Read 1 annotations for 493922 SNPs from /home/chenweit/Desktop/pancreas_S_LDSC/annot/ldscores/pancreas_H3K27ac_ENCFF583QFI/pancreas_H3K27ac_ENCFF583QFI.11.annot.gz
Read list of 489 individuals from /home/chenweit/Desktop/pancreas_S_LDSC/1000G_EUR_Phase3_plink/1000G.EUR.QC.11.fam
Reading genotypes from /home/chenweit/Desktop/pancreas_S_LDSC/1000G_EUR_Phase3_plink/1000G.EUR.QC.11.bed
After filtering, 493922 SNPs remain
Estimating LD Score.
Reading list of 1217311 SNPs for which to print LD Scores from /home/chenweit/Desktop/pancreas_S_LDSC/listHM3.txt
After merging with --print-snps, LD Scores for 60977 SNPs will be printed.
Writing LD Scores for 60977 SNPs to /home/chenweit/Desktop/pancreas_S_LDSC/annot/ldscores/pancreas_H3K27ac_ENCFF583QFI/pancreas_H3K27ac_ENCFF583QFI.11.l2.ldscore.gz

Summary of LD Scores in /home/chenweit/Desktop/pancreas_S_LDSC/annot/ldscores/pancreas_H3K27ac_ENCFF583QFI/pancreas_H3K27ac_ENCFF583QFI.11.l2.ldscore.gz
         MAF       L2
mean  0.2398   0.8742
std   0.1420   1.8404
min   0.0051  -0.1131
25%   0.1155   0.0035
50%   0.2301   0.0966
75%   0.3609   0.8463
max   0.5000  24.5218

MAF/LD Score Correlation Matrix
        MAF      L2
MAF  1.0000  0.0401
L2   0.0401  1.0000

Annotation Correlation Matrix
       ANNOT
ANNOT    1.0

Annotation Matrix Column Sums
ANNOT    3618

Summary of Annotation Matrix Row Sums
count    493922.0000
mean          0.0073
std           0.0853
min           0.0000
25%           0.0000
50%           0.0000
75%           0.0000
max           1.0000
Analysis finished at Thu Sep 23 22:48:45 2021
Total time elapsed: 4.0m:0.29s
12
Make ldsc-friendly annotation files for pancreas_H3K27ac_ENCFF583QFI.bed
LDSC annotation file saved at:  /home/chenweit/Desktop/pancreas_S_LDSC/annot/ldscores/pancreas_H3K27ac_ENCFF583QFI/pancreas_H3K27ac_ENCFF583QFI.12.annot.gz 
Computing LD scores with the annot file pancreas_H3K27ac_ENCFF583QFI.12.annot.gz
*********************************************************************
* LD Score Regression (LDSC)
* Version 1.0.1
* (C) 2014-2019 Brendan Bulik-Sullivan and Hilary Finucane
* Broad Institute of MIT and Harvard / MIT Department of Mathematics
* GNU General Public License v3
*********************************************************************
Call: 
./ldsc.py \
--print-snps /home/chenweit/Desktop/pancreas_S_LDSC/listHM3.txt \
--ld-wind-cm 1.0 \
--out /home/chenweit/Desktop/pancreas_S_LDSC/annot/ldscores/pancreas_H3K27ac_ENCFF583QFI/pancreas_H3K27ac_ENCFF583QFI.12 \
--bfile /home/chenweit/Desktop/pancreas_S_LDSC/1000G_EUR_Phase3_plink/1000G.EUR.QC.12 \
--annot /home/chenweit/Desktop/pancreas_S_LDSC/annot/ldscores/pancreas_H3K27ac_ENCFF583QFI/pancreas_H3K27ac_ENCFF583QFI.12.annot.gz \
--l2  

Beginning analysis at Thu Sep 23 22:48:55 2021
Read list of 480110 SNPs from /home/chenweit/Desktop/pancreas_S_LDSC/1000G_EUR_Phase3_plink/1000G.EUR.QC.12.bim
Read 1 annotations for 480110 SNPs from /home/chenweit/Desktop/pancreas_S_LDSC/annot/ldscores/pancreas_H3K27ac_ENCFF583QFI/pancreas_H3K27ac_ENCFF583QFI.12.annot.gz
Read list of 489 individuals from /home/chenweit/Desktop/pancreas_S_LDSC/1000G_EUR_Phase3_plink/1000G.EUR.QC.12.fam
Reading genotypes from /home/chenweit/Desktop/pancreas_S_LDSC/1000G_EUR_Phase3_plink/1000G.EUR.QC.12.bed
After filtering, 480110 SNPs remain
Estimating LD Score.
Reading list of 1217311 SNPs for which to print LD Scores from /home/chenweit/Desktop/pancreas_S_LDSC/listHM3.txt
After merging with --print-snps, LD Scores for 58543 SNPs will be printed.
Writing LD Scores for 58543 SNPs to /home/chenweit/Desktop/pancreas_S_LDSC/annot/ldscores/pancreas_H3K27ac_ENCFF583QFI/pancreas_H3K27ac_ENCFF583QFI.12.l2.ldscore.gz

Summary of LD Scores in /home/chenweit/Desktop/pancreas_S_LDSC/annot/ldscores/pancreas_H3K27ac_ENCFF583QFI/pancreas_H3K27ac_ENCFF583QFI.12.l2.ldscore.gz
         MAF       L2
mean  0.2334   0.6956
std   0.1429   1.4109
min   0.0051  -0.1724
25%   0.1084   0.0121
50%   0.2209   0.1095
75%   0.3558   0.7214
max   0.5000  18.7180

MAF/LD Score Correlation Matrix
        MAF      L2
MAF  1.0000  0.0298
L2   0.0298  1.0000

Annotation Correlation Matrix
       ANNOT
ANNOT    1.0

Annotation Matrix Column Sums
ANNOT    3289

Summary of Annotation Matrix Row Sums
count    480110.0000
mean          0.0069
std           0.0825
min           0.0000
25%           0.0000
50%           0.0000
75%           0.0000
max           1.0000
Analysis finished at Thu Sep 23 22:52:02 2021
Total time elapsed: 3.0m:7.63s
13
Make ldsc-friendly annotation files for pancreas_H3K27ac_ENCFF583QFI.bed
LDSC annotation file saved at:  /home/chenweit/Desktop/pancreas_S_LDSC/annot/ldscores/pancreas_H3K27ac_ENCFF583QFI/pancreas_H3K27ac_ENCFF583QFI.13.annot.gz 
Computing LD scores with the annot file pancreas_H3K27ac_ENCFF583QFI.13.annot.gz
*********************************************************************
* LD Score Regression (LDSC)
* Version 1.0.1
* (C) 2014-2019 Brendan Bulik-Sullivan and Hilary Finucane
* Broad Institute of MIT and Harvard / MIT Department of Mathematics
* GNU General Public License v3
*********************************************************************
Call: 
./ldsc.py \
--print-snps /home/chenweit/Desktop/pancreas_S_LDSC/listHM3.txt \
--ld-wind-cm 1.0 \
--out /home/chenweit/Desktop/pancreas_S_LDSC/annot/ldscores/pancreas_H3K27ac_ENCFF583QFI/pancreas_H3K27ac_ENCFF583QFI.13 \
--bfile /home/chenweit/Desktop/pancreas_S_LDSC/1000G_EUR_Phase3_plink/1000G.EUR.QC.13 \
--annot /home/chenweit/Desktop/pancreas_S_LDSC/annot/ldscores/pancreas_H3K27ac_ENCFF583QFI/pancreas_H3K27ac_ENCFF583QFI.13.annot.gz \
--l2  

Beginning analysis at Thu Sep 23 22:52:11 2021
Read list of 366200 SNPs from /home/chenweit/Desktop/pancreas_S_LDSC/1000G_EUR_Phase3_plink/1000G.EUR.QC.13.bim
Read 1 annotations for 366200 SNPs from /home/chenweit/Desktop/pancreas_S_LDSC/annot/ldscores/pancreas_H3K27ac_ENCFF583QFI/pancreas_H3K27ac_ENCFF583QFI.13.annot.gz
Read list of 489 individuals from /home/chenweit/Desktop/pancreas_S_LDSC/1000G_EUR_Phase3_plink/1000G.EUR.QC.13.fam
Reading genotypes from /home/chenweit/Desktop/pancreas_S_LDSC/1000G_EUR_Phase3_plink/1000G.EUR.QC.13.bed
After filtering, 366200 SNPs remain
Estimating LD Score.
Reading list of 1217311 SNPs for which to print LD Scores from /home/chenweit/Desktop/pancreas_S_LDSC/listHM3.txt
After merging with --print-snps, LD Scores for 45546 SNPs will be printed.
Writing LD Scores for 45546 SNPs to /home/chenweit/Desktop/pancreas_S_LDSC/annot/ldscores/pancreas_H3K27ac_ENCFF583QFI/pancreas_H3K27ac_ENCFF583QFI.13.l2.ldscore.gz

Summary of LD Scores in /home/chenweit/Desktop/pancreas_S_LDSC/annot/ldscores/pancreas_H3K27ac_ENCFF583QFI/pancreas_H3K27ac_ENCFF583QFI.13.l2.ldscore.gz
         MAF       L2
mean  0.2338   0.3928
std   0.1428   0.9600
min   0.0051  -0.0841
25%   0.1074   0.0000
50%   0.2209   0.0239
75%   0.3548   0.2687
max   0.5000  11.2890

MAF/LD Score Correlation Matrix
        MAF      L2
MAF  1.0000  0.0441
L2   0.0441  1.0000

Annotation Correlation Matrix
       ANNOT
ANNOT    1.0

Annotation Matrix Column Sums
ANNOT    1535

Summary of Annotation Matrix Row Sums
count    366200.0000
mean          0.0042
std           0.0646
min           0.0000
25%           0.0000
50%           0.0000
75%           0.0000
max           1.0000
Analysis finished at Thu Sep 23 22:54:06 2021
Total time elapsed: 1.0m:55.45s
14
Make ldsc-friendly annotation files for pancreas_H3K27ac_ENCFF583QFI.bed
LDSC annotation file saved at:  /home/chenweit/Desktop/pancreas_S_LDSC/annot/ldscores/pancreas_H3K27ac_ENCFF583QFI/pancreas_H3K27ac_ENCFF583QFI.14.annot.gz 
Computing LD scores with the annot file pancreas_H3K27ac_ENCFF583QFI.14.annot.gz
*********************************************************************
* LD Score Regression (LDSC)
* Version 1.0.1
* (C) 2014-2019 Brendan Bulik-Sullivan and Hilary Finucane
* Broad Institute of MIT and Harvard / MIT Department of Mathematics
* GNU General Public License v3
*********************************************************************
Call: 
./ldsc.py \
--print-snps /home/chenweit/Desktop/pancreas_S_LDSC/listHM3.txt \
--ld-wind-cm 1.0 \
--out /home/chenweit/Desktop/pancreas_S_LDSC/annot/ldscores/pancreas_H3K27ac_ENCFF583QFI/pancreas_H3K27ac_ENCFF583QFI.14 \
--bfile /home/chenweit/Desktop/pancreas_S_LDSC/1000G_EUR_Phase3_plink/1000G.EUR.QC.14 \
--annot /home/chenweit/Desktop/pancreas_S_LDSC/annot/ldscores/pancreas_H3K27ac_ENCFF583QFI/pancreas_H3K27ac_ENCFF583QFI.14.annot.gz \
--l2  

Beginning analysis at Thu Sep 23 22:54:14 2021
Read list of 324698 SNPs from /home/chenweit/Desktop/pancreas_S_LDSC/1000G_EUR_Phase3_plink/1000G.EUR.QC.14.bim
Read 1 annotations for 324698 SNPs from /home/chenweit/Desktop/pancreas_S_LDSC/annot/ldscores/pancreas_H3K27ac_ENCFF583QFI/pancreas_H3K27ac_ENCFF583QFI.14.annot.gz
Read list of 489 individuals from /home/chenweit/Desktop/pancreas_S_LDSC/1000G_EUR_Phase3_plink/1000G.EUR.QC.14.fam
Reading genotypes from /home/chenweit/Desktop/pancreas_S_LDSC/1000G_EUR_Phase3_plink/1000G.EUR.QC.14.bed
After filtering, 324698 SNPs remain
Estimating LD Score.
Reading list of 1217311 SNPs for which to print LD Scores from /home/chenweit/Desktop/pancreas_S_LDSC/listHM3.txt
After merging with --print-snps, LD Scores for 39484 SNPs will be printed.
Writing LD Scores for 39484 SNPs to /home/chenweit/Desktop/pancreas_S_LDSC/annot/ldscores/pancreas_H3K27ac_ENCFF583QFI/pancreas_H3K27ac_ENCFF583QFI.14.l2.ldscore.gz

Summary of LD Scores in /home/chenweit/Desktop/pancreas_S_LDSC/annot/ldscores/pancreas_H3K27ac_ENCFF583QFI/pancreas_H3K27ac_ENCFF583QFI.14.l2.ldscore.gz
         MAF       L2
mean  0.2321   0.8563
std   0.1424   2.0631
min   0.0051  -0.2186
25%   0.1074   0.0099
50%   0.2198   0.1209
75%   0.3507   0.9020
max   0.5000  62.2773

MAF/LD Score Correlation Matrix
       MAF     L2
MAF  1.000  0.049
L2   0.049  1.000

Annotation Correlation Matrix
       ANNOT
ANNOT    1.0

Annotation Matrix Column Sums
ANNOT    2795

Summary of Annotation Matrix Row Sums
count    324698.0000
mean          0.0086
std           0.0924
min           0.0000
25%           0.0000
50%           0.0000
75%           0.0000
max           1.0000
Analysis finished at Thu Sep 23 22:56:09 2021
Total time elapsed: 1.0m:55.79s
15
Make ldsc-friendly annotation files for pancreas_H3K27ac_ENCFF583QFI.bed
LDSC annotation file saved at:  /home/chenweit/Desktop/pancreas_S_LDSC/annot/ldscores/pancreas_H3K27ac_ENCFF583QFI/pancreas_H3K27ac_ENCFF583QFI.15.annot.gz 
Computing LD scores with the annot file pancreas_H3K27ac_ENCFF583QFI.15.annot.gz
*********************************************************************
* LD Score Regression (LDSC)
* Version 1.0.1
* (C) 2014-2019 Brendan Bulik-Sullivan and Hilary Finucane
* Broad Institute of MIT and Harvard / MIT Department of Mathematics
* GNU General Public License v3
*********************************************************************
Call: 
./ldsc.py \
--print-snps /home/chenweit/Desktop/pancreas_S_LDSC/listHM3.txt \
--ld-wind-cm 1.0 \
--out /home/chenweit/Desktop/pancreas_S_LDSC/annot/ldscores/pancreas_H3K27ac_ENCFF583QFI/pancreas_H3K27ac_ENCFF583QFI.15 \
--bfile /home/chenweit/Desktop/pancreas_S_LDSC/1000G_EUR_Phase3_plink/1000G.EUR.QC.15 \
--annot /home/chenweit/Desktop/pancreas_S_LDSC/annot/ldscores/pancreas_H3K27ac_ENCFF583QFI/pancreas_H3K27ac_ENCFF583QFI.15.annot.gz \
--l2  

Beginning analysis at Thu Sep 23 22:56:17 2021
Read list of 287001 SNPs from /home/chenweit/Desktop/pancreas_S_LDSC/1000G_EUR_Phase3_plink/1000G.EUR.QC.15.bim
Read 1 annotations for 287001 SNPs from /home/chenweit/Desktop/pancreas_S_LDSC/annot/ldscores/pancreas_H3K27ac_ENCFF583QFI/pancreas_H3K27ac_ENCFF583QFI.15.annot.gz
Read list of 489 individuals from /home/chenweit/Desktop/pancreas_S_LDSC/1000G_EUR_Phase3_plink/1000G.EUR.QC.15.fam
Reading genotypes from /home/chenweit/Desktop/pancreas_S_LDSC/1000G_EUR_Phase3_plink/1000G.EUR.QC.15.bed
After filtering, 287001 SNPs remain
Estimating LD Score.
Reading list of 1217311 SNPs for which to print LD Scores from /home/chenweit/Desktop/pancreas_S_LDSC/listHM3.txt
After merging with --print-snps, LD Scores for 35839 SNPs will be printed.
Writing LD Scores for 35839 SNPs to /home/chenweit/Desktop/pancreas_S_LDSC/annot/ldscores/pancreas_H3K27ac_ENCFF583QFI/pancreas_H3K27ac_ENCFF583QFI.15.l2.ldscore.gz

Summary of LD Scores in /home/chenweit/Desktop/pancreas_S_LDSC/annot/ldscores/pancreas_H3K27ac_ENCFF583QFI/pancreas_H3K27ac_ENCFF583QFI.15.l2.ldscore.gz
         MAF       L2
mean  0.2379   0.9468
std   0.1441   1.7713
min   0.0051  -0.1211
25%   0.1104   0.0127
50%   0.2270   0.1736
75%   0.3640   1.1428
max   0.5000  20.8190

MAF/LD Score Correlation Matrix
        MAF      L2
MAF  1.0000  0.0678
L2   0.0678  1.0000

Annotation Correlation Matrix
       ANNOT
ANNOT    1.0

Annotation Matrix Column Sums
ANNOT    2554

Summary of Annotation Matrix Row Sums
count    287001.0000
mean          0.0089
std           0.0939
min           0.0000
25%           0.0000
50%           0.0000
75%           0.0000
max           1.0000
Analysis finished at Thu Sep 23 22:57:46 2021
Total time elapsed: 1.0m:28.91s
16
Make ldsc-friendly annotation files for pancreas_H3K27ac_ENCFF583QFI.bed
LDSC annotation file saved at:  /home/chenweit/Desktop/pancreas_S_LDSC/annot/ldscores/pancreas_H3K27ac_ENCFF583QFI/pancreas_H3K27ac_ENCFF583QFI.16.annot.gz 
Computing LD scores with the annot file pancreas_H3K27ac_ENCFF583QFI.16.annot.gz
*********************************************************************
* LD Score Regression (LDSC)
* Version 1.0.1
* (C) 2014-2019 Brendan Bulik-Sullivan and Hilary Finucane
* Broad Institute of MIT and Harvard / MIT Department of Mathematics
* GNU General Public License v3
*********************************************************************
Call: 
./ldsc.py \
--print-snps /home/chenweit/Desktop/pancreas_S_LDSC/listHM3.txt \
--ld-wind-cm 1.0 \
--out /home/chenweit/Desktop/pancreas_S_LDSC/annot/ldscores/pancreas_H3K27ac_ENCFF583QFI/pancreas_H3K27ac_ENCFF583QFI.16 \
--bfile /home/chenweit/Desktop/pancreas_S_LDSC/1000G_EUR_Phase3_plink/1000G.EUR.QC.16 \
--annot /home/chenweit/Desktop/pancreas_S_LDSC/annot/ldscores/pancreas_H3K27ac_ENCFF583QFI/pancreas_H3K27ac_ENCFF583QFI.16.annot.gz \
--l2  

Beginning analysis at Thu Sep 23 22:57:53 2021
Read list of 316981 SNPs from /home/chenweit/Desktop/pancreas_S_LDSC/1000G_EUR_Phase3_plink/1000G.EUR.QC.16.bim
Read 1 annotations for 316981 SNPs from /home/chenweit/Desktop/pancreas_S_LDSC/annot/ldscores/pancreas_H3K27ac_ENCFF583QFI/pancreas_H3K27ac_ENCFF583QFI.16.annot.gz
Read list of 489 individuals from /home/chenweit/Desktop/pancreas_S_LDSC/1000G_EUR_Phase3_plink/1000G.EUR.QC.16.fam
Reading genotypes from /home/chenweit/Desktop/pancreas_S_LDSC/1000G_EUR_Phase3_plink/1000G.EUR.QC.16.bed
After filtering, 316981 SNPs remain
Estimating LD Score.
Reading list of 1217311 SNPs for which to print LD Scores from /home/chenweit/Desktop/pancreas_S_LDSC/listHM3.txt
After merging with --print-snps, LD Scores for 36526 SNPs will be printed.
Writing LD Scores for 36526 SNPs to /home/chenweit/Desktop/pancreas_S_LDSC/annot/ldscores/pancreas_H3K27ac_ENCFF583QFI/pancreas_H3K27ac_ENCFF583QFI.16.l2.ldscore.gz

Summary of LD Scores in /home/chenweit/Desktop/pancreas_S_LDSC/annot/ldscores/pancreas_H3K27ac_ENCFF583QFI/pancreas_H3K27ac_ENCFF583QFI.16.l2.ldscore.gz
         MAF       L2
mean  0.2389   0.9166
std   0.1426   1.9457
min   0.0051  -0.1620
25%   0.1145   0.0000
50%   0.2311   0.0485
75%   0.3599   0.8394
max   0.5000  23.3308

MAF/LD Score Correlation Matrix
       MAF     L2
MAF  1.000  0.006
L2   0.006  1.000

Annotation Correlation Matrix
       ANNOT
ANNOT    1.0

Annotation Matrix Column Sums
ANNOT    2971

Summary of Annotation Matrix Row Sums
count    316981.0000
mean          0.0094
std           0.0964
min           0.0000
25%           0.0000
50%           0.0000
75%           0.0000
max           1.0000
Analysis finished at Thu Sep 23 22:59:31 2021
Total time elapsed: 1.0m:37.74s
17
Make ldsc-friendly annotation files for pancreas_H3K27ac_ENCFF583QFI.bed
LDSC annotation file saved at:  /home/chenweit/Desktop/pancreas_S_LDSC/annot/ldscores/pancreas_H3K27ac_ENCFF583QFI/pancreas_H3K27ac_ENCFF583QFI.17.annot.gz 
Computing LD scores with the annot file pancreas_H3K27ac_ENCFF583QFI.17.annot.gz
*********************************************************************
* LD Score Regression (LDSC)
* Version 1.0.1
* (C) 2014-2019 Brendan Bulik-Sullivan and Hilary Finucane
* Broad Institute of MIT and Harvard / MIT Department of Mathematics
* GNU General Public License v3
*********************************************************************
Call: 
./ldsc.py \
--print-snps /home/chenweit/Desktop/pancreas_S_LDSC/listHM3.txt \
--ld-wind-cm 1.0 \
--out /home/chenweit/Desktop/pancreas_S_LDSC/annot/ldscores/pancreas_H3K27ac_ENCFF583QFI/pancreas_H3K27ac_ENCFF583QFI.17 \
--bfile /home/chenweit/Desktop/pancreas_S_LDSC/1000G_EUR_Phase3_plink/1000G.EUR.QC.17 \
--annot /home/chenweit/Desktop/pancreas_S_LDSC/annot/ldscores/pancreas_H3K27ac_ENCFF583QFI/pancreas_H3K27ac_ENCFF583QFI.17.annot.gz \
--l2  

Beginning analysis at Thu Sep 23 22:59:38 2021
Read list of 269222 SNPs from /home/chenweit/Desktop/pancreas_S_LDSC/1000G_EUR_Phase3_plink/1000G.EUR.QC.17.bim
Read 1 annotations for 269222 SNPs from /home/chenweit/Desktop/pancreas_S_LDSC/annot/ldscores/pancreas_H3K27ac_ENCFF583QFI/pancreas_H3K27ac_ENCFF583QFI.17.annot.gz
Read list of 489 individuals from /home/chenweit/Desktop/pancreas_S_LDSC/1000G_EUR_Phase3_plink/1000G.EUR.QC.17.fam
Reading genotypes from /home/chenweit/Desktop/pancreas_S_LDSC/1000G_EUR_Phase3_plink/1000G.EUR.QC.17.bed
After filtering, 269222 SNPs remain
Estimating LD Score.
Reading list of 1217311 SNPs for which to print LD Scores from /home/chenweit/Desktop/pancreas_S_LDSC/listHM3.txt
After merging with --print-snps, LD Scores for 32218 SNPs will be printed.
Writing LD Scores for 32218 SNPs to /home/chenweit/Desktop/pancreas_S_LDSC/annot/ldscores/pancreas_H3K27ac_ENCFF583QFI/pancreas_H3K27ac_ENCFF583QFI.17.l2.ldscore.gz

Summary of LD Scores in /home/chenweit/Desktop/pancreas_S_LDSC/annot/ldscores/pancreas_H3K27ac_ENCFF583QFI/pancreas_H3K27ac_ENCFF583QFI.17.l2.ldscore.gz
         MAF       L2
mean  0.2428   1.4331
std   0.1444   2.6015
min   0.0051  -0.1579
25%   0.1145   0.0203
50%   0.2352   0.2648
75%   0.3681   1.7055
max   0.5000  29.6458

MAF/LD Score Correlation Matrix
        MAF      L2
MAF  1.0000  0.1305
L2   0.1305  1.0000

Annotation Correlation Matrix
       ANNOT
ANNOT    1.0

Annotation Matrix Column Sums
ANNOT    4183

Summary of Annotation Matrix Row Sums
count    269222.0000
mean          0.0155
std           0.1237
min           0.0000
25%           0.0000
50%           0.0000
75%           0.0000
max           1.0000
Analysis finished at Thu Sep 23 23:00:57 2021
Total time elapsed: 1.0m:18.45s
18
Make ldsc-friendly annotation files for pancreas_H3K27ac_ENCFF583QFI.bed
LDSC annotation file saved at:  /home/chenweit/Desktop/pancreas_S_LDSC/annot/ldscores/pancreas_H3K27ac_ENCFF583QFI/pancreas_H3K27ac_ENCFF583QFI.18.annot.gz 
Computing LD scores with the annot file pancreas_H3K27ac_ENCFF583QFI.18.annot.gz
*********************************************************************
* LD Score Regression (LDSC)
* Version 1.0.1
* (C) 2014-2019 Brendan Bulik-Sullivan and Hilary Finucane
* Broad Institute of MIT and Harvard / MIT Department of Mathematics
* GNU General Public License v3
*********************************************************************
Call: 
./ldsc.py \
--print-snps /home/chenweit/Desktop/pancreas_S_LDSC/listHM3.txt \
--ld-wind-cm 1.0 \
--out /home/chenweit/Desktop/pancreas_S_LDSC/annot/ldscores/pancreas_H3K27ac_ENCFF583QFI/pancreas_H3K27ac_ENCFF583QFI.18 \
--bfile /home/chenweit/Desktop/pancreas_S_LDSC/1000G_EUR_Phase3_plink/1000G.EUR.QC.18 \
--annot /home/chenweit/Desktop/pancreas_S_LDSC/annot/ldscores/pancreas_H3K27ac_ENCFF583QFI/pancreas_H3K27ac_ENCFF583QFI.18.annot.gz \
--l2  

Beginning analysis at Thu Sep 23 23:01:04 2021
Read list of 285156 SNPs from /home/chenweit/Desktop/pancreas_S_LDSC/1000G_EUR_Phase3_plink/1000G.EUR.QC.18.bim
Read 1 annotations for 285156 SNPs from /home/chenweit/Desktop/pancreas_S_LDSC/annot/ldscores/pancreas_H3K27ac_ENCFF583QFI/pancreas_H3K27ac_ENCFF583QFI.18.annot.gz
Read list of 489 individuals from /home/chenweit/Desktop/pancreas_S_LDSC/1000G_EUR_Phase3_plink/1000G.EUR.QC.18.fam
Reading genotypes from /home/chenweit/Desktop/pancreas_S_LDSC/1000G_EUR_Phase3_plink/1000G.EUR.QC.18.bed
After filtering, 285156 SNPs remain
Estimating LD Score.
Reading list of 1217311 SNPs for which to print LD Scores from /home/chenweit/Desktop/pancreas_S_LDSC/listHM3.txt
After merging with --print-snps, LD Scores for 35513 SNPs will be printed.
Writing LD Scores for 35513 SNPs to /home/chenweit/Desktop/pancreas_S_LDSC/annot/ldscores/pancreas_H3K27ac_ENCFF583QFI/pancreas_H3K27ac_ENCFF583QFI.18.l2.ldscore.gz

Summary of LD Scores in /home/chenweit/Desktop/pancreas_S_LDSC/annot/ldscores/pancreas_H3K27ac_ENCFF583QFI/pancreas_H3K27ac_ENCFF583QFI.18.l2.ldscore.gz
         MAF       L2
mean  0.2364   0.4348
std   0.1423   1.1511
min   0.0051  -0.0862
25%   0.1115   0.0000
50%   0.2260   0.0321
75%   0.3569   0.3304
max   0.5000  27.6280

MAF/LD Score Correlation Matrix
        MAF      L2
MAF  1.0000  0.0123
L2   0.0123  1.0000

Annotation Correlation Matrix
       ANNOT
ANNOT    1.0

Annotation Matrix Column Sums
ANNOT    1421

Summary of Annotation Matrix Row Sums
count    285156.0000
mean          0.0050
std           0.0704
min           0.0000
25%           0.0000
50%           0.0000
75%           0.0000
max           1.0000
Analysis finished at Thu Sep 23 23:02:22 2021
Total time elapsed: 1.0m:18.48s
19
Make ldsc-friendly annotation files for pancreas_H3K27ac_ENCFF583QFI.bed
LDSC annotation file saved at:  /home/chenweit/Desktop/pancreas_S_LDSC/annot/ldscores/pancreas_H3K27ac_ENCFF583QFI/pancreas_H3K27ac_ENCFF583QFI.19.annot.gz 
Computing LD scores with the annot file pancreas_H3K27ac_ENCFF583QFI.19.annot.gz
*********************************************************************
* LD Score Regression (LDSC)
* Version 1.0.1
* (C) 2014-2019 Brendan Bulik-Sullivan and Hilary Finucane
* Broad Institute of MIT and Harvard / MIT Department of Mathematics
* GNU General Public License v3
*********************************************************************
Call: 
./ldsc.py \
--print-snps /home/chenweit/Desktop/pancreas_S_LDSC/listHM3.txt \
--ld-wind-cm 1.0 \
--out /home/chenweit/Desktop/pancreas_S_LDSC/annot/ldscores/pancreas_H3K27ac_ENCFF583QFI/pancreas_H3K27ac_ENCFF583QFI.19 \
--bfile /home/chenweit/Desktop/pancreas_S_LDSC/1000G_EUR_Phase3_plink/1000G.EUR.QC.19 \
--annot /home/chenweit/Desktop/pancreas_S_LDSC/annot/ldscores/pancreas_H3K27ac_ENCFF583QFI/pancreas_H3K27ac_ENCFF583QFI.19.annot.gz \
--l2  

Beginning analysis at Thu Sep 23 23:02:28 2021
Read list of 232363 SNPs from /home/chenweit/Desktop/pancreas_S_LDSC/1000G_EUR_Phase3_plink/1000G.EUR.QC.19.bim
Read 1 annotations for 232363 SNPs from /home/chenweit/Desktop/pancreas_S_LDSC/annot/ldscores/pancreas_H3K27ac_ENCFF583QFI/pancreas_H3K27ac_ENCFF583QFI.19.annot.gz
Read list of 489 individuals from /home/chenweit/Desktop/pancreas_S_LDSC/1000G_EUR_Phase3_plink/1000G.EUR.QC.19.fam
Reading genotypes from /home/chenweit/Desktop/pancreas_S_LDSC/1000G_EUR_Phase3_plink/1000G.EUR.QC.19.bed
After filtering, 232363 SNPs remain
Estimating LD Score.
Reading list of 1217311 SNPs for which to print LD Scores from /home/chenweit/Desktop/pancreas_S_LDSC/listHM3.txt
After merging with --print-snps, LD Scores for 22509 SNPs will be printed.
Writing LD Scores for 22509 SNPs to /home/chenweit/Desktop/pancreas_S_LDSC/annot/ldscores/pancreas_H3K27ac_ENCFF583QFI/pancreas_H3K27ac_ENCFF583QFI.19.l2.ldscore.gz

Summary of LD Scores in /home/chenweit/Desktop/pancreas_S_LDSC/annot/ldscores/pancreas_H3K27ac_ENCFF583QFI/pancreas_H3K27ac_ENCFF583QFI.19.l2.ldscore.gz
         MAF       L2
mean  0.2384   1.4914
std   0.1420   2.1613
min   0.0051  -0.1479
25%   0.1145   0.1323
50%   0.2342   0.6224
75%   0.3569   1.9615
max   0.5000  28.1895

MAF/LD Score Correlation Matrix
        MAF      L2
MAF  1.0000  0.0754
L2   0.0754  1.0000

Annotation Correlation Matrix
       ANNOT
ANNOT    1.0

Annotation Matrix Column Sums
ANNOT    4282

Summary of Annotation Matrix Row Sums
count    232363.0000
mean          0.0184
std           0.1345
min           0.0000
25%           0.0000
50%           0.0000
75%           0.0000
max           1.0000
Analysis finished at Thu Sep 23 23:03:52 2021
Total time elapsed: 1.0m:23.61s
20
Make ldsc-friendly annotation files for pancreas_H3K27ac_ENCFF583QFI.bed
LDSC annotation file saved at:  /home/chenweit/Desktop/pancreas_S_LDSC/annot/ldscores/pancreas_H3K27ac_ENCFF583QFI/pancreas_H3K27ac_ENCFF583QFI.20.annot.gz 
Computing LD scores with the annot file pancreas_H3K27ac_ENCFF583QFI.20.annot.gz
*********************************************************************
* LD Score Regression (LDSC)
* Version 1.0.1
* (C) 2014-2019 Brendan Bulik-Sullivan and Hilary Finucane
* Broad Institute of MIT and Harvard / MIT Department of Mathematics
* GNU General Public License v3
*********************************************************************
Call: 
./ldsc.py \
--print-snps /home/chenweit/Desktop/pancreas_S_LDSC/listHM3.txt \
--ld-wind-cm 1.0 \
--out /home/chenweit/Desktop/pancreas_S_LDSC/annot/ldscores/pancreas_H3K27ac_ENCFF583QFI/pancreas_H3K27ac_ENCFF583QFI.20 \
--bfile /home/chenweit/Desktop/pancreas_S_LDSC/1000G_EUR_Phase3_plink/1000G.EUR.QC.20 \
--annot /home/chenweit/Desktop/pancreas_S_LDSC/annot/ldscores/pancreas_H3K27ac_ENCFF583QFI/pancreas_H3K27ac_ENCFF583QFI.20.annot.gz \
--l2  

Beginning analysis at Thu Sep 23 23:03:57 2021
Read list of 221626 SNPs from /home/chenweit/Desktop/pancreas_S_LDSC/1000G_EUR_Phase3_plink/1000G.EUR.QC.20.bim
Read 1 annotations for 221626 SNPs from /home/chenweit/Desktop/pancreas_S_LDSC/annot/ldscores/pancreas_H3K27ac_ENCFF583QFI/pancreas_H3K27ac_ENCFF583QFI.20.annot.gz
Read list of 489 individuals from /home/chenweit/Desktop/pancreas_S_LDSC/1000G_EUR_Phase3_plink/1000G.EUR.QC.20.fam
Reading genotypes from /home/chenweit/Desktop/pancreas_S_LDSC/1000G_EUR_Phase3_plink/1000G.EUR.QC.20.bed
After filtering, 221626 SNPs remain
Estimating LD Score.
Reading list of 1217311 SNPs for which to print LD Scores from /home/chenweit/Desktop/pancreas_S_LDSC/listHM3.txt
After merging with --print-snps, LD Scores for 31101 SNPs will be printed.
Writing LD Scores for 31101 SNPs to /home/chenweit/Desktop/pancreas_S_LDSC/annot/ldscores/pancreas_H3K27ac_ENCFF583QFI/pancreas_H3K27ac_ENCFF583QFI.20.l2.ldscore.gz

Summary of LD Scores in /home/chenweit/Desktop/pancreas_S_LDSC/annot/ldscores/pancreas_H3K27ac_ENCFF583QFI/pancreas_H3K27ac_ENCFF583QFI.20.l2.ldscore.gz
         MAF       L2
mean  0.2344   0.7608
std   0.1427   1.7635
min   0.0051  -0.0734
25%   0.1074   0.0056
50%   0.2229   0.0822
75%   0.3558   0.5975
max   0.5000  17.9278

MAF/LD Score Correlation Matrix
        MAF      L2
MAF  1.0000  0.0351
L2   0.0351  1.0000

Annotation Correlation Matrix
       ANNOT
ANNOT    1.0

Annotation Matrix Column Sums
ANNOT    1870

Summary of Annotation Matrix Row Sums
count    221626.0000
mean          0.0084
std           0.0915
min           0.0000
25%           0.0000
50%           0.0000
75%           0.0000
max           1.0000
Analysis finished at Thu Sep 23 23:05:02 2021
Total time elapsed: 1.0m:5.19s
21
Make ldsc-friendly annotation files for pancreas_H3K27ac_ENCFF583QFI.bed
LDSC annotation file saved at:  /home/chenweit/Desktop/pancreas_S_LDSC/annot/ldscores/pancreas_H3K27ac_ENCFF583QFI/pancreas_H3K27ac_ENCFF583QFI.21.annot.gz 
Computing LD scores with the annot file pancreas_H3K27ac_ENCFF583QFI.21.annot.gz
*********************************************************************
* LD Score Regression (LDSC)
* Version 1.0.1
* (C) 2014-2019 Brendan Bulik-Sullivan and Hilary Finucane
* Broad Institute of MIT and Harvard / MIT Department of Mathematics
* GNU General Public License v3
*********************************************************************
Call: 
./ldsc.py \
--print-snps /home/chenweit/Desktop/pancreas_S_LDSC/listHM3.txt \
--ld-wind-cm 1.0 \
--out /home/chenweit/Desktop/pancreas_S_LDSC/annot/ldscores/pancreas_H3K27ac_ENCFF583QFI/pancreas_H3K27ac_ENCFF583QFI.21 \
--bfile /home/chenweit/Desktop/pancreas_S_LDSC/1000G_EUR_Phase3_plink/1000G.EUR.QC.21 \
--annot /home/chenweit/Desktop/pancreas_S_LDSC/annot/ldscores/pancreas_H3K27ac_ENCFF583QFI/pancreas_H3K27ac_ENCFF583QFI.21.annot.gz \
--l2  

Beginning analysis at Thu Sep 23 23:05:07 2021
Read list of 138712 SNPs from /home/chenweit/Desktop/pancreas_S_LDSC/1000G_EUR_Phase3_plink/1000G.EUR.QC.21.bim
Read 1 annotations for 138712 SNPs from /home/chenweit/Desktop/pancreas_S_LDSC/annot/ldscores/pancreas_H3K27ac_ENCFF583QFI/pancreas_H3K27ac_ENCFF583QFI.21.annot.gz
Read list of 489 individuals from /home/chenweit/Desktop/pancreas_S_LDSC/1000G_EUR_Phase3_plink/1000G.EUR.QC.21.fam
Reading genotypes from /home/chenweit/Desktop/pancreas_S_LDSC/1000G_EUR_Phase3_plink/1000G.EUR.QC.21.bed
After filtering, 138712 SNPs remain
Estimating LD Score.
Reading list of 1217311 SNPs for which to print LD Scores from /home/chenweit/Desktop/pancreas_S_LDSC/listHM3.txt
After merging with --print-snps, LD Scores for 17040 SNPs will be printed.
Writing LD Scores for 17040 SNPs to /home/chenweit/Desktop/pancreas_S_LDSC/annot/ldscores/pancreas_H3K27ac_ENCFF583QFI/pancreas_H3K27ac_ENCFF583QFI.21.l2.ldscore.gz

Summary of LD Scores in /home/chenweit/Desktop/pancreas_S_LDSC/annot/ldscores/pancreas_H3K27ac_ENCFF583QFI/pancreas_H3K27ac_ENCFF583QFI.21.l2.ldscore.gz
         MAF       L2
mean  0.2420   0.6447
std   0.1414   1.6019
min   0.0051  -0.0776
25%   0.1186   0.0000
50%   0.2321   0.0379
75%   0.3650   0.5273
max   0.5000  17.5244

MAF/LD Score Correlation Matrix
        MAF      L2
MAF  1.0000  0.0895
L2   0.0895  1.0000

Annotation Correlation Matrix
       ANNOT
ANNOT    1.0

Annotation Matrix Column Sums
ANNOT    969

Summary of Annotation Matrix Row Sums
count    138712.0000
mean          0.0070
std           0.0833
min           0.0000
25%           0.0000
50%           0.0000
75%           0.0000
max           1.0000
Analysis finished at Thu Sep 23 23:05:41 2021
Total time elapsed: 33.76s
22
Make ldsc-friendly annotation files for pancreas_H3K27ac_ENCFF583QFI.bed
LDSC annotation file saved at:  /home/chenweit/Desktop/pancreas_S_LDSC/annot/ldscores/pancreas_H3K27ac_ENCFF583QFI/pancreas_H3K27ac_ENCFF583QFI.22.annot.gz 
Computing LD scores with the annot file pancreas_H3K27ac_ENCFF583QFI.22.annot.gz
*********************************************************************
* LD Score Regression (LDSC)
* Version 1.0.1
* (C) 2014-2019 Brendan Bulik-Sullivan and Hilary Finucane
* Broad Institute of MIT and Harvard / MIT Department of Mathematics
* GNU General Public License v3
*********************************************************************
Call: 
./ldsc.py \
--print-snps /home/chenweit/Desktop/pancreas_S_LDSC/listHM3.txt \
--ld-wind-cm 1.0 \
--out /home/chenweit/Desktop/pancreas_S_LDSC/annot/ldscores/pancreas_H3K27ac_ENCFF583QFI/pancreas_H3K27ac_ENCFF583QFI.22 \
--bfile /home/chenweit/Desktop/pancreas_S_LDSC/1000G_EUR_Phase3_plink/1000G.EUR.QC.22 \
--annot /home/chenweit/Desktop/pancreas_S_LDSC/annot/ldscores/pancreas_H3K27ac_ENCFF583QFI/pancreas_H3K27ac_ENCFF583QFI.22.annot.gz \
--l2  

Beginning analysis at Thu Sep 23 23:05:45 2021
Read list of 141123 SNPs from /home/chenweit/Desktop/pancreas_S_LDSC/1000G_EUR_Phase3_plink/1000G.EUR.QC.22.bim
Read 1 annotations for 141123 SNPs from /home/chenweit/Desktop/pancreas_S_LDSC/annot/ldscores/pancreas_H3K27ac_ENCFF583QFI/pancreas_H3K27ac_ENCFF583QFI.22.annot.gz
Read list of 489 individuals from /home/chenweit/Desktop/pancreas_S_LDSC/1000G_EUR_Phase3_plink/1000G.EUR.QC.22.fam
Reading genotypes from /home/chenweit/Desktop/pancreas_S_LDSC/1000G_EUR_Phase3_plink/1000G.EUR.QC.22.bed
After filtering, 141123 SNPs remain
Estimating LD Score.
Reading list of 1217311 SNPs for which to print LD Scores from /home/chenweit/Desktop/pancreas_S_LDSC/listHM3.txt
After merging with --print-snps, LD Scores for 17489 SNPs will be printed.
Writing LD Scores for 17489 SNPs to /home/chenweit/Desktop/pancreas_S_LDSC/annot/ldscores/pancreas_H3K27ac_ENCFF583QFI/pancreas_H3K27ac_ENCFF583QFI.22.l2.ldscore.gz

Summary of LD Scores in /home/chenweit/Desktop/pancreas_S_LDSC/annot/ldscores/pancreas_H3K27ac_ENCFF583QFI/pancreas_H3K27ac_ENCFF583QFI.22.l2.ldscore.gz
         MAF       L2
mean  0.2366   1.7026
std   0.1435   4.8691
min   0.0051  -0.1851
25%   0.1094   0.0182
50%   0.2280   0.2653
75%   0.3579   1.5131
max   0.5000  62.8526

MAF/LD Score Correlation Matrix
        MAF      L2
MAF  1.0000  0.0945
L2   0.0945  1.0000

Annotation Correlation Matrix
       ANNOT
ANNOT    1.0

Annotation Matrix Column Sums
ANNOT    2138

Summary of Annotation Matrix Row Sums
count    141123.0000
mean          0.0151
std           0.1221
min           0.0000
25%           0.0000
50%           0.0000
75%           0.0000
max           1.0000
Analysis finished at Thu Sep 23 23:06:25 2021
Total time elapsed: 39.76s
