prefix_annot: liver_H3K4me3_ENCFF445TVA
1
Make ldsc-friendly annotation files for liver_H3K4me3_ENCFF445TVA.bed
LDSC annotation file saved at:  /home/chenweit/Desktop/pancreas_S_LDSC/annot/ldscores/liver_H3K4me3_ENCFF445TVA/liver_H3K4me3_ENCFF445TVA.1.annot.gz 
Computing LD scores with the annot file liver_H3K4me3_ENCFF445TVA.1.annot.gz
*********************************************************************
* LD Score Regression (LDSC)
* Version 1.0.1
* (C) 2014-2019 Brendan Bulik-Sullivan and Hilary Finucane
* Broad Institute of MIT and Harvard / MIT Department of Mathematics
* GNU General Public License v3
*********************************************************************
Call: 
./ldsc.py \
--print-snps /home/chenweit/Desktop/pancreas_S_LDSC/listHM3.txt \
--ld-wind-cm 1.0 \
--out /home/chenweit/Desktop/pancreas_S_LDSC/annot/ldscores/liver_H3K4me3_ENCFF445TVA/liver_H3K4me3_ENCFF445TVA.1 \
--bfile /home/chenweit/Desktop/pancreas_S_LDSC/1000G_EUR_Phase3_plink/1000G.EUR.QC.1 \
--annot /home/chenweit/Desktop/pancreas_S_LDSC/annot/ldscores/liver_H3K4me3_ENCFF445TVA/liver_H3K4me3_ENCFF445TVA.1.annot.gz \
--l2  

Beginning analysis at Thu Sep 23 22:00:57 2021
Read list of 779354 SNPs from /home/chenweit/Desktop/pancreas_S_LDSC/1000G_EUR_Phase3_plink/1000G.EUR.QC.1.bim
Read 1 annotations for 779354 SNPs from /home/chenweit/Desktop/pancreas_S_LDSC/annot/ldscores/liver_H3K4me3_ENCFF445TVA/liver_H3K4me3_ENCFF445TVA.1.annot.gz
Read list of 489 individuals from /home/chenweit/Desktop/pancreas_S_LDSC/1000G_EUR_Phase3_plink/1000G.EUR.QC.1.fam
Reading genotypes from /home/chenweit/Desktop/pancreas_S_LDSC/1000G_EUR_Phase3_plink/1000G.EUR.QC.1.bed
After filtering, 779354 SNPs remain
Estimating LD Score.
Reading list of 1217311 SNPs for which to print LD Scores from /home/chenweit/Desktop/pancreas_S_LDSC/listHM3.txt
After merging with --print-snps, LD Scores for 98642 SNPs will be printed.
Writing LD Scores for 98642 SNPs to /home/chenweit/Desktop/pancreas_S_LDSC/annot/ldscores/liver_H3K4me3_ENCFF445TVA/liver_H3K4me3_ENCFF445TVA.1.l2.ldscore.gz

Summary of LD Scores in /home/chenweit/Desktop/pancreas_S_LDSC/annot/ldscores/liver_H3K4me3_ENCFF445TVA/liver_H3K4me3_ENCFF445TVA.1.l2.ldscore.gz
         MAF       L2
mean  0.2346   1.2422
std   0.1432   2.1218
min   0.0051  -0.1720
25%   0.1084   0.0700
50%   0.2239   0.3612
75%   0.3558   1.4787
max   0.5000  27.3520

MAF/LD Score Correlation Matrix
        MAF      L2
MAF  1.0000  0.0642
L2   0.0642  1.0000

Annotation Correlation Matrix
       ANNOT
ANNOT    1.0

Annotation Matrix Column Sums
ANNOT    8179

Summary of Annotation Matrix Row Sums
count    779354.0000
mean          0.0105
std           0.1019
min           0.0000
25%           0.0000
50%           0.0000
75%           0.0000
max           1.0000
Analysis finished at Thu Sep 23 22:05:33 2021
Total time elapsed: 4.0m:35.78s
2
Make ldsc-friendly annotation files for liver_H3K4me3_ENCFF445TVA.bed
LDSC annotation file saved at:  /home/chenweit/Desktop/pancreas_S_LDSC/annot/ldscores/liver_H3K4me3_ENCFF445TVA/liver_H3K4me3_ENCFF445TVA.2.annot.gz 
Computing LD scores with the annot file liver_H3K4me3_ENCFF445TVA.2.annot.gz
*********************************************************************
* LD Score Regression (LDSC)
* Version 1.0.1
* (C) 2014-2019 Brendan Bulik-Sullivan and Hilary Finucane
* Broad Institute of MIT and Harvard / MIT Department of Mathematics
* GNU General Public License v3
*********************************************************************
Call: 
./ldsc.py \
--print-snps /home/chenweit/Desktop/pancreas_S_LDSC/listHM3.txt \
--ld-wind-cm 1.0 \
--out /home/chenweit/Desktop/pancreas_S_LDSC/annot/ldscores/liver_H3K4me3_ENCFF445TVA/liver_H3K4me3_ENCFF445TVA.2 \
--bfile /home/chenweit/Desktop/pancreas_S_LDSC/1000G_EUR_Phase3_plink/1000G.EUR.QC.2 \
--annot /home/chenweit/Desktop/pancreas_S_LDSC/annot/ldscores/liver_H3K4me3_ENCFF445TVA/liver_H3K4me3_ENCFF445TVA.2.annot.gz \
--l2  

Beginning analysis at Thu Sep 23 22:05:49 2021
Read list of 839590 SNPs from /home/chenweit/Desktop/pancreas_S_LDSC/1000G_EUR_Phase3_plink/1000G.EUR.QC.2.bim
Read 1 annotations for 839590 SNPs from /home/chenweit/Desktop/pancreas_S_LDSC/annot/ldscores/liver_H3K4me3_ENCFF445TVA/liver_H3K4me3_ENCFF445TVA.2.annot.gz
Read list of 489 individuals from /home/chenweit/Desktop/pancreas_S_LDSC/1000G_EUR_Phase3_plink/1000G.EUR.QC.2.fam
Reading genotypes from /home/chenweit/Desktop/pancreas_S_LDSC/1000G_EUR_Phase3_plink/1000G.EUR.QC.2.bed
After filtering, 839590 SNPs remain
Estimating LD Score.
Reading list of 1217311 SNPs for which to print LD Scores from /home/chenweit/Desktop/pancreas_S_LDSC/listHM3.txt
After merging with --print-snps, LD Scores for 99735 SNPs will be printed.
Writing LD Scores for 99735 SNPs to /home/chenweit/Desktop/pancreas_S_LDSC/annot/ldscores/liver_H3K4me3_ENCFF445TVA/liver_H3K4me3_ENCFF445TVA.2.l2.ldscore.gz

Summary of LD Scores in /home/chenweit/Desktop/pancreas_S_LDSC/annot/ldscores/liver_H3K4me3_ENCFF445TVA/liver_H3K4me3_ENCFF445TVA.2.l2.ldscore.gz
         MAF       L2
mean  0.2384   1.0555
std   0.1431   1.8881
min   0.0051  -0.1260
25%   0.1125   0.0499
50%   0.2290   0.2563
75%   0.3620   1.1939
max   0.5000  22.1391

MAF/LD Score Correlation Matrix
        MAF      L2
MAF  1.0000  0.0914
L2   0.0914  1.0000

Annotation Correlation Matrix
       ANNOT
ANNOT    1.0

Annotation Matrix Column Sums
ANNOT    6448

Summary of Annotation Matrix Row Sums
count    839590.0000
mean          0.0077
std           0.0873
min           0.0000
25%           0.0000
50%           0.0000
75%           0.0000
max           1.0000
Analysis finished at Thu Sep 23 22:11:26 2021
Total time elapsed: 5.0m:36.67s
3
Make ldsc-friendly annotation files for liver_H3K4me3_ENCFF445TVA.bed
LDSC annotation file saved at:  /home/chenweit/Desktop/pancreas_S_LDSC/annot/ldscores/liver_H3K4me3_ENCFF445TVA/liver_H3K4me3_ENCFF445TVA.3.annot.gz 
Computing LD scores with the annot file liver_H3K4me3_ENCFF445TVA.3.annot.gz
*********************************************************************
* LD Score Regression (LDSC)
* Version 1.0.1
* (C) 2014-2019 Brendan Bulik-Sullivan and Hilary Finucane
* Broad Institute of MIT and Harvard / MIT Department of Mathematics
* GNU General Public License v3
*********************************************************************
Call: 
./ldsc.py \
--print-snps /home/chenweit/Desktop/pancreas_S_LDSC/listHM3.txt \
--ld-wind-cm 1.0 \
--out /home/chenweit/Desktop/pancreas_S_LDSC/annot/ldscores/liver_H3K4me3_ENCFF445TVA/liver_H3K4me3_ENCFF445TVA.3 \
--bfile /home/chenweit/Desktop/pancreas_S_LDSC/1000G_EUR_Phase3_plink/1000G.EUR.QC.3 \
--annot /home/chenweit/Desktop/pancreas_S_LDSC/annot/ldscores/liver_H3K4me3_ENCFF445TVA/liver_H3K4me3_ENCFF445TVA.3.annot.gz \
--l2  

Beginning analysis at Thu Sep 23 22:11:40 2021
Read list of 706350 SNPs from /home/chenweit/Desktop/pancreas_S_LDSC/1000G_EUR_Phase3_plink/1000G.EUR.QC.3.bim
Read 1 annotations for 706350 SNPs from /home/chenweit/Desktop/pancreas_S_LDSC/annot/ldscores/liver_H3K4me3_ENCFF445TVA/liver_H3K4me3_ENCFF445TVA.3.annot.gz
Read list of 489 individuals from /home/chenweit/Desktop/pancreas_S_LDSC/1000G_EUR_Phase3_plink/1000G.EUR.QC.3.fam
Reading genotypes from /home/chenweit/Desktop/pancreas_S_LDSC/1000G_EUR_Phase3_plink/1000G.EUR.QC.3.bed
After filtering, 706350 SNPs remain
Estimating LD Score.
Reading list of 1217311 SNPs for which to print LD Scores from /home/chenweit/Desktop/pancreas_S_LDSC/listHM3.txt
After merging with --print-snps, LD Scores for 83036 SNPs will be printed.
Writing LD Scores for 83036 SNPs to /home/chenweit/Desktop/pancreas_S_LDSC/annot/ldscores/liver_H3K4me3_ENCFF445TVA/liver_H3K4me3_ENCFF445TVA.3.l2.ldscore.gz

Summary of LD Scores in /home/chenweit/Desktop/pancreas_S_LDSC/annot/ldscores/liver_H3K4me3_ENCFF445TVA/liver_H3K4me3_ENCFF445TVA.3.l2.ldscore.gz
         MAF       L2
mean  0.2408   1.0967
std   0.1426   2.1286
min   0.0051  -0.2158
25%   0.1166   0.0505
50%   0.2321   0.2743
75%   0.3630   1.1664
max   0.5000  26.1736

MAF/LD Score Correlation Matrix
        MAF      L2
MAF  1.0000  0.0803
L2   0.0803  1.0000

Annotation Correlation Matrix
       ANNOT
ANNOT    1.0

Annotation Matrix Column Sums
ANNOT    5404

Summary of Annotation Matrix Row Sums
count    706350.0000
mean          0.0077
std           0.0871
min           0.0000
25%           0.0000
50%           0.0000
75%           0.0000
max           1.0000
Analysis finished at Thu Sep 23 22:17:07 2021
Total time elapsed: 5.0m:27.42s
4
Make ldsc-friendly annotation files for liver_H3K4me3_ENCFF445TVA.bed
LDSC annotation file saved at:  /home/chenweit/Desktop/pancreas_S_LDSC/annot/ldscores/liver_H3K4me3_ENCFF445TVA/liver_H3K4me3_ENCFF445TVA.4.annot.gz 
Computing LD scores with the annot file liver_H3K4me3_ENCFF445TVA.4.annot.gz
*********************************************************************
* LD Score Regression (LDSC)
* Version 1.0.1
* (C) 2014-2019 Brendan Bulik-Sullivan and Hilary Finucane
* Broad Institute of MIT and Harvard / MIT Department of Mathematics
* GNU General Public License v3
*********************************************************************
Call: 
./ldsc.py \
--print-snps /home/chenweit/Desktop/pancreas_S_LDSC/listHM3.txt \
--ld-wind-cm 1.0 \
--out /home/chenweit/Desktop/pancreas_S_LDSC/annot/ldscores/liver_H3K4me3_ENCFF445TVA/liver_H3K4me3_ENCFF445TVA.4 \
--bfile /home/chenweit/Desktop/pancreas_S_LDSC/1000G_EUR_Phase3_plink/1000G.EUR.QC.4 \
--annot /home/chenweit/Desktop/pancreas_S_LDSC/annot/ldscores/liver_H3K4me3_ENCFF445TVA/liver_H3K4me3_ENCFF445TVA.4.annot.gz \
--l2  

Beginning analysis at Thu Sep 23 22:17:22 2021
Read list of 729645 SNPs from /home/chenweit/Desktop/pancreas_S_LDSC/1000G_EUR_Phase3_plink/1000G.EUR.QC.4.bim
Read 1 annotations for 729645 SNPs from /home/chenweit/Desktop/pancreas_S_LDSC/annot/ldscores/liver_H3K4me3_ENCFF445TVA/liver_H3K4me3_ENCFF445TVA.4.annot.gz
Read list of 489 individuals from /home/chenweit/Desktop/pancreas_S_LDSC/1000G_EUR_Phase3_plink/1000G.EUR.QC.4.fam
Reading genotypes from /home/chenweit/Desktop/pancreas_S_LDSC/1000G_EUR_Phase3_plink/1000G.EUR.QC.4.bed
After filtering, 729645 SNPs remain
Estimating LD Score.
Reading list of 1217311 SNPs for which to print LD Scores from /home/chenweit/Desktop/pancreas_S_LDSC/listHM3.txt
After merging with --print-snps, LD Scores for 74924 SNPs will be printed.
Writing LD Scores for 74924 SNPs to /home/chenweit/Desktop/pancreas_S_LDSC/annot/ldscores/liver_H3K4me3_ENCFF445TVA/liver_H3K4me3_ENCFF445TVA.4.l2.ldscore.gz

Summary of LD Scores in /home/chenweit/Desktop/pancreas_S_LDSC/annot/ldscores/liver_H3K4me3_ENCFF445TVA/liver_H3K4me3_ENCFF445TVA.4.l2.ldscore.gz
         MAF       L2
mean  0.2375   0.9246
std   0.1422   2.2203
min   0.0051  -0.2080
25%   0.1125   0.0456
50%   0.2301   0.2086
75%   0.3579   0.9151
max   0.5000  52.2027

MAF/LD Score Correlation Matrix
        MAF      L2
MAF  1.0000  0.0624
L2   0.0624  1.0000

Annotation Correlation Matrix
       ANNOT
ANNOT    1.0

Annotation Matrix Column Sums
ANNOT    5236

Summary of Annotation Matrix Row Sums
count    729645.0000
mean          0.0072
std           0.0844
min           0.0000
25%           0.0000
50%           0.0000
75%           0.0000
max           1.0000
Analysis finished at Thu Sep 23 22:22:42 2021
Total time elapsed: 5.0m:19.99s
5
Make ldsc-friendly annotation files for liver_H3K4me3_ENCFF445TVA.bed
LDSC annotation file saved at:  /home/chenweit/Desktop/pancreas_S_LDSC/annot/ldscores/liver_H3K4me3_ENCFF445TVA/liver_H3K4me3_ENCFF445TVA.5.annot.gz 
Computing LD scores with the annot file liver_H3K4me3_ENCFF445TVA.5.annot.gz
*********************************************************************
* LD Score Regression (LDSC)
* Version 1.0.1
* (C) 2014-2019 Brendan Bulik-Sullivan and Hilary Finucane
* Broad Institute of MIT and Harvard / MIT Department of Mathematics
* GNU General Public License v3
*********************************************************************
Call: 
./ldsc.py \
--print-snps /home/chenweit/Desktop/pancreas_S_LDSC/listHM3.txt \
--ld-wind-cm 1.0 \
--out /home/chenweit/Desktop/pancreas_S_LDSC/annot/ldscores/liver_H3K4me3_ENCFF445TVA/liver_H3K4me3_ENCFF445TVA.5 \
--bfile /home/chenweit/Desktop/pancreas_S_LDSC/1000G_EUR_Phase3_plink/1000G.EUR.QC.5 \
--annot /home/chenweit/Desktop/pancreas_S_LDSC/annot/ldscores/liver_H3K4me3_ENCFF445TVA/liver_H3K4me3_ENCFF445TVA.5.annot.gz \
--l2  

Beginning analysis at Thu Sep 23 22:22:55 2021
Read list of 633015 SNPs from /home/chenweit/Desktop/pancreas_S_LDSC/1000G_EUR_Phase3_plink/1000G.EUR.QC.5.bim
Read 1 annotations for 633015 SNPs from /home/chenweit/Desktop/pancreas_S_LDSC/annot/ldscores/liver_H3K4me3_ENCFF445TVA/liver_H3K4me3_ENCFF445TVA.5.annot.gz
Read list of 489 individuals from /home/chenweit/Desktop/pancreas_S_LDSC/1000G_EUR_Phase3_plink/1000G.EUR.QC.5.fam
Reading genotypes from /home/chenweit/Desktop/pancreas_S_LDSC/1000G_EUR_Phase3_plink/1000G.EUR.QC.5.bed
After filtering, 633015 SNPs remain
Estimating LD Score.
Reading list of 1217311 SNPs for which to print LD Scores from /home/chenweit/Desktop/pancreas_S_LDSC/listHM3.txt
After merging with --print-snps, LD Scores for 75164 SNPs will be printed.
Writing LD Scores for 75164 SNPs to /home/chenweit/Desktop/pancreas_S_LDSC/annot/ldscores/liver_H3K4me3_ENCFF445TVA/liver_H3K4me3_ENCFF445TVA.5.l2.ldscore.gz

Summary of LD Scores in /home/chenweit/Desktop/pancreas_S_LDSC/annot/ldscores/liver_H3K4me3_ENCFF445TVA/liver_H3K4me3_ENCFF445TVA.5.l2.ldscore.gz
         MAF       L2
mean  0.2369   1.2546
std   0.1421   3.6015
min   0.0051  -0.3797
25%   0.1125   0.0550
50%   0.2280   0.2725
75%   0.3569   1.0982
max   0.5000  73.6822

MAF/LD Score Correlation Matrix
        MAF      L2
MAF  1.0000  0.0607
L2   0.0607  1.0000

Annotation Correlation Matrix
       ANNOT
ANNOT    1.0

Annotation Matrix Column Sums
ANNOT    5610

Summary of Annotation Matrix Row Sums
count    633015.0000
mean          0.0089
std           0.0937
min           0.0000
25%           0.0000
50%           0.0000
75%           0.0000
max           1.0000
Analysis finished at Thu Sep 23 22:27:32 2021
Total time elapsed: 4.0m:37.06s
6
Make ldsc-friendly annotation files for liver_H3K4me3_ENCFF445TVA.bed
LDSC annotation file saved at:  /home/chenweit/Desktop/pancreas_S_LDSC/annot/ldscores/liver_H3K4me3_ENCFF445TVA/liver_H3K4me3_ENCFF445TVA.6.annot.gz 
Computing LD scores with the annot file liver_H3K4me3_ENCFF445TVA.6.annot.gz
*********************************************************************
* LD Score Regression (LDSC)
* Version 1.0.1
* (C) 2014-2019 Brendan Bulik-Sullivan and Hilary Finucane
* Broad Institute of MIT and Harvard / MIT Department of Mathematics
* GNU General Public License v3
*********************************************************************
Call: 
./ldsc.py \
--print-snps /home/chenweit/Desktop/pancreas_S_LDSC/listHM3.txt \
--ld-wind-cm 1.0 \
--out /home/chenweit/Desktop/pancreas_S_LDSC/annot/ldscores/liver_H3K4me3_ENCFF445TVA/liver_H3K4me3_ENCFF445TVA.6 \
--bfile /home/chenweit/Desktop/pancreas_S_LDSC/1000G_EUR_Phase3_plink/1000G.EUR.QC.6 \
--annot /home/chenweit/Desktop/pancreas_S_LDSC/annot/ldscores/liver_H3K4me3_ENCFF445TVA/liver_H3K4me3_ENCFF445TVA.6.annot.gz \
--l2  

Beginning analysis at Thu Sep 23 22:27:45 2021
Read list of 664016 SNPs from /home/chenweit/Desktop/pancreas_S_LDSC/1000G_EUR_Phase3_plink/1000G.EUR.QC.6.bim
Read 1 annotations for 664016 SNPs from /home/chenweit/Desktop/pancreas_S_LDSC/annot/ldscores/liver_H3K4me3_ENCFF445TVA/liver_H3K4me3_ENCFF445TVA.6.annot.gz
Read list of 489 individuals from /home/chenweit/Desktop/pancreas_S_LDSC/1000G_EUR_Phase3_plink/1000G.EUR.QC.6.fam
Reading genotypes from /home/chenweit/Desktop/pancreas_S_LDSC/1000G_EUR_Phase3_plink/1000G.EUR.QC.6.bed
After filtering, 664016 SNPs remain
Estimating LD Score.
Reading list of 1217311 SNPs for which to print LD Scores from /home/chenweit/Desktop/pancreas_S_LDSC/listHM3.txt
After merging with --print-snps, LD Scores for 75358 SNPs will be printed.
Writing LD Scores for 75358 SNPs to /home/chenweit/Desktop/pancreas_S_LDSC/annot/ldscores/liver_H3K4me3_ENCFF445TVA/liver_H3K4me3_ENCFF445TVA.6.l2.ldscore.gz

Summary of LD Scores in /home/chenweit/Desktop/pancreas_S_LDSC/annot/ldscores/liver_H3K4me3_ENCFF445TVA/liver_H3K4me3_ENCFF445TVA.6.l2.ldscore.gz
         MAF       L2
mean  0.2357   1.6582
std   0.1431   4.9377
min   0.0051  -0.1418
25%   0.1104   0.0792
50%   0.2249   0.3312
75%   0.3579   1.2187
max   0.5000  75.4867

MAF/LD Score Correlation Matrix
        MAF      L2
MAF  1.0000  0.0242
L2   0.0242  1.0000

Annotation Correlation Matrix
       ANNOT
ANNOT    1.0

Annotation Matrix Column Sums
ANNOT    6722

Summary of Annotation Matrix Row Sums
count    664016.0000
mean          0.0101
std           0.1001
min           0.0000
25%           0.0000
50%           0.0000
75%           0.0000
max           1.0000
Analysis finished at Thu Sep 23 22:34:18 2021
Total time elapsed: 6.0m:32.81s
7
Make ldsc-friendly annotation files for liver_H3K4me3_ENCFF445TVA.bed
LDSC annotation file saved at:  /home/chenweit/Desktop/pancreas_S_LDSC/annot/ldscores/liver_H3K4me3_ENCFF445TVA/liver_H3K4me3_ENCFF445TVA.7.annot.gz 
Computing LD scores with the annot file liver_H3K4me3_ENCFF445TVA.7.annot.gz
*********************************************************************
* LD Score Regression (LDSC)
* Version 1.0.1
* (C) 2014-2019 Brendan Bulik-Sullivan and Hilary Finucane
* Broad Institute of MIT and Harvard / MIT Department of Mathematics
* GNU General Public License v3
*********************************************************************
Call: 
./ldsc.py \
--print-snps /home/chenweit/Desktop/pancreas_S_LDSC/listHM3.txt \
--ld-wind-cm 1.0 \
--out /home/chenweit/Desktop/pancreas_S_LDSC/annot/ldscores/liver_H3K4me3_ENCFF445TVA/liver_H3K4me3_ENCFF445TVA.7 \
--bfile /home/chenweit/Desktop/pancreas_S_LDSC/1000G_EUR_Phase3_plink/1000G.EUR.QC.7 \
--annot /home/chenweit/Desktop/pancreas_S_LDSC/annot/ldscores/liver_H3K4me3_ENCFF445TVA/liver_H3K4me3_ENCFF445TVA.7.annot.gz \
--l2  

Beginning analysis at Thu Sep 23 22:34:31 2021
Read list of 589569 SNPs from /home/chenweit/Desktop/pancreas_S_LDSC/1000G_EUR_Phase3_plink/1000G.EUR.QC.7.bim
Read 1 annotations for 589569 SNPs from /home/chenweit/Desktop/pancreas_S_LDSC/annot/ldscores/liver_H3K4me3_ENCFF445TVA/liver_H3K4me3_ENCFF445TVA.7.annot.gz
Read list of 489 individuals from /home/chenweit/Desktop/pancreas_S_LDSC/1000G_EUR_Phase3_plink/1000G.EUR.QC.7.fam
Reading genotypes from /home/chenweit/Desktop/pancreas_S_LDSC/1000G_EUR_Phase3_plink/1000G.EUR.QC.7.bed
After filtering, 589569 SNPs remain
Estimating LD Score.
Reading list of 1217311 SNPs for which to print LD Scores from /home/chenweit/Desktop/pancreas_S_LDSC/listHM3.txt
After merging with --print-snps, LD Scores for 66171 SNPs will be printed.
Writing LD Scores for 66171 SNPs to /home/chenweit/Desktop/pancreas_S_LDSC/annot/ldscores/liver_H3K4me3_ENCFF445TVA/liver_H3K4me3_ENCFF445TVA.7.l2.ldscore.gz

Summary of LD Scores in /home/chenweit/Desktop/pancreas_S_LDSC/annot/ldscores/liver_H3K4me3_ENCFF445TVA/liver_H3K4me3_ENCFF445TVA.7.l2.ldscore.gz
         MAF       L2
mean  0.2390   1.3419
std   0.1428   3.9861
min   0.0051  -0.1080
25%   0.1125   0.0658
50%   0.2301   0.2777
75%   0.3609   1.0876
max   0.5000  89.7921

MAF/LD Score Correlation Matrix
        MAF      L2
MAF  1.0000  0.0691
L2   0.0691  1.0000

Annotation Correlation Matrix
       ANNOT
ANNOT    1.0

Annotation Matrix Column Sums
ANNOT    5514

Summary of Annotation Matrix Row Sums
count    589569.0000
mean          0.0094
std           0.0963
min           0.0000
25%           0.0000
50%           0.0000
75%           0.0000
max           1.0000
Analysis finished at Thu Sep 23 22:38:46 2021
Total time elapsed: 4.0m:15.41s
8
Make ldsc-friendly annotation files for liver_H3K4me3_ENCFF445TVA.bed
LDSC annotation file saved at:  /home/chenweit/Desktop/pancreas_S_LDSC/annot/ldscores/liver_H3K4me3_ENCFF445TVA/liver_H3K4me3_ENCFF445TVA.8.annot.gz 
Computing LD scores with the annot file liver_H3K4me3_ENCFF445TVA.8.annot.gz
*********************************************************************
* LD Score Regression (LDSC)
* Version 1.0.1
* (C) 2014-2019 Brendan Bulik-Sullivan and Hilary Finucane
* Broad Institute of MIT and Harvard / MIT Department of Mathematics
* GNU General Public License v3
*********************************************************************
Call: 
./ldsc.py \
--print-snps /home/chenweit/Desktop/pancreas_S_LDSC/listHM3.txt \
--ld-wind-cm 1.0 \
--out /home/chenweit/Desktop/pancreas_S_LDSC/annot/ldscores/liver_H3K4me3_ENCFF445TVA/liver_H3K4me3_ENCFF445TVA.8 \
--bfile /home/chenweit/Desktop/pancreas_S_LDSC/1000G_EUR_Phase3_plink/1000G.EUR.QC.8 \
--annot /home/chenweit/Desktop/pancreas_S_LDSC/annot/ldscores/liver_H3K4me3_ENCFF445TVA/liver_H3K4me3_ENCFF445TVA.8.annot.gz \
--l2  

Beginning analysis at Thu Sep 23 22:38:58 2021
Read list of 549971 SNPs from /home/chenweit/Desktop/pancreas_S_LDSC/1000G_EUR_Phase3_plink/1000G.EUR.QC.8.bim
Read 1 annotations for 549971 SNPs from /home/chenweit/Desktop/pancreas_S_LDSC/annot/ldscores/liver_H3K4me3_ENCFF445TVA/liver_H3K4me3_ENCFF445TVA.8.annot.gz
Read list of 489 individuals from /home/chenweit/Desktop/pancreas_S_LDSC/1000G_EUR_Phase3_plink/1000G.EUR.QC.8.fam
Reading genotypes from /home/chenweit/Desktop/pancreas_S_LDSC/1000G_EUR_Phase3_plink/1000G.EUR.QC.8.bed
After filtering, 549971 SNPs remain
Estimating LD Score.
Reading list of 1217311 SNPs for which to print LD Scores from /home/chenweit/Desktop/pancreas_S_LDSC/listHM3.txt
After merging with --print-snps, LD Scores for 64975 SNPs will be printed.
Writing LD Scores for 64975 SNPs to /home/chenweit/Desktop/pancreas_S_LDSC/annot/ldscores/liver_H3K4me3_ENCFF445TVA/liver_H3K4me3_ENCFF445TVA.8.l2.ldscore.gz

Summary of LD Scores in /home/chenweit/Desktop/pancreas_S_LDSC/annot/ldscores/liver_H3K4me3_ENCFF445TVA/liver_H3K4me3_ENCFF445TVA.8.l2.ldscore.gz
         MAF       L2
mean  0.2380   1.1256
std   0.1431   3.2827
min   0.0051  -0.2680
25%   0.1115   0.0402
50%   0.2280   0.2251
75%   0.3609   1.0473
max   0.5000  69.2512

MAF/LD Score Correlation Matrix
        MAF      L2
MAF  1.0000  0.0141
L2   0.0141  1.0000

Annotation Correlation Matrix
       ANNOT
ANNOT    1.0

Annotation Matrix Column Sums
ANNOT    4182

Summary of Annotation Matrix Row Sums
count    549971.0000
mean          0.0076
std           0.0869
min           0.0000
25%           0.0000
50%           0.0000
75%           0.0000
max           1.0000
Analysis finished at Thu Sep 23 22:43:07 2021
Total time elapsed: 4.0m:9.04s
9
Make ldsc-friendly annotation files for liver_H3K4me3_ENCFF445TVA.bed
LDSC annotation file saved at:  /home/chenweit/Desktop/pancreas_S_LDSC/annot/ldscores/liver_H3K4me3_ENCFF445TVA/liver_H3K4me3_ENCFF445TVA.9.annot.gz 
Computing LD scores with the annot file liver_H3K4me3_ENCFF445TVA.9.annot.gz
*********************************************************************
* LD Score Regression (LDSC)
* Version 1.0.1
* (C) 2014-2019 Brendan Bulik-Sullivan and Hilary Finucane
* Broad Institute of MIT and Harvard / MIT Department of Mathematics
* GNU General Public License v3
*********************************************************************
Call: 
./ldsc.py \
--print-snps /home/chenweit/Desktop/pancreas_S_LDSC/listHM3.txt \
--ld-wind-cm 1.0 \
--out /home/chenweit/Desktop/pancreas_S_LDSC/annot/ldscores/liver_H3K4me3_ENCFF445TVA/liver_H3K4me3_ENCFF445TVA.9 \
--bfile /home/chenweit/Desktop/pancreas_S_LDSC/1000G_EUR_Phase3_plink/1000G.EUR.QC.9 \
--annot /home/chenweit/Desktop/pancreas_S_LDSC/annot/ldscores/liver_H3K4me3_ENCFF445TVA/liver_H3K4me3_ENCFF445TVA.9.annot.gz \
--l2  

Beginning analysis at Thu Sep 23 22:43:16 2021
Read list of 438106 SNPs from /home/chenweit/Desktop/pancreas_S_LDSC/1000G_EUR_Phase3_plink/1000G.EUR.QC.9.bim
Read 1 annotations for 438106 SNPs from /home/chenweit/Desktop/pancreas_S_LDSC/annot/ldscores/liver_H3K4me3_ENCFF445TVA/liver_H3K4me3_ENCFF445TVA.9.annot.gz
Read list of 489 individuals from /home/chenweit/Desktop/pancreas_S_LDSC/1000G_EUR_Phase3_plink/1000G.EUR.QC.9.fam
Reading genotypes from /home/chenweit/Desktop/pancreas_S_LDSC/1000G_EUR_Phase3_plink/1000G.EUR.QC.9.bed
After filtering, 438106 SNPs remain
Estimating LD Score.
Reading list of 1217311 SNPs for which to print LD Scores from /home/chenweit/Desktop/pancreas_S_LDSC/listHM3.txt
After merging with --print-snps, LD Scores for 55464 SNPs will be printed.
Writing LD Scores for 55464 SNPs to /home/chenweit/Desktop/pancreas_S_LDSC/annot/ldscores/liver_H3K4me3_ENCFF445TVA/liver_H3K4me3_ENCFF445TVA.9.l2.ldscore.gz

Summary of LD Scores in /home/chenweit/Desktop/pancreas_S_LDSC/annot/ldscores/liver_H3K4me3_ENCFF445TVA/liver_H3K4me3_ENCFF445TVA.9.l2.ldscore.gz
         MAF       L2
mean  0.2359   0.9463
std   0.1423   2.0396
min   0.0051  -0.2251
25%   0.1115   0.0443
50%   0.2249   0.2176
75%   0.3569   1.0160
max   0.5000  60.1316

MAF/LD Score Correlation Matrix
        MAF      L2
MAF  1.0000  0.0332
L2   0.0332  1.0000

Annotation Correlation Matrix
       ANNOT
ANNOT    1.0

Annotation Matrix Column Sums
ANNOT    4156

Summary of Annotation Matrix Row Sums
count    438106.0000
mean          0.0095
std           0.0969
min           0.0000
25%           0.0000
50%           0.0000
75%           0.0000
max           1.0000
Analysis finished at Thu Sep 23 22:45:46 2021
Total time elapsed: 2.0m:30.53s
10
Make ldsc-friendly annotation files for liver_H3K4me3_ENCFF445TVA.bed
LDSC annotation file saved at:  /home/chenweit/Desktop/pancreas_S_LDSC/annot/ldscores/liver_H3K4me3_ENCFF445TVA/liver_H3K4me3_ENCFF445TVA.10.annot.gz 
Computing LD scores with the annot file liver_H3K4me3_ENCFF445TVA.10.annot.gz
*********************************************************************
* LD Score Regression (LDSC)
* Version 1.0.1
* (C) 2014-2019 Brendan Bulik-Sullivan and Hilary Finucane
* Broad Institute of MIT and Harvard / MIT Department of Mathematics
* GNU General Public License v3
*********************************************************************
Call: 
./ldsc.py \
--print-snps /home/chenweit/Desktop/pancreas_S_LDSC/listHM3.txt \
--ld-wind-cm 1.0 \
--out /home/chenweit/Desktop/pancreas_S_LDSC/annot/ldscores/liver_H3K4me3_ENCFF445TVA/liver_H3K4me3_ENCFF445TVA.10 \
--bfile /home/chenweit/Desktop/pancreas_S_LDSC/1000G_EUR_Phase3_plink/1000G.EUR.QC.10 \
--annot /home/chenweit/Desktop/pancreas_S_LDSC/annot/ldscores/liver_H3K4me3_ENCFF445TVA/liver_H3K4me3_ENCFF445TVA.10.annot.gz \
--l2  

Beginning analysis at Thu Sep 23 22:45:57 2021
Read list of 510501 SNPs from /home/chenweit/Desktop/pancreas_S_LDSC/1000G_EUR_Phase3_plink/1000G.EUR.QC.10.bim
Read 1 annotations for 510501 SNPs from /home/chenweit/Desktop/pancreas_S_LDSC/annot/ldscores/liver_H3K4me3_ENCFF445TVA/liver_H3K4me3_ENCFF445TVA.10.annot.gz
Read list of 489 individuals from /home/chenweit/Desktop/pancreas_S_LDSC/1000G_EUR_Phase3_plink/1000G.EUR.QC.10.fam
Reading genotypes from /home/chenweit/Desktop/pancreas_S_LDSC/1000G_EUR_Phase3_plink/1000G.EUR.QC.10.bed
After filtering, 510501 SNPs remain
Estimating LD Score.
Reading list of 1217311 SNPs for which to print LD Scores from /home/chenweit/Desktop/pancreas_S_LDSC/listHM3.txt
After merging with --print-snps, LD Scores for 64067 SNPs will be printed.
Writing LD Scores for 64067 SNPs to /home/chenweit/Desktop/pancreas_S_LDSC/annot/ldscores/liver_H3K4me3_ENCFF445TVA/liver_H3K4me3_ENCFF445TVA.10.l2.ldscore.gz

Summary of LD Scores in /home/chenweit/Desktop/pancreas_S_LDSC/annot/ldscores/liver_H3K4me3_ENCFF445TVA/liver_H3K4me3_ENCFF445TVA.10.l2.ldscore.gz
         MAF        L2
mean  0.2328    2.0144
std   0.1426   11.6860
min   0.0051   -1.1548
25%   0.1074    0.0421
50%   0.2198    0.2641
75%   0.3538    1.1842
max   0.5000  250.6127

MAF/LD Score Correlation Matrix
        MAF      L2
MAF  1.0000  0.0101
L2   0.0101  1.0000

Annotation Correlation Matrix
       ANNOT
ANNOT    1.0

Annotation Matrix Column Sums
ANNOT    5503

Summary of Annotation Matrix Row Sums
count    510501.0000
mean          0.0108
std           0.1033
min           0.0000
25%           0.0000
50%           0.0000
75%           0.0000
max           1.0000
Analysis finished at Thu Sep 23 22:49:20 2021
Total time elapsed: 3.0m:23.23s
11
Make ldsc-friendly annotation files for liver_H3K4me3_ENCFF445TVA.bed
LDSC annotation file saved at:  /home/chenweit/Desktop/pancreas_S_LDSC/annot/ldscores/liver_H3K4me3_ENCFF445TVA/liver_H3K4me3_ENCFF445TVA.11.annot.gz 
Computing LD scores with the annot file liver_H3K4me3_ENCFF445TVA.11.annot.gz
*********************************************************************
* LD Score Regression (LDSC)
* Version 1.0.1
* (C) 2014-2019 Brendan Bulik-Sullivan and Hilary Finucane
* Broad Institute of MIT and Harvard / MIT Department of Mathematics
* GNU General Public License v3
*********************************************************************
Call: 
./ldsc.py \
--print-snps /home/chenweit/Desktop/pancreas_S_LDSC/listHM3.txt \
--ld-wind-cm 1.0 \
--out /home/chenweit/Desktop/pancreas_S_LDSC/annot/ldscores/liver_H3K4me3_ENCFF445TVA/liver_H3K4me3_ENCFF445TVA.11 \
--bfile /home/chenweit/Desktop/pancreas_S_LDSC/1000G_EUR_Phase3_plink/1000G.EUR.QC.11 \
--annot /home/chenweit/Desktop/pancreas_S_LDSC/annot/ldscores/liver_H3K4me3_ENCFF445TVA/liver_H3K4me3_ENCFF445TVA.11.annot.gz \
--l2  

Beginning analysis at Thu Sep 23 22:49:30 2021
Read list of 493922 SNPs from /home/chenweit/Desktop/pancreas_S_LDSC/1000G_EUR_Phase3_plink/1000G.EUR.QC.11.bim
Read 1 annotations for 493922 SNPs from /home/chenweit/Desktop/pancreas_S_LDSC/annot/ldscores/liver_H3K4me3_ENCFF445TVA/liver_H3K4me3_ENCFF445TVA.11.annot.gz
Read list of 489 individuals from /home/chenweit/Desktop/pancreas_S_LDSC/1000G_EUR_Phase3_plink/1000G.EUR.QC.11.fam
Reading genotypes from /home/chenweit/Desktop/pancreas_S_LDSC/1000G_EUR_Phase3_plink/1000G.EUR.QC.11.bed
After filtering, 493922 SNPs remain
Estimating LD Score.
Reading list of 1217311 SNPs for which to print LD Scores from /home/chenweit/Desktop/pancreas_S_LDSC/listHM3.txt
After merging with --print-snps, LD Scores for 60977 SNPs will be printed.
Writing LD Scores for 60977 SNPs to /home/chenweit/Desktop/pancreas_S_LDSC/annot/ldscores/liver_H3K4me3_ENCFF445TVA/liver_H3K4me3_ENCFF445TVA.11.l2.ldscore.gz

Summary of LD Scores in /home/chenweit/Desktop/pancreas_S_LDSC/annot/ldscores/liver_H3K4me3_ENCFF445TVA/liver_H3K4me3_ENCFF445TVA.11.l2.ldscore.gz
         MAF        L2
mean  0.2398    2.5680
std   0.1420   10.8854
min   0.0051   -0.7844
25%   0.1155    0.0469
50%   0.2301    0.2660
75%   0.3609    1.2890
max   0.5000  153.8947

MAF/LD Score Correlation Matrix
      MAF    L2
MAF  1.00 -0.01
L2  -0.01  1.00

Annotation Correlation Matrix
       ANNOT
ANNOT    1.0

Annotation Matrix Column Sums
ANNOT    4861

Summary of Annotation Matrix Row Sums
count    493922.0000
mean          0.0098
std           0.0987
min           0.0000
25%           0.0000
50%           0.0000
75%           0.0000
max           1.0000
Analysis finished at Thu Sep 23 22:53:52 2021
Total time elapsed: 4.0m:22.17s
12
Make ldsc-friendly annotation files for liver_H3K4me3_ENCFF445TVA.bed
LDSC annotation file saved at:  /home/chenweit/Desktop/pancreas_S_LDSC/annot/ldscores/liver_H3K4me3_ENCFF445TVA/liver_H3K4me3_ENCFF445TVA.12.annot.gz 
Computing LD scores with the annot file liver_H3K4me3_ENCFF445TVA.12.annot.gz
*********************************************************************
* LD Score Regression (LDSC)
* Version 1.0.1
* (C) 2014-2019 Brendan Bulik-Sullivan and Hilary Finucane
* Broad Institute of MIT and Harvard / MIT Department of Mathematics
* GNU General Public License v3
*********************************************************************
Call: 
./ldsc.py \
--print-snps /home/chenweit/Desktop/pancreas_S_LDSC/listHM3.txt \
--ld-wind-cm 1.0 \
--out /home/chenweit/Desktop/pancreas_S_LDSC/annot/ldscores/liver_H3K4me3_ENCFF445TVA/liver_H3K4me3_ENCFF445TVA.12 \
--bfile /home/chenweit/Desktop/pancreas_S_LDSC/1000G_EUR_Phase3_plink/1000G.EUR.QC.12 \
--annot /home/chenweit/Desktop/pancreas_S_LDSC/annot/ldscores/liver_H3K4me3_ENCFF445TVA/liver_H3K4me3_ENCFF445TVA.12.annot.gz \
--l2  

Beginning analysis at Thu Sep 23 22:54:02 2021
Read list of 480110 SNPs from /home/chenweit/Desktop/pancreas_S_LDSC/1000G_EUR_Phase3_plink/1000G.EUR.QC.12.bim
Read 1 annotations for 480110 SNPs from /home/chenweit/Desktop/pancreas_S_LDSC/annot/ldscores/liver_H3K4me3_ENCFF445TVA/liver_H3K4me3_ENCFF445TVA.12.annot.gz
Read list of 489 individuals from /home/chenweit/Desktop/pancreas_S_LDSC/1000G_EUR_Phase3_plink/1000G.EUR.QC.12.fam
Reading genotypes from /home/chenweit/Desktop/pancreas_S_LDSC/1000G_EUR_Phase3_plink/1000G.EUR.QC.12.bed
After filtering, 480110 SNPs remain
Estimating LD Score.
Reading list of 1217311 SNPs for which to print LD Scores from /home/chenweit/Desktop/pancreas_S_LDSC/listHM3.txt
After merging with --print-snps, LD Scores for 58543 SNPs will be printed.
Writing LD Scores for 58543 SNPs to /home/chenweit/Desktop/pancreas_S_LDSC/annot/ldscores/liver_H3K4me3_ENCFF445TVA/liver_H3K4me3_ENCFF445TVA.12.l2.ldscore.gz

Summary of LD Scores in /home/chenweit/Desktop/pancreas_S_LDSC/annot/ldscores/liver_H3K4me3_ENCFF445TVA/liver_H3K4me3_ENCFF445TVA.12.l2.ldscore.gz
         MAF        L2
mean  0.2334    1.6704
std   0.1429    6.8758
min   0.0051   -0.3559
25%   0.1084    0.0607
50%   0.2209    0.3144
75%   0.3558    1.3419
max   0.5000  127.7070

MAF/LD Score Correlation Matrix
        MAF      L2
MAF  1.0000  0.0819
L2   0.0819  1.0000

Annotation Correlation Matrix
       ANNOT
ANNOT    1.0

Annotation Matrix Column Sums
ANNOT    5169

Summary of Annotation Matrix Row Sums
count    480110.0000
mean          0.0108
std           0.1032
min           0.0000
25%           0.0000
50%           0.0000
75%           0.0000
max           1.0000
Analysis finished at Thu Sep 23 22:57:22 2021
Total time elapsed: 3.0m:19.77s
13
Make ldsc-friendly annotation files for liver_H3K4me3_ENCFF445TVA.bed
LDSC annotation file saved at:  /home/chenweit/Desktop/pancreas_S_LDSC/annot/ldscores/liver_H3K4me3_ENCFF445TVA/liver_H3K4me3_ENCFF445TVA.13.annot.gz 
Computing LD scores with the annot file liver_H3K4me3_ENCFF445TVA.13.annot.gz
*********************************************************************
* LD Score Regression (LDSC)
* Version 1.0.1
* (C) 2014-2019 Brendan Bulik-Sullivan and Hilary Finucane
* Broad Institute of MIT and Harvard / MIT Department of Mathematics
* GNU General Public License v3
*********************************************************************
Call: 
./ldsc.py \
--print-snps /home/chenweit/Desktop/pancreas_S_LDSC/listHM3.txt \
--ld-wind-cm 1.0 \
--out /home/chenweit/Desktop/pancreas_S_LDSC/annot/ldscores/liver_H3K4me3_ENCFF445TVA/liver_H3K4me3_ENCFF445TVA.13 \
--bfile /home/chenweit/Desktop/pancreas_S_LDSC/1000G_EUR_Phase3_plink/1000G.EUR.QC.13 \
--annot /home/chenweit/Desktop/pancreas_S_LDSC/annot/ldscores/liver_H3K4me3_ENCFF445TVA/liver_H3K4me3_ENCFF445TVA.13.annot.gz \
--l2  

Beginning analysis at Thu Sep 23 22:57:30 2021
Read list of 366200 SNPs from /home/chenweit/Desktop/pancreas_S_LDSC/1000G_EUR_Phase3_plink/1000G.EUR.QC.13.bim
Read 1 annotations for 366200 SNPs from /home/chenweit/Desktop/pancreas_S_LDSC/annot/ldscores/liver_H3K4me3_ENCFF445TVA/liver_H3K4me3_ENCFF445TVA.13.annot.gz
Read list of 489 individuals from /home/chenweit/Desktop/pancreas_S_LDSC/1000G_EUR_Phase3_plink/1000G.EUR.QC.13.fam
Reading genotypes from /home/chenweit/Desktop/pancreas_S_LDSC/1000G_EUR_Phase3_plink/1000G.EUR.QC.13.bed
After filtering, 366200 SNPs remain
Estimating LD Score.
Reading list of 1217311 SNPs for which to print LD Scores from /home/chenweit/Desktop/pancreas_S_LDSC/listHM3.txt
After merging with --print-snps, LD Scores for 45546 SNPs will be printed.
Writing LD Scores for 45546 SNPs to /home/chenweit/Desktop/pancreas_S_LDSC/annot/ldscores/liver_H3K4me3_ENCFF445TVA/liver_H3K4me3_ENCFF445TVA.13.l2.ldscore.gz

Summary of LD Scores in /home/chenweit/Desktop/pancreas_S_LDSC/annot/ldscores/liver_H3K4me3_ENCFF445TVA/liver_H3K4me3_ENCFF445TVA.13.l2.ldscore.gz
         MAF       L2
mean  0.2338   0.6317
std   0.1428   1.3109
min   0.0051  -0.0732
25%   0.1074   0.0306
50%   0.2209   0.1470
75%   0.3548   0.6288
max   0.5000  16.9911

MAF/LD Score Correlation Matrix
        MAF      L2
MAF  1.0000  0.0385
L2   0.0385  1.0000

Annotation Correlation Matrix
       ANNOT
ANNOT    1.0

Annotation Matrix Column Sums
ANNOT    2129

Summary of Annotation Matrix Row Sums
count    366200.0000
mean          0.0058
std           0.0760
min           0.0000
25%           0.0000
50%           0.0000
75%           0.0000
max           1.0000
Analysis finished at Thu Sep 23 22:59:58 2021
Total time elapsed: 2.0m:27.41s
14
Make ldsc-friendly annotation files for liver_H3K4me3_ENCFF445TVA.bed
LDSC annotation file saved at:  /home/chenweit/Desktop/pancreas_S_LDSC/annot/ldscores/liver_H3K4me3_ENCFF445TVA/liver_H3K4me3_ENCFF445TVA.14.annot.gz 
Computing LD scores with the annot file liver_H3K4me3_ENCFF445TVA.14.annot.gz
*********************************************************************
* LD Score Regression (LDSC)
* Version 1.0.1
* (C) 2014-2019 Brendan Bulik-Sullivan and Hilary Finucane
* Broad Institute of MIT and Harvard / MIT Department of Mathematics
* GNU General Public License v3
*********************************************************************
Call: 
./ldsc.py \
--print-snps /home/chenweit/Desktop/pancreas_S_LDSC/listHM3.txt \
--ld-wind-cm 1.0 \
--out /home/chenweit/Desktop/pancreas_S_LDSC/annot/ldscores/liver_H3K4me3_ENCFF445TVA/liver_H3K4me3_ENCFF445TVA.14 \
--bfile /home/chenweit/Desktop/pancreas_S_LDSC/1000G_EUR_Phase3_plink/1000G.EUR.QC.14 \
--annot /home/chenweit/Desktop/pancreas_S_LDSC/annot/ldscores/liver_H3K4me3_ENCFF445TVA/liver_H3K4me3_ENCFF445TVA.14.annot.gz \
--l2  

Beginning analysis at Thu Sep 23 23:00:06 2021
Read list of 324698 SNPs from /home/chenweit/Desktop/pancreas_S_LDSC/1000G_EUR_Phase3_plink/1000G.EUR.QC.14.bim
Read 1 annotations for 324698 SNPs from /home/chenweit/Desktop/pancreas_S_LDSC/annot/ldscores/liver_H3K4me3_ENCFF445TVA/liver_H3K4me3_ENCFF445TVA.14.annot.gz
Read list of 489 individuals from /home/chenweit/Desktop/pancreas_S_LDSC/1000G_EUR_Phase3_plink/1000G.EUR.QC.14.fam
Reading genotypes from /home/chenweit/Desktop/pancreas_S_LDSC/1000G_EUR_Phase3_plink/1000G.EUR.QC.14.bed
After filtering, 324698 SNPs remain
Estimating LD Score.
Reading list of 1217311 SNPs for which to print LD Scores from /home/chenweit/Desktop/pancreas_S_LDSC/listHM3.txt
After merging with --print-snps, LD Scores for 39484 SNPs will be printed.
Writing LD Scores for 39484 SNPs to /home/chenweit/Desktop/pancreas_S_LDSC/annot/ldscores/liver_H3K4me3_ENCFF445TVA/liver_H3K4me3_ENCFF445TVA.14.l2.ldscore.gz

Summary of LD Scores in /home/chenweit/Desktop/pancreas_S_LDSC/annot/ldscores/liver_H3K4me3_ENCFF445TVA/liver_H3K4me3_ENCFF445TVA.14.l2.ldscore.gz
         MAF       L2
mean  0.2321   1.1732
std   0.1424   2.1679
min   0.0051  -0.0963
25%   0.1074   0.0471
50%   0.2198   0.2668
75%   0.3507   1.2151
max   0.5000  20.6762

MAF/LD Score Correlation Matrix
        MAF      L2
MAF  1.0000  0.0265
L2   0.0265  1.0000

Annotation Correlation Matrix
       ANNOT
ANNOT    1.0

Annotation Matrix Column Sums
ANNOT    3060

Summary of Annotation Matrix Row Sums
count    324698.0000
mean          0.0094
std           0.0966
min           0.0000
25%           0.0000
50%           0.0000
75%           0.0000
max           1.0000
Analysis finished at Thu Sep 23 23:02:11 2021
Total time elapsed: 2.0m:5.35s
15
Make ldsc-friendly annotation files for liver_H3K4me3_ENCFF445TVA.bed
LDSC annotation file saved at:  /home/chenweit/Desktop/pancreas_S_LDSC/annot/ldscores/liver_H3K4me3_ENCFF445TVA/liver_H3K4me3_ENCFF445TVA.15.annot.gz 
Computing LD scores with the annot file liver_H3K4me3_ENCFF445TVA.15.annot.gz
*********************************************************************
* LD Score Regression (LDSC)
* Version 1.0.1
* (C) 2014-2019 Brendan Bulik-Sullivan and Hilary Finucane
* Broad Institute of MIT and Harvard / MIT Department of Mathematics
* GNU General Public License v3
*********************************************************************
Call: 
./ldsc.py \
--print-snps /home/chenweit/Desktop/pancreas_S_LDSC/listHM3.txt \
--ld-wind-cm 1.0 \
--out /home/chenweit/Desktop/pancreas_S_LDSC/annot/ldscores/liver_H3K4me3_ENCFF445TVA/liver_H3K4me3_ENCFF445TVA.15 \
--bfile /home/chenweit/Desktop/pancreas_S_LDSC/1000G_EUR_Phase3_plink/1000G.EUR.QC.15 \
--annot /home/chenweit/Desktop/pancreas_S_LDSC/annot/ldscores/liver_H3K4me3_ENCFF445TVA/liver_H3K4me3_ENCFF445TVA.15.annot.gz \
--l2  

Beginning analysis at Thu Sep 23 23:02:18 2021
Read list of 287001 SNPs from /home/chenweit/Desktop/pancreas_S_LDSC/1000G_EUR_Phase3_plink/1000G.EUR.QC.15.bim
Read 1 annotations for 287001 SNPs from /home/chenweit/Desktop/pancreas_S_LDSC/annot/ldscores/liver_H3K4me3_ENCFF445TVA/liver_H3K4me3_ENCFF445TVA.15.annot.gz
Read list of 489 individuals from /home/chenweit/Desktop/pancreas_S_LDSC/1000G_EUR_Phase3_plink/1000G.EUR.QC.15.fam
Reading genotypes from /home/chenweit/Desktop/pancreas_S_LDSC/1000G_EUR_Phase3_plink/1000G.EUR.QC.15.bed
After filtering, 287001 SNPs remain
Estimating LD Score.
Reading list of 1217311 SNPs for which to print LD Scores from /home/chenweit/Desktop/pancreas_S_LDSC/listHM3.txt
After merging with --print-snps, LD Scores for 35839 SNPs will be printed.
Writing LD Scores for 35839 SNPs to /home/chenweit/Desktop/pancreas_S_LDSC/annot/ldscores/liver_H3K4me3_ENCFF445TVA/liver_H3K4me3_ENCFF445TVA.15.l2.ldscore.gz

Summary of LD Scores in /home/chenweit/Desktop/pancreas_S_LDSC/annot/ldscores/liver_H3K4me3_ENCFF445TVA/liver_H3K4me3_ENCFF445TVA.15.l2.ldscore.gz
         MAF       L2
mean  0.2379   1.2707
std   0.1441   2.8256
min   0.0051  -0.2064
25%   0.1104   0.0353
50%   0.2270   0.2959
75%   0.3640   1.4233
max   0.5000  86.2697

MAF/LD Score Correlation Matrix
        MAF      L2
MAF  1.0000  0.0262
L2   0.0262  1.0000

Annotation Correlation Matrix
       ANNOT
ANNOT    1.0

Annotation Matrix Column Sums
ANNOT    3024

Summary of Annotation Matrix Row Sums
count    287001.0000
mean          0.0105
std           0.1021
min           0.0000
25%           0.0000
50%           0.0000
75%           0.0000
max           1.0000
Analysis finished at Thu Sep 23 23:03:52 2021
Total time elapsed: 1.0m:33.93s
16
Make ldsc-friendly annotation files for liver_H3K4me3_ENCFF445TVA.bed
LDSC annotation file saved at:  /home/chenweit/Desktop/pancreas_S_LDSC/annot/ldscores/liver_H3K4me3_ENCFF445TVA/liver_H3K4me3_ENCFF445TVA.16.annot.gz 
Computing LD scores with the annot file liver_H3K4me3_ENCFF445TVA.16.annot.gz
*********************************************************************
* LD Score Regression (LDSC)
* Version 1.0.1
* (C) 2014-2019 Brendan Bulik-Sullivan and Hilary Finucane
* Broad Institute of MIT and Harvard / MIT Department of Mathematics
* GNU General Public License v3
*********************************************************************
Call: 
./ldsc.py \
--print-snps /home/chenweit/Desktop/pancreas_S_LDSC/listHM3.txt \
--ld-wind-cm 1.0 \
--out /home/chenweit/Desktop/pancreas_S_LDSC/annot/ldscores/liver_H3K4me3_ENCFF445TVA/liver_H3K4me3_ENCFF445TVA.16 \
--bfile /home/chenweit/Desktop/pancreas_S_LDSC/1000G_EUR_Phase3_plink/1000G.EUR.QC.16 \
--annot /home/chenweit/Desktop/pancreas_S_LDSC/annot/ldscores/liver_H3K4me3_ENCFF445TVA/liver_H3K4me3_ENCFF445TVA.16.annot.gz \
--l2  

Beginning analysis at Thu Sep 23 23:03:59 2021
Read list of 316981 SNPs from /home/chenweit/Desktop/pancreas_S_LDSC/1000G_EUR_Phase3_plink/1000G.EUR.QC.16.bim
Read 1 annotations for 316981 SNPs from /home/chenweit/Desktop/pancreas_S_LDSC/annot/ldscores/liver_H3K4me3_ENCFF445TVA/liver_H3K4me3_ENCFF445TVA.16.annot.gz
Read list of 489 individuals from /home/chenweit/Desktop/pancreas_S_LDSC/1000G_EUR_Phase3_plink/1000G.EUR.QC.16.fam
Reading genotypes from /home/chenweit/Desktop/pancreas_S_LDSC/1000G_EUR_Phase3_plink/1000G.EUR.QC.16.bed
After filtering, 316981 SNPs remain
Estimating LD Score.
Reading list of 1217311 SNPs for which to print LD Scores from /home/chenweit/Desktop/pancreas_S_LDSC/listHM3.txt
After merging with --print-snps, LD Scores for 36526 SNPs will be printed.
Writing LD Scores for 36526 SNPs to /home/chenweit/Desktop/pancreas_S_LDSC/annot/ldscores/liver_H3K4me3_ENCFF445TVA/liver_H3K4me3_ENCFF445TVA.16.l2.ldscore.gz

Summary of LD Scores in /home/chenweit/Desktop/pancreas_S_LDSC/annot/ldscores/liver_H3K4me3_ENCFF445TVA/liver_H3K4me3_ENCFF445TVA.16.l2.ldscore.gz
         MAF       L2
mean  0.2389   1.3051
std   0.1426   3.0055
min   0.0051  -0.2820
25%   0.1145   0.0174
50%   0.2311   0.1656
75%   0.3599   1.1822
max   0.5000  41.8486

MAF/LD Score Correlation Matrix
        MAF      L2
MAF  1.0000 -0.0007
L2  -0.0007  1.0000

Annotation Correlation Matrix
       ANNOT
ANNOT    1.0

Annotation Matrix Column Sums
ANNOT    3897

Summary of Annotation Matrix Row Sums
count    316981.0000
mean          0.0123
std           0.1102
min           0.0000
25%           0.0000
50%           0.0000
75%           0.0000
max           1.0000
Analysis finished at Thu Sep 23 23:05:46 2021
Total time elapsed: 1.0m:47.04s
17
Make ldsc-friendly annotation files for liver_H3K4me3_ENCFF445TVA.bed
LDSC annotation file saved at:  /home/chenweit/Desktop/pancreas_S_LDSC/annot/ldscores/liver_H3K4me3_ENCFF445TVA/liver_H3K4me3_ENCFF445TVA.17.annot.gz 
Computing LD scores with the annot file liver_H3K4me3_ENCFF445TVA.17.annot.gz
*********************************************************************
* LD Score Regression (LDSC)
* Version 1.0.1
* (C) 2014-2019 Brendan Bulik-Sullivan and Hilary Finucane
* Broad Institute of MIT and Harvard / MIT Department of Mathematics
* GNU General Public License v3
*********************************************************************
Call: 
./ldsc.py \
--print-snps /home/chenweit/Desktop/pancreas_S_LDSC/listHM3.txt \
--ld-wind-cm 1.0 \
--out /home/chenweit/Desktop/pancreas_S_LDSC/annot/ldscores/liver_H3K4me3_ENCFF445TVA/liver_H3K4me3_ENCFF445TVA.17 \
--bfile /home/chenweit/Desktop/pancreas_S_LDSC/1000G_EUR_Phase3_plink/1000G.EUR.QC.17 \
--annot /home/chenweit/Desktop/pancreas_S_LDSC/annot/ldscores/liver_H3K4me3_ENCFF445TVA/liver_H3K4me3_ENCFF445TVA.17.annot.gz \
--l2  

Beginning analysis at Thu Sep 23 23:05:53 2021
Read list of 269222 SNPs from /home/chenweit/Desktop/pancreas_S_LDSC/1000G_EUR_Phase3_plink/1000G.EUR.QC.17.bim
Read 1 annotations for 269222 SNPs from /home/chenweit/Desktop/pancreas_S_LDSC/annot/ldscores/liver_H3K4me3_ENCFF445TVA/liver_H3K4me3_ENCFF445TVA.17.annot.gz
Read list of 489 individuals from /home/chenweit/Desktop/pancreas_S_LDSC/1000G_EUR_Phase3_plink/1000G.EUR.QC.17.fam
Reading genotypes from /home/chenweit/Desktop/pancreas_S_LDSC/1000G_EUR_Phase3_plink/1000G.EUR.QC.17.bed
After filtering, 269222 SNPs remain
Estimating LD Score.
Reading list of 1217311 SNPs for which to print LD Scores from /home/chenweit/Desktop/pancreas_S_LDSC/listHM3.txt
After merging with --print-snps, LD Scores for 32218 SNPs will be printed.
Writing LD Scores for 32218 SNPs to /home/chenweit/Desktop/pancreas_S_LDSC/annot/ldscores/liver_H3K4me3_ENCFF445TVA/liver_H3K4me3_ENCFF445TVA.17.l2.ldscore.gz

Summary of LD Scores in /home/chenweit/Desktop/pancreas_S_LDSC/annot/ldscores/liver_H3K4me3_ENCFF445TVA/liver_H3K4me3_ENCFF445TVA.17.l2.ldscore.gz
         MAF       L2
mean  0.2428   1.5251
std   0.1444   2.6658
min   0.0051  -0.1370
25%   0.1145   0.0377
50%   0.2352   0.3947
75%   0.3681   1.9231
max   0.5000  38.1185

MAF/LD Score Correlation Matrix
        MAF      L2
MAF  1.0000  0.0983
L2   0.0983  1.0000

Annotation Correlation Matrix
       ANNOT
ANNOT    1.0

Annotation Matrix Column Sums
ANNOT    3961

Summary of Annotation Matrix Row Sums
count    269222.0000
mean          0.0147
std           0.1204
min           0.0000
25%           0.0000
50%           0.0000
75%           0.0000
max           1.0000
Analysis finished at Thu Sep 23 23:07:11 2021
Total time elapsed: 1.0m:17.1s
18
Make ldsc-friendly annotation files for liver_H3K4me3_ENCFF445TVA.bed
LDSC annotation file saved at:  /home/chenweit/Desktop/pancreas_S_LDSC/annot/ldscores/liver_H3K4me3_ENCFF445TVA/liver_H3K4me3_ENCFF445TVA.18.annot.gz 
Computing LD scores with the annot file liver_H3K4me3_ENCFF445TVA.18.annot.gz
*********************************************************************
* LD Score Regression (LDSC)
* Version 1.0.1
* (C) 2014-2019 Brendan Bulik-Sullivan and Hilary Finucane
* Broad Institute of MIT and Harvard / MIT Department of Mathematics
* GNU General Public License v3
*********************************************************************
Call: 
./ldsc.py \
--print-snps /home/chenweit/Desktop/pancreas_S_LDSC/listHM3.txt \
--ld-wind-cm 1.0 \
--out /home/chenweit/Desktop/pancreas_S_LDSC/annot/ldscores/liver_H3K4me3_ENCFF445TVA/liver_H3K4me3_ENCFF445TVA.18 \
--bfile /home/chenweit/Desktop/pancreas_S_LDSC/1000G_EUR_Phase3_plink/1000G.EUR.QC.18 \
--annot /home/chenweit/Desktop/pancreas_S_LDSC/annot/ldscores/liver_H3K4me3_ENCFF445TVA/liver_H3K4me3_ENCFF445TVA.18.annot.gz \
--l2  

Beginning analysis at Thu Sep 23 23:07:18 2021
Read list of 285156 SNPs from /home/chenweit/Desktop/pancreas_S_LDSC/1000G_EUR_Phase3_plink/1000G.EUR.QC.18.bim
Read 1 annotations for 285156 SNPs from /home/chenweit/Desktop/pancreas_S_LDSC/annot/ldscores/liver_H3K4me3_ENCFF445TVA/liver_H3K4me3_ENCFF445TVA.18.annot.gz
Read list of 489 individuals from /home/chenweit/Desktop/pancreas_S_LDSC/1000G_EUR_Phase3_plink/1000G.EUR.QC.18.fam
Reading genotypes from /home/chenweit/Desktop/pancreas_S_LDSC/1000G_EUR_Phase3_plink/1000G.EUR.QC.18.bed
After filtering, 285156 SNPs remain
Estimating LD Score.
Reading list of 1217311 SNPs for which to print LD Scores from /home/chenweit/Desktop/pancreas_S_LDSC/listHM3.txt
After merging with --print-snps, LD Scores for 35513 SNPs will be printed.
Writing LD Scores for 35513 SNPs to /home/chenweit/Desktop/pancreas_S_LDSC/annot/ldscores/liver_H3K4me3_ENCFF445TVA/liver_H3K4me3_ENCFF445TVA.18.l2.ldscore.gz

Summary of LD Scores in /home/chenweit/Desktop/pancreas_S_LDSC/annot/ldscores/liver_H3K4me3_ENCFF445TVA/liver_H3K4me3_ENCFF445TVA.18.l2.ldscore.gz
         MAF       L2
mean  0.2364   0.7097
std   0.1423   1.4623
min   0.0051  -0.0939
25%   0.1115   0.0189
50%   0.2260   0.1347
75%   0.3569   0.6896
max   0.5000  17.7556

MAF/LD Score Correlation Matrix
        MAF      L2
MAF  1.0000  0.0298
L2   0.0298  1.0000

Annotation Correlation Matrix
       ANNOT
ANNOT    1.0

Annotation Matrix Column Sums
ANNOT    2047

Summary of Annotation Matrix Row Sums
count    285156.0000
mean          0.0072
std           0.0844
min           0.0000
25%           0.0000
50%           0.0000
75%           0.0000
max           1.0000
Analysis finished at Thu Sep 23 23:08:47 2021
Total time elapsed: 1.0m:28.92s
19
Make ldsc-friendly annotation files for liver_H3K4me3_ENCFF445TVA.bed
LDSC annotation file saved at:  /home/chenweit/Desktop/pancreas_S_LDSC/annot/ldscores/liver_H3K4me3_ENCFF445TVA/liver_H3K4me3_ENCFF445TVA.19.annot.gz 
Computing LD scores with the annot file liver_H3K4me3_ENCFF445TVA.19.annot.gz
*********************************************************************
* LD Score Regression (LDSC)
* Version 1.0.1
* (C) 2014-2019 Brendan Bulik-Sullivan and Hilary Finucane
* Broad Institute of MIT and Harvard / MIT Department of Mathematics
* GNU General Public License v3
*********************************************************************
Call: 
./ldsc.py \
--print-snps /home/chenweit/Desktop/pancreas_S_LDSC/listHM3.txt \
--ld-wind-cm 1.0 \
--out /home/chenweit/Desktop/pancreas_S_LDSC/annot/ldscores/liver_H3K4me3_ENCFF445TVA/liver_H3K4me3_ENCFF445TVA.19 \
--bfile /home/chenweit/Desktop/pancreas_S_LDSC/1000G_EUR_Phase3_plink/1000G.EUR.QC.19 \
--annot /home/chenweit/Desktop/pancreas_S_LDSC/annot/ldscores/liver_H3K4me3_ENCFF445TVA/liver_H3K4me3_ENCFF445TVA.19.annot.gz \
--l2  

Beginning analysis at Thu Sep 23 23:08:53 2021
Read list of 232363 SNPs from /home/chenweit/Desktop/pancreas_S_LDSC/1000G_EUR_Phase3_plink/1000G.EUR.QC.19.bim
Read 1 annotations for 232363 SNPs from /home/chenweit/Desktop/pancreas_S_LDSC/annot/ldscores/liver_H3K4me3_ENCFF445TVA/liver_H3K4me3_ENCFF445TVA.19.annot.gz
Read list of 489 individuals from /home/chenweit/Desktop/pancreas_S_LDSC/1000G_EUR_Phase3_plink/1000G.EUR.QC.19.fam
Reading genotypes from /home/chenweit/Desktop/pancreas_S_LDSC/1000G_EUR_Phase3_plink/1000G.EUR.QC.19.bed
After filtering, 232363 SNPs remain
Estimating LD Score.
Reading list of 1217311 SNPs for which to print LD Scores from /home/chenweit/Desktop/pancreas_S_LDSC/listHM3.txt
After merging with --print-snps, LD Scores for 22509 SNPs will be printed.
Writing LD Scores for 22509 SNPs to /home/chenweit/Desktop/pancreas_S_LDSC/annot/ldscores/liver_H3K4me3_ENCFF445TVA/liver_H3K4me3_ENCFF445TVA.19.l2.ldscore.gz

Summary of LD Scores in /home/chenweit/Desktop/pancreas_S_LDSC/annot/ldscores/liver_H3K4me3_ENCFF445TVA/liver_H3K4me3_ENCFF445TVA.19.l2.ldscore.gz
         MAF        L2
mean  0.2384    8.7820
std   0.1420   21.5629
min   0.0051   -0.6864
25%   0.1145    0.3665
50%   0.2342    1.6959
75%   0.3569    5.1386
max   0.5000  187.3122

MAF/LD Score Correlation Matrix
        MAF      L2
MAF  1.0000  0.0519
L2   0.0519  1.0000

Annotation Correlation Matrix
       ANNOT
ANNOT    1.0

Annotation Matrix Column Sums
ANNOT    12684

Summary of Annotation Matrix Row Sums
count    232363.0000
mean          0.0546
std           0.2272
min           0.0000
25%           0.0000
50%           0.0000
75%           0.0000
max           1.0000
Analysis finished at Thu Sep 23 23:10:12 2021
Total time elapsed: 1.0m:19.79s
20
Make ldsc-friendly annotation files for liver_H3K4me3_ENCFF445TVA.bed
LDSC annotation file saved at:  /home/chenweit/Desktop/pancreas_S_LDSC/annot/ldscores/liver_H3K4me3_ENCFF445TVA/liver_H3K4me3_ENCFF445TVA.20.annot.gz 
Computing LD scores with the annot file liver_H3K4me3_ENCFF445TVA.20.annot.gz
*********************************************************************
* LD Score Regression (LDSC)
* Version 1.0.1
* (C) 2014-2019 Brendan Bulik-Sullivan and Hilary Finucane
* Broad Institute of MIT and Harvard / MIT Department of Mathematics
* GNU General Public License v3
*********************************************************************
Call: 
./ldsc.py \
--print-snps /home/chenweit/Desktop/pancreas_S_LDSC/listHM3.txt \
--ld-wind-cm 1.0 \
--out /home/chenweit/Desktop/pancreas_S_LDSC/annot/ldscores/liver_H3K4me3_ENCFF445TVA/liver_H3K4me3_ENCFF445TVA.20 \
--bfile /home/chenweit/Desktop/pancreas_S_LDSC/1000G_EUR_Phase3_plink/1000G.EUR.QC.20 \
--annot /home/chenweit/Desktop/pancreas_S_LDSC/annot/ldscores/liver_H3K4me3_ENCFF445TVA/liver_H3K4me3_ENCFF445TVA.20.annot.gz \
--l2  

Beginning analysis at Thu Sep 23 23:10:18 2021
Read list of 221626 SNPs from /home/chenweit/Desktop/pancreas_S_LDSC/1000G_EUR_Phase3_plink/1000G.EUR.QC.20.bim
Read 1 annotations for 221626 SNPs from /home/chenweit/Desktop/pancreas_S_LDSC/annot/ldscores/liver_H3K4me3_ENCFF445TVA/liver_H3K4me3_ENCFF445TVA.20.annot.gz
Read list of 489 individuals from /home/chenweit/Desktop/pancreas_S_LDSC/1000G_EUR_Phase3_plink/1000G.EUR.QC.20.fam
Reading genotypes from /home/chenweit/Desktop/pancreas_S_LDSC/1000G_EUR_Phase3_plink/1000G.EUR.QC.20.bed
After filtering, 221626 SNPs remain
Estimating LD Score.
Reading list of 1217311 SNPs for which to print LD Scores from /home/chenweit/Desktop/pancreas_S_LDSC/listHM3.txt
After merging with --print-snps, LD Scores for 31101 SNPs will be printed.
Writing LD Scores for 31101 SNPs to /home/chenweit/Desktop/pancreas_S_LDSC/annot/ldscores/liver_H3K4me3_ENCFF445TVA/liver_H3K4me3_ENCFF445TVA.20.l2.ldscore.gz

Summary of LD Scores in /home/chenweit/Desktop/pancreas_S_LDSC/annot/ldscores/liver_H3K4me3_ENCFF445TVA/liver_H3K4me3_ENCFF445TVA.20.l2.ldscore.gz
         MAF       L2
mean  0.2344   1.0370
std   0.1427   2.5525
min   0.0051  -0.1209
25%   0.1074   0.0180
50%   0.2229   0.1635
75%   0.3558   0.8797
max   0.5000  46.9237

MAF/LD Score Correlation Matrix
        MAF      L2
MAF  1.0000  0.0626
L2   0.0626  1.0000

Annotation Correlation Matrix
       ANNOT
ANNOT    1.0

Annotation Matrix Column Sums
ANNOT    2131

Summary of Annotation Matrix Row Sums
count    221626.0000
mean          0.0096
std           0.0976
min           0.0000
25%           0.0000
50%           0.0000
75%           0.0000
max           1.0000
Analysis finished at Thu Sep 23 23:11:19 2021
Total time elapsed: 1.0m:1.42s
21
Make ldsc-friendly annotation files for liver_H3K4me3_ENCFF445TVA.bed
LDSC annotation file saved at:  /home/chenweit/Desktop/pancreas_S_LDSC/annot/ldscores/liver_H3K4me3_ENCFF445TVA/liver_H3K4me3_ENCFF445TVA.21.annot.gz 
Computing LD scores with the annot file liver_H3K4me3_ENCFF445TVA.21.annot.gz
*********************************************************************
* LD Score Regression (LDSC)
* Version 1.0.1
* (C) 2014-2019 Brendan Bulik-Sullivan and Hilary Finucane
* Broad Institute of MIT and Harvard / MIT Department of Mathematics
* GNU General Public License v3
*********************************************************************
Call: 
./ldsc.py \
--print-snps /home/chenweit/Desktop/pancreas_S_LDSC/listHM3.txt \
--ld-wind-cm 1.0 \
--out /home/chenweit/Desktop/pancreas_S_LDSC/annot/ldscores/liver_H3K4me3_ENCFF445TVA/liver_H3K4me3_ENCFF445TVA.21 \
--bfile /home/chenweit/Desktop/pancreas_S_LDSC/1000G_EUR_Phase3_plink/1000G.EUR.QC.21 \
--annot /home/chenweit/Desktop/pancreas_S_LDSC/annot/ldscores/liver_H3K4me3_ENCFF445TVA/liver_H3K4me3_ENCFF445TVA.21.annot.gz \
--l2  

Beginning analysis at Thu Sep 23 23:11:24 2021
Read list of 138712 SNPs from /home/chenweit/Desktop/pancreas_S_LDSC/1000G_EUR_Phase3_plink/1000G.EUR.QC.21.bim
Read 1 annotations for 138712 SNPs from /home/chenweit/Desktop/pancreas_S_LDSC/annot/ldscores/liver_H3K4me3_ENCFF445TVA/liver_H3K4me3_ENCFF445TVA.21.annot.gz
Read list of 489 individuals from /home/chenweit/Desktop/pancreas_S_LDSC/1000G_EUR_Phase3_plink/1000G.EUR.QC.21.fam
Reading genotypes from /home/chenweit/Desktop/pancreas_S_LDSC/1000G_EUR_Phase3_plink/1000G.EUR.QC.21.bed
After filtering, 138712 SNPs remain
Estimating LD Score.
Reading list of 1217311 SNPs for which to print LD Scores from /home/chenweit/Desktop/pancreas_S_LDSC/listHM3.txt
After merging with --print-snps, LD Scores for 17040 SNPs will be printed.
Writing LD Scores for 17040 SNPs to /home/chenweit/Desktop/pancreas_S_LDSC/annot/ldscores/liver_H3K4me3_ENCFF445TVA/liver_H3K4me3_ENCFF445TVA.21.l2.ldscore.gz

Summary of LD Scores in /home/chenweit/Desktop/pancreas_S_LDSC/annot/ldscores/liver_H3K4me3_ENCFF445TVA/liver_H3K4me3_ENCFF445TVA.21.l2.ldscore.gz
         MAF       L2
mean  0.2420   0.7749
std   0.1414   1.5511
min   0.0051  -0.1111
25%   0.1186   0.0173
50%   0.2321   0.1151
75%   0.3650   0.7565
max   0.5000  15.7813

MAF/LD Score Correlation Matrix
        MAF      L2
MAF  1.0000  0.0585
L2   0.0585  1.0000

Annotation Correlation Matrix
       ANNOT
ANNOT    1.0

Annotation Matrix Column Sums
ANNOT    1150

Summary of Annotation Matrix Row Sums
count    138712.0000
mean          0.0083
std           0.0907
min           0.0000
25%           0.0000
50%           0.0000
75%           0.0000
max           1.0000
Analysis finished at Thu Sep 23 23:12:00 2021
Total time elapsed: 36.22s
22
Make ldsc-friendly annotation files for liver_H3K4me3_ENCFF445TVA.bed
LDSC annotation file saved at:  /home/chenweit/Desktop/pancreas_S_LDSC/annot/ldscores/liver_H3K4me3_ENCFF445TVA/liver_H3K4me3_ENCFF445TVA.22.annot.gz 
Computing LD scores with the annot file liver_H3K4me3_ENCFF445TVA.22.annot.gz
*********************************************************************
* LD Score Regression (LDSC)
* Version 1.0.1
* (C) 2014-2019 Brendan Bulik-Sullivan and Hilary Finucane
* Broad Institute of MIT and Harvard / MIT Department of Mathematics
* GNU General Public License v3
*********************************************************************
Call: 
./ldsc.py \
--print-snps /home/chenweit/Desktop/pancreas_S_LDSC/listHM3.txt \
--ld-wind-cm 1.0 \
--out /home/chenweit/Desktop/pancreas_S_LDSC/annot/ldscores/liver_H3K4me3_ENCFF445TVA/liver_H3K4me3_ENCFF445TVA.22 \
--bfile /home/chenweit/Desktop/pancreas_S_LDSC/1000G_EUR_Phase3_plink/1000G.EUR.QC.22 \
--annot /home/chenweit/Desktop/pancreas_S_LDSC/annot/ldscores/liver_H3K4me3_ENCFF445TVA/liver_H3K4me3_ENCFF445TVA.22.annot.gz \
--l2  

Beginning analysis at Thu Sep 23 23:12:05 2021
Read list of 141123 SNPs from /home/chenweit/Desktop/pancreas_S_LDSC/1000G_EUR_Phase3_plink/1000G.EUR.QC.22.bim
Read 1 annotations for 141123 SNPs from /home/chenweit/Desktop/pancreas_S_LDSC/annot/ldscores/liver_H3K4me3_ENCFF445TVA/liver_H3K4me3_ENCFF445TVA.22.annot.gz
Read list of 489 individuals from /home/chenweit/Desktop/pancreas_S_LDSC/1000G_EUR_Phase3_plink/1000G.EUR.QC.22.fam
Reading genotypes from /home/chenweit/Desktop/pancreas_S_LDSC/1000G_EUR_Phase3_plink/1000G.EUR.QC.22.bed
After filtering, 141123 SNPs remain
Estimating LD Score.
Reading list of 1217311 SNPs for which to print LD Scores from /home/chenweit/Desktop/pancreas_S_LDSC/listHM3.txt
After merging with --print-snps, LD Scores for 17489 SNPs will be printed.
Writing LD Scores for 17489 SNPs to /home/chenweit/Desktop/pancreas_S_LDSC/annot/ldscores/liver_H3K4me3_ENCFF445TVA/liver_H3K4me3_ENCFF445TVA.22.l2.ldscore.gz

Summary of LD Scores in /home/chenweit/Desktop/pancreas_S_LDSC/annot/ldscores/liver_H3K4me3_ENCFF445TVA/liver_H3K4me3_ENCFF445TVA.22.l2.ldscore.gz
         MAF       L2
mean  0.2366   1.4062
std   0.1435   2.7543
min   0.0051  -0.1139
25%   0.1094   0.0240
50%   0.2280   0.2880
75%   0.3579   1.6391
max   0.5000  25.5689

MAF/LD Score Correlation Matrix
        MAF      L2
MAF  1.0000  0.0671
L2   0.0671  1.0000

Annotation Correlation Matrix
       ANNOT
ANNOT    1.0

Annotation Matrix Column Sums
ANNOT    1676

Summary of Annotation Matrix Row Sums
count    141123.0000
mean          0.0119
std           0.1083
min           0.0000
25%           0.0000
50%           0.0000
75%           0.0000
max           1.0000
Analysis finished at Thu Sep 23 23:12:42 2021
Total time elapsed: 37.34s
