prefix_annot: liver_H3K27ac_ENCFF234QOT
1
Make ldsc-friendly annotation files for liver_H3K27ac_ENCFF234QOT.bed
LDSC annotation file saved at:  /home/chenweit/Desktop/pancreas_S_LDSC/annot/ldscores/liver_H3K27ac_ENCFF234QOT/liver_H3K27ac_ENCFF234QOT.1.annot.gz 
Computing LD scores with the annot file liver_H3K27ac_ENCFF234QOT.1.annot.gz
*********************************************************************
* LD Score Regression (LDSC)
* Version 1.0.1
* (C) 2014-2019 Brendan Bulik-Sullivan and Hilary Finucane
* Broad Institute of MIT and Harvard / MIT Department of Mathematics
* GNU General Public License v3
*********************************************************************
Call: 
./ldsc.py \
--print-snps /home/chenweit/Desktop/pancreas_S_LDSC/listHM3.txt \
--ld-wind-cm 1.0 \
--out /home/chenweit/Desktop/pancreas_S_LDSC/annot/ldscores/liver_H3K27ac_ENCFF234QOT/liver_H3K27ac_ENCFF234QOT.1 \
--bfile /home/chenweit/Desktop/pancreas_S_LDSC/1000G_EUR_Phase3_plink/1000G.EUR.QC.1 \
--annot /home/chenweit/Desktop/pancreas_S_LDSC/annot/ldscores/liver_H3K27ac_ENCFF234QOT/liver_H3K27ac_ENCFF234QOT.1.annot.gz \
--l2  

Beginning analysis at Thu Sep 23 22:03:02 2021
Read list of 779354 SNPs from /home/chenweit/Desktop/pancreas_S_LDSC/1000G_EUR_Phase3_plink/1000G.EUR.QC.1.bim
Read 1 annotations for 779354 SNPs from /home/chenweit/Desktop/pancreas_S_LDSC/annot/ldscores/liver_H3K27ac_ENCFF234QOT/liver_H3K27ac_ENCFF234QOT.1.annot.gz
Read list of 489 individuals from /home/chenweit/Desktop/pancreas_S_LDSC/1000G_EUR_Phase3_plink/1000G.EUR.QC.1.fam
Reading genotypes from /home/chenweit/Desktop/pancreas_S_LDSC/1000G_EUR_Phase3_plink/1000G.EUR.QC.1.bed
After filtering, 779354 SNPs remain
Estimating LD Score.
Reading list of 1217311 SNPs for which to print LD Scores from /home/chenweit/Desktop/pancreas_S_LDSC/listHM3.txt
After merging with --print-snps, LD Scores for 98642 SNPs will be printed.
Writing LD Scores for 98642 SNPs to /home/chenweit/Desktop/pancreas_S_LDSC/annot/ldscores/liver_H3K27ac_ENCFF234QOT/liver_H3K27ac_ENCFF234QOT.1.l2.ldscore.gz

Summary of LD Scores in /home/chenweit/Desktop/pancreas_S_LDSC/annot/ldscores/liver_H3K27ac_ENCFF234QOT/liver_H3K27ac_ENCFF234QOT.1.l2.ldscore.gz
         MAF       L2
mean  0.2346   2.7368
std   0.1432   4.4539
min   0.0051  -0.2106
25%   0.1084   0.1119
50%   0.2239   0.8450
75%   0.3558   3.3665
max   0.5000  64.3270

MAF/LD Score Correlation Matrix
        MAF      L2
MAF  1.0000  0.0709
L2   0.0709  1.0000

Annotation Correlation Matrix
       ANNOT
ANNOT    1.0

Annotation Matrix Column Sums
ANNOT    20537

Summary of Annotation Matrix Row Sums
count    779354.0000
mean          0.0264
std           0.1602
min           0.0000
25%           0.0000
50%           0.0000
75%           0.0000
max           1.0000
Analysis finished at Thu Sep 23 22:07:30 2021
Total time elapsed: 4.0m:28.36s
2
Make ldsc-friendly annotation files for liver_H3K27ac_ENCFF234QOT.bed
LDSC annotation file saved at:  /home/chenweit/Desktop/pancreas_S_LDSC/annot/ldscores/liver_H3K27ac_ENCFF234QOT/liver_H3K27ac_ENCFF234QOT.2.annot.gz 
Computing LD scores with the annot file liver_H3K27ac_ENCFF234QOT.2.annot.gz
*********************************************************************
* LD Score Regression (LDSC)
* Version 1.0.1
* (C) 2014-2019 Brendan Bulik-Sullivan and Hilary Finucane
* Broad Institute of MIT and Harvard / MIT Department of Mathematics
* GNU General Public License v3
*********************************************************************
Call: 
./ldsc.py \
--print-snps /home/chenweit/Desktop/pancreas_S_LDSC/listHM3.txt \
--ld-wind-cm 1.0 \
--out /home/chenweit/Desktop/pancreas_S_LDSC/annot/ldscores/liver_H3K27ac_ENCFF234QOT/liver_H3K27ac_ENCFF234QOT.2 \
--bfile /home/chenweit/Desktop/pancreas_S_LDSC/1000G_EUR_Phase3_plink/1000G.EUR.QC.2 \
--annot /home/chenweit/Desktop/pancreas_S_LDSC/annot/ldscores/liver_H3K27ac_ENCFF234QOT/liver_H3K27ac_ENCFF234QOT.2.annot.gz \
--l2  

Beginning analysis at Thu Sep 23 22:07:47 2021
Read list of 839590 SNPs from /home/chenweit/Desktop/pancreas_S_LDSC/1000G_EUR_Phase3_plink/1000G.EUR.QC.2.bim
Read 1 annotations for 839590 SNPs from /home/chenweit/Desktop/pancreas_S_LDSC/annot/ldscores/liver_H3K27ac_ENCFF234QOT/liver_H3K27ac_ENCFF234QOT.2.annot.gz
Read list of 489 individuals from /home/chenweit/Desktop/pancreas_S_LDSC/1000G_EUR_Phase3_plink/1000G.EUR.QC.2.fam
Reading genotypes from /home/chenweit/Desktop/pancreas_S_LDSC/1000G_EUR_Phase3_plink/1000G.EUR.QC.2.bed
After filtering, 839590 SNPs remain
Estimating LD Score.
Reading list of 1217311 SNPs for which to print LD Scores from /home/chenweit/Desktop/pancreas_S_LDSC/listHM3.txt
After merging with --print-snps, LD Scores for 99735 SNPs will be printed.
Writing LD Scores for 99735 SNPs to /home/chenweit/Desktop/pancreas_S_LDSC/annot/ldscores/liver_H3K27ac_ENCFF234QOT/liver_H3K27ac_ENCFF234QOT.2.l2.ldscore.gz

Summary of LD Scores in /home/chenweit/Desktop/pancreas_S_LDSC/annot/ldscores/liver_H3K27ac_ENCFF234QOT/liver_H3K27ac_ENCFF234QOT.2.l2.ldscore.gz
         MAF       L2
mean  0.2384   2.3204
std   0.1431   4.5927
min   0.0051  -0.3374
25%   0.1125   0.0593
50%   0.2290   0.4985
75%   0.3620   2.5953
max   0.5000  75.1233

MAF/LD Score Correlation Matrix
       MAF     L2
MAF  1.000  0.092
L2   0.092  1.000

Annotation Correlation Matrix
       ANNOT
ANNOT    1.0

Annotation Matrix Column Sums
ANNOT    16219

Summary of Annotation Matrix Row Sums
count    839590.0000
mean          0.0193
std           0.1376
min           0.0000
25%           0.0000
50%           0.0000
75%           0.0000
max           1.0000
Analysis finished at Thu Sep 23 22:13:04 2021
Total time elapsed: 5.0m:17.17s
3
Make ldsc-friendly annotation files for liver_H3K27ac_ENCFF234QOT.bed
LDSC annotation file saved at:  /home/chenweit/Desktop/pancreas_S_LDSC/annot/ldscores/liver_H3K27ac_ENCFF234QOT/liver_H3K27ac_ENCFF234QOT.3.annot.gz 
Computing LD scores with the annot file liver_H3K27ac_ENCFF234QOT.3.annot.gz
*********************************************************************
* LD Score Regression (LDSC)
* Version 1.0.1
* (C) 2014-2019 Brendan Bulik-Sullivan and Hilary Finucane
* Broad Institute of MIT and Harvard / MIT Department of Mathematics
* GNU General Public License v3
*********************************************************************
Call: 
./ldsc.py \
--print-snps /home/chenweit/Desktop/pancreas_S_LDSC/listHM3.txt \
--ld-wind-cm 1.0 \
--out /home/chenweit/Desktop/pancreas_S_LDSC/annot/ldscores/liver_H3K27ac_ENCFF234QOT/liver_H3K27ac_ENCFF234QOT.3 \
--bfile /home/chenweit/Desktop/pancreas_S_LDSC/1000G_EUR_Phase3_plink/1000G.EUR.QC.3 \
--annot /home/chenweit/Desktop/pancreas_S_LDSC/annot/ldscores/liver_H3K27ac_ENCFF234QOT/liver_H3K27ac_ENCFF234QOT.3.annot.gz \
--l2  

Beginning analysis at Thu Sep 23 22:13:19 2021
Read list of 706350 SNPs from /home/chenweit/Desktop/pancreas_S_LDSC/1000G_EUR_Phase3_plink/1000G.EUR.QC.3.bim
Read 1 annotations for 706350 SNPs from /home/chenweit/Desktop/pancreas_S_LDSC/annot/ldscores/liver_H3K27ac_ENCFF234QOT/liver_H3K27ac_ENCFF234QOT.3.annot.gz
Read list of 489 individuals from /home/chenweit/Desktop/pancreas_S_LDSC/1000G_EUR_Phase3_plink/1000G.EUR.QC.3.fam
Reading genotypes from /home/chenweit/Desktop/pancreas_S_LDSC/1000G_EUR_Phase3_plink/1000G.EUR.QC.3.bed
After filtering, 706350 SNPs remain
Estimating LD Score.
Reading list of 1217311 SNPs for which to print LD Scores from /home/chenweit/Desktop/pancreas_S_LDSC/listHM3.txt
After merging with --print-snps, LD Scores for 83036 SNPs will be printed.
Writing LD Scores for 83036 SNPs to /home/chenweit/Desktop/pancreas_S_LDSC/annot/ldscores/liver_H3K27ac_ENCFF234QOT/liver_H3K27ac_ENCFF234QOT.3.l2.ldscore.gz

Summary of LD Scores in /home/chenweit/Desktop/pancreas_S_LDSC/annot/ldscores/liver_H3K27ac_ENCFF234QOT/liver_H3K27ac_ENCFF234QOT.3.l2.ldscore.gz
         MAF       L2
mean  0.2408   2.2305
std   0.1426   4.7277
min   0.0051  -0.4177
25%   0.1166   0.0660
50%   0.2321   0.4475
75%   0.3630   2.2617
max   0.5000  56.0394

MAF/LD Score Correlation Matrix
        MAF      L2
MAF  1.0000  0.0638
L2   0.0638  1.0000

Annotation Correlation Matrix
       ANNOT
ANNOT    1.0

Annotation Matrix Column Sums
ANNOT    12507

Summary of Annotation Matrix Row Sums
count    706350.0000
mean          0.0177
std           0.1319
min           0.0000
25%           0.0000
50%           0.0000
75%           0.0000
max           1.0000
Analysis finished at Thu Sep 23 22:18:35 2021
Total time elapsed: 5.0m:15.97s
4
Make ldsc-friendly annotation files for liver_H3K27ac_ENCFF234QOT.bed
LDSC annotation file saved at:  /home/chenweit/Desktop/pancreas_S_LDSC/annot/ldscores/liver_H3K27ac_ENCFF234QOT/liver_H3K27ac_ENCFF234QOT.4.annot.gz 
Computing LD scores with the annot file liver_H3K27ac_ENCFF234QOT.4.annot.gz
*********************************************************************
* LD Score Regression (LDSC)
* Version 1.0.1
* (C) 2014-2019 Brendan Bulik-Sullivan and Hilary Finucane
* Broad Institute of MIT and Harvard / MIT Department of Mathematics
* GNU General Public License v3
*********************************************************************
Call: 
./ldsc.py \
--print-snps /home/chenweit/Desktop/pancreas_S_LDSC/listHM3.txt \
--ld-wind-cm 1.0 \
--out /home/chenweit/Desktop/pancreas_S_LDSC/annot/ldscores/liver_H3K27ac_ENCFF234QOT/liver_H3K27ac_ENCFF234QOT.4 \
--bfile /home/chenweit/Desktop/pancreas_S_LDSC/1000G_EUR_Phase3_plink/1000G.EUR.QC.4 \
--annot /home/chenweit/Desktop/pancreas_S_LDSC/annot/ldscores/liver_H3K27ac_ENCFF234QOT/liver_H3K27ac_ENCFF234QOT.4.annot.gz \
--l2  

Beginning analysis at Thu Sep 23 22:18:50 2021
Read list of 729645 SNPs from /home/chenweit/Desktop/pancreas_S_LDSC/1000G_EUR_Phase3_plink/1000G.EUR.QC.4.bim
Read 1 annotations for 729645 SNPs from /home/chenweit/Desktop/pancreas_S_LDSC/annot/ldscores/liver_H3K27ac_ENCFF234QOT/liver_H3K27ac_ENCFF234QOT.4.annot.gz
Read list of 489 individuals from /home/chenweit/Desktop/pancreas_S_LDSC/1000G_EUR_Phase3_plink/1000G.EUR.QC.4.fam
Reading genotypes from /home/chenweit/Desktop/pancreas_S_LDSC/1000G_EUR_Phase3_plink/1000G.EUR.QC.4.bed
After filtering, 729645 SNPs remain
Estimating LD Score.
Reading list of 1217311 SNPs for which to print LD Scores from /home/chenweit/Desktop/pancreas_S_LDSC/listHM3.txt
After merging with --print-snps, LD Scores for 74924 SNPs will be printed.
Writing LD Scores for 74924 SNPs to /home/chenweit/Desktop/pancreas_S_LDSC/annot/ldscores/liver_H3K27ac_ENCFF234QOT/liver_H3K27ac_ENCFF234QOT.4.l2.ldscore.gz

Summary of LD Scores in /home/chenweit/Desktop/pancreas_S_LDSC/annot/ldscores/liver_H3K27ac_ENCFF234QOT/liver_H3K27ac_ENCFF234QOT.4.l2.ldscore.gz
         MAF       L2
mean  0.2375   1.5891
std   0.1422   3.8637
min   0.0051  -0.3188
25%   0.1125   0.0097
50%   0.2301   0.1990
75%   0.3579   1.3840
max   0.5000  62.6999

MAF/LD Score Correlation Matrix
        MAF      L2
MAF  1.0000  0.0702
L2   0.0702  1.0000

Annotation Correlation Matrix
       ANNOT
ANNOT    1.0

Annotation Matrix Column Sums
ANNOT    9346

Summary of Annotation Matrix Row Sums
count    729645.0000
mean          0.0128
std           0.1124
min           0.0000
25%           0.0000
50%           0.0000
75%           0.0000
max           1.0000
Analysis finished at Thu Sep 23 22:23:29 2021
Total time elapsed: 4.0m:39.1s
5
Make ldsc-friendly annotation files for liver_H3K27ac_ENCFF234QOT.bed
LDSC annotation file saved at:  /home/chenweit/Desktop/pancreas_S_LDSC/annot/ldscores/liver_H3K27ac_ENCFF234QOT/liver_H3K27ac_ENCFF234QOT.5.annot.gz 
Computing LD scores with the annot file liver_H3K27ac_ENCFF234QOT.5.annot.gz
*********************************************************************
* LD Score Regression (LDSC)
* Version 1.0.1
* (C) 2014-2019 Brendan Bulik-Sullivan and Hilary Finucane
* Broad Institute of MIT and Harvard / MIT Department of Mathematics
* GNU General Public License v3
*********************************************************************
Call: 
./ldsc.py \
--print-snps /home/chenweit/Desktop/pancreas_S_LDSC/listHM3.txt \
--ld-wind-cm 1.0 \
--out /home/chenweit/Desktop/pancreas_S_LDSC/annot/ldscores/liver_H3K27ac_ENCFF234QOT/liver_H3K27ac_ENCFF234QOT.5 \
--bfile /home/chenweit/Desktop/pancreas_S_LDSC/1000G_EUR_Phase3_plink/1000G.EUR.QC.5 \
--annot /home/chenweit/Desktop/pancreas_S_LDSC/annot/ldscores/liver_H3K27ac_ENCFF234QOT/liver_H3K27ac_ENCFF234QOT.5.annot.gz \
--l2  

Beginning analysis at Thu Sep 23 22:23:43 2021
Read list of 633015 SNPs from /home/chenweit/Desktop/pancreas_S_LDSC/1000G_EUR_Phase3_plink/1000G.EUR.QC.5.bim
Read 1 annotations for 633015 SNPs from /home/chenweit/Desktop/pancreas_S_LDSC/annot/ldscores/liver_H3K27ac_ENCFF234QOT/liver_H3K27ac_ENCFF234QOT.5.annot.gz
Read list of 489 individuals from /home/chenweit/Desktop/pancreas_S_LDSC/1000G_EUR_Phase3_plink/1000G.EUR.QC.5.fam
Reading genotypes from /home/chenweit/Desktop/pancreas_S_LDSC/1000G_EUR_Phase3_plink/1000G.EUR.QC.5.bed
After filtering, 633015 SNPs remain
Estimating LD Score.
Reading list of 1217311 SNPs for which to print LD Scores from /home/chenweit/Desktop/pancreas_S_LDSC/listHM3.txt
After merging with --print-snps, LD Scores for 75164 SNPs will be printed.
Writing LD Scores for 75164 SNPs to /home/chenweit/Desktop/pancreas_S_LDSC/annot/ldscores/liver_H3K27ac_ENCFF234QOT/liver_H3K27ac_ENCFF234QOT.5.l2.ldscore.gz

Summary of LD Scores in /home/chenweit/Desktop/pancreas_S_LDSC/annot/ldscores/liver_H3K27ac_ENCFF234QOT/liver_H3K27ac_ENCFF234QOT.5.l2.ldscore.gz
         MAF       L2
mean  0.2369   1.8646
std   0.1421   3.7520
min   0.0051  -0.2958
25%   0.1125   0.0395
50%   0.2280   0.3943
75%   0.3569   1.9275
max   0.5000  41.5303

MAF/LD Score Correlation Matrix
        MAF      L2
MAF  1.0000  0.0633
L2   0.0633  1.0000

Annotation Correlation Matrix
       ANNOT
ANNOT    1.0

Annotation Matrix Column Sums
ANNOT    10446

Summary of Annotation Matrix Row Sums
count    633015.0000
mean          0.0165
std           0.1274
min           0.0000
25%           0.0000
50%           0.0000
75%           0.0000
max           1.0000
Analysis finished at Thu Sep 23 22:28:02 2021
Total time elapsed: 4.0m:18.68s
6
Make ldsc-friendly annotation files for liver_H3K27ac_ENCFF234QOT.bed
LDSC annotation file saved at:  /home/chenweit/Desktop/pancreas_S_LDSC/annot/ldscores/liver_H3K27ac_ENCFF234QOT/liver_H3K27ac_ENCFF234QOT.6.annot.gz 
Computing LD scores with the annot file liver_H3K27ac_ENCFF234QOT.6.annot.gz
*********************************************************************
* LD Score Regression (LDSC)
* Version 1.0.1
* (C) 2014-2019 Brendan Bulik-Sullivan and Hilary Finucane
* Broad Institute of MIT and Harvard / MIT Department of Mathematics
* GNU General Public License v3
*********************************************************************
Call: 
./ldsc.py \
--print-snps /home/chenweit/Desktop/pancreas_S_LDSC/listHM3.txt \
--ld-wind-cm 1.0 \
--out /home/chenweit/Desktop/pancreas_S_LDSC/annot/ldscores/liver_H3K27ac_ENCFF234QOT/liver_H3K27ac_ENCFF234QOT.6 \
--bfile /home/chenweit/Desktop/pancreas_S_LDSC/1000G_EUR_Phase3_plink/1000G.EUR.QC.6 \
--annot /home/chenweit/Desktop/pancreas_S_LDSC/annot/ldscores/liver_H3K27ac_ENCFF234QOT/liver_H3K27ac_ENCFF234QOT.6.annot.gz \
--l2  

Beginning analysis at Thu Sep 23 22:28:16 2021
Read list of 664016 SNPs from /home/chenweit/Desktop/pancreas_S_LDSC/1000G_EUR_Phase3_plink/1000G.EUR.QC.6.bim
Read 1 annotations for 664016 SNPs from /home/chenweit/Desktop/pancreas_S_LDSC/annot/ldscores/liver_H3K27ac_ENCFF234QOT/liver_H3K27ac_ENCFF234QOT.6.annot.gz
Read list of 489 individuals from /home/chenweit/Desktop/pancreas_S_LDSC/1000G_EUR_Phase3_plink/1000G.EUR.QC.6.fam
Reading genotypes from /home/chenweit/Desktop/pancreas_S_LDSC/1000G_EUR_Phase3_plink/1000G.EUR.QC.6.bed
After filtering, 664016 SNPs remain
Estimating LD Score.
Reading list of 1217311 SNPs for which to print LD Scores from /home/chenweit/Desktop/pancreas_S_LDSC/listHM3.txt
After merging with --print-snps, LD Scores for 75358 SNPs will be printed.
Writing LD Scores for 75358 SNPs to /home/chenweit/Desktop/pancreas_S_LDSC/annot/ldscores/liver_H3K27ac_ENCFF234QOT/liver_H3K27ac_ENCFF234QOT.6.l2.ldscore.gz

Summary of LD Scores in /home/chenweit/Desktop/pancreas_S_LDSC/annot/ldscores/liver_H3K27ac_ENCFF234QOT/liver_H3K27ac_ENCFF234QOT.6.l2.ldscore.gz
         MAF       L2
mean  0.2357   2.5481
std   0.1431   5.6233
min   0.0051  -0.2567
25%   0.1104   0.1260
50%   0.2249   0.6330
75%   0.3579   2.4145
max   0.5000  83.2401

MAF/LD Score Correlation Matrix
        MAF      L2
MAF  1.0000  0.0462
L2   0.0462  1.0000

Annotation Correlation Matrix
       ANNOT
ANNOT    1.0

Annotation Matrix Column Sums
ANNOT    13850

Summary of Annotation Matrix Row Sums
count    664016.0000
mean          0.0209
std           0.1429
min           0.0000
25%           0.0000
50%           0.0000
75%           0.0000
max           1.0000
Analysis finished at Thu Sep 23 22:34:36 2021
Total time elapsed: 6.0m:20.04s
7
Make ldsc-friendly annotation files for liver_H3K27ac_ENCFF234QOT.bed
LDSC annotation file saved at:  /home/chenweit/Desktop/pancreas_S_LDSC/annot/ldscores/liver_H3K27ac_ENCFF234QOT/liver_H3K27ac_ENCFF234QOT.7.annot.gz 
Computing LD scores with the annot file liver_H3K27ac_ENCFF234QOT.7.annot.gz
*********************************************************************
* LD Score Regression (LDSC)
* Version 1.0.1
* (C) 2014-2019 Brendan Bulik-Sullivan and Hilary Finucane
* Broad Institute of MIT and Harvard / MIT Department of Mathematics
* GNU General Public License v3
*********************************************************************
Call: 
./ldsc.py \
--print-snps /home/chenweit/Desktop/pancreas_S_LDSC/listHM3.txt \
--ld-wind-cm 1.0 \
--out /home/chenweit/Desktop/pancreas_S_LDSC/annot/ldscores/liver_H3K27ac_ENCFF234QOT/liver_H3K27ac_ENCFF234QOT.7 \
--bfile /home/chenweit/Desktop/pancreas_S_LDSC/1000G_EUR_Phase3_plink/1000G.EUR.QC.7 \
--annot /home/chenweit/Desktop/pancreas_S_LDSC/annot/ldscores/liver_H3K27ac_ENCFF234QOT/liver_H3K27ac_ENCFF234QOT.7.annot.gz \
--l2  

Beginning analysis at Thu Sep 23 22:34:49 2021
Read list of 589569 SNPs from /home/chenweit/Desktop/pancreas_S_LDSC/1000G_EUR_Phase3_plink/1000G.EUR.QC.7.bim
Read 1 annotations for 589569 SNPs from /home/chenweit/Desktop/pancreas_S_LDSC/annot/ldscores/liver_H3K27ac_ENCFF234QOT/liver_H3K27ac_ENCFF234QOT.7.annot.gz
Read list of 489 individuals from /home/chenweit/Desktop/pancreas_S_LDSC/1000G_EUR_Phase3_plink/1000G.EUR.QC.7.fam
Reading genotypes from /home/chenweit/Desktop/pancreas_S_LDSC/1000G_EUR_Phase3_plink/1000G.EUR.QC.7.bed
After filtering, 589569 SNPs remain
Estimating LD Score.
Reading list of 1217311 SNPs for which to print LD Scores from /home/chenweit/Desktop/pancreas_S_LDSC/listHM3.txt
After merging with --print-snps, LD Scores for 66171 SNPs will be printed.
Writing LD Scores for 66171 SNPs to /home/chenweit/Desktop/pancreas_S_LDSC/annot/ldscores/liver_H3K27ac_ENCFF234QOT/liver_H3K27ac_ENCFF234QOT.7.l2.ldscore.gz

Summary of LD Scores in /home/chenweit/Desktop/pancreas_S_LDSC/annot/ldscores/liver_H3K27ac_ENCFF234QOT/liver_H3K27ac_ENCFF234QOT.7.l2.ldscore.gz
         MAF       L2
mean  0.2390   2.1643
std   0.1428   5.0331
min   0.0051  -0.2399
25%   0.1125   0.0593
50%   0.2301   0.4664
75%   0.3609   2.0348
max   0.5000  59.4013

MAF/LD Score Correlation Matrix
        MAF      L2
MAF  1.0000  0.0787
L2   0.0787  1.0000

Annotation Correlation Matrix
       ANNOT
ANNOT    1.0

Annotation Matrix Column Sums
ANNOT    10868

Summary of Annotation Matrix Row Sums
count    589569.0000
mean          0.0184
std           0.1345
min           0.0000
25%           0.0000
50%           0.0000
75%           0.0000
max           1.0000
Analysis finished at Thu Sep 23 22:38:52 2021
Total time elapsed: 4.0m:3.25s
8
Make ldsc-friendly annotation files for liver_H3K27ac_ENCFF234QOT.bed
LDSC annotation file saved at:  /home/chenweit/Desktop/pancreas_S_LDSC/annot/ldscores/liver_H3K27ac_ENCFF234QOT/liver_H3K27ac_ENCFF234QOT.8.annot.gz 
Computing LD scores with the annot file liver_H3K27ac_ENCFF234QOT.8.annot.gz
*********************************************************************
* LD Score Regression (LDSC)
* Version 1.0.1
* (C) 2014-2019 Brendan Bulik-Sullivan and Hilary Finucane
* Broad Institute of MIT and Harvard / MIT Department of Mathematics
* GNU General Public License v3
*********************************************************************
Call: 
./ldsc.py \
--print-snps /home/chenweit/Desktop/pancreas_S_LDSC/listHM3.txt \
--ld-wind-cm 1.0 \
--out /home/chenweit/Desktop/pancreas_S_LDSC/annot/ldscores/liver_H3K27ac_ENCFF234QOT/liver_H3K27ac_ENCFF234QOT.8 \
--bfile /home/chenweit/Desktop/pancreas_S_LDSC/1000G_EUR_Phase3_plink/1000G.EUR.QC.8 \
--annot /home/chenweit/Desktop/pancreas_S_LDSC/annot/ldscores/liver_H3K27ac_ENCFF234QOT/liver_H3K27ac_ENCFF234QOT.8.annot.gz \
--l2  

Beginning analysis at Thu Sep 23 22:39:04 2021
Read list of 549971 SNPs from /home/chenweit/Desktop/pancreas_S_LDSC/1000G_EUR_Phase3_plink/1000G.EUR.QC.8.bim
Read 1 annotations for 549971 SNPs from /home/chenweit/Desktop/pancreas_S_LDSC/annot/ldscores/liver_H3K27ac_ENCFF234QOT/liver_H3K27ac_ENCFF234QOT.8.annot.gz
Read list of 489 individuals from /home/chenweit/Desktop/pancreas_S_LDSC/1000G_EUR_Phase3_plink/1000G.EUR.QC.8.fam
Reading genotypes from /home/chenweit/Desktop/pancreas_S_LDSC/1000G_EUR_Phase3_plink/1000G.EUR.QC.8.bed
After filtering, 549971 SNPs remain
Estimating LD Score.
Reading list of 1217311 SNPs for which to print LD Scores from /home/chenweit/Desktop/pancreas_S_LDSC/listHM3.txt
After merging with --print-snps, LD Scores for 64975 SNPs will be printed.
Writing LD Scores for 64975 SNPs to /home/chenweit/Desktop/pancreas_S_LDSC/annot/ldscores/liver_H3K27ac_ENCFF234QOT/liver_H3K27ac_ENCFF234QOT.8.l2.ldscore.gz

Summary of LD Scores in /home/chenweit/Desktop/pancreas_S_LDSC/annot/ldscores/liver_H3K27ac_ENCFF234QOT/liver_H3K27ac_ENCFF234QOT.8.l2.ldscore.gz
         MAF       L2
mean  0.2380   2.0648
std   0.1431   4.1261
min   0.0051  -0.2246
25%   0.1115   0.0471
50%   0.2280   0.4058
75%   0.3609   2.1516
max   0.5000  48.5848

MAF/LD Score Correlation Matrix
        MAF      L2
MAF  1.0000  0.1115
L2   0.1115  1.0000

Annotation Correlation Matrix
       ANNOT
ANNOT    1.0

Annotation Matrix Column Sums
ANNOT    9497

Summary of Annotation Matrix Row Sums
count    549971.0000
mean          0.0173
std           0.1303
min           0.0000
25%           0.0000
50%           0.0000
75%           0.0000
max           1.0000
Analysis finished at Thu Sep 23 22:42:57 2021
Total time elapsed: 3.0m:53.56s
9
Make ldsc-friendly annotation files for liver_H3K27ac_ENCFF234QOT.bed
LDSC annotation file saved at:  /home/chenweit/Desktop/pancreas_S_LDSC/annot/ldscores/liver_H3K27ac_ENCFF234QOT/liver_H3K27ac_ENCFF234QOT.9.annot.gz 
Computing LD scores with the annot file liver_H3K27ac_ENCFF234QOT.9.annot.gz
*********************************************************************
* LD Score Regression (LDSC)
* Version 1.0.1
* (C) 2014-2019 Brendan Bulik-Sullivan and Hilary Finucane
* Broad Institute of MIT and Harvard / MIT Department of Mathematics
* GNU General Public License v3
*********************************************************************
Call: 
./ldsc.py \
--print-snps /home/chenweit/Desktop/pancreas_S_LDSC/listHM3.txt \
--ld-wind-cm 1.0 \
--out /home/chenweit/Desktop/pancreas_S_LDSC/annot/ldscores/liver_H3K27ac_ENCFF234QOT/liver_H3K27ac_ENCFF234QOT.9 \
--bfile /home/chenweit/Desktop/pancreas_S_LDSC/1000G_EUR_Phase3_plink/1000G.EUR.QC.9 \
--annot /home/chenweit/Desktop/pancreas_S_LDSC/annot/ldscores/liver_H3K27ac_ENCFF234QOT/liver_H3K27ac_ENCFF234QOT.9.annot.gz \
--l2  

Beginning analysis at Thu Sep 23 22:43:07 2021
Read list of 438106 SNPs from /home/chenweit/Desktop/pancreas_S_LDSC/1000G_EUR_Phase3_plink/1000G.EUR.QC.9.bim
Read 1 annotations for 438106 SNPs from /home/chenweit/Desktop/pancreas_S_LDSC/annot/ldscores/liver_H3K27ac_ENCFF234QOT/liver_H3K27ac_ENCFF234QOT.9.annot.gz
Read list of 489 individuals from /home/chenweit/Desktop/pancreas_S_LDSC/1000G_EUR_Phase3_plink/1000G.EUR.QC.9.fam
Reading genotypes from /home/chenweit/Desktop/pancreas_S_LDSC/1000G_EUR_Phase3_plink/1000G.EUR.QC.9.bed
After filtering, 438106 SNPs remain
Estimating LD Score.
Reading list of 1217311 SNPs for which to print LD Scores from /home/chenweit/Desktop/pancreas_S_LDSC/listHM3.txt
After merging with --print-snps, LD Scores for 55464 SNPs will be printed.
Writing LD Scores for 55464 SNPs to /home/chenweit/Desktop/pancreas_S_LDSC/annot/ldscores/liver_H3K27ac_ENCFF234QOT/liver_H3K27ac_ENCFF234QOT.9.l2.ldscore.gz

Summary of LD Scores in /home/chenweit/Desktop/pancreas_S_LDSC/annot/ldscores/liver_H3K27ac_ENCFF234QOT/liver_H3K27ac_ENCFF234QOT.9.l2.ldscore.gz
         MAF        L2
mean  0.2359    2.4700
std   0.1423    4.9637
min   0.0051   -0.3554
25%   0.1115    0.0529
50%   0.2249    0.5038
75%   0.3569    2.7113
max   0.5000  102.3275

MAF/LD Score Correlation Matrix
        MAF      L2
MAF  1.0000  0.0588
L2   0.0588  1.0000

Annotation Correlation Matrix
       ANNOT
ANNOT    1.0

Annotation Matrix Column Sums
ANNOT    11918

Summary of Annotation Matrix Row Sums
count    438106.0000
mean          0.0272
std           0.1627
min           0.0000
25%           0.0000
50%           0.0000
75%           0.0000
max           1.0000
Analysis finished at Thu Sep 23 22:45:25 2021
Total time elapsed: 2.0m:18.56s
10
Make ldsc-friendly annotation files for liver_H3K27ac_ENCFF234QOT.bed
LDSC annotation file saved at:  /home/chenweit/Desktop/pancreas_S_LDSC/annot/ldscores/liver_H3K27ac_ENCFF234QOT/liver_H3K27ac_ENCFF234QOT.10.annot.gz 
Computing LD scores with the annot file liver_H3K27ac_ENCFF234QOT.10.annot.gz
*********************************************************************
* LD Score Regression (LDSC)
* Version 1.0.1
* (C) 2014-2019 Brendan Bulik-Sullivan and Hilary Finucane
* Broad Institute of MIT and Harvard / MIT Department of Mathematics
* GNU General Public License v3
*********************************************************************
Call: 
./ldsc.py \
--print-snps /home/chenweit/Desktop/pancreas_S_LDSC/listHM3.txt \
--ld-wind-cm 1.0 \
--out /home/chenweit/Desktop/pancreas_S_LDSC/annot/ldscores/liver_H3K27ac_ENCFF234QOT/liver_H3K27ac_ENCFF234QOT.10 \
--bfile /home/chenweit/Desktop/pancreas_S_LDSC/1000G_EUR_Phase3_plink/1000G.EUR.QC.10 \
--annot /home/chenweit/Desktop/pancreas_S_LDSC/annot/ldscores/liver_H3K27ac_ENCFF234QOT/liver_H3K27ac_ENCFF234QOT.10.annot.gz \
--l2  

Beginning analysis at Thu Sep 23 22:45:36 2021
Read list of 510501 SNPs from /home/chenweit/Desktop/pancreas_S_LDSC/1000G_EUR_Phase3_plink/1000G.EUR.QC.10.bim
Read 1 annotations for 510501 SNPs from /home/chenweit/Desktop/pancreas_S_LDSC/annot/ldscores/liver_H3K27ac_ENCFF234QOT/liver_H3K27ac_ENCFF234QOT.10.annot.gz
Read list of 489 individuals from /home/chenweit/Desktop/pancreas_S_LDSC/1000G_EUR_Phase3_plink/1000G.EUR.QC.10.fam
Reading genotypes from /home/chenweit/Desktop/pancreas_S_LDSC/1000G_EUR_Phase3_plink/1000G.EUR.QC.10.bed
After filtering, 510501 SNPs remain
Estimating LD Score.
Reading list of 1217311 SNPs for which to print LD Scores from /home/chenweit/Desktop/pancreas_S_LDSC/listHM3.txt
After merging with --print-snps, LD Scores for 64067 SNPs will be printed.
Writing LD Scores for 64067 SNPs to /home/chenweit/Desktop/pancreas_S_LDSC/annot/ldscores/liver_H3K27ac_ENCFF234QOT/liver_H3K27ac_ENCFF234QOT.10.l2.ldscore.gz

Summary of LD Scores in /home/chenweit/Desktop/pancreas_S_LDSC/annot/ldscores/liver_H3K27ac_ENCFF234QOT/liver_H3K27ac_ENCFF234QOT.10.l2.ldscore.gz
         MAF       L2
mean  0.2328   2.3261
std   0.1426   4.1443
min   0.0051  -0.2666
25%   0.1074   0.0705
50%   0.2198   0.5733
75%   0.3538   2.6065
max   0.5000  36.5835

MAF/LD Score Correlation Matrix
        MAF      L2
MAF  1.0000  0.0708
L2   0.0708  1.0000

Annotation Correlation Matrix
       ANNOT
ANNOT    1.0

Annotation Matrix Column Sums
ANNOT    11012

Summary of Annotation Matrix Row Sums
count    510501.0000
mean          0.0216
std           0.1453
min           0.0000
25%           0.0000
50%           0.0000
75%           0.0000
max           1.0000
Analysis finished at Thu Sep 23 22:48:57 2021
Total time elapsed: 3.0m:20.98s
11
Make ldsc-friendly annotation files for liver_H3K27ac_ENCFF234QOT.bed
LDSC annotation file saved at:  /home/chenweit/Desktop/pancreas_S_LDSC/annot/ldscores/liver_H3K27ac_ENCFF234QOT/liver_H3K27ac_ENCFF234QOT.11.annot.gz 
Computing LD scores with the annot file liver_H3K27ac_ENCFF234QOT.11.annot.gz
*********************************************************************
* LD Score Regression (LDSC)
* Version 1.0.1
* (C) 2014-2019 Brendan Bulik-Sullivan and Hilary Finucane
* Broad Institute of MIT and Harvard / MIT Department of Mathematics
* GNU General Public License v3
*********************************************************************
Call: 
./ldsc.py \
--print-snps /home/chenweit/Desktop/pancreas_S_LDSC/listHM3.txt \
--ld-wind-cm 1.0 \
--out /home/chenweit/Desktop/pancreas_S_LDSC/annot/ldscores/liver_H3K27ac_ENCFF234QOT/liver_H3K27ac_ENCFF234QOT.11 \
--bfile /home/chenweit/Desktop/pancreas_S_LDSC/1000G_EUR_Phase3_plink/1000G.EUR.QC.11 \
--annot /home/chenweit/Desktop/pancreas_S_LDSC/annot/ldscores/liver_H3K27ac_ENCFF234QOT/liver_H3K27ac_ENCFF234QOT.11.annot.gz \
--l2  

Beginning analysis at Thu Sep 23 22:49:07 2021
Read list of 493922 SNPs from /home/chenweit/Desktop/pancreas_S_LDSC/1000G_EUR_Phase3_plink/1000G.EUR.QC.11.bim
Read 1 annotations for 493922 SNPs from /home/chenweit/Desktop/pancreas_S_LDSC/annot/ldscores/liver_H3K27ac_ENCFF234QOT/liver_H3K27ac_ENCFF234QOT.11.annot.gz
Read list of 489 individuals from /home/chenweit/Desktop/pancreas_S_LDSC/1000G_EUR_Phase3_plink/1000G.EUR.QC.11.fam
Reading genotypes from /home/chenweit/Desktop/pancreas_S_LDSC/1000G_EUR_Phase3_plink/1000G.EUR.QC.11.bed
After filtering, 493922 SNPs remain
Estimating LD Score.
Reading list of 1217311 SNPs for which to print LD Scores from /home/chenweit/Desktop/pancreas_S_LDSC/listHM3.txt
After merging with --print-snps, LD Scores for 60977 SNPs will be printed.
Writing LD Scores for 60977 SNPs to /home/chenweit/Desktop/pancreas_S_LDSC/annot/ldscores/liver_H3K27ac_ENCFF234QOT/liver_H3K27ac_ENCFF234QOT.11.l2.ldscore.gz

Summary of LD Scores in /home/chenweit/Desktop/pancreas_S_LDSC/annot/ldscores/liver_H3K27ac_ENCFF234QOT/liver_H3K27ac_ENCFF234QOT.11.l2.ldscore.gz
         MAF       L2
mean  0.2398   2.6833
std   0.1420   5.0230
min   0.0051  -0.3589
25%   0.1155   0.0676
50%   0.2301   0.6009
75%   0.3609   2.8625
max   0.5000  69.2242

MAF/LD Score Correlation Matrix
        MAF      L2
MAF  1.0000  0.0432
L2   0.0432  1.0000

Annotation Correlation Matrix
       ANNOT
ANNOT    1.0

Annotation Matrix Column Sums
ANNOT    11154

Summary of Annotation Matrix Row Sums
count    493922.0000
mean          0.0226
std           0.1486
min           0.0000
25%           0.0000
50%           0.0000
75%           0.0000
max           1.0000
Analysis finished at Thu Sep 23 22:53:20 2021
Total time elapsed: 4.0m:13.12s
12
Make ldsc-friendly annotation files for liver_H3K27ac_ENCFF234QOT.bed
LDSC annotation file saved at:  /home/chenweit/Desktop/pancreas_S_LDSC/annot/ldscores/liver_H3K27ac_ENCFF234QOT/liver_H3K27ac_ENCFF234QOT.12.annot.gz 
Computing LD scores with the annot file liver_H3K27ac_ENCFF234QOT.12.annot.gz
*********************************************************************
* LD Score Regression (LDSC)
* Version 1.0.1
* (C) 2014-2019 Brendan Bulik-Sullivan and Hilary Finucane
* Broad Institute of MIT and Harvard / MIT Department of Mathematics
* GNU General Public License v3
*********************************************************************
Call: 
./ldsc.py \
--print-snps /home/chenweit/Desktop/pancreas_S_LDSC/listHM3.txt \
--ld-wind-cm 1.0 \
--out /home/chenweit/Desktop/pancreas_S_LDSC/annot/ldscores/liver_H3K27ac_ENCFF234QOT/liver_H3K27ac_ENCFF234QOT.12 \
--bfile /home/chenweit/Desktop/pancreas_S_LDSC/1000G_EUR_Phase3_plink/1000G.EUR.QC.12 \
--annot /home/chenweit/Desktop/pancreas_S_LDSC/annot/ldscores/liver_H3K27ac_ENCFF234QOT/liver_H3K27ac_ENCFF234QOT.12.annot.gz \
--l2  

Beginning analysis at Thu Sep 23 22:53:30 2021
Read list of 480110 SNPs from /home/chenweit/Desktop/pancreas_S_LDSC/1000G_EUR_Phase3_plink/1000G.EUR.QC.12.bim
Read 1 annotations for 480110 SNPs from /home/chenweit/Desktop/pancreas_S_LDSC/annot/ldscores/liver_H3K27ac_ENCFF234QOT/liver_H3K27ac_ENCFF234QOT.12.annot.gz
Read list of 489 individuals from /home/chenweit/Desktop/pancreas_S_LDSC/1000G_EUR_Phase3_plink/1000G.EUR.QC.12.fam
Reading genotypes from /home/chenweit/Desktop/pancreas_S_LDSC/1000G_EUR_Phase3_plink/1000G.EUR.QC.12.bed
After filtering, 480110 SNPs remain
Estimating LD Score.
Reading list of 1217311 SNPs for which to print LD Scores from /home/chenweit/Desktop/pancreas_S_LDSC/listHM3.txt
After merging with --print-snps, LD Scores for 58543 SNPs will be printed.
Writing LD Scores for 58543 SNPs to /home/chenweit/Desktop/pancreas_S_LDSC/annot/ldscores/liver_H3K27ac_ENCFF234QOT/liver_H3K27ac_ENCFF234QOT.12.l2.ldscore.gz

Summary of LD Scores in /home/chenweit/Desktop/pancreas_S_LDSC/annot/ldscores/liver_H3K27ac_ENCFF234QOT/liver_H3K27ac_ENCFF234QOT.12.l2.ldscore.gz
         MAF       L2
mean  0.2334   2.1789
std   0.1429   4.0241
min   0.0051  -0.2617
25%   0.1084   0.1056
50%   0.2209   0.5751
75%   0.3558   2.4193
max   0.5000  58.4413

MAF/LD Score Correlation Matrix
        MAF      L2
MAF  1.0000  0.0432
L2   0.0432  1.0000

Annotation Correlation Matrix
       ANNOT
ANNOT    1.0

Annotation Matrix Column Sums
ANNOT    10200

Summary of Annotation Matrix Row Sums
count    480110.0000
mean          0.0212
std           0.1442
min           0.0000
25%           0.0000
50%           0.0000
75%           0.0000
max           1.0000
Analysis finished at Thu Sep 23 22:56:48 2021
Total time elapsed: 3.0m:18.03s
13
Make ldsc-friendly annotation files for liver_H3K27ac_ENCFF234QOT.bed
LDSC annotation file saved at:  /home/chenweit/Desktop/pancreas_S_LDSC/annot/ldscores/liver_H3K27ac_ENCFF234QOT/liver_H3K27ac_ENCFF234QOT.13.annot.gz 
Computing LD scores with the annot file liver_H3K27ac_ENCFF234QOT.13.annot.gz
*********************************************************************
* LD Score Regression (LDSC)
* Version 1.0.1
* (C) 2014-2019 Brendan Bulik-Sullivan and Hilary Finucane
* Broad Institute of MIT and Harvard / MIT Department of Mathematics
* GNU General Public License v3
*********************************************************************
Call: 
./ldsc.py \
--print-snps /home/chenweit/Desktop/pancreas_S_LDSC/listHM3.txt \
--ld-wind-cm 1.0 \
--out /home/chenweit/Desktop/pancreas_S_LDSC/annot/ldscores/liver_H3K27ac_ENCFF234QOT/liver_H3K27ac_ENCFF234QOT.13 \
--bfile /home/chenweit/Desktop/pancreas_S_LDSC/1000G_EUR_Phase3_plink/1000G.EUR.QC.13 \
--annot /home/chenweit/Desktop/pancreas_S_LDSC/annot/ldscores/liver_H3K27ac_ENCFF234QOT/liver_H3K27ac_ENCFF234QOT.13.annot.gz \
--l2  

Beginning analysis at Thu Sep 23 22:56:57 2021
Read list of 366200 SNPs from /home/chenweit/Desktop/pancreas_S_LDSC/1000G_EUR_Phase3_plink/1000G.EUR.QC.13.bim
Read 1 annotations for 366200 SNPs from /home/chenweit/Desktop/pancreas_S_LDSC/annot/ldscores/liver_H3K27ac_ENCFF234QOT/liver_H3K27ac_ENCFF234QOT.13.annot.gz
Read list of 489 individuals from /home/chenweit/Desktop/pancreas_S_LDSC/1000G_EUR_Phase3_plink/1000G.EUR.QC.13.fam
Reading genotypes from /home/chenweit/Desktop/pancreas_S_LDSC/1000G_EUR_Phase3_plink/1000G.EUR.QC.13.bed
After filtering, 366200 SNPs remain
Estimating LD Score.
Reading list of 1217311 SNPs for which to print LD Scores from /home/chenweit/Desktop/pancreas_S_LDSC/listHM3.txt
After merging with --print-snps, LD Scores for 45546 SNPs will be printed.
Writing LD Scores for 45546 SNPs to /home/chenweit/Desktop/pancreas_S_LDSC/annot/ldscores/liver_H3K27ac_ENCFF234QOT/liver_H3K27ac_ENCFF234QOT.13.l2.ldscore.gz

Summary of LD Scores in /home/chenweit/Desktop/pancreas_S_LDSC/annot/ldscores/liver_H3K27ac_ENCFF234QOT/liver_H3K27ac_ENCFF234QOT.13.l2.ldscore.gz
         MAF       L2
mean  0.2338   1.3019
std   0.1428   2.6921
min   0.0051  -0.1471
25%   0.1074   0.0126
50%   0.2209   0.1819
75%   0.3548   1.2311
max   0.5000  31.6102

MAF/LD Score Correlation Matrix
        MAF      L2
MAF  1.0000  0.0588
L2   0.0588  1.0000

Annotation Correlation Matrix
       ANNOT
ANNOT    1.0

Annotation Matrix Column Sums
ANNOT    5180

Summary of Annotation Matrix Row Sums
count    366200.0000
mean          0.0141
std           0.1181
min           0.0000
25%           0.0000
50%           0.0000
75%           0.0000
max           1.0000
Analysis finished at Thu Sep 23 22:59:09 2021
Total time elapsed: 2.0m:11.8s
14
Make ldsc-friendly annotation files for liver_H3K27ac_ENCFF234QOT.bed
LDSC annotation file saved at:  /home/chenweit/Desktop/pancreas_S_LDSC/annot/ldscores/liver_H3K27ac_ENCFF234QOT/liver_H3K27ac_ENCFF234QOT.14.annot.gz 
Computing LD scores with the annot file liver_H3K27ac_ENCFF234QOT.14.annot.gz
*********************************************************************
* LD Score Regression (LDSC)
* Version 1.0.1
* (C) 2014-2019 Brendan Bulik-Sullivan and Hilary Finucane
* Broad Institute of MIT and Harvard / MIT Department of Mathematics
* GNU General Public License v3
*********************************************************************
Call: 
./ldsc.py \
--print-snps /home/chenweit/Desktop/pancreas_S_LDSC/listHM3.txt \
--ld-wind-cm 1.0 \
--out /home/chenweit/Desktop/pancreas_S_LDSC/annot/ldscores/liver_H3K27ac_ENCFF234QOT/liver_H3K27ac_ENCFF234QOT.14 \
--bfile /home/chenweit/Desktop/pancreas_S_LDSC/1000G_EUR_Phase3_plink/1000G.EUR.QC.14 \
--annot /home/chenweit/Desktop/pancreas_S_LDSC/annot/ldscores/liver_H3K27ac_ENCFF234QOT/liver_H3K27ac_ENCFF234QOT.14.annot.gz \
--l2  

Beginning analysis at Thu Sep 23 22:59:17 2021
Read list of 324698 SNPs from /home/chenweit/Desktop/pancreas_S_LDSC/1000G_EUR_Phase3_plink/1000G.EUR.QC.14.bim
Read 1 annotations for 324698 SNPs from /home/chenweit/Desktop/pancreas_S_LDSC/annot/ldscores/liver_H3K27ac_ENCFF234QOT/liver_H3K27ac_ENCFF234QOT.14.annot.gz
Read list of 489 individuals from /home/chenweit/Desktop/pancreas_S_LDSC/1000G_EUR_Phase3_plink/1000G.EUR.QC.14.fam
Reading genotypes from /home/chenweit/Desktop/pancreas_S_LDSC/1000G_EUR_Phase3_plink/1000G.EUR.QC.14.bed
After filtering, 324698 SNPs remain
Estimating LD Score.
Reading list of 1217311 SNPs for which to print LD Scores from /home/chenweit/Desktop/pancreas_S_LDSC/listHM3.txt
After merging with --print-snps, LD Scores for 39484 SNPs will be printed.
Writing LD Scores for 39484 SNPs to /home/chenweit/Desktop/pancreas_S_LDSC/annot/ldscores/liver_H3K27ac_ENCFF234QOT/liver_H3K27ac_ENCFF234QOT.14.l2.ldscore.gz

Summary of LD Scores in /home/chenweit/Desktop/pancreas_S_LDSC/annot/ldscores/liver_H3K27ac_ENCFF234QOT/liver_H3K27ac_ENCFF234QOT.14.l2.ldscore.gz
         MAF       L2
mean  0.2321   2.3394
std   0.1424   4.2822
min   0.0051  -0.2467
25%   0.1074   0.0511
50%   0.2198   0.4706
75%   0.3507   2.7485
max   0.5000  77.5641

MAF/LD Score Correlation Matrix
        MAF      L2
MAF  1.0000  0.0651
L2   0.0651  1.0000

Annotation Correlation Matrix
       ANNOT
ANNOT    1.0

Annotation Matrix Column Sums
ANNOT    7376

Summary of Annotation Matrix Row Sums
count    324698.0000
mean          0.0227
std           0.1490
min           0.0000
25%           0.0000
50%           0.0000
75%           0.0000
max           1.0000
Analysis finished at Thu Sep 23 23:01:14 2021
Total time elapsed: 1.0m:57.4s
15
Make ldsc-friendly annotation files for liver_H3K27ac_ENCFF234QOT.bed
LDSC annotation file saved at:  /home/chenweit/Desktop/pancreas_S_LDSC/annot/ldscores/liver_H3K27ac_ENCFF234QOT/liver_H3K27ac_ENCFF234QOT.15.annot.gz 
Computing LD scores with the annot file liver_H3K27ac_ENCFF234QOT.15.annot.gz
*********************************************************************
* LD Score Regression (LDSC)
* Version 1.0.1
* (C) 2014-2019 Brendan Bulik-Sullivan and Hilary Finucane
* Broad Institute of MIT and Harvard / MIT Department of Mathematics
* GNU General Public License v3
*********************************************************************
Call: 
./ldsc.py \
--print-snps /home/chenweit/Desktop/pancreas_S_LDSC/listHM3.txt \
--ld-wind-cm 1.0 \
--out /home/chenweit/Desktop/pancreas_S_LDSC/annot/ldscores/liver_H3K27ac_ENCFF234QOT/liver_H3K27ac_ENCFF234QOT.15 \
--bfile /home/chenweit/Desktop/pancreas_S_LDSC/1000G_EUR_Phase3_plink/1000G.EUR.QC.15 \
--annot /home/chenweit/Desktop/pancreas_S_LDSC/annot/ldscores/liver_H3K27ac_ENCFF234QOT/liver_H3K27ac_ENCFF234QOT.15.annot.gz \
--l2  

Beginning analysis at Thu Sep 23 23:01:22 2021
Read list of 287001 SNPs from /home/chenweit/Desktop/pancreas_S_LDSC/1000G_EUR_Phase3_plink/1000G.EUR.QC.15.bim
Read 1 annotations for 287001 SNPs from /home/chenweit/Desktop/pancreas_S_LDSC/annot/ldscores/liver_H3K27ac_ENCFF234QOT/liver_H3K27ac_ENCFF234QOT.15.annot.gz
Read list of 489 individuals from /home/chenweit/Desktop/pancreas_S_LDSC/1000G_EUR_Phase3_plink/1000G.EUR.QC.15.fam
Reading genotypes from /home/chenweit/Desktop/pancreas_S_LDSC/1000G_EUR_Phase3_plink/1000G.EUR.QC.15.bed
After filtering, 287001 SNPs remain
Estimating LD Score.
Reading list of 1217311 SNPs for which to print LD Scores from /home/chenweit/Desktop/pancreas_S_LDSC/listHM3.txt
After merging with --print-snps, LD Scores for 35839 SNPs will be printed.
Writing LD Scores for 35839 SNPs to /home/chenweit/Desktop/pancreas_S_LDSC/annot/ldscores/liver_H3K27ac_ENCFF234QOT/liver_H3K27ac_ENCFF234QOT.15.l2.ldscore.gz

Summary of LD Scores in /home/chenweit/Desktop/pancreas_S_LDSC/annot/ldscores/liver_H3K27ac_ENCFF234QOT/liver_H3K27ac_ENCFF234QOT.15.l2.ldscore.gz
         MAF       L2
mean  0.2379   2.7861
std   0.1441   4.8332
min   0.0051  -0.1979
25%   0.1104   0.0686
50%   0.2270   0.7526
75%   0.3640   3.4927
max   0.5000  46.4583

MAF/LD Score Correlation Matrix
       MAF     L2
MAF  1.000  0.081
L2   0.081  1.000

Annotation Correlation Matrix
       ANNOT
ANNOT    1.0

Annotation Matrix Column Sums
ANNOT    7580

Summary of Annotation Matrix Row Sums
count    287001.0000
mean          0.0264
std           0.1604
min           0.0000
25%           0.0000
50%           0.0000
75%           0.0000
max           1.0000
Analysis finished at Thu Sep 23 23:02:52 2021
Total time elapsed: 1.0m:30.32s
16
Make ldsc-friendly annotation files for liver_H3K27ac_ENCFF234QOT.bed
LDSC annotation file saved at:  /home/chenweit/Desktop/pancreas_S_LDSC/annot/ldscores/liver_H3K27ac_ENCFF234QOT/liver_H3K27ac_ENCFF234QOT.16.annot.gz 
Computing LD scores with the annot file liver_H3K27ac_ENCFF234QOT.16.annot.gz
*********************************************************************
* LD Score Regression (LDSC)
* Version 1.0.1
* (C) 2014-2019 Brendan Bulik-Sullivan and Hilary Finucane
* Broad Institute of MIT and Harvard / MIT Department of Mathematics
* GNU General Public License v3
*********************************************************************
Call: 
./ldsc.py \
--print-snps /home/chenweit/Desktop/pancreas_S_LDSC/listHM3.txt \
--ld-wind-cm 1.0 \
--out /home/chenweit/Desktop/pancreas_S_LDSC/annot/ldscores/liver_H3K27ac_ENCFF234QOT/liver_H3K27ac_ENCFF234QOT.16 \
--bfile /home/chenweit/Desktop/pancreas_S_LDSC/1000G_EUR_Phase3_plink/1000G.EUR.QC.16 \
--annot /home/chenweit/Desktop/pancreas_S_LDSC/annot/ldscores/liver_H3K27ac_ENCFF234QOT/liver_H3K27ac_ENCFF234QOT.16.annot.gz \
--l2  

Beginning analysis at Thu Sep 23 23:03:00 2021
Read list of 316981 SNPs from /home/chenweit/Desktop/pancreas_S_LDSC/1000G_EUR_Phase3_plink/1000G.EUR.QC.16.bim
Read 1 annotations for 316981 SNPs from /home/chenweit/Desktop/pancreas_S_LDSC/annot/ldscores/liver_H3K27ac_ENCFF234QOT/liver_H3K27ac_ENCFF234QOT.16.annot.gz
Read list of 489 individuals from /home/chenweit/Desktop/pancreas_S_LDSC/1000G_EUR_Phase3_plink/1000G.EUR.QC.16.fam
Reading genotypes from /home/chenweit/Desktop/pancreas_S_LDSC/1000G_EUR_Phase3_plink/1000G.EUR.QC.16.bed
After filtering, 316981 SNPs remain
Estimating LD Score.
Reading list of 1217311 SNPs for which to print LD Scores from /home/chenweit/Desktop/pancreas_S_LDSC/listHM3.txt
After merging with --print-snps, LD Scores for 36526 SNPs will be printed.
Writing LD Scores for 36526 SNPs to /home/chenweit/Desktop/pancreas_S_LDSC/annot/ldscores/liver_H3K27ac_ENCFF234QOT/liver_H3K27ac_ENCFF234QOT.16.l2.ldscore.gz

Summary of LD Scores in /home/chenweit/Desktop/pancreas_S_LDSC/annot/ldscores/liver_H3K27ac_ENCFF234QOT/liver_H3K27ac_ENCFF234QOT.16.l2.ldscore.gz
         MAF       L2
mean  0.2389   3.0735
std   0.1426   6.0693
min   0.0051  -0.2617
25%   0.1145   0.0260
50%   0.2311   0.5494
75%   0.3599   3.2609
max   0.5000  70.4673

MAF/LD Score Correlation Matrix
        MAF      L2
MAF  1.0000  0.0438
L2   0.0438  1.0000

Annotation Correlation Matrix
       ANNOT
ANNOT    1.0

Annotation Matrix Column Sums
ANNOT    9651

Summary of Annotation Matrix Row Sums
count    316981.0000
mean          0.0304
std           0.1718
min           0.0000
25%           0.0000
50%           0.0000
75%           0.0000
max           1.0000
Analysis finished at Thu Sep 23 23:04:40 2021
Total time elapsed: 1.0m:40.3s
17
Make ldsc-friendly annotation files for liver_H3K27ac_ENCFF234QOT.bed
LDSC annotation file saved at:  /home/chenweit/Desktop/pancreas_S_LDSC/annot/ldscores/liver_H3K27ac_ENCFF234QOT/liver_H3K27ac_ENCFF234QOT.17.annot.gz 
Computing LD scores with the annot file liver_H3K27ac_ENCFF234QOT.17.annot.gz
*********************************************************************
* LD Score Regression (LDSC)
* Version 1.0.1
* (C) 2014-2019 Brendan Bulik-Sullivan and Hilary Finucane
* Broad Institute of MIT and Harvard / MIT Department of Mathematics
* GNU General Public License v3
*********************************************************************
Call: 
./ldsc.py \
--print-snps /home/chenweit/Desktop/pancreas_S_LDSC/listHM3.txt \
--ld-wind-cm 1.0 \
--out /home/chenweit/Desktop/pancreas_S_LDSC/annot/ldscores/liver_H3K27ac_ENCFF234QOT/liver_H3K27ac_ENCFF234QOT.17 \
--bfile /home/chenweit/Desktop/pancreas_S_LDSC/1000G_EUR_Phase3_plink/1000G.EUR.QC.17 \
--annot /home/chenweit/Desktop/pancreas_S_LDSC/annot/ldscores/liver_H3K27ac_ENCFF234QOT/liver_H3K27ac_ENCFF234QOT.17.annot.gz \
--l2  

Beginning analysis at Thu Sep 23 23:04:47 2021
Read list of 269222 SNPs from /home/chenweit/Desktop/pancreas_S_LDSC/1000G_EUR_Phase3_plink/1000G.EUR.QC.17.bim
Read 1 annotations for 269222 SNPs from /home/chenweit/Desktop/pancreas_S_LDSC/annot/ldscores/liver_H3K27ac_ENCFF234QOT/liver_H3K27ac_ENCFF234QOT.17.annot.gz
Read list of 489 individuals from /home/chenweit/Desktop/pancreas_S_LDSC/1000G_EUR_Phase3_plink/1000G.EUR.QC.17.fam
Reading genotypes from /home/chenweit/Desktop/pancreas_S_LDSC/1000G_EUR_Phase3_plink/1000G.EUR.QC.17.bed
After filtering, 269222 SNPs remain
Estimating LD Score.
Reading list of 1217311 SNPs for which to print LD Scores from /home/chenweit/Desktop/pancreas_S_LDSC/listHM3.txt
After merging with --print-snps, LD Scores for 32218 SNPs will be printed.
Writing LD Scores for 32218 SNPs to /home/chenweit/Desktop/pancreas_S_LDSC/annot/ldscores/liver_H3K27ac_ENCFF234QOT/liver_H3K27ac_ENCFF234QOT.17.l2.ldscore.gz

Summary of LD Scores in /home/chenweit/Desktop/pancreas_S_LDSC/annot/ldscores/liver_H3K27ac_ENCFF234QOT/liver_H3K27ac_ENCFF234QOT.17.l2.ldscore.gz
         MAF       L2
mean  0.2428   4.0566
std   0.1444   7.0165
min   0.0051  -0.4128
25%   0.1145   0.0998
50%   0.2352   1.1444
75%   0.3681   5.1805
max   0.5000  69.2046

MAF/LD Score Correlation Matrix
        MAF      L2
MAF  1.0000  0.1502
L2   0.1502  1.0000

Annotation Correlation Matrix
       ANNOT
ANNOT    1.0

Annotation Matrix Column Sums
ANNOT    11007

Summary of Annotation Matrix Row Sums
count    269222.0000
mean          0.0409
std           0.1980
min           0.0000
25%           0.0000
50%           0.0000
75%           0.0000
max           1.0000
Analysis finished at Thu Sep 23 23:06:04 2021
Total time elapsed: 1.0m:17.02s
18
Make ldsc-friendly annotation files for liver_H3K27ac_ENCFF234QOT.bed
LDSC annotation file saved at:  /home/chenweit/Desktop/pancreas_S_LDSC/annot/ldscores/liver_H3K27ac_ENCFF234QOT/liver_H3K27ac_ENCFF234QOT.18.annot.gz 
Computing LD scores with the annot file liver_H3K27ac_ENCFF234QOT.18.annot.gz
*********************************************************************
* LD Score Regression (LDSC)
* Version 1.0.1
* (C) 2014-2019 Brendan Bulik-Sullivan and Hilary Finucane
* Broad Institute of MIT and Harvard / MIT Department of Mathematics
* GNU General Public License v3
*********************************************************************
Call: 
./ldsc.py \
--print-snps /home/chenweit/Desktop/pancreas_S_LDSC/listHM3.txt \
--ld-wind-cm 1.0 \
--out /home/chenweit/Desktop/pancreas_S_LDSC/annot/ldscores/liver_H3K27ac_ENCFF234QOT/liver_H3K27ac_ENCFF234QOT.18 \
--bfile /home/chenweit/Desktop/pancreas_S_LDSC/1000G_EUR_Phase3_plink/1000G.EUR.QC.18 \
--annot /home/chenweit/Desktop/pancreas_S_LDSC/annot/ldscores/liver_H3K27ac_ENCFF234QOT/liver_H3K27ac_ENCFF234QOT.18.annot.gz \
--l2  

Beginning analysis at Thu Sep 23 23:06:12 2021
Read list of 285156 SNPs from /home/chenweit/Desktop/pancreas_S_LDSC/1000G_EUR_Phase3_plink/1000G.EUR.QC.18.bim
Read 1 annotations for 285156 SNPs from /home/chenweit/Desktop/pancreas_S_LDSC/annot/ldscores/liver_H3K27ac_ENCFF234QOT/liver_H3K27ac_ENCFF234QOT.18.annot.gz
Read list of 489 individuals from /home/chenweit/Desktop/pancreas_S_LDSC/1000G_EUR_Phase3_plink/1000G.EUR.QC.18.fam
Reading genotypes from /home/chenweit/Desktop/pancreas_S_LDSC/1000G_EUR_Phase3_plink/1000G.EUR.QC.18.bed
After filtering, 285156 SNPs remain
Estimating LD Score.
Reading list of 1217311 SNPs for which to print LD Scores from /home/chenweit/Desktop/pancreas_S_LDSC/listHM3.txt
After merging with --print-snps, LD Scores for 35513 SNPs will be printed.
Writing LD Scores for 35513 SNPs to /home/chenweit/Desktop/pancreas_S_LDSC/annot/ldscores/liver_H3K27ac_ENCFF234QOT/liver_H3K27ac_ENCFF234QOT.18.l2.ldscore.gz

Summary of LD Scores in /home/chenweit/Desktop/pancreas_S_LDSC/annot/ldscores/liver_H3K27ac_ENCFF234QOT/liver_H3K27ac_ENCFF234QOT.18.l2.ldscore.gz
         MAF       L2
mean  0.2364   1.5015
std   0.1423   3.2941
min   0.0051  -0.1558
25%   0.1115   0.0213
50%   0.2260   0.2063
75%   0.3569   1.5120
max   0.5000  50.2103

MAF/LD Score Correlation Matrix
        MAF      L2
MAF  1.0000  0.0449
L2   0.0449  1.0000

Annotation Correlation Matrix
       ANNOT
ANNOT    1.0

Annotation Matrix Column Sums
ANNOT    5056

Summary of Annotation Matrix Row Sums
count    285156.0000
mean          0.0177
std           0.1320
min           0.0000
25%           0.0000
50%           0.0000
75%           0.0000
max           1.0000
Analysis finished at Thu Sep 23 23:07:33 2021
Total time elapsed: 1.0m:21.45s
19
Make ldsc-friendly annotation files for liver_H3K27ac_ENCFF234QOT.bed
LDSC annotation file saved at:  /home/chenweit/Desktop/pancreas_S_LDSC/annot/ldscores/liver_H3K27ac_ENCFF234QOT/liver_H3K27ac_ENCFF234QOT.19.annot.gz 
Computing LD scores with the annot file liver_H3K27ac_ENCFF234QOT.19.annot.gz
*********************************************************************
* LD Score Regression (LDSC)
* Version 1.0.1
* (C) 2014-2019 Brendan Bulik-Sullivan and Hilary Finucane
* Broad Institute of MIT and Harvard / MIT Department of Mathematics
* GNU General Public License v3
*********************************************************************
Call: 
./ldsc.py \
--print-snps /home/chenweit/Desktop/pancreas_S_LDSC/listHM3.txt \
--ld-wind-cm 1.0 \
--out /home/chenweit/Desktop/pancreas_S_LDSC/annot/ldscores/liver_H3K27ac_ENCFF234QOT/liver_H3K27ac_ENCFF234QOT.19 \
--bfile /home/chenweit/Desktop/pancreas_S_LDSC/1000G_EUR_Phase3_plink/1000G.EUR.QC.19 \
--annot /home/chenweit/Desktop/pancreas_S_LDSC/annot/ldscores/liver_H3K27ac_ENCFF234QOT/liver_H3K27ac_ENCFF234QOT.19.annot.gz \
--l2  

Beginning analysis at Thu Sep 23 23:07:39 2021
Read list of 232363 SNPs from /home/chenweit/Desktop/pancreas_S_LDSC/1000G_EUR_Phase3_plink/1000G.EUR.QC.19.bim
Read 1 annotations for 232363 SNPs from /home/chenweit/Desktop/pancreas_S_LDSC/annot/ldscores/liver_H3K27ac_ENCFF234QOT/liver_H3K27ac_ENCFF234QOT.19.annot.gz
Read list of 489 individuals from /home/chenweit/Desktop/pancreas_S_LDSC/1000G_EUR_Phase3_plink/1000G.EUR.QC.19.fam
Reading genotypes from /home/chenweit/Desktop/pancreas_S_LDSC/1000G_EUR_Phase3_plink/1000G.EUR.QC.19.bed
After filtering, 232363 SNPs remain
Estimating LD Score.
Reading list of 1217311 SNPs for which to print LD Scores from /home/chenweit/Desktop/pancreas_S_LDSC/listHM3.txt
After merging with --print-snps, LD Scores for 22509 SNPs will be printed.
Writing LD Scores for 22509 SNPs to /home/chenweit/Desktop/pancreas_S_LDSC/annot/ldscores/liver_H3K27ac_ENCFF234QOT/liver_H3K27ac_ENCFF234QOT.19.l2.ldscore.gz

Summary of LD Scores in /home/chenweit/Desktop/pancreas_S_LDSC/annot/ldscores/liver_H3K27ac_ENCFF234QOT/liver_H3K27ac_ENCFF234QOT.19.l2.ldscore.gz
         MAF       L2
mean  0.2384   3.8188
std   0.1420   4.8853
min   0.0051  -0.2168
25%   0.1145   0.4964
50%   0.2342   2.0748
75%   0.3569   5.4196
max   0.5000  50.8294

MAF/LD Score Correlation Matrix
        MAF      L2
MAF  1.0000  0.0856
L2   0.0856  1.0000

Annotation Correlation Matrix
       ANNOT
ANNOT    1.0

Annotation Matrix Column Sums
ANNOT    10865

Summary of Annotation Matrix Row Sums
count    232363.0000
mean          0.0468
std           0.2111
min           0.0000
25%           0.0000
50%           0.0000
75%           0.0000
max           1.0000
Analysis finished at Thu Sep 23 23:09:00 2021
Total time elapsed: 1.0m:21.46s
20
Make ldsc-friendly annotation files for liver_H3K27ac_ENCFF234QOT.bed
LDSC annotation file saved at:  /home/chenweit/Desktop/pancreas_S_LDSC/annot/ldscores/liver_H3K27ac_ENCFF234QOT/liver_H3K27ac_ENCFF234QOT.20.annot.gz 
Computing LD scores with the annot file liver_H3K27ac_ENCFF234QOT.20.annot.gz
*********************************************************************
* LD Score Regression (LDSC)
* Version 1.0.1
* (C) 2014-2019 Brendan Bulik-Sullivan and Hilary Finucane
* Broad Institute of MIT and Harvard / MIT Department of Mathematics
* GNU General Public License v3
*********************************************************************
Call: 
./ldsc.py \
--print-snps /home/chenweit/Desktop/pancreas_S_LDSC/listHM3.txt \
--ld-wind-cm 1.0 \
--out /home/chenweit/Desktop/pancreas_S_LDSC/annot/ldscores/liver_H3K27ac_ENCFF234QOT/liver_H3K27ac_ENCFF234QOT.20 \
--bfile /home/chenweit/Desktop/pancreas_S_LDSC/1000G_EUR_Phase3_plink/1000G.EUR.QC.20 \
--annot /home/chenweit/Desktop/pancreas_S_LDSC/annot/ldscores/liver_H3K27ac_ENCFF234QOT/liver_H3K27ac_ENCFF234QOT.20.annot.gz \
--l2  

Beginning analysis at Thu Sep 23 23:09:06 2021
Read list of 221626 SNPs from /home/chenweit/Desktop/pancreas_S_LDSC/1000G_EUR_Phase3_plink/1000G.EUR.QC.20.bim
Read 1 annotations for 221626 SNPs from /home/chenweit/Desktop/pancreas_S_LDSC/annot/ldscores/liver_H3K27ac_ENCFF234QOT/liver_H3K27ac_ENCFF234QOT.20.annot.gz
Read list of 489 individuals from /home/chenweit/Desktop/pancreas_S_LDSC/1000G_EUR_Phase3_plink/1000G.EUR.QC.20.fam
Reading genotypes from /home/chenweit/Desktop/pancreas_S_LDSC/1000G_EUR_Phase3_plink/1000G.EUR.QC.20.bed
After filtering, 221626 SNPs remain
Estimating LD Score.
Reading list of 1217311 SNPs for which to print LD Scores from /home/chenweit/Desktop/pancreas_S_LDSC/listHM3.txt
After merging with --print-snps, LD Scores for 31101 SNPs will be printed.
Writing LD Scores for 31101 SNPs to /home/chenweit/Desktop/pancreas_S_LDSC/annot/ldscores/liver_H3K27ac_ENCFF234QOT/liver_H3K27ac_ENCFF234QOT.20.l2.ldscore.gz

Summary of LD Scores in /home/chenweit/Desktop/pancreas_S_LDSC/annot/ldscores/liver_H3K27ac_ENCFF234QOT/liver_H3K27ac_ENCFF234QOT.20.l2.ldscore.gz
         MAF       L2
mean  0.2344   2.2926
std   0.1427   4.7380
min   0.0051  -0.2334
25%   0.1074   0.0548
50%   0.2229   0.4878
75%   0.3558   2.1838
max   0.5000  53.0234

MAF/LD Score Correlation Matrix
        MAF      L2
MAF  1.0000  0.0678
L2   0.0678  1.0000

Annotation Correlation Matrix
       ANNOT
ANNOT    1.0

Annotation Matrix Column Sums
ANNOT    5937

Summary of Annotation Matrix Row Sums
count    221626.0000
mean          0.0268
std           0.1615
min           0.0000
25%           0.0000
50%           0.0000
75%           0.0000
max           1.0000
Analysis finished at Thu Sep 23 23:10:08 2021
Total time elapsed: 1.0m:1.77s
21
Make ldsc-friendly annotation files for liver_H3K27ac_ENCFF234QOT.bed
LDSC annotation file saved at:  /home/chenweit/Desktop/pancreas_S_LDSC/annot/ldscores/liver_H3K27ac_ENCFF234QOT/liver_H3K27ac_ENCFF234QOT.21.annot.gz 
Computing LD scores with the annot file liver_H3K27ac_ENCFF234QOT.21.annot.gz
*********************************************************************
* LD Score Regression (LDSC)
* Version 1.0.1
* (C) 2014-2019 Brendan Bulik-Sullivan and Hilary Finucane
* Broad Institute of MIT and Harvard / MIT Department of Mathematics
* GNU General Public License v3
*********************************************************************
Call: 
./ldsc.py \
--print-snps /home/chenweit/Desktop/pancreas_S_LDSC/listHM3.txt \
--ld-wind-cm 1.0 \
--out /home/chenweit/Desktop/pancreas_S_LDSC/annot/ldscores/liver_H3K27ac_ENCFF234QOT/liver_H3K27ac_ENCFF234QOT.21 \
--bfile /home/chenweit/Desktop/pancreas_S_LDSC/1000G_EUR_Phase3_plink/1000G.EUR.QC.21 \
--annot /home/chenweit/Desktop/pancreas_S_LDSC/annot/ldscores/liver_H3K27ac_ENCFF234QOT/liver_H3K27ac_ENCFF234QOT.21.annot.gz \
--l2  

Beginning analysis at Thu Sep 23 23:10:13 2021
Read list of 138712 SNPs from /home/chenweit/Desktop/pancreas_S_LDSC/1000G_EUR_Phase3_plink/1000G.EUR.QC.21.bim
Read 1 annotations for 138712 SNPs from /home/chenweit/Desktop/pancreas_S_LDSC/annot/ldscores/liver_H3K27ac_ENCFF234QOT/liver_H3K27ac_ENCFF234QOT.21.annot.gz
Read list of 489 individuals from /home/chenweit/Desktop/pancreas_S_LDSC/1000G_EUR_Phase3_plink/1000G.EUR.QC.21.fam
Reading genotypes from /home/chenweit/Desktop/pancreas_S_LDSC/1000G_EUR_Phase3_plink/1000G.EUR.QC.21.bed
After filtering, 138712 SNPs remain
Estimating LD Score.
Reading list of 1217311 SNPs for which to print LD Scores from /home/chenweit/Desktop/pancreas_S_LDSC/listHM3.txt
After merging with --print-snps, LD Scores for 17040 SNPs will be printed.
Writing LD Scores for 17040 SNPs to /home/chenweit/Desktop/pancreas_S_LDSC/annot/ldscores/liver_H3K27ac_ENCFF234QOT/liver_H3K27ac_ENCFF234QOT.21.l2.ldscore.gz

Summary of LD Scores in /home/chenweit/Desktop/pancreas_S_LDSC/annot/ldscores/liver_H3K27ac_ENCFF234QOT/liver_H3K27ac_ENCFF234QOT.21.l2.ldscore.gz
         MAF       L2
mean  0.2420   2.1719
std   0.1414   4.4670
min   0.0051  -0.1728
25%   0.1186   0.0063
50%   0.2321   0.3225
75%   0.3650   2.3306
max   0.5000  40.8355

MAF/LD Score Correlation Matrix
        MAF      L2
MAF  1.0000  0.0777
L2   0.0777  1.0000

Annotation Correlation Matrix
       ANNOT
ANNOT    1.0

Annotation Matrix Column Sums
ANNOT    3196

Summary of Annotation Matrix Row Sums
count    138712.000
mean          0.023
std           0.150
min           0.000
25%           0.000
50%           0.000
75%           0.000
max           1.000
Analysis finished at Thu Sep 23 23:10:46 2021
Total time elapsed: 32.89s
22
Make ldsc-friendly annotation files for liver_H3K27ac_ENCFF234QOT.bed
LDSC annotation file saved at:  /home/chenweit/Desktop/pancreas_S_LDSC/annot/ldscores/liver_H3K27ac_ENCFF234QOT/liver_H3K27ac_ENCFF234QOT.22.annot.gz 
Computing LD scores with the annot file liver_H3K27ac_ENCFF234QOT.22.annot.gz
*********************************************************************
* LD Score Regression (LDSC)
* Version 1.0.1
* (C) 2014-2019 Brendan Bulik-Sullivan and Hilary Finucane
* Broad Institute of MIT and Harvard / MIT Department of Mathematics
* GNU General Public License v3
*********************************************************************
Call: 
./ldsc.py \
--print-snps /home/chenweit/Desktop/pancreas_S_LDSC/listHM3.txt \
--ld-wind-cm 1.0 \
--out /home/chenweit/Desktop/pancreas_S_LDSC/annot/ldscores/liver_H3K27ac_ENCFF234QOT/liver_H3K27ac_ENCFF234QOT.22 \
--bfile /home/chenweit/Desktop/pancreas_S_LDSC/1000G_EUR_Phase3_plink/1000G.EUR.QC.22 \
--annot /home/chenweit/Desktop/pancreas_S_LDSC/annot/ldscores/liver_H3K27ac_ENCFF234QOT/liver_H3K27ac_ENCFF234QOT.22.annot.gz \
--l2  

Beginning analysis at Thu Sep 23 23:10:50 2021
Read list of 141123 SNPs from /home/chenweit/Desktop/pancreas_S_LDSC/1000G_EUR_Phase3_plink/1000G.EUR.QC.22.bim
Read 1 annotations for 141123 SNPs from /home/chenweit/Desktop/pancreas_S_LDSC/annot/ldscores/liver_H3K27ac_ENCFF234QOT/liver_H3K27ac_ENCFF234QOT.22.annot.gz
Read list of 489 individuals from /home/chenweit/Desktop/pancreas_S_LDSC/1000G_EUR_Phase3_plink/1000G.EUR.QC.22.fam
Reading genotypes from /home/chenweit/Desktop/pancreas_S_LDSC/1000G_EUR_Phase3_plink/1000G.EUR.QC.22.bed
After filtering, 141123 SNPs remain
Estimating LD Score.
Reading list of 1217311 SNPs for which to print LD Scores from /home/chenweit/Desktop/pancreas_S_LDSC/listHM3.txt
After merging with --print-snps, LD Scores for 17489 SNPs will be printed.
Writing LD Scores for 17489 SNPs to /home/chenweit/Desktop/pancreas_S_LDSC/annot/ldscores/liver_H3K27ac_ENCFF234QOT/liver_H3K27ac_ENCFF234QOT.22.l2.ldscore.gz

Summary of LD Scores in /home/chenweit/Desktop/pancreas_S_LDSC/annot/ldscores/liver_H3K27ac_ENCFF234QOT/liver_H3K27ac_ENCFF234QOT.22.l2.ldscore.gz
         MAF       L2
mean  0.2366   4.5795
std   0.1435   7.7443
min   0.0051  -0.2836
25%   0.1094   0.1360
50%   0.2280   1.5737
75%   0.3579   5.9942
max   0.5000  62.6643

MAF/LD Score Correlation Matrix
        MAF      L2
MAF  1.0000  0.1052
L2   0.1052  1.0000

Annotation Correlation Matrix
       ANNOT
ANNOT    1.0

Annotation Matrix Column Sums
ANNOT    6209

Summary of Annotation Matrix Row Sums
count    141123.0000
mean          0.0440
std           0.2051
min           0.0000
25%           0.0000
50%           0.0000
75%           0.0000
max           1.0000
Analysis finished at Thu Sep 23 23:11:29 2021
Total time elapsed: 38.86s
