Factor: f2
*********************************************************************
* LD Score Regression (LDSC)
* Version 1.0.1
* (C) 2014-2019 Brendan Bulik-Sullivan and Hilary Finucane
* Broad Institute of MIT and Harvard / MIT Department of Mathematics
* GNU General Public License v3
*********************************************************************
Call: 
./ldsc.py \
--h2 /home/chenweit/Desktop/pancreas_S_LDSC/output/ldsc_format/f2.sumstats.gz \
--ref-ld-chr //home/chenweit/Desktop/ldsc/1000G_Phase3_baselineLD_v2.2_ldscores/baselineLD.,/home/chenweit/Desktop/pancreas_S_LDSC/annot/ldscores/pancreas_H3K4me3_ENCFF340YEE/pancreas_H3K4me3_ENCFF340YEE. \
--out /home/chenweit/Desktop/pancreas_S_LDSC/output/sldsc_result/f2_pancreas_H3K4me3_ENCFF340YEE/baselineLDv2.2/pancreas_H3K4me3_ENCFF340YEE_baselineLDv2.2 \
--overlap-annot  \
--frqfile-chr /home/chenweit/Desktop/ldsc/LDSCORE/1000G_Phase3_frq/1000G.EUR.QC. \
--print-cov  \
--w-ld-chr /home/chenweit/Desktop/ldsc/LDSCORE/1000G_Phase3_weights_hm3_no_MHC/weights.hm3_noMHC. \
--print-coefficients  \
--print-delete-vals  

Beginning analysis at Fri Sep 24 20:07:22 2021
Reading summary statistics from /home/chenweit/Desktop/pancreas_S_LDSC/output/ldsc_format/f2.sumstats.gz ...
Traceback (most recent call last):
  File "/home/chenweit/Desktop/ldsc/ldsc.py", line 644, in <module>
    sumstats.estimate_h2(args, log)
  File "/home/chenweit/Desktop/ldsc/ldscore/sumstats.py", line 326, in estimate_h2
    args, log, args.h2)
  File "/home/chenweit/Desktop/ldsc/ldscore/sumstats.py", line 242, in _read_ld_sumstats
    sumstats = _read_sumstats(args, log, fh, alleles=alleles, dropna=dropna)
  File "/home/chenweit/Desktop/ldsc/ldscore/sumstats.py", line 163, in _read_sumstats
    sumstats = ps.sumstats(fh, alleles=alleles, dropna=dropna)
  File "/home/chenweit/Desktop/ldsc/ldscore/parse.py", line 89, in sumstats
    x = read_csv(fh, usecols=usecols, dtype=dtype_dict, compression=compression)
  File "/home/chenweit/Desktop/ldsc/ldscore/parse.py", line 21, in read_csv
    return pd.read_csv(fh, delim_whitespace=True, na_values='.', **kwargs)
  File "/home/chenweit/.conda/envs/ldsc/lib/python2.7/site-packages/pandas/io/parsers.py", line 655, in parser_f
    return _read(filepath_or_buffer, kwds)
  File "/home/chenweit/.conda/envs/ldsc/lib/python2.7/site-packages/pandas/io/parsers.py", line 405, in _read
    parser = TextFileReader(filepath_or_buffer, **kwds)
  File "/home/chenweit/.conda/envs/ldsc/lib/python2.7/site-packages/pandas/io/parsers.py", line 762, in __init__
    self._make_engine(self.engine)
  File "/home/chenweit/.conda/envs/ldsc/lib/python2.7/site-packages/pandas/io/parsers.py", line 966, in _make_engine
    self._engine = CParserWrapper(self.f, **self.options)
  File "/home/chenweit/.conda/envs/ldsc/lib/python2.7/site-packages/pandas/io/parsers.py", line 1582, in __init__
    self._reader = parsers.TextReader(src, **kwds)
  File "pandas/_libs/parsers.pyx", line 394, in pandas._libs.parsers.TextReader.__cinit__ (pandas/_libs/parsers.c:4209)
  File "pandas/_libs/parsers.pyx", line 651, in pandas._libs.parsers.TextReader._setup_parser_source (pandas/_libs/parsers.c:7620)
  File "/home/chenweit/.conda/envs/ldsc/lib/python2.7/gzip.py", line 94, in __init__
    fileobj = self.myfileobj = __builtin__.open(filename, mode or 'rb')
IOError: [Errno 2] No such file or directory: '/home/chenweit/Desktop/pancreas_S_LDSC/output/ldsc_format/f2.sumstats.gz'

Analysis finished at Fri Sep 24 20:07:22 2021
Total time elapsed: 0.0s
